1 10 20
100 200 125
201 210 89
900 1000 174
50 1 112
50 2 112
50 3 112
50 4 112
50 5 112
50 6 112
50 7 112
50 8 112
50 9 112
49 1 112
49 2 112
49 3 112
49 4 112
49 5 112
49 6 112
49 7 112
49 8 112
49 9 112
48 1 112
48 2 112
48 3 112
48 4 112
48 5 112
48 6 112
48 7 112
48 8 112
48 9 112
47 1 112
47 2 112
47 3 112
47 4 112
47 5 112
47 6 112
47 7 112
47 8 112
47 9 112
46 1 112
46 2 112
46 3 112
46 4 112
46 5 112
46 6 112
46 7 112
46 8 112
46 9 112
45 1 112
45 2 112
45 3 112
45 4 112
45 5 112
45 6 112
45 7 112
45 8 112
45 9 112
44 1 112
44 2 112
44 3 112
44 4 112
44 5 112
44 6 112
44 7 112
44 8 112
44 9 112
43 1 112
43 2 112
43 3 112
43 4 112
43 5 112
43 6 112
43 7 112
43 8 112
43 9 112
42 1 112
42 2 112
42 3 112
42 4 112
42 5 112
42 6 112
42 7 112
42 8 112
42 9 112
41 1 112
41 2 112
41 3 112
41 4 112
41 5 112
41 6 112
41 7 112
41 8 112
41 9 112
40 1 112
40 2 112
40 3 112
40 4 112
40 5 112
40 6 112
40 7 112
40 8 112
40 9 112
39 1 112
39 2 112
39 3 112
39 4 112
39 5 112
39 6 112
39 7 112
39 8 112
39 9 112
38 1 112
38 2 112
38 3 112
38 4 112
38 5 112
38 6 112
38 7 112
38 8 112
38 9 112
37 1 112
37 2 112
37 3 112
37 4 112
37 5 112
37 6 112
37 7 112
37 8 112
37 9 112
36 1 112
36 2 112
36 3 112
36 4 112
36 5 112
36 6 112
36 7 112
36 8 112
36 9 112
35 1 112
35 2 112
35 3 112
35 4 112
35 5 112
35 6 112
35 7 112
35 8 112
35 9 112
34 1 112
34 2 112
34 3 112
34 4 112
34 5 112
34 6 112
34 7 112
34 8 112
34 9 112
33 1 112
33 2 112
33 3 112
33 4 112
33 5 112
33 6 112
33 7 112
33 8 112
33 9 112
32 1 112
32 2 112
32 3 112
32 4 112
32 5 112
32 6 112
32 7 112
32 8 112
32 9 112
31 1 112
31 2 112
31 3 112
31 4 112
31 5 112
31 6 112
31 7 112
31 8 112
31 9 112
30 1 112
30 2 112
30 3 112
30 4 112
30 5 112
30 6 112
30 7 112
30 8 112
30 9 112
29 1 112
29 2 112
29 3 112
29 4 112
29 5 112
29 6 112
29 7 112
29 8 112
29 9 112
28 1 112
28 2 112
28 3 112
28 4 112
28 5 112
28 6 112
28 7 112
28 8 112
28 9 112
27 1 112
27 2 112
27 3 112
27 4 112
27 5 112
27 6 112
27 7 112
27 8 112
27 9 112
26 1 24
26 2 24
26 3 24
26 4 24
26 5 24
26 6 24
26 7 24
26 8 24
26 9 24
25 1 24
25 2 24
25 3 24
25 4 24
25 5 24
25 6 24
25 7 24
25 8 24
25 9 24
24 1 21
24 2 21
24 3 21
24 4 21
24 5 21
24 6 21
24 7 21
24 8 21
24 9 21
23 1 21
23 2 21
23 3 21
23 4 21
23 5 21
23 6 21
23 7 21
23 8 21
23 9 21
22 1 21
22 2 21
22 3 21
22 4 21
22 5 21
22 6 21
22 7 21
22 8 21
22 9 21
21 1 21
21 2 21
21 3 21
21 4 21
21 5 21
21 6 21
21 7 21
21 8 21
21 9 21
20 1 21
20 2 21
20 3 21
20 4 21
20 5 21
20 6 21
20 7 21
20 8 21
20 9 21
19 1 21
19 2 21
19 3 21
19 4 21
19 5 21
19 6 21
19 7 21
19 8 21
19 9 21
18 1 21
18 2 21
18 3 21
18 4 21
18 5 21
18 6 21
18 7 21
18 8 21
18 9 21
17 1 20
17 2 20
17 3 20
17 4 20
17 5 20
17 6 20
17 7 20
17 8 20
17 9 20
16 1 20
16 2 20
16 3 20
16 4 20
16 5 20
16 6 20
16 7 20
16 8 20
16 9 20
15 1 20
15 2 20
15 3 20
15 4 20
15 5 20
15 6 20
15 7 20
15 8 20
15 9 20
14 1 20
14 2 20
14 3 20
14 4 20
14 5 20
14 6 20
14 7 20
14 8 20
14 9 20
13 1 20
13 2 20
13 3 20
13 4 20
13 5 20
13 6 20
13 7 20
13 8 20
13 9 20
12 1 20
12 2 20
12 3 20
12 4 20
12 5 20
12 6 20
12 7 20
12 8 20
12 9 20
11 1 20
11 2 20
11 3 20
11 4 20
11 5 20
11 6 20
11 7 20
11 8 20
11 9 20
10 1 20
10 2 20
10 3 20
10 4 20
10 5 20
10 6 20
10 7 20
10 8 20
10 9 20
9 1 20
9 2 20
9 3 20
9 4 20
9 5 20
9 6 20
9 7 20
9 8 20
9 9 20
8 1 17
8 2 17
8 3 17
8 4 17
8 5 17
8 6 17
8 7 17
8 8 4
8 9 20
7 1 17
7 2 17
7 3 17
7 4 17
7 5 17
7 6 17
7 7 17
7 8 17
7 9 20
6 1 9
6 2 9
6 3 9
6 4 9
6 5 9
6 6 9
6 7 17
6 8 17
6 9 20
5 1 8
5 2 8
5 3 8
5 4 6
5 5 6
5 6 9
5 7 17
5 8 17
5 9 20
4 1 8
4 2 8
4 3 8
4 4 3
4 5 6
4 6 9
4 7 17
4 8 17
4 9 20
3 1 8
3 2 8
3 3 8
3 4 8
3 5 8
3 6 9
3 7 17
3 8 17
3 9 20
2 1 2
2 2 2
2 3 8
2 4 8
2 5 8
2 6 9
2 7 17
2 8 17
2 9 20
1 1 1
1 2 2
1 3 8
1 4 8
1 5 8
1 6 9
1 7 17
1 8 17
1 9 20
34556 40000 324
34556 40011 324
34556 40022 324
34556 40033 324
34556 40044 324
34556 40055 324
34556 40066 324
34556 40077 324
34556 40088 324
34556 40099 324
34556 40110 324
34556 40121 324
34556 40132 324
34556 40143 324
34556 40154 324
34556 40165 324
34556 40176 324
34556 40187 324
34556 40198 324
34556 40209 324
34556 40220 324
34556 40231 324
34556 40242 324
34556 40253 324
34556 40264 324
34556 40275 324
34556 40286 324
34556 40297 324
34556 40308 324
34556 40319 324
34556 40330 324
34556 40341 324
34556 40352 324
34556 40363 324
34556 40374 324
34556 40385 324
34556 40396 324
34556 40407 324
34556 40418 324
34556 40429 324
34556 40440 324
34556 40451 324
34556 40462 324
34556 40473 324
34556 40484 324
34556 40495 324
34579 40000 324
34579 40011 324
34579 40022 324
34579 40033 324
34579 40044 324
34579 40055 324
34579 40066 324
34579 40077 324
34579 40088 324
34579 40099 324
34579 40110 324
34579 40121 324
34579 40132 324
34579 40143 324
34579 40154 324
34579 40165 324
34579 40176 324
34579 40187 324
34579 40198 324
34579 40209 324
34579 40220 324
34579 40231 324
34579 40242 324
34579 40253 324
34579 40264 324
34579 40275 324
34579 40286 324
34579 40297 324
34579 40308 324
34579 40319 324
34579 40330 324
34579 40341 324
34579 40352 324
34579 40363 324
34579 40374 324
34579 40385 324
34579 40396 324
34579 40407 324
34579 40418 324
34579 40429 324
34579 40440 324
34579 40451 324
34579 40462 324
34579 40473 324
34579 40484 324
34579 40495 324
34602 40000 324
34602 40011 324
34602 40022 324
34602 40033 324
34602 40044 324
34602 40055 324
34602 40066 324
34602 40077 324
34602 40088 324
34602 40099 324
34602 40110 324
34602 40121 324
34602 40132 324
34602 40143 324
34602 40154 324
34602 40165 324
34602 40176 324
34602 40187 324
34602 40198 324
34602 40209 324
34602 40220 324
34602 40231 324
34602 40242 324
34602 40253 324
34602 40264 324
34602 40275 324
34602 40286 324
34602 40297 324
34602 40308 324
34602 40319 324
34602 40330 324
34602 40341 324
34602 40352 324
34602 40363 324
34602 40374 324
34602 40385 324
34602 40396 324
34602 40407 324
34602 40418 324
34602 40429 324
34602 40440 324
34602 40451 324
34602 40462 324
34602 40473 324
34602 40484 324
34602 40495 324
34625 40000 324
34625 40011 324
34625 40022 324
34625 40033 324
34625 40044 324
34625 40055 324
34625 40066 324
34625 40077 324
34625 40088 324
34625 40099 324
34625 40110 324
34625 40121 324
34625 40132 324
34625 40143 324
34625 40154 324
34625 40165 324
34625 40176 324
34625 40187 324
34625 40198 324
34625 40209 324
34625 40220 324
34625 40231 324
34625 40242 324
34625 40253 324
34625 40264 324
34625 40275 324
34625 40286 324
34625 40297 324
34625 40308 324
34625 40319 324
34625 40330 324
34625 40341 324
34625 40352 324
34625 40363 324
34625 40374 324
34625 40385 324
34625 40396 324
34625 40407 324
34625 40418 324
34625 40429 324
34625 40440 324
34625 40451 324
34625 40462 324
34625 40473 324
34625 40484 324
34625 40495 324
34648 40000 324
34648 40011 324
34648 40022 324
34648 40033 324
34648 40044 324
34648 40055 324
34648 40066 324
34648 40077 324
34648 40088 324
34648 40099 324
34648 40110 324
34648 40121 324
34648 40132 324
34648 40143 324
34648 40154 324
34648 40165 324
34648 40176 324
34648 40187 324
34648 40198 324
34648 40209 324
34648 40220 324
34648 40231 324
34648 40242 324
34648 40253 324
34648 40264 324
34648 40275 324
34648 40286 324
34648 40297 324
34648 40308 324
34648 40319 324
34648 40330 324
34648 40341 324
34648 40352 324
34648 40363 324
34648 40374 324
34648 40385 324
34648 40396 324
34648 40407 324
34648 40418 324
34648 40429 324
34648 40440 324
34648 40451 324
34648 40462 324
34648 40473 324
34648 40484 324
34648 40495 324
34671 40000 324
34671 40011 324
34671 40022 324
34671 40033 324
34671 40044 324
34671 40055 324
34671 40066 324
34671 40077 324
34671 40088 324
34671 40099 324
34671 40110 324
34671 40121 324
34671 40132 324
34671 40143 324
34671 40154 324
34671 40165 324
34671 40176 324
34671 40187 324
34671 40198 324
34671 40209 324
34671 40220 324
34671 40231 324
34671 40242 324
34671 40253 324
34671 40264 324
34671 40275 324
34671 40286 324
34671 40297 324
34671 40308 324
34671 40319 324
34671 40330 324
34671 40341 324
34671 40352 324
34671 40363 324
34671 40374 324
34671 40385 324
34671 40396 324
34671 40407 324
34671 40418 324
34671 40429 324
34671 40440 324
34671 40451 324
34671 40462 324
34671 40473 324
34671 40484 324
34671 40495 324
34694 40000 324
34694 40011 324
34694 40022 324
34694 40033 324
34694 40044 324
34694 40055 324
34694 40066 324
34694 40077 324
34694 40088 324
34694 40099 324
34694 40110 324
34694 40121 324
34694 40132 324
34694 40143 324
34694 40154 324
34694 40165 324
34694 40176 324
34694 40187 324
34694 40198 324
34694 40209 324
34694 40220 324
34694 40231 324
34694 40242 324
34694 40253 324
34694 40264 324
34694 40275 324
34694 40286 324
34694 40297 324
34694 40308 324
34694 40319 324
34694 40330 324
34694 40341 324
34694 40352 324
34694 40363 324
34694 40374 324
34694 40385 324
34694 40396 324
34694 40407 324
34694 40418 324
34694 40429 324
34694 40440 324
34694 40451 324
34694 40462 324
34694 40473 324
34694 40484 324
34694 40495 324
34717 40000 324
34717 40011 324
34717 40022 324
34717 40033 324
34717 40044 324
34717 40055 324
34717 40066 324
34717 40077 324
34717 40088 324
34717 40099 324
34717 40110 324
34717 40121 324
34717 40132 324
34717 40143 324
34717 40154 324
34717 40165 324
34717 40176 324
34717 40187 324
34717 40198 324
34717 40209 324
34717 40220 324
34717 40231 324
34717 40242 324
34717 40253 324
34717 40264 324
34717 40275 324
34717 40286 324
34717 40297 324
34717 40308 324
34717 40319 324
34717 40330 324
34717 40341 324
34717 40352 324
34717 40363 324
34717 40374 324
34717 40385 324
34717 40396 324
34717 40407 324
34717 40418 324
34717 40429 324
34717 40440 324
34717 40451 324
34717 40462 324
34717 40473 324
34717 40484 324
34717 40495 324
34740 40000 324
34740 40011 324
34740 40022 324
34740 40033 324
34740 40044 324
34740 40055 324
34740 40066 324
34740 40077 324
34740 40088 324
34740 40099 324
34740 40110 324
34740 40121 324
34740 40132 324
34740 40143 324
34740 40154 324
34740 40165 324
34740 40176 324
34740 40187 324
34740 40198 324
34740 40209 324
34740 40220 324
34740 40231 324
34740 40242 324
34740 40253 324
34740 40264 324
34740 40275 324
34740 40286 324
34740 40297 324
34740 40308 324
34740 40319 324
34740 40330 324
34740 40341 324
34740 40352 324
34740 40363 324
34740 40374 324
34740 40385 324
34740 40396 324
34740 40407 324
34740 40418 324
34740 40429 324
34740 40440 324
34740 40451 324
34740 40462 324
34740 40473 324
34740 40484 324
34740 40495 324
34763 40000 324
34763 40011 324
34763 40022 324
34763 40033 324
34763 40044 324
34763 40055 324
34763 40066 324
34763 40077 324
34763 40088 324
34763 40099 324
34763 40110 324
34763 40121 324
34763 40132 324
34763 40143 324
34763 40154 324
34763 40165 324
34763 40176 324
34763 40187 324
34763 40198 324
34763 40209 324
34763 40220 324
34763 40231 324
34763 40242 324
34763 40253 324
34763 40264 324
34763 40275 324
34763 40286 324
34763 40297 324
34763 40308 324
34763 40319 324
34763 40330 324
34763 40341 324
34763 40352 324
34763 40363 324
34763 40374 324
34763 40385 324
34763 40396 324
34763 40407 324
34763 40418 324
34763 40429 324
34763 40440 324
34763 40451 324
34763 40462 324
34763 40473 324
34763 40484 324
34763 40495 324
34786 40000 324
34786 40011 324
34786 40022 324
34786 40033 324
34786 40044 324
34786 40055 324
34786 40066 324
34786 40077 324
34786 40088 324
34786 40099 324
34786 40110 324
34786 40121 324
34786 40132 324
34786 40143 324
34786 40154 324
34786 40165 324
34786 40176 324
34786 40187 324
34786 40198 324
34786 40209 324
34786 40220 324
34786 40231 324
34786 40242 324
34786 40253 324
34786 40264 324
34786 40275 324
34786 40286 324
34786 40297 324
34786 40308 324
34786 40319 324
34786 40330 324
34786 40341 324
34786 40352 324
34786 40363 324
34786 40374 324
34786 40385 324
34786 40396 324
34786 40407 324
34786 40418 324
34786 40429 324
34786 40440 324
34786 40451 324
34786 40462 324
34786 40473 324
34786 40484 324
34786 40495 324
34809 40000 324
34809 40011 324
34809 40022 324
34809 40033 324
34809 40044 324
34809 40055 324
34809 40066 324
34809 40077 324
34809 40088 324
34809 40099 324
34809 40110 324
34809 40121 324
34809 40132 324
34809 40143 324
34809 40154 324
34809 40165 324
34809 40176 324
34809 40187 324
34809 40198 324
34809 40209 324
34809 40220 324
34809 40231 324
34809 40242 324
34809 40253 324
34809 40264 324
34809 40275 324
34809 40286 324
34809 40297 324
34809 40308 324
34809 40319 324
34809 40330 324
34809 40341 324
34809 40352 324
34809 40363 324
34809 40374 324
34809 40385 324
34809 40396 324
34809 40407 324
34809 40418 324
34809 40429 324
34809 40440 324
34809 40451 324
34809 40462 324
34809 40473 324
34809 40484 324
34809 40495 324
34832 40000 324
34832 40011 324
34832 40022 324
34832 40033 324
34832 40044 324
34832 40055 324
34832 40066 324
34832 40077 324
34832 40088 324
34832 40099 324
34832 40110 324
34832 40121 324
34832 40132 324
34832 40143 324
34832 40154 324
34832 40165 324
34832 40176 324
34832 40187 324
34832 40198 324
34832 40209 324
34832 40220 324
34832 40231 324
34832 40242 324
34832 40253 324
34832 40264 324
34832 40275 324
34832 40286 324
34832 40297 324
34832 40308 324
34832 40319 324
34832 40330 324
34832 40341 324
34832 40352 324
34832 40363 324
34832 40374 324
34832 40385 324
34832 40396 324
34832 40407 324
34832 40418 324
34832 40429 324
34832 40440 324
34832 40451 324
34832 40462 324
34832 40473 324
34832 40484 324
34832 40495 324
