1 1 1
1 1000000 525
469035 803823 509
116388 233150 443
296850 86292 443
405396 868588 525
782496 511137 509
482059 421362 444
874059 909047 445
532370 723220 509
71218 30284 340
352049 293515 441
857745 270950 525
700168 107480 509
5543 479670 449
427905 407623 449
38412 513403 470
714839 618089 509
694201 511389 509
162724 354870 443
903193 436835 525
155921 985993 525
345559 356786 441
825978 772363 468
173827 864899 525
670893 979468 525
205467 5590 383
938929 289050 525
684483 970547 525
818008 247678 509
941647 232291 525
165130 333043 443
161927 936413 525
479550 942724 525
931775 523811 525
385367 474565 449
369373 999917 525
302880 846839 525
295889 325115 384
139823 466693 449
301704 3241 443
691080 317164 509
151634 837303 509
794667 335893 509
814197 733137 468
543278 459544 470
261184 871049 525
5091 404200 443
674943 63453 509
405745 331914 441
264469 948150 525
815478 586353 509
734423 525801 509
561763 825510 509
214344 390011 443
335054 543688 470
930180 33626 525
973979 571689 525
249096 393361 441
84832 41606 351
608817 597798 403
719433 571071 509
906818 773551 525
843124 48827 525
346966 609209 470
644262 443725 509
231541 56715 443
505310 967458 525
611581 55229 470
116803 128831 336
141259 519485 470
650064 38739 509
222017 939747 525
329825 621871 470
962760 209668 525
700280 622595 509
119456 502108 449
963890 313634 525
401505 172832 443
527011 237955 470
990417 576833 525
794548 270009 509
749116 572217 509
728637 281692 509
88781 785832 509
222390 798807 509
132289 547322 470
78600 900455 525
127813 51619 354
681937 809935 504
863213 439929 525
732051 296860 509
617775 260876 470
777435 137640 509
339040 400350 441
698819 307805 509
646329 615658 509
819580 112128 509
75586 983289 525
392652 954528 525
117751 592541 470
457661 432835 400
13136 865862 525
775618 985146 525
537751 710959 509
864438 931077 476
57916 892697 525
994052 466207 525
72381 841073 525
751404 246050 509
409098 346230 436
395714 529892 470
786242 596980 509
345335 294658 384
661035 975242 525
914495 988819 507
987271 753880 525
104364 431079 449
582791 682492 509
875625 604991 525
858006 650584 525
128170 814639 509
174688 831471 509
551178 300162 470
54202 764264 509
936120 549557 525
113595 90897 354
52978 181127 383
825115 819980 450
101225 298344 443
959481 337675 525
87801 729434 509
529557 634609 509
71793 869442 525
747288 846637 525
173573 140133 383
646124 424193 509
223375 689948 509
478166 722754 509
90509 394351 443
697104 732303 504
508202 715765 509
912406 649643 525
574924 116014 470
232604 844316 525
709269 338531 509
984269 95017 525
26234 821651 509
822632 661159 504
881889 719428 525
919441 433019 525
441781 672627 509
632423 964132 525
122359 587714 470
941526 346874 525
185190 355475 443
216201 156830 373
745021 798435 468
327631 444970 449
996429 20413 525
65984 604370 470
98682 355828 443
452814 935056 525
989328 697595 525
531876 747437 509
257472 641732 509
463610 359474 449
12562 291611 443
895620 528335 525
890819 731988 525
592241 44201 470
463371 432919 444
361421 307214 441
100168 44102 351
636095 947474 525
781901 957802 525
452201 153607 449
415710 952131 525
873405 727532 525
351987 345898 441
852546 381794 525
4698 30788 308
461486 792275 509
941199 849064 507
12058 255269 443
426265 798045 509
468194 239021 449
627357 480715 509
240790 956745 525
493480 78505 449
923636 697457 525
346947 199186 443
975942 164802 525
872830 703362 525
53375 949106 525
6791 620747 470
277600 965397 525
87356 546445 470
745433 682859 504
467829 564935 470
850150 130693 525
226747 473148 449
324012 660585 509
26926 626098 470
980823 331683 525
331669 383006 441
909059 635939 525
518290 317167 470
556176 614297 434
573591 545464 452
243080 666271 509
23479 989673 525
811541 376725 509
302910 272049 389
975199 540597 525
695309 980834 525
195440 330975 443
286852 715096 509
814057 323971 509
785457 725001 468
918026 540032 525
289714 868404 525
717267 149627 509
234754 28303 443
361531 205459 443
670148 129435 509
648886 758908 504
375235 705652 509
400296 633916 509
506101 625534 470
718698 104942 509
905963 541796 525
387919 250576 441
909743 643061 525
111661 232435 443
43696 809878 509
954788 177114 525
368494 797361 509
65215 58630 335
778840 813238 468
904877 733087 525
814641 245039 509
390518 934846 525
486641 84651 449
964426 131051 525
114121 24791 354
300369 427980 449
669538 54319 509
960574 307229 525
656928 76039 509
793422 348470 509
172825 429257 449
878810 493118 525
816210 569058 509
596786 762680 509
479156 59301 449
187532 654386 509
402372 36647 443
64931 375062 443
317621 483448 449
846831 411258 525
474730 311996 449
446991 481701 444
272024 605760 470
972372 71910 525
691501 43580 509
620594 484575 470
948167 259276 525
224922 695343 509
433333 516068 470
20954 708251 509
13103 53734 340
900865 363309 525
750134 511217 509
512430 471388 470
325801 400737 441
39241 34973 324
929091 489815 525
896267 77320 525
147435 717028 509
58241 747253 509
523026 585983 452
507249 682268 509
96407 674154 509
608097 987525 525
95829 816679 509
50578 316399 443
688643 760714 504
742936 630116 504
597864 62970 470
701596 791502 504
674560 140257 509
180688 711184 509
306877 474278 449
943236 676828 525
396762 410212 449
699773 720283 504
243234 957537 525
171134 673949 509
583034 997930 525
866950 813224 525
496317 780977 509
270507 894348 525
116714 525044 470
485282 375984 449
94693 43680 351
356952 91182 443
458585 230110 449
427607 126092 449
534666 898912 525
115466 271316 443
701921 360443 509
83898 833609 509
271817 217328 443
540267 483639 470
316019 370163 441
892739 529648 525
133326 232841 443
189533 788591 509
28251 761399 509
821732 203144 509
682027 705893 504
422011 562038 470
375488 240668 441
373489 205817 443
520181 689322 509
7387 402858 443
507194 52383 449
222350 847507 525
252508 185552 443
235874 931624 525
221738 953908 525
992914 469259 525
696132 195648 509
588993 120123 470
899748 11431 525
307451 870168 525
604263 60438 470
18856 512214 470
975901 819425 525
335225 867006 525
406796 453693 449
121589 811740 509
325701 316963 384
982654 979532 427
561098 140019 470
516164 547762 452
185891 658020 509
867159 234882 525
247874 894633 525
698361 630752 442
845792 769915 525
713287 153283 509
2245 764626 509
246192 93406 443
357858 84854 443
574675 979264 525
970771 796775 525
117085 971473 525
689170 809053 504
909625 712444 525
123097 808516 509
270573 457354 449
909415 509044 525
104420 976559 525
644012 184869 509
469918 801347 509
158548 375588 443
319732 906647 525
927799 324551 525
429370 244882 449
543079 836296 509
368051 775155 509
248568 246045 350
786778 408264 509
441045 206259 449
760415 599320 509
320775 180488 443
640202 610143 509
695033 788571 504
628788 976124 525
264852 399347 441
827222 799576 450
329908 975016 525
559794 531839 452
768425 949411 525
629048 22822 509
233077 685398 509
530577 392536 470
460735 86557 449
687751 287556 509
620884 722150 509
502683 706494 509
766264 868526 525
768342 228088 509
332633 371657 441
655062 366599 509
236123 5951 443
250271 813367 509
384972 429872 449
54691 876306 525
746807 143166 509
309685 811393 509
137084 748191 509
484715 104172 449
986938 292985 525
858338 310868 525
360021 124945 443
435594 780113 509
503878 48188 449
125205 339927 443
279233 805726 509
141597 784385 509
564847 946912 525
545288 468803 470
75657 557751 470
277844 881661 525
993278 222951 525
647229 335786 509
448473 47552 449
482439 51696 449
357323 343540 441
602982 258217 470
470704 73642 449
765538 742278 424
711788 156498 509
694679 703302 411
55327 360659 443
634542 451350 509
270066 34177 443
93341 574677 470
105306 477897 449
33945 989211 525
812411 330132 509
314125 338605 384
154689 436537 449
534371 435328 470
937271 24945 525
625870 680470 509
407012 207134 443
900483 970945 507
733468 125008 509
14655 93454 351
50680 429829 449
27721 641419 509
874611 452243 525
411691 369508 449
576671 790156 509
122411 97144 354
589695 577472 434
8357 541845 470
287110 498981 449
563389 95553 470
597177 347147 470
13486 84885 351
177539 380041 443
968888 64837 525
213037 860160 525
952911 437019 525
733034 550590 509
909850 474171 525
153715 722681 509
694975 48021 509
765133 994168 525
540416 66308 470
878775 36056 525
172013 262416 443
839667 991042 507
944183 272358 525
38100 956000 525
903706 479271 525
671865 896152 525
286956 815499 509
898937 26828 525
600222 574759 434
955047 212502 525
74877 96382 351
635411 106612 509
462968 39152 449
402042 359265 436
676375 216187 509
164696 864969 525
800244 37869 509
293271 17010 443
868523 41157 525
854630 295522 525
147122 153782 370
453610 734650 509
976001 206016 525
866918 906732 445
353897 524896 470
860251 355238 525
134754 818082 509
632862 816510 504
220793 514908 470
614491 587156 403
907008 737298 525
668274 105796 509
635854 556484 509
347824 113823 443
95117 330247 443
709119 569046 509
813048 718113 468
498584 617501 470
721349 172165 509
59232 118467 354
797297 997893 525
449380 392511 449
727800 604454 509
290075 440569 449
591575 64738 470
769599 499154 509
965475 938733 507
254571 626292 470
621091 501768 470
513498 947331 525
38850 747147 509
662942 228029 509
940978 16434 525
744692 681088 504
329674 607484 470
234666 96566 443
998326 696251 525
938731 859670 476
748210 21757 509
485991 866176 525
538649 586554 452
327444 844288 525
654620 884738 525
727962 336921 509
152766 197665 383
716287 102008 509
67689 837153 509
382191 8521 443
696128 937213 525
35711 834628 509
112141 993470 525
471460 126545 449
439361 901462 525
311243 203270 443
967686 799935 525
181656 741532 509
690520 779089 504
409081 255815 441
53412 189803 383
867266 382849 525
478267 9852 449
531605 592674 452
847869 701640 525
273899 584319 470
342504 619903 470
904357 633357 525
598260 192451 470
227132 543018 470
774981 700223 504
639726 134172 509
577459 996081 525
923416 235489 525
89093 414901 449
918819 188630 525
764685 367422 509
415708 5394 449
981230 264372 525
999803 660824 525
658767 172052 509
552077 258090 470
500100 700926 509
966515 768250 525
899595 966743 507
895242 239816 525
190158 393695 443
860520 148875 525
211039 242083 443
768240 249824 509
397705 107118 443
791222 937192 525
411303 58004 449
881167 168718 525
851505 415897 525
271643 592871 470
819729 771544 468
95136 489873 449
838566 277105 525
738034 932118 525
69494 531680 470
861697 765776 525
395794 449286 449
341517 297902 384
800616 716952 468
636202 598700 509
180407 554310 470
788907 294864 509
910155 735725 525
914307 938461 476
520131 349764 470
332630 624006 470
941731 947928 383
220411 216939 355
161863 407523 443
376765 132314 443
739629 905744 525
819508 93730 509
666590 172307 509
311154 846404 525
755987 846038 525
876773 987267 507
223374 419035 449
499063 153058 449
230859 434832 449
868761 671096 525
86806 484294 449
730169 635797 504
782009 846129 525
21816 988 279
284751 718277 509
366163 370267 392
109716 951576 525
396662 401832 387
639346 136291 509
183123 472862 449
641587 52546 509
579273 247871 470
154053 929072 525
235762 603618 470
777602 76717 509
225360 971934 525
258356 101825 443
875443 97203 525
637524 645514 416
229030 779095 509
704889 590982 509
811234 56949 509
295264 656671 509
755837 968543 525
540111 232428 470
528243 135973 470
321416 186535 443
603628 139085 470
888792 147796 525
727301 180044 509
257479 114389 443
339975 532562 470
219657 118750 386
362541 342996 441
640219 474966 509
768317 720900 468
248378 872348 525
972555 690272 525
165753 215159 373
669203 173179 509
177558 818144 509
118415 859379 525
58515 12229 340
665086 673948 442
139405 628291 509
809872 774767 468
247026 239179 368
931518 93540 525
445778 314548 449
134684 866713 525
658370 215766 509
796189 839598 525
956251 210904 525
410333 353588 449
280147 89547 443
743975 663565 504
893086 899285 370
945653 848499 507
887682 118880 525
243834 981066 525
648313 591037 509
39102 871263 525
475828 361158 449
930547 942872 507
854855 153519 525
391645 992169 525
385627 145277 443
244518 29339 443
337781 239776 407
266820 835473 509
98686 144479 375
416325 695165 509
583505 282135 470
837856 116075 525
318021 824341 509
729263 935431 525
36635 161205 383
173938 792457 509
536818 907824 525
327647 446040 449
883930 582732 525
629506 473794 509
539152 475400 470
963199 53345 525
890287 177193 525
95967 222451 386
694253 556195 509
408850 700630 509
293381 361053 441
793545 988487 525
913679 340319 525
249694 307291 407
764310 508786 509
758516 187967 509
371412 836951 509
580085 331291 470
384219 467312 449
135608 339222 443
680906 406924 509
346479 711901 509
329265 301196 384
993228 262949 525
855620 124424 525
344005 387920 441
237946 911775 525
496971 563522 470
595494 508813 470
452555 309962 449
457674 872245 525
286485 934914 525
926791 886509 476
451215 278723 449
670293 494745 509
240729 435797 449
939142 281232 525
402155 771609 509
454481 431347 400
342317 703422 509
258761 804336 509
517718 488377 470
343988 777232 509
577920 605701 434
103291 659351 509
537782 695639 509
388785 595290 470
594644 729806 509
145816 956364 525
746380 612771 509
127921 532706 470
177682 156812 370
515980 810198 509
347866 397874 436
394557 211848 443
59404 30629 340
317758 979506 525
214058 923314 525
135766 765694 509
91468 967721 525
760432 50239 509
927026 670121 525
564603 966492 525
205711 445171 449
976356 34200 525
519971 404824 470
778138 790469 437
970234 17206 525
139705 760030 509
990332 844905 507
681037 449076 509
67218 375178 443
221936 935319 525
231177 596308 470
876809 265778 525
621138 67993 470
458889 892773 525
25662 237151 443
555967 781629 509
934537 16137 525
908339 259121 525
231140 468837 449
756755 367270 509
42999 3019 324
956357 380038 525
624275 835093 509
436588 905282 525
144994 412405 449
997281 327382 525
427358 912445 525
967005 144244 525
161344 31760 383
656893 944256 525
149236 878557 525
173328 990517 525
948964 224848 525
997810 530385 525
575503 190850 470
600430 474625 470
290085 394177 441
50569 225240 386
332125 368076 441
80967 428231 449
256463 880101 525
515796 496271 470
210547 718200 509
597386 164881 470
807158 255598 509
819497 6230 509
302995 341660 384
991222 542061 525
260540 420662 449
993935 149814 525
797923 140981 509
987484 159552 525
693428 274855 509
395087 737927 509
1930 59469 340
836096 45045 509
862846 99801 525
551762 855640 525
614637 126056 470
625945 363470 470
668147 592945 509
288711 428585 449
85915 377797 443
860152 226036 525
601161 434627 470
709480 543892 509
681753 784997 504
855009 663104 525
308199 170898 443
690530 831025 504
249962 708466 509
427390 195524 449
33132 761044 509
332793 668565 509
198310 640932 509
947472 945900 383
233096 312225 407
549691 771793 509
404775 921584 525
648175 846966 525
838198 568974 525
936137 644790 525
764852 870040 525
582687 647726 509
356016 492708 449
285862 717030 509
665005 98013 509
181344 831474 509
628622 797123 504
208992 341229 443
46453 343363 443
38972 425804 449
142361 848389 525
422884 705625 509
549515 407308 470
284642 377384 441
356526 670264 509
492166 785857 509
824636 63111 509
542358 352974 470
496639 643147 509
198477 220850 386
221566 95139 386
456935 838896 525
265038 440941 449
393774 660453 509
608696 498463 470
417054 201178 449
165401 228389 386
633146 636288 416
886509 383519 525
192983 447095 449
208501 95175 383
804927 889978 525
464817 818417 509
684923 78697 509
571052 684300 509
433789 382442 449
310254 853859 525
359217 553160 470
760478 897125 525
410373 398515 449
908681 6744 525
504623 582603 470
674286 313554 509
767875 957947 525
294814 223303 443
290194 899978 525
883049 15012 525
198696 662781 509
275198 291906 389
430939 522461 470
384465 344680 441
853019 826501 525
579902 272650 470
955731 311839 525
538239 271164 470
767242 525981 509
836810 9068 509
885218 218680 525
349389 181585 443
4892 688252 509
987114 477107 525
225737 108848 386
525338 530430 408
285047 254124 407
483975 343543 449
267509 159856 443
588703 9832 470
686874 16167 509
377520 968556 525
129262 184978 383
424167 863682 525
51261 647759 509
962195 954292 414
302426 167866 443
311542 927586 525
432805 597143 470
531123 906975 525
163909 794442 509
562712 963020 525
7523 234538 443
309464 28165 443
332603 214254 443
448650 225805 449
765865 704979 424
311010 259647 407
198766 488114 449
135651 465162 449
301134 734409 509
499831 64221 449
107753 131221 349
732521 824167 468
38817 182681 383
733873 59088 509
786346 170163 509
35767 775019 509
3333 623509 470
351333 411214 449
592596 392226 470
414673 486634 444
195123 921879 525
228149 444135 449
960682 771736 525
936603 17954 525
165890 388155 443
805934 345220 509
107445 40265 354
133778 415264 449
445230 63085 449
648273 287217 509
580819 169001 470
474820 882011 525
507714 585288 470
563236 988306 525
389886 540958 470
116220 453211 449
496552 1714 449
648624 674697 442
426826 216295 449
792716 477201 509
509667 812580 509
376174 316684 441
211349 590579 470
377110 597393 470
448929 646349 509
115077 472060 449
318443 337141 384
822365 300784 509
978457 466878 525
385639 643031 509
150356 569659 470
3915 215442 383
902391 509459 525
463812 696208 509
500081 905484 525
813645 900017 525
791223 22983 509
438046 264432 449
2005 349778 443
425051 233377 449
397767 905809 525
633983 446355 509
643016 958245 525
260311 505097 449
374726 50008 443
119196 638191 509
937523 877039 476
612282 545038 452
476813 194347 449
241565 492 443
268155 458416 449
593338 957823 525
521213 231179 470
126870 18976 354
9222 807819 509
833236 846290 525
672865 392555 509
241557 84881 443
322471 681008 509
6788 956419 525
80970 222806 386
502650 865837 525
665051 488846 509
569378 253928 470
320617 738481 509
353623 320019 441
724070 622036 509
525978 453671 470
