74 922 179
45 447 144
780 891 179
566 262 144
289 860 171
481 837 171
58 747 171
390 575 142
540 278 144
774 814 153
356 10 144
610 372 142
120 864 171
292 276 118
980 795 179
788 693 171
549 296 144
833 715 153
920 827 179
12 459 144
647 533 137
677 272 145
654 837 171
960 976 143
759 148 171
389 990 179
467 67 144
130 318 131
774 294 171
664 744 171
737 63 171
913 950 174
565 698 145
929 315 179
205 925 179
605 387 142
637 136 144
185 252 128
517 564 137
563 668 145
908 860 179
46 435 144
201 213 89
317 123 131
575 522 137
16 612 144
357 669 145
927 292 179
946 287 179
754 265 171
98 170 122
551 46 144
569 213 144
200 925 179
776 851 135
101 377 144
69 617 144
484 499 142
206 807 171
165 393 144
50 521 144
166 541 144
121 825 171
689 512 145
659 253 145
73 502 144
866 549 171
658 595 145
828 361 171
348 721 171
753 274 171
885 527 179
15 712 171
900 850 179
242 436 144
520 229 144
935 879 148
399 819 171
152 919 179
214 899 179
24 137 122
413 118 144
247 303 123
633 546 137
760 851 153
693 270 145
975 581 179
348 607 142
601 990 179
42 320 131
108 710 171
339 471 134
793 72 171
582 618 132
403 18 144
931 428 179
486 282 144
508 411 142
435 818 171
653 88 145
305 272 118
51 36 110
13 227 125
285 800 171
885 308 179
595 191 144
80 672 145
166 368 144
942 443 179
595 94 144
645 216 144
712 737 140
660 371 145
485 874 179
25 425 144
931 629 179
398 835 171
970 982 143
584 286 144
659 716 171
667 220 145
755 902 179
560 98 144
725 660 171
868 252 171
732 936 179
752 283 171
377 147 144
260 398 144
561 87 144
628 121 144
935 838 179
797 991 179
77 330 144
28 361 144
62 78 116
224 880 179
858 833 135
245 132 128
766 959 179
747 469 171
985 660 179
687 750 171
80 108 119
941 120 179
183 895 179
830 612 171
283 670 145
954 774 179
252 540 144
8 713 171
611 448 142
807 765 153
80 946 179
283 510 144
822 210 171
278 354 144
376 305 144
661 34 145
84 9 116
555 836 171
93 277 128
528 994 179
602 720 171
799 480 171
772 456 171
782 248 171
823 722 153
157 349 144
116 883 179
433 835 171
328 297 144
373 765 171
599 100 144
462 329 134
160 592 144
810 398 171
701 555 145
221 162 125
504 237 144
283 570 144
512 712 171
660 268 145
376 848 171
39 396 144
182 686 145
243 868 171
621 250 144
748 434 171
97 497 144
891 882 148
258 836 171
173 898 179
861 654 171
95 735 171
346 69 144
127 243 128
852 538 171
669 26 145
85 143 122
941 824 179
210 623 144
576 939 179
338 92 144
323 126 131
294 171 128
306 831 171
312 761 171
299 396 144
220 457 144
665 73 145
264 64 128
203 877 179
937 290 179
521 53 144
568 292 144
463 686 145
442 51 144
517 600 137
535 882 179
212 870 171
954 421 179
407 927 179
823 493 171
154 385 144
884 216 179
758 25 171
44 690 145
707 243 171
318 950 179
61 200 125
46 494 144
57 855 171
908 232 179
886 460 179
397 861 171
592 27 144
808 875 179
982 820 179
969 261 179
76 902 179
38 517 144
221 471 144
200 496 144
92 80 111
235 353 144
570 654 145
707 359 171
259 184 128
219 641 144
486 517 142
183 619 144
668 374 145
632 282 144
717 643 171
780 168 171
527 746 171
210 387 144
230 554 144
501 581 137
627 692 145
357 820 171
530 123 144
312 173 128
86 851 171
824 642 171
439 178 144
956 267 179
41 651 145
766 428 171
863 284 171
449 41 144
95 161 122
367 831 171
943 977 143
877 124 179
469 651 145
280 516 144
207 997 179
205 467 144
189 403 144
635 719 171
545 923 179
51 124 119
541 248 144
337 362 126
169 12 122
504 107 144
427 658 145
241 229 128
77 813 171
400 689 145
138 24 122
582 827 171
445 984 179
383 330 126
592 872 179
490 809 171
407 72 144
737 662 171
644 427 142
686 637 145
556 320 144
999 822 179
29 864 171
432 386 134
373 304 144
960 227 179
303 142 128
136 803 171
501 669 145
217 593 144
193 949 179
564 187 144
628 192 144
974 55 179
316 205 131
357 909 179
314 911 179
619 673 145
760 109 171
504 481 142
683 551 145
147 104 122
932 592 179
679 322 145
300 985 179
940 762 179
391 857 171
617 484 142
122 644 144
639 920 179
57 763 171
323 938 179
407 638 142
811 98 171
397 170 144
944 452 179
30 53 110
490 91 144
163 887 179
663 134 145
511 31 144
553 814 171
319 681 145
386 200 144
536 288 144
648 822 171
323 735 171
249 410 144
462 202 144
33 772 171
581 723 171
895 887 148
460 482 129
682 939 179
893 322 179
724 733 140
316 633 144
163 512 144
38 193 125
188 922 179
361 152 144
395 415 134
363 21 144
630 880 179
149 792 171
160 220 125
436 964 179
294 728 171
366 257 144
817 757 153
820 453 171
837 879 179
318 959 179
194 416 144
18 193 125
298 711 171
159 455 144
929 409 179
236 930 179
633 473 142
420 895 179
992 124 179
940 235 179
271 47 128
836 699 171
457 15 144
662 526 145
885 65 179
243 799 171
180 796 171
754 602 171
462 288 144
739 174 171
652 126 145
537 136 144
610 847 171
523 898 179
798 483 171
164 958 179
345 580 142
503 837 171
176 220 120
74 895 179
428 962 179
171 88 125
196 200 120
61 466 144
684 983 179
709 185 171
511 326 144
374 323 144
441 493 142
422 40 144
843 472 171
890 768 179
529 841 171
211 1 125
795 498 171
7 412 144
745 220 171
407 716 171
719 503 171
823 312 171
759 588 171
309 508 144
496 901 179
912 822 179
475 710 171
485 230 144
93 732 171
317 847 171
483 881 179
834 548 171
650 486 145
268 194 128
81 562 144
65 753 171
295 612 144
101 449 144
99 985 179
685 148 145
837 463 171
112 982 179
197 778 171
429 220 144
579 215 144
909 788 179
185 24 125
359 625 142
363 738 171
512 810 171
916 377 179
580 772 171
372 473 134
926 943 174
27 416 144
390 255 144
332 124 144
182 784 171
384 693 145
133 203 125
328 854 171
971 58 179
366 393 121
546 2 144
879 966 174
894 423 179
863 130 171
484 996 179
810 764 153
289 908 179
293 433 144
213 550 144
559 249 144
921 348 179
718 625 171
88 746 171
860 683 171
467 514 142
840 752 153
399 20 144
833 267 171
890 509 179
966 614 179
89 994 179
63 116 119
865 609 171
863 706 153
418 33 144
223 806 171
272 770 171
774 184 171
472 165 144
14 115 119
353 510 142
85 688 145
319 702 145
775 15 171
195 924 179
365 412 134
688 625 145
470 61 144
610 377 142
897 885 148
418 667 145
781 622 171
146 762 171
248 700 145
975 752 179
712 359 171
4 886 179
217 145 125
803 885 179
349 123 144
377 261 144
793 96 171
194 783 171
753 186 171
301 50 128
41 798 171
814 829 135
346 914 179
540 948 179
847 658 171
74 240 128
595 567 119
400 17 144
420 560 142
491 13 144
959 124 179
520 376 142
833 860 148
372 201 144
660 333 145
781 949 179
839 636 171
200 733 171
280 933 179
431 507 142
44 505 144
309 150 128
828 118 171
560 702 145
546 748 171
358 725 171
612 984 179
981 198 179
683 996 179
212 710 171
115 745 171
356 638 142
966 123 179
395 714 171
515 268 144
274 655 145
269 364 144
372 903 179
716 943 179
968 985 143
792 643 171
416 512 142
24 301 128
148 604 144
199 239 128
358 429 134
332 511 142
763 511 171
797 985 179
653 573 145
411 888 179
530 721 171
82 942 179
19 145 122
325 159 131
487 489 142
490 96 144
554 376 142
686 342 145
882 631 179
199 383 144
523 183 144
830 25 171
873 518 179
853 626 171
321 84 131
100 374 144
789 771 153
183 142 125
14 910 179
888 946 174
72 852 171
870 63 171
882 750 179
466 603 142
246 388 144
912 17 179
371 20 144
529 976 179
659 671 145
60 558 144
573 984 179
80 232 128
447 239 144
128 169 122
609 124 144
259 154 128
50 725 171
683 522 145
540 739 171
166 906 179
12 501 144
570 454 142
680 901 179
557 244 144
877 290 179
378 365 108
419 374 134
518 710 171
450 666 145
983 410 179
956 944 55
13 664 145
378 859 171
98 623 144
256 294 123
284 587 144
447 315 144
129 221 125
957 228 179
924 864 179
645 93 144
980 351 179
964 206 179
918 922 130
7 541 144
252 358 144
679 628 145
82 239 128
941 325 179
962 890 174
660 817 171
839 367 171
566 844 171
216 987 179
522 895 179
122 717 171
44 45 17
157 475 144
457 57 144
841 523 171
677 930 179
826 18 171
10 9 20
647 148 144
899 228 179
450 620 142
744 102 171
336 500 142
223 829 171
505 203 144
22 489 144
259 517 144
264 462 144
209 998 179
933 714 179
191 701 145
808 910 179
313 613 144
620 120 144
954 687 179
220 999 179
874 333 179
207 628 144
618 992 179
245 15 128
813 804 135
60 513 144
345 248 144
578 867 171
207 481 144
454 444 116
402 141 144
640 158 144
727 230 171
849 38 171
655 432 145
884 817 179
487 743 171
651 897 179
680 554 145
995 726 179
400 545 142
64 844 171
825 28 171
214 166 125
167 858 171
529 890 179
443 117 144
908 353 179
183 588 144
158 451 144
833 753 153
194 899 179
22 328 144
770 984 179
460 223 144
915 230 179
828 227 171
480 158 144
465 410 134
275 916 179
547 80 144
169 985 179
100 112 114
744 151 171
301 78 128
831 556 171
313 849 171
629 492 137
598 879 179
421 696 145
621 313 144
669 438 145
370 697 145
262 596 144
15 256 128
197 240 128
303 455 144
509 128 144
839 815 135
39 647 144
782 741 153
79 31 116
523 214 144
59 375 144
752 668 171
159 573 144
988 440 179
418 90 144
45 376 144
675 28 145
638 708 171
304 615 144
941 321 179
171 265 128
439 961 179
852 246 171
503 339 142
188 773 171
106 520 144
334 43 144
618 622 132
110 423 144
851 163 171
713 484 171
903 675 179
996 15 179
111 590 144
891 270 179
132 496 144
670 143 145
893 755 179
168 103 122
478 499 142
407 797 171
974 307 179
717 123 171
79 418 144
250 569 144
593 880 179
368 620 142
144 823 171
619 617 132
783 412 171
787 475 171
517 466 142
860 63 171
626 454 142
742 601 171
338 514 142
420 955 179
597 765 171
28 344 144
14 58 113
425 92 144
469 929 179
533 849 171
389 549 142
41 151 122
964 524 179
510 670 145
290 26 128
507 821 171
401 527 142
463 269 144
700 724 171
826 313 171
129 506 144
18 166 122
855 141 171
435 986 179
667 618 145
191 955 179
90 250 128
981 525 179
622 831 171
671 129 145
849 35 171
230 964 179
414 721 171
599 933 179
112 505 144
982 800 179
526 297 144
977 334 179
323 865 171
420 152 144
312 694 145
447 563 142
200 817 171
118 905 179
82 254 128
514 441 142
501 721 171
251 117 128
497 942 179
190 170 125
752 113 171
625 602 132
491 870 171
867 905 179
940 245 179
923 106 179
554 468 142
923 931 130
344 62 144
760 160 171
679 22 145
473 113 144
523 563 137
638 361 142
457 47 144
948 748 179
69 19 113
207 680 145
201 67 125
886 301 179
888 906 148
6 632 144
648 374 142
203 299 128
703 212 171
149 868 171
225 981 179
404 367 121
606 830 171
802 919 179
144 354 144
804 808 73
36 398 144
862 79 171
252 256 110
37 645 144
3 151 122
394 880 179
657 119 145
692 677 127
50 188 125
447 707 171
340 951 179
329 853 171
948 274 179
361 721 171
367 594 142
63 169 122
539 7 144
541 817 171
136 439 144
600 107 144
232 95 128
493 639 137
947 901 174
934 887 148
438 241 144
432 824 171
555 394 142
721 622 171
790 277 171
332 437 134
983 188 179
240 457 144
138 471 144
309 680 145
890 782 179
146 574 144
283 463 144
812 868 148
418 497 142
25 356 144
780 751 153
263 483 144
555 706 171
576 67 144
546 153 144
551 87 144
325 314 100
144 875 179
503 475 142
757 629 171
191 902 179
140 663 145
252 956 179
517 935 179
784 894 179
280 70 128
255 453 144
558 938 179
510 652 145
683 832 171
341 85 144
246 649 145
156 421 144
764 212 171
992 814 179
708 739 140
992 574 179
218 836 171
404 359 121
705 701 171
235 531 144
304 692 145
122 552 144
37 915 179
459 765 171
637 975 179
30 334 144
292 459 144
677 515 145
299 669 145
758 952 179
118 887 179
287 911 179
714 196 171
167 633 144
101 681 145
877 757 179
233 583 144
769 268 171
730 518 171
106 673 145
152 476 144
848 857 104
19 33 112
854 707 153
675 488 145
626 525 137
86 364 144
384 424 134
862 775 153
526 696 145
273 234 128
844 672 171
504 759 171
372 292 144
439 934 179
813 785 135
549 928 179
745 397 171
356 258 144
823 223 171
220 331 144
740 790 153
609 55 144
98 42 119
886 489 179
967 670 179
578 391 142
639 486 142
71 724 171
519 471 142
79 138 122
526 193 144
725 441 171
850 97 171
997 302 179
318 388 144
600 481 142
234 472 144
435 491 142
719 876 179
307 737 171
701 351 145
300 459 144
920 857 179
358 115 144
497 495 111
32 618 144
543 638 137
1 1 1

