862683 984107 507
727109 527003 509
158761 19773 383
690376 727728 504
527235 866869 525
410419 956389 525
29397 185411 383
571453 467180 470
204811 121570 383
110637 96687 354
138620 369718 443
234849 138135 443
804026 20106 509
238882 262698 368
248193 274454 407
480723 853910 525
540452 930677 525
58756 975397 525
387478 180267 443
117084 694058 509
323815 266996 407
294996 263085 407
580756 330683 470
408417 49539 443
428696 199460 449
232406 434819 449
663549 354273 509
132240 204966 383
178693 805094 509
82193 520334 470
680462 240694 509
510229 407644 449
9123 55712 340
384347 117959 443
882843 434070 525
637273 328481 509
520817 944032 525
923436 839728 476
428256 841036 525
162176 89854 383
981479 848503 507
707203 397276 509
965035 71714 525
153060 828768 509
758761 624745 509
388916 78776 443
283 62710 340
260562 416128 449
587362 778057 509
976417 609829 525
321236 286248 389
428226 645290 509
954501 11867 525
422565 842592 525
494539 335576 449
991409 975491 427
663278 549408 509
108392 684587 509
251723 246677 350
494270 39377 449
67846 805117 509
299752 423574 449
339363 689989 509
355184 75409 443
619321 775637 509
894601 309565 525
821838 118645 509
999015 939941 458
762139 20886 509
101332 165703 383
256789 795036 509
455358 690119 509
84299 430105 449
451284 428495 400
693734 583231 509
24650 194943 383
464835 872782 525
61757 946396 525
196163 68599 383
998490 287608 525
969136 8131 525
658252 214294 509
159722 165865 370
693928 945574 525
256857 931957 525
435069 562678 470
506211 716890 509
4888 7785 262
874309 62438 525
343800 729231 509
104763 501795 449
611242 5206 470
819028 828937 450
757224 942398 525
982513 904032 507
730867 96572 509
292242 286427 389
44125 528229 470
928809 372910 525
638839 834733 504
