1 10 20
100 200 125
201 210 89
900 1000 174
1 1 1
999999 999999 259
1 999999 525
999999 1 525
5 9 20
5 4 6
1 2 2
4 10 20
1 2 2
3 9 20
10 6 20
8 1 17
3 8 17
4 6 9
10 7 20
3 8 17
9 1 20
5 10 20
9 5 20
8 7 17
6 9 20
1 3 8
3 10 20
7 1 17
8 3 17
2 2 2
2 6 9
1 10 20
9 1 20
8 4 17
1 6 9
3 8 17
10 5 20
3 8 17
6 1 9
2 9 20
7 2 17
1 7 17
8 6 17
1 9 20
1 1 1
5 6 9
9 1 20
1 10 20
1 1 1
7 7 17
4 6 9
10 10 7
4 2 8
7 8 17
1 3 8
8 3 17
7 5 17
2 4 8
10 10 7
1 8 17
10 6 20
1 6 9
5 2 8
1 3 8
4 6 9
3 5 8
3 5 8
3 6 9
8 3 17
7 6 17
8 3 17
7 9 20
7 1 17
10 4 20
3 10 20
3 8 17
4 8 17
10 10 7
7 3 17
1 5 8
4 7 17
2 3 8
5 8 17
1 2 2
3 9 20
1 7 17
6 9 20
9 4 20
10 8 20
3 10 20
3 7 17
3 8 17
1 5 8
1 9 20
6 7 17
5 3 8
5 8 17
7 4 17
9 1 20
10 9 20
10 2 20
4 4 3
2 4 8
5 8 17
8 6 17
9 1 20
1 7 17
4 2 8
4 6 9
9 8 20
9 1 20
2 3 8
2 10 20
3 5 8
1 2 2
4 8 17
7 9 20
8 4 17
9 2 20
3 10 20
2 2 2
8 1 17
6 8 17
10 4 20
2 6 9
1 7 17
9 1 20
3 2 8
10 7 20
5 2 8
10 10 7
5 5 6
4 3 8
4 9 20
2 5 8
9 4 20
5 7 17
10 5 20
3 3 8
10 2 20
3 6 9
7 3 17
10 6 20
6 8 17
5 10 20
4 9 20
6 5 9
10 3 20
9 9 20
9 5 20
6 1 9
3 8 17
9 6 20
8 4 17
10 1 20
4 7 17
1 6 9
3 7 17
4 5 6
4 1 8
7 5 17
1 7 17
8 9 20
7 3 17
7 8 17
10 2 20
10 6 20
3 7 17
1 8 17
8 7 17
6 6 9
2 10 20
2 7 17
6 7 17
7 5 17
2 10 20
6 8 17
9 2 20
4 6 9
1 8 17
5 1 8
3 9 20
10 9 20
10 9 20
10 4 20
8 6 17
1 9 20
5 5 6
3 3 8
7 3 17
7 5 17
3 1 8
6 3 9
5 2 8
7 2 17
5 7 17
10 9 20
9 4 20
6 1 9
10 4 20
4 10 20
2 5 8
8 8 4
6 5 9
2 9 20
2 10 20
6 9 20
5 8 17
27 83 116
12 22 21
69 55 113
52 68 113
68 78 116
94 65 116
63 35 113
25 87 116
35 75 116
77 49 116
68 42 113
72 50 113
51 45 105
86 50 116
64 48 113
51 22 112
78 16 116
91 80 111
18 20 21
84 22 116
56 53 113
76 26 116
65 58 108
40 69 113
81 43 116
29 15 112
53 12 112
62 34 113
13 38 112
78 77 36
81 42 116
74 65 116
84 91 93
85 50 116
35 98 119
18 68 113
48 15 112
93 71 116
83 23 116
57 33 113
95 23 116
31 55 113
19 78 116
63 30 113
23 75 116
28 62 113
100 40 119
85 84 10
25 12 24
63 25 113
97 81 119
60 62 108
59 40 113
16 18 21
53 68 113
37 65 113
73 45 116
16 10 18
42 18 112
56 72 108
49 45 105
50 86 116
99 87 119
29 12 112
68 72 103
60 92 116
42 68 113
33 50 110
56 25 113
72 71 103
79 68 116
83 66 116
58 28 113
16 94 116
49 45 105
94 37 116
69 93 116
60 97 119
51 60 113
50 58 113
89 67 116
89 36 116
92 33 116
43 77 116
78 29 116
10 10 7
40 89 116
35 46 110
74 23 116
76 84 111
32 54 113
37 31 107
12 72 113
76 39 116
30 76 116
50 77 116
43 84 116
15 70 113
69 14 113
24 92 116
52 52 12
60 95 116
84 66 116
52 15 112
26 75 116
72 95 116
18 14 21
88 10 116
27 69 113
53 71 113
80 24 116
74 59 116
34 18 112
77 93 111
70 57 108
63 19 113
81 81 23
65 49 113
68 48 113
88 93 93
68 98 119
83 82 111
48 45 105
50 55 113
92 58 116
48 67 113
46 98 119
71 52 113
96 10 116
68 84 116
65 57 108
75 61 116
72 13 113
76 63 116
98 53 119
17 27 112
92 54 116
18 73 116
69 80 116
52 44 105
44 93 116
47 35 110
42 37 110
57 28 113
80 48 116
92 30 116
50 48 25
94 99 119
31 42 110
90 36 116
55 65 113
38 10 112
77 18 116
71 81 116
68 77 116
12 56 113
19 17 21
30 78 116
21 94 116
31 75 116
14 27 112
50 98 119
11 24 21
68 32 113
80 92 111
51 12 112
56 90 116
97 54 119
42 48 105
92 30 116
48 48 12
31 92 116
91 72 116
26 48 112
45 67 113
73 34 116
42 93 116
24 93 116
11 70 113
47 14 112
88 61 116
23 47 112
32 73 116
54 43 113
17 47 112
43 52 105
24 25 24
89 28 116
71 55 113
87 99 119
42 98 119
52 28 110
90 61 116
84 48 116
57 60 33
20 43 112
10 99 119
49 41 110
60 49 113
63 85 116
808 948 179
953 725 179
748 647 171
570 472 142
399 887 179
319 702 145
782 857 135
369 450 134
282 421 144
135 714 171
947 301 179
956 405 179
390 266 144
931 501 179
703 820 171
606 297 144
317 181 131
999 651 179
798 173 171
437 912 179
857 377 171
344 916 179
197 749 171
299 699 145
240 332 144
175 420 144
932 991 174
103 138 122
994 783 179
594 614 132
582 938 179
910 719 179
795 640 171
308 888 179
104 534 144
405 362 121
381 130 144
344 801 171
695 232 145
665 460 145
755 772 153
585 256 144
805 401 171
988 191 179
576 449 142
802 742 153
353 680 145
223 865 171
366 592 142
189 129 125
430 532 142
691 917 179
563 578 106
642 929 179
541 312 144
540 517 124
696 618 145
503 348 142
672 265 145
100 615 144
725 500 171
876 996 174
155 220 125
258 383 144
335 134 144
441 906 179
276 161 128
371 215 144
116 137 122
332 128 144
321 345 144
699 413 145
667 455 145
787 493 171
348 398 126
941 217 179
404 177 144
943 892 174
116 248 128
601 659 145
607 170 144
517 770 171
601 851 171
651 764 171
240 765 171
996 479 179
142 181 125
979 378 179
292 343 144
737 860 153
769 449 171
857 359 171
843 583 171
888 231 179
790 562 171
534 730 171
128 757 171
102 411 144
177 143 125
181 883 179
979 360 179
277 928 179
471 499 142
746 528 171
873 971 174
689 772 171
835 615 171
941 370 179
771 966 179
658 948 179
740 752 140
384 707 171
539 330 142
120 965 179
731 128 171
632 103 144
924 831 179
640 875 179
615 834 171
920 627 179
308 420 144
100 188 125
378 486 134
990 376 179
777 683 171
323 851 171
592 929 179
139 319 131
775 802 153
213 139 125
710 929 179
835 976 179
423 253 144
984 689 179
437 473 129
333 513 142
668 935 179
343 121 144
782 810 122
630 843 171
219 264 128
378 110 144
448 499 142
637 757 171
522 373 142
746 698 171
656 936 179
410 214 144
204 524 144
886 315 179
731 411 171
789 847 135
606 154 144
251 811 171
972 268 179
374 788 171
315 976 179
108 698 145
779 447 171
546 484 142
117 136 122
932 706 179
204 608 144
754 447 171
445 672 145
280 189 128
192 115 125
508 678 145
151 607 144
366 809 171
309 213 128
955 255 179
786 665 171
233 188 128
620 323 144
391 120 144
941 801 179
117 724 171
422 782 171
635 808 171
747 440 171
496 819 171
555 563 88
470 113 144
784 190 171
144 701 145
348 247 144
611 381 142
528 741 171
937 983 174
561 932 179
594 125 144
372 739 171
170 887 179
810 860 148
732 747 140
876 140 179
364 215 144
765 703 171
704 546 171
3420 9020 262
2775 3906 238
7079 4793 262
6125 2605 238
4547 6184 262
2640 9450 262
4270 9623 262
7115 1481 262
7839 8284 252
6439 4632 262
3220 2698 217
4029 8230 262
2536 6076 238
9403 3320 262
9918 7334 260
4358 2785 238
4999 6097 236
4224 6899 262
8864 7185 252
7453 5795 262
1986 1745 175
6355 1438 262
9642 3443 262
2902 7664 262
4360 6867 262
2449 8084 262
4467 3684 238
1676 4448 238
3275 6556 262
7630 9370 260
3809 1448 238
9362 4457 262
8621 1902 262
9109 5596 262
2440 4983 238
7507 5685 262
4049 2381 238
7961 6204 257
6212 1137 262
3773 4097 189
7337 1732 262
1567 7201 262
8841 6637 257
9390 8808 260
6259 3340 262
4349 8468 262
5575 3990 236
4619 5727 236
5378 4763 210
9307 7709 260
2625 7331 262
8537 3477 262
9470 4174 262
4878 7368 262
2646 2706 160
1917 5276 238
4840 5573 236
4565 7169 262
4222 1981 238
8527 8126 234
5272 6633 262
4326 9286 262
2003 6902 262
2976 2686 217
5754 5562 236
7855 9900 260
8252 8094 190
8625 8011 234
1338 4395 238
4588 5830 236
3018 2057 217
3901 9732 262
8998 4629 262
7189 9718 260
3807 8498 262
3037 5752 238
4511 6347 262
2147 6618 262
6238 8510 257
7996 4351 262
2809 7073 262
1250 3975 238
9559 5115 262
7855 1836 262
7695 4543 262
5938 2250 238
7483 9258 260
6171 8200 262
2782 6280 262
5450 3652 238
6900 1566 262
4422 5641 236
8015 7790 252
2516 6831 262
4345 9866 262
6995 8155 252
4630 3390 238
7278 8893 252
8480 7303 252
1399 8063 262
1259 7140 262
4398 4188 215
4052 4730 215
7354 8454 252
8291 7957 252
2895 1318 209
3646 1591 217
5066 9113 262
4236 1592 238
7979 1556 262
6852 5984 262
4262 3731 202
1035 2853 209
1884 1953 175
2245 5403 238
9260 9531 198
3621 4687 238
8656 4930 262
4294 4075 202
3907 8987 262
7993 9660 260
2106 5021 238
6265 5932 262
4074 6418 262
3060 9260 262
8309 4348 262
3881 2907 238
6123 6838 262
5351 5276 192
3188 4531 238
5920 7881 262
4989 8874 262
9578 5148 262
6930 9663 260
6016 1901 238
3854 1353 238
1191 9020 262
6630 1803 262
1496 1743 180
1247 6180 262
1510 9964 262
5800 7810 262
6871 6773 182
6120 2594 238
6816 3480 262
3804 5095 215
2318 5747 238
4918 1806 238
7010 4394 262
2892 9647 262
9475 6657 260
6955 4073 262
5198 6069 236
1166 9047 262
3433 9041 262
6810 2284 262
5069 1388 238
9666 1517 262
2769 9328 262
9753 1996 262
5895 3715 236
7542 4769 262
9335 8345 260
9424 3351 262
2805 3733 238
8933 3832 262
4029 1453 238
3628 6072 238
4686 7930 262
7659 1871 262
4346 3244 238
9453 5888 262
1325 4642 238
3090 3742 238
7692 2197 262
4192 8127 262
9529 3915 262
8657 9876 260
7061 2371 262
4110 1984 238
4544 7758 262
5197 7194 262
6961 5047 262
3957 2538 238
4815 9003 262
3010 4918 238
6495 6948 257
7743 5245 262
5931 6243 262
1552 6039 238
9614 7357 260
7004 6358 257
3388 7131 262
3432 3544 181
1883 7231 262
4145 3617 238
6775 6325 244
9064 2411 262
1179 7044 262
1222 5215 238
18381 17116 279
91037 54939 351
14307 92103 351
20991 45889 324
45208 36111 314
36350 65956 340
74222 37952 340
57561 30511 340
10726 40521 324
25466 90839 351
68460 47733 340
27895 50957 324
49139 16906 324
85027 75283 351
58859 98312 351
79996 68269 351
88578 51953 351
63279 84420 351
52147 13088 324
17579 82199 351
23599 60898 340
96573 35061 351
13678 43216 324
46133 48535 314
51409 63974 340
52857 55749 322
89704 80742 333
75254 42796 340
91069 13006 351
60957 52365 340
58879 72387 335
51840 34243 324
46672 18126 324
93706 89913 333
16397 86565 351
96174 91467 328
71873 69873 325
88061 63169 351
74545 92200 351
40980 48271 314
17541 57091 340
92452 31845 351
56698 10798 340
62065 14480 340
32044 59362 340
14616 38497 324
52480 90886 351
89046 79617 333
91682 67707 351
34849 32412 311
19409 31090 308
10131 42037 324
81059 44288 351
26960 95912 351
69416 10788 340
57618 59977 304
89018 14079 351
72979 35439 340
82622 83693 320
80723 51209 351
61454 72442 330
94946 62190 351
98112 42854 351
36617 17544 324
74062 34994 340
29144 55691 340
90493 44604 351
61061 25043 340
25093 36413 324
77256 99772 338
16082 77923 351
59369 35601 340
53888 74432 335
79734 15766 351
70905 22856 340
13333 35871 324
84862 28310 351
34398 63538 340
13156 65603 340
50908 13990 324
40059 25273 324
10643 95387 351
92687 37501 351
80398 48825 351
25831 89716 351
65704 88479 351
24617 57575 340
73320 84055 351
36415 95199 351
68098 53801 335
55959 94428 351
74579 61720 330
18115 50550 324
71692 45390 340
90502 39358 351
54037 61610 335
28081 68889 340
71108 19871 340
75699 16560 340
73567 75201 325
19215 15619 279
45545 26845 324
25135 68133 340
12126 32977 308
73363 98169 351
47835 92469 351
51188 67077 340
40302 91069 351
20625 27368 308
14689 16371 271
43483 26484 324
63983 42843 340
13025 23746 282
82161 78137 338
28079 40135 324
25355 11939 282
76733 15934 340
68598 35374 340
51727 24925 324
82379 39098 351
81777 44842 351
49361 15864 324
62034 31089 340
28960 46416 324
65487 53280 335
32893 81828 351
97349 28758 351
70047 50134 340
94135 99278 328
63193 78159 351
33836 51856 324
60069 73624 335
89679 69184 351
90858 99936 333
48291 53106 340
81424 42464 351
92735 64600 351
87104 14731 351
98599 15305 351
25654 19650 282
10797 52708 340
54183 15639 340
20236 27941 308
44976 11438 324
43954 21728 324
43265 50411 314
57032 14484 340
30349 17126 308
11561 46499 324
99625 81698 333
99253 81875 333
38345 52410 314
45607 90744 351
88860 11307 351
81565 88698 333
45573 73626 340
45553 70032 340
58585 93447 351
19518 78100 351
21618 98813 351
16976 72933 340
24926 75362 340
29997 47021 324
39286 75503 340
45598 15776 324
25374 43332 324
57885 10459 340
31898 71614 340
45457 70155 340
66201 99752 351
87958 26062 351
18849 44269 324
67790 17518 340
30378 87547 351
33884 57562 340
73192 73876 294
73390 86046 351
53026 20641 340
30931 22581 308
62680 32128 340
63276 41037 340
35536 51347 324
49883 45841 314
61203 88820 351
13718 11193 276
68630 45968 340
18795 96724 351
32329 19657 308
42859 16044 324
29422 24180 308
70475 33174 340
22643 10703 279
14427 39066 324
60875 96837 351
16741 70333 340
38225 78088 351
85638 69707 351
60351 15856 340
99722 30685 351
62122 80684 351
125090 592495 470
833927 245396 509
168456 560547 470
237482 126024 443
711482 700738 504
883103 134370 525
545432 827927 509
624678 781444 509
724626 484300 509
277422 982113 525
241452 667394 509
139361 544613 470
879262 969725 507
954566 725840 525
255964 246694 363
171112 473061 449
507067 998182 525
630550 378932 509
973763 451313 525
583595 412326 470
338630 798974 509
290983 840743 525
995750 411344 525
321409 267262 407
278143 523208 470
828417 276911 509
563479 249151 470
168739 755004 509
505928 384932 449
810475 199938 509
940280 903948 507
341088 357586 441
198095 962829 525
733215 723906 380
405587 970448 525
609350 762288 509
443157 471849 444
485384 658949 509
889240 658471 525
732780 660218 504
197581 695356 509
316559 946047 525
475661 594972 470
399812 316584 441
255883 534193 470
809560 445754 509
215848 542292 470
721706 990944 525
173145 490818 449
519721 187428 470
703864 306522 509
890495 260845 525
732280 375041 509
467917 673815 509
223677 650943 509
142551 539437 470
384842 846469 525
654417 858827 525
212928 687982 509
289895 101095 443
551204 587605 434
473008 510551 426
470669 435365 444
320608 243980 407
962085 677458 525
326478 720567 509
221816 209462 386
979506 893470 507
800324 320541 509
760754 784904 468
927025 825191 525
901316 759536 525
959522 786114 525
738256 294983 509
116070 465153 449
146280 920624 525
940035 227810 525
805061 350307 509
130726 390360 443
166674 697654 509
542005 633507 509
508925 266992 449
612499 480234 470
390998 756319 509
654979 983985 525
159654 769935 509
376673 460008 449
193692 942122 525
307487 519976 470
309627 212806 443
705635 737725 424
473744 853046 525
866155 568462 525
831432 678825 504
726135 174193 509
633380 592624 509
958916 747591 525
285182 805459 509
172687 370199 443
878110 141148 525
993054 862887 507
188743 569454 470
472424 475530 382
694178 429356 509
480164 968346 525
491011 178526 449
954416 395637 525
947139 145974 525
491395 909883 525
730421 972000 525
928740 763740 525
530514 305888 470
416419 175709 449
424161 936171 525
272951 978808 525
317422 535351 470
589509 431258 470
165113 782507 509
975125 688772 525
862254 154534 525
622188 757790 509
888913 488924 525
269291 337308 407
511431 280148 449
650455 408649 509
838633 498770 525
194767 549723 470
135585 562256 470
800624 212601 509
236980 627402 509
980490 557638 525
267135 479067 449
915882 504781 525
184496 293154 443
913686 197906 525
286162 128978 443
348996 680930 509
298424 204188 443
470875 383580 449
279319 189348 443
793360 785006 437
479188 914366 525
956735 274373 525
628228 206308 509
987882 853098 507
398898 811469 509
190088 558410 470
272673 301524 389
320053 666906 509
681478 465694 509
933734 475320 525
910361 643760 525
683441 337582 509
144345 353666 443
614568 950859 525
645018 838817 525
111179 588451 470
995538 746504 525
744671 885312 525
223176 216056 386
960765 316940 525
468434 976494 525
907594 986808 507
476027 573359 470
229116 906571 525
945289 203486 525
459337 963586 525
531843 595212 452
548717 314275 470
217697 419863 449
532475 383124 470
796905 267008 509
547163 931117 525
280924 268757 407
963079 974808 458
322209 471117 449
966355 913924 507
472011 360428 449
336453 535905 470
746266 531018 509
415051 841416 525
565723 974815 525
243917 422641 449
119502 109426 349
181319 545804 470
231710 826887 509
937599 484587 525
697146 786387 504
429430 815697 509
464158 136794 449
902994 948491 507
288679 303609 371
614614 629148 509
545619 845902 525
609512 167517 470
472463 509707 426
433628 594905 470
250341 125522 443
923446 944273 507
617333 629785 509
