1 10 20
100 200 125
201 210 89
900 1000 174
34 162 122
77 194 125
32 172 125
2 168 122
63 159 122
35 227 125
105 195 125
53 125 119
96 149 122
17 152 122
14 134 122
97 189 125
66 199 125
70 147 122
69 147 122
114 152 122
36 178 125
90 165 122
42 162 122
71 205 125
117 142 122
75 164 122
124 163 122
7 199 125
92 212 125
48 130 122
2 129 122
37 182 125
123 238 128
6 128 119
122 208 125
13 177 125
20 146 122
35 194 125
25 220 125
102 140 122
38 126 119
10 238 128
13 137 122
52 243 128
58 210 125
61 236 128
61 230 125
20 202 125
12 197 125
47 195 125
25 218 125
69 176 125
84 226 125
8 198 125
12 236 128
56 249 128
54 175 125
94 197 125
26 166 122
10 128 119
120 185 125
86 160 122
116 166 122
28 171 125
115 215 125
102 200 125
104 138 122
70 225 125
120 133 122
81 150 122
5 132 122
82 225 125
123 244 128
110 149 122
60 208 125
3 137 122
13 240 128
53 242 128
93 167 122
106 232 128
43 138 122
85 191 125
17 186 125
84 195 125
36 215 125
87 159 122
87 216 125
115 175 125
44 185 125
122 234 128
62 211 125
115 194 125
56 136 122
37 230 125
53 127 119
15 201 125
65 168 122
70 211 125
72 192 125
53 168 122
41 200 125
4 226 125
16 142 122
60 193 125
16 184 125
3 210 125
14 160 122
56 173 125
92 216 125
45 129 122
125 190 125
27 177 125
119 130 122
2 207 125
43 191 125
104 141 122
8 189 125
29 242 128
5 205 125
79 146 122
109 209 125
13 185 125
18 221 125
55 197 125
92 168 122
114 231 128
99 156 122
52 178 125
20 155 122
14 143 122
94 250 128
26 158 122
119 188 125
76 212 125
72 225 125
45 147 122
39 232 128
50 162 122
66 143 122
4 242 128
3 227 125
64 208 125
29 148 122
83 197 125
77 192 125
49 212 125
24 216 125
89 184 125
77 139 122
14 241 128
104 231 128
34 185 125
120 143 122
114 176 125
48 223 125
95 128 119
96 191 125
51 199 125
105 186 125
17 174 125
8 218 125
19 241 128
96 169 122
11 189 125
50 158 122
100 183 125
30 146 122
124 161 122
113 245 128
4 125 119
88 191 125
9 175 125
1 196 125
36 219 125
4 207 125
46 208 125
101 235 128
25 197 125
53 243 128
12 202 125
80 208 125
70 192 125
125 249 128
21 229 125
108 125 114
27 218 125
76 210 125
34 189 125
98 161 122
105 132 122
58 141 122
87 193 125
12 242 128
118 156 122
81 126 119
33 224 125
11 126 119
102 233 128
22 135 122
44 234 128
25 186 125
21 127 119
19 219 125
70 242 128
76 153 122
8 166 122
112 233 128
88 246 128
23 195 125
68 226 125
103 180 125
46 186 125
19 155 122
45 182 125
105 224 125
64 201 125
103 247 128
89 126 119
91 149 122
53 164 122
97 245 128
67 145 122
34 163 122
45 136 122
104 169 122
76 135 122
16 185 125
48 147 122
11 225 125
81 231 128
45 246 128
105 165 122
4 228 125
54 182 125
45 180 125
93 168 122
76 180 125
35 126 119
48 233 128
74 217 125
42 169 122
52 232 128
103 151 122
117 154 122
27 144 122
47 200 125
58 160 122
52 198 125
30 233 128
103 200 125
124 233 128
35 209 125
25 190 125
107 176 125
65 553 144
111 855 171
39 757 171
62 619 144
198 679 145
22 842 171
164 879 179
43 769 171
481 914 179
295 515 144
216 581 144
130 826 171
85 994 179
328 721 171
156 852 171
48 599 144
425 593 142
70 703 171
53 837 171
467 963 179
51 796 171
339 828 171
97 998 179
466 822 171
332 864 171
389 570 142
426 690 145
76 629 144
430 730 171
357 765 171
359 573 142
447 589 142
232 916 179
359 832 171
447 690 145
437 897 179
424 906 179
129 937 179
244 752 171
250 540 144
257 922 179
256 890 179
104 543 144
299 934 179
236 631 144
420 736 171
19 660 145
62 852 171
429 929 179
133 543 144
298 721 171
209 996 179
341 675 145
366 971 179
275 948 179
243 886 179
311 918 179
429 768 171
340 790 171
277 558 144
438 942 179
120 642 144
41 980 179
262 781 171
71 916 179
38 670 145
154 617 144
275 560 144
331 944 179
88 680 145
312 874 179
222 579 144
25 750 171
434 703 171
283 976 179
257 845 171
415 657 145
492 928 179
93 732 171
367 773 171
373 615 142
16 947 179
86 577 144
314 593 144
303 903 179
394 886 179
51 548 144
481 619 142
360 868 171
358 615 142
198 611 144
28 509 144
59 591 144
25 516 144
470 618 142
43 567 144
394 610 142
151 599 144
338 624 142
154 778 171
474 867 171
270 972 179
147 748 171
81 562 144
344 521 142
236 918 179
143 551 144
34 996 179
371 855 171
61 503 144
204 840 171
479 629 142
280 585 144
395 988 179
445 568 142
91 708 171
298 569 144
366 951 179
219 928 179
474 749 171
23 749 171
273 534 144
362 745 171
176 942 179
65 751 171
70 597 144
284 900 179
475 508 142
172 785 171
116 649 145
115 744 171
108 974 179
274 791 171
383 875 179
307 902 179
270 893 179
352 574 142
340 783 171
497 968 179
140 981 179
342 865 171
476 897 179
479 511 142
4 623 144
10 550 144
282 636 144
469 846 171
143 801 171
205 889 179
37 659 145
38 831 171
123 665 145
499 780 171
188 913 179
156 755 171
64 673 145
283 657 145
54 503 144
494 556 137
276 966 179
125 569 144
1 503 144
341 568 142
399 515 142
324 895 179
379 842 171
34 679 145
439 741 171
266 763 171
7 903 179
352 584 142
133 546 144
32 525 144
18 513 144
99 656 145
113 536 144
241 640 144
162 671 145
210 880 179
3 592 144
300 768 171
45 819 171
446 901 179
310 567 144
466 823 171
228 772 171
109 589 144
199 598 144
309 643 144
132 927 179
416 851 171
47 859 171
252 921 179
83 932 179
334 883 179
325 955 179
35 936 179
356 711 171
330 801 171
3623 8719 262
403 12070 268
3604 13583 276
5017 14139 276
860 7832 262
6874 13466 276
5804 10232 262
4956 8910 262
167 11229 268
3203 14548 276
6445 8387 257
5414 13336 276
2561 12181 268
1163 13671 276
3972 14826 276
642 11777 268
3826 13244 268
3758 11724 268
4703 11209 268
4878 10807 262
3653 9580 262
3780 14682 276
5005 8055 262
7003 11097 268
1368 10312 262
7271 10174 260
5851 7887 262
2150 13029 268
1018 11687 268
2309 8559 262
2221 10443 262
3573 7801 262
5426 11067 268
3324 9992 262
4395 11784 268
599 10336 262
1188 13107 268
4270 9728 262
6404 14034 276
3240 14675 276
3440 9754 262
5685 10337 262
7200 14278 276
2754 10428 262
7376 8786 252
6487 8439 257
5000 10058 262
6360 9304 260
2780 11090 268
3287 13755 276
411 10300 262
2692 7900 262
2086 7750 262
6996 12945 268
1002 11916 268
1608 7699 262
3454 12729 268
6694 9904 260
4979 12218 268
2928 7832 262
4337 10490 262
6130 10218 262
2795 10881 262
2938 14567 276
6102 11714 268
6792 12152 268
374 13925 276
489 11835 268
1376 12577 268
5417 8504 262
3783 9672 262
2211 8762 262
5652 11440 268
1763 9916 262
102 11335 268
6371 7853 257
5351 10636 262
3849 10944 262
2547 9841 262
1734 11576 268
4822 7725 262
814 13113 268
4221 8630 262
1391 13773 276
717 7779 262
7129 13040 268
504 11711 268
6862 9987 260
6478 8066 257
6769 9479 260
4441 9834 262
3097 11341 268
5285 14815 276
3425 14588 276
1707 8506 262
4397 7565 262
2572 10653 262
5234 10616 262
3835 8744 262
7129 13731 276
7657 17427 276
1549 10576 262
9155 13220 268
1408 14148 276
9801 10529 255
3288 16658 276
6989 12956 268
8528 13994 276
1390 11066 268
9584 15125 276
4157 13283 276
5067 17197 276
9104 17157 276
5179 17899 279
9978 14482 276
9877 16373 276
3868 17451 276
8026 10634 260
6616 12447 268
4953 13270 276
6001 10907 262
2396 13714 276
9531 13992 276
6799 11694 268
3092 12010 268
7417 10838 260
2018 16022 276
4559 12012 268
7360 14710 276
3289 18618 279
9779 13699 276
2879 19468 279
5839 19992 279
1367 15628 276
1572 18164 279
9582 14805 276
5214 15789 276
5123 16640 276
5076 19640 279
5551 12003 268
1233 12302 268
8927 13664 276
7626 16881 276
9224 15364 276
7514 13680 276
7755 19105 279
9200 16872 276
3508 19880 279
3148 19565 279
5720 12859 268
3920 14731 276
8764 11352 268
9763 17646 276
6053 14823 276
8158 16258 276
4674 17914 279
1991 11454 268
2852 13582 276
8792 14435 276
1922 10932 262
7697 12743 268
6257 14859 276
1527 13675 276
6779 10594 260
4911 12643 268
1290 18400 279
9355 19613 279
7610 10218 260
5763 19653 279
4489 14153 276
9689 10416 255
6660 15751 276
2465 19657 279
7095 15148 276
4778 15386 276
4025 15877 276
5774 17994 279
8901 18029 279
6257 11381 268
5325 14769 276
4860 14757 276
6055 17587 276
6047 14146 276
6824 12566 268
5931 13827 276
6411 19397 279
2084 19848 279
6446 18630 279
6429 10653 260
9058 17532 276
7306 17142 276
9192 18567 279
3907 17070 276
3747 12520 268
9025 17145 276
1083 13706 276
6489 19645 279
6078 13019 268
4152 12416 268
9206 16355 276
6293 12957 268
2141 16370 276
9873 16945 276
9053 17827 279
9099 16840 276
7058 10105 260
8420 15446 276
4343 12221 268
6702 10736 260
9047 19316 279
8363 16705 276
4868 10424 262
1446 13667 276
6053 13573 276
9317 11923 268
4398 14412 276
3986 11251 268
2107 18334 279
1085 15670 276
6097 13615 276
1707 16565 276
1340 10473 262
5574 11806 268
5954 11533 268
7921 12054 268
7228 16932 276
4143 15913 276
3199 12283 268
9730 18419 279
9557 19200 279
8735 18430 279
2229 15215 276
2816 19216 279
5855 16308 276
1295 11723 268
7969 19416 279
4899 14391 276
7515 16814 276
6692 13838 276
5692 14280 276
4389 17914 279
4295 17893 279
9669 12861 268
8062 18907 279
7863 10777 260
6876 19215 279
8646 17552 276
7821 16543 276
9979 17745 279
6219 12795 268
3762 990 238
8592 904 262
9716 588 262
7261 481 262
6348 92 262
3802 346 238
2798 192 209
4668 315 238
2018 986 182
6299 417 262
4105 847 238
9062 340 262
5810 479 238
6564 242 262
6717 652 262
8540 663 262
3936 625 238
5500 144 238
6631 358 262
3214 14 217
3748 315 238
7498 220 262
4184 411 238
5887 108 238
5435 184 238
7863 780 262
6550 464 262
2607 654 209
3180 240 217
7175 33 262
2982 450 217
9216 664 262
8150 260 262
6877 855 262
5558 579 238
4573 976 238
6593 598 262
5199 997 238
4038 693 238
5965 911 238
3883 157 238
9603 868 262
8997 42 262
9219 638 262
5940 39 238
4256 621 238
5625 159 238
1842 16 182
3769 676 238
3226 647 217
5538 448 238
3369 621 217
5415 372 238
7361 16 262
5166 933 238
3398 844 217
9057 252 262
4422 747 238
8512 364 262
9086 604 262
9388 173 262
6737 263 262
8445 825 262
9228 94 262
3310 343 217
6048 600 238
8102 909 262
5583 83 238
8355 321 262
9831 695 262
8503 530 262
8611 222 262
9288 361 262
5989 536 238
9768 330 262
6427 833 262
5192 472 238
6447 141 262
5039 250 238
9546 975 262
4812 672 238
6522 850 262
8189 530 262
1552 426 182
3472 391 217
2982 206 217
5421 520 238
4327 838 238
9411 123 262
6003 495 238
5655 483 238
6429 467 262
3363 190 217
1764 60 182
5246 1 238
7611 855 262
5456 371 238
7087 762 262
3370 316 217
1721 230 182
6602 264 262
9858 579 262
5902 10 238
7325 669 262
9104 900 262
1594 66 182
9579 23 262
5632 386 238
7573 720 262
5041 15 238
3751 31 238
6669 297 262
1482 981 182
8234 157 262
3965 649 238
6764 17 262
3784 919 238
6463 530 262
1035 743 179
8080 669 262
7578 506 262
2290 275 183
6516 542 262
4955 189 238
8949 45 262
7277 429 262
1387 103 182
7631 758 262
5287 400 238
6746 736 262
6646 708 262
7358 29 262
4503 37 238
1519 613 182
3802 3 238
9833 885 262
4845 154 238
7750 601 262
9452 617 262
7084 361 262
2546 243 209
6912 611 262
4548 178 238
7055 950 262
4436 246 238
7777 361 262
7594 774 262
3377 334 217
7303 987 262
1966 134 182
6868 961 262
8764 496 262
6043 117 238
5087 720 238
6663 778 262
3975 334 238
3365 919 217
2697 86 209
3686 670 217
6552 850 262
7105 994 262
6363 471 262
4269 876 238
8127 135 262
6829 600 262
2348 793 183
3575 921 217
9392 72 262
6981 211 262
1970 396 182
8631 665 262
1541 528 182
9480 361 262
5583 502 238
5497 872 238
4908 417 238
2802 383 209
8027 859 262
7408 730 262
5614 323 238
2876 304 209
7694 58 262
4626 261 238
8080 212 262
4066 512 238
6727 317 262
7080 648 262
8467 312 262
9731 707 262
6731 903 262
9692 736 262
8370 984 262
7518 869 262
5563 441 238
6743 145 262
2986 65 217
5799 134 238
5782 299 238
2750 791 209
2371 26 183
209410 880824 525
457548 796323 509
177224 697910 509
124963 614081 470
30754 952830 525
445221 750980 509
441401 567867 470
375505 701278 509
290493 972923 525
183797 636236 509
149959 886007 525
364510 512821 470
292119 650456 509
232522 944874 525
249345 779157 509
303159 905427 525
455952 922816 525
115678 909893 525
269908 702346 509
484483 547778 470
141549 987253 525
6498 655773 509
385657 717890 509
135045 723232 509
270113 677070 509
294142 648116 509
105198 769813 509
416560 582804 470
79244 728005 509
482071 711846 509
67046 643549 509
451625 957460 525
226605 836553 509
146025 588642 470
289117 990392 525
273690 960263 525
494249 800388 509
325032 762516 509
141866 563788 470
495623 503319 426
223429 697951 509
426162 816498 509
59745 810955 509
19912 802636 509
397113 648618 509
421288 979446 525
198530 959521 525
268839 757291 509
105030 560466 470
92787 569304 470
626715 626715 111
287260 287260 97
656004 656004 173
317269 317269 141
955135 955135 127
208682 208682 187
862293 862293 145
369322 369322 56
116108 116108 75
377384 377384 105
98972 98972 147
337166 337166 198
591810 591810 121
866380 866380 70
787991 787991 88
805514 805514 119
686938 686938 54
717034 717034 75
700011 700011 106
137680 137680 114
449278 449278 87
84356 84356 46
689433 689433 212
208739 208739 50
77855 77855 131
16178 16178 28
675318 675318 93
585474 585474 191
466471 466471 126
825415 825415 145
107731 107731 54
286221 286221 128
231448 231448 169
209003 209003 205
899285 899285 65
851111 851111 127
291972 291972 146
171521 171521 272
111720 111720 155
772799 772799 163
73734 73734 95
842337 842337 220
492636 492636 64
266923 266923 120
25802 25802 65
681062 681062 62
847036 847036 57
664163 664163 261
782954 782954 132
207979 207979 174
