844 943 179
296 502 144
688 589 145
354 860 171
734 713 140
784 269 171
457 362 134
956 724 179
601 704 171
975 118 179
411 799 171
272 190 128
201 550 144
172 7 125
376 3 144
685 133 145
131 118 122
850 784 135
795 189 171
703 169 171
87 461 144
444 416 134
189 527 144
179 6 125
111 790 171
505 882 179
549 875 179
921 46 179
376 109 144
588 298 144
995 144 179
551 753 171
417 161 144
777 433 171
296 87 128
555 244 144
856 259 171
609 339 142
515 259 144
731 694 171
415 229 144
31 194 125
121 996 179
129 200 125
878 810 179
179 694 145
601 755 171
338 806 171
135 254 128
749 318 171
952 431 179
899 536 179
503 302 144
854 585 171
85 369 144
547 752 171
267 939 179
97 873 179
26 179 125
691 404 145
25 282 128
684 234 145
292 620 144
616 416 142
921 422 179
519 793 171
888 715 179
456 420 116
593 48 144
708 587 171
213 88 125
116 849 171
579 39 144
125 809 171
835 211 171
908 339 179
849 509 171
391 756 171
23 709 171
165 337 144
399 446 134
597 424 142
79 295 128
981 419 179
182 93 125
141 138 42
193 505 144
981 537 179
514 150 144
147 583 144
135 531 144
232 998 179
662 492 145
632 185 144
42 116 119
620 719 171
880 329 179
639 556 132
927 69 179
275 218 128
160 366 144
924 804 179
194 801 171
111 805 171
911 327 179
117 879 179
696 240 145
851 186 171
476 756 171
106 476 144
988 811 179
307 748 171
152 56 122
820 958 179
313 60 131
10 852 171
358 819 171
134 319 131
1 799 171
421 794 171
80 878 179
985 799 179
928 332 179
622 308 144
616 575 132
831 96 171
882 983 174
314 107 131
773 731 153
337 515 142
230 21 125
227 975 179
222 733 171
988 637 179
792 823 135
754 952 179
904 175 179
291 656 145
511 808 171
127 524 144
930 856 179
984 212 179
789 719 153
565 215 144
710 785 153
819 168 171
352 890 179
772 299 171
351 935 179
324 514 144
221 252 128
760 961 179
917 631 179
356 337 126
116 892 179
240 607 144
589 559 119
267 351 144
642 372 142
45 150 122
495 872 179
489 17 144
51 928 179
877 367 179
192 331 144
725 968 179
711 132 171
786 329 171
105 725 171
352 412 134
483 417 129
487 127 144
543 45 144
963 873 174
135 94 122
45 697 145
504 949 179
638 384 142
690 254 145
92 389 144
476 444 129
379 402 121
202 878 179
21 97 119
44 899 179
282 662 145
169 794 171
662 699 145
516 287 144
246 642 144
523 58 144
293 211 128
695 855 171
570 103 144
185 909 179
173 657 145
184 135 125
712 301 171
155 452 144
307 521 144
742 586 171
777 646 171
768 258 171
310 213 128
856 74 171
24 139 122
528 37 144
49 318 131
560 312 144
547 697 145
223 545 144
769 70 171
388 238 144
595 906 179
881 291 179
528 325 144
764 824 153
831 813 135
676 101 145
132 344 144
479 916 179
849 227 171
222 67 125
691 469 145
163 779 171
59 535 144
587 746 171
36 818 171
480 560 142
983 928 174
731 358 171
231 623 144
503 718 171
108 517 144
849 865 148
492 811 171
866 381 171
716 269 171
16 61 113
918 580 179
783 259 171
33 601 144
937 321 179
61 285 128
19 801 171
8 230 125
893 1 179
603 965 179
641 907 179
587 625 132
575 526 137
836 65 171
404 710 171
766 390 171
919 287 179
75 623 144
12 316 131
845 283 171
447 718 171
145 27 122
980 965 143
922 645 179
245 472 144
571 116 144
274 865 171
262 407 144
956 88 179
247 414 144
285 751 171
116 881 179
535 621 137
537 331 142
578 1 144
778 467 171
330 2 144
549 4 144
819 334 171
835 171 171
372 749 171
184 536 144
172 768 171
3 271 128
644 45 144
878 277 179
982 126 179
280 721 171
104 206 125
899 380 179
235 10 128
436 132 144
900 555 179
380 388 121
631 575 132
567 8 144
331 700 145
592 778 171
14 243 128
246 31 128
571 527 137
611 160 144
440 797 171
3 396 144
344 729 171
75 800 171
820 814 135
842 257 171
665 184 145
231 811 171
806 614 171
619 768 171
63 215 125
427 775 171
785 395 171
430 856 171
170 953 179
302 481 144
782 527 171
230 837 171
93 69 116
300 56 128
573 672 145
359 195 144
308 51 128
691 190 145
458 571 142
827 943 179
790 954 179
578 75 144
879 586 179
995 219 179
757 984 179
347 976 179
851 139 171
276 341 144
765 822 153
724 257 171
794 403 171
857 369 171
118 352 144
277 355 144
177 834 171
323 607 144
97 905 179
852 982 179
999 610 179
464 154 144
163 191 125
538 330 142
742 739 47
69 419 144
286 24 128
904 176 179
93 773 171
578 898 179
658 616 145
260 628 144
992 173 179
10 748 171
7 320 131
595 688 145
772 145 171
330 405 126
228 954 179
300 273 118
384 893 179
666 726 171
48 487 144
515 703 171
437 804 171
781 483 171
48 673 145
488 966 179
652 993 179
648 595 132
830 110 171
35 61 113
622 45 144
791 955 179
933 842 179
132 385 144
827 24 171
384 259 144
14 398 144
814 799 135
678 317 145
852 561 171
841 257 171
422 583 142
173 556 144
153 128 122
781 638 171
548 590 137
432 550 142
804 120 171
325 641 144
188 401 144
288 371 144
655 69 145
449 845 171
302 129 128
758 71 171
546 235 144
840 540 171
692 479 145
256 910 179
942 300 179
213 789 171
305 899 179
800 863 148
834 687 171
241 376 144
656 796 171
802 592 171
385 788 171
435 676 145
574 266 144
951 944 37
239 974 179
61 135 122
693 513 145
624 204 144
802 485 171
718 926 179
220 627 144
258 441 144
28 882 179
581 848 171
677 292 145
979 639 179
93 413 144
756 239 171
600 742 171
695 116 145
620 509 137
669 972 179
32 102 119
557 528 137
101 293 128
501 571 137
975 782 179
465 406 134
432 770 171
177 932 179
651 610 145
29 68 113
16 521 144
561 443 142
605 29 144
123 386 144
616 691 145
448 280 144
579 141 144
253 181 128
772 687 171
95 549 144
722 192 171
627 193 144
913 510 179
553 616 132
370 658 145
449 435 116
621 393 142
826 963 179
460 680 145
514 212 144
935 475 179
554 707 171
464 376 134
957 465 179
159 376 144
611 26 144
981 981 1
865 815 148
141 995 179
547 197 144
828 492 171
395 633 142
340 342 126
672 429 145
655 55 145
857 270 171
594 20 144
663 897 179
727 194 171
428 177 144
536 667 145
665 280 145
178 64 125
76 562 144
52 277 128
675 546 145
261 972 179
354 271 144
285 665 145
727 228 171
364 761 171
29 265 128
268 773 171
38 921 179
394 973 179
850 610 171
276 870 171
108 627 144
736 451 171
84 391 144
186 596 144
968 930 174
532 326 144
954 417 179
786 460 171
657 561 145
339 488 142
744 838 153
329 927 179
169 990 179
513 450 142
450 431 116
433 947 179
345 368 126
235 60 128
704 622 171
400 145 144
807 253 171
540 620 137
628 746 171
200 304 128
749 768 153
390 258 144
28 80 116
277 667 145
390 148 144
288 369 144
994 557 179
563 394 142
840 584 171
214 685 145
458 180 144
155 962 179
536 933 179
764 205 171
930 795 179
455 353 134
779 506 171
968 671 179
928 896 130
848 516 171
668 849 171
759 568 171
915 692 179
737 113 171
662 726 171
468 196 144
856 1 171
978 374 179
874 520 179
988 664 179
479 662 145
853 658 171
518 494 124
702 181 145
816 101 171
405 200 144
830 991 179
924 253 179
215 153 125
218 599 144
385 341 126
955 809 179
664 783 171
312 265 118
191 756 171
840 536 171
185 761 171
751 695 171
779 28 171
89 857 171
760 929 179
124 179 125
777 820 135
924 642 179
482 364 134
55 880 179
746 4 171
434 68 144
71 258 128
106 518 144
818 567 171
284 744 171
738 657 171
177 766 171
221 268 128
490 684 145
257 181 128
332 618 142
259 953 179
956 106 179
615 558 132
875 159 179
397 179 144
304 797 171
325 825 171
492 108 144
535 102 144
572 732 171
493 113 144
200 769 171
60 197 125
95 126 119
470 280 144
530 464 142
504 846 171
98 564 144
38 176 125
505 108 144
782 21 171
687 523 145
76 731 171
771 626 171
20 457 144
122 770 171
296 472 144
47 737 171
3 350 144
579 759 171
613 290 144
782 590 171
29 257 128
57 860 171
909 333 179
309 804 171
720 730 96
764 542 171
19 119 119
981 241 179
715 132 171
228 730 171
996 448 179
245 453 144
974 74 179
44 769 171
493 300 144
963 300 179
586 191 144
121 129 122
304 588 144
710 961 179
288 239 123
908 272 179
22 47 112
484 394 134
979 486 179
171 410 144
660 863 171
784 837 135
300 218 128
256 765 171
100 872 179
558 633 132
649 217 145
990 477 179
45 126 119
19 332 144
754 617 171
416 861 171
730 44 171
267 129 128
687 334 145
411 269 144
882 232 179
772 575 171
249 810 171
440 43 144
483 582 142
577 681 145
592 879 179
421 744 171
585 9 144
194 387 144
268 898 179
11 267 128
792 316 171
53 705 171
789 945 179
974 521 179
815 344 171
208 787 171
321 710 171
841 511 171
456 727 171
326 729 171
44 795 171
60 960 179
376 928 179
295 154 128
210 686 145
297 554 144
904 643 179
706 861 153
966 726 179
24 401 144
58 455 144
314 357 144
767 706 153
388 295 144
44 113 119
735 595 171
657 306 145
576 474 142
441 968 179
259 970 179
734 306 171
553 770 171
889 782 179
333 338 113
243 184 128
223 342 144
786 710 153
831 741 153
558 511 137
449 784 171
281 5 128
674 209 145
317 698 145
102 51 119
485 539 142
389 964 179
584 463 142
901 402 179
328 872 179
778 249 171
222 154 125
798 804 73
187 118 125
655 845 171
967 358 179
168 290 128
21 932 179
901 730 179
585 42 144
276 660 145
313 666 145
847 268 171
766 178 171
747 628 171
760 349 171
43 829 171
455 636 142
946 720 179
531 611 137
644 417 142
122 227 125
107 727 171
256 998 179
490 108 144
544 620 137
259 972 179
461 931 179
77 425 144
258 712 171
797 147 171
784 235 171
312 571 144
572 620 132
651 199 145
223 456 144
744 824 153
957 900 174
124 913 179
21 337 144
772 486 171
673 357 145
36 512 144
445 119 144
224 305 128
992 647 179
869 179 171
931 861 179
86 80 111
803 189 171
603 57 144
788 961 179
693 839 171
89 798 171
999 828 179
302 306 43
394 675 145
207 647 144
920 163 179
498 258 144
513 777 171
886 723 179
724 32 171
500 995 179
786 501 171
443 240 144
74 758 171
984 997 112
815 361 171
215 908 179
432 2 144
12 623 144
703 699 171
617 158 144
909 954 174
970 535 179
865 778 148
657 997 179
48 808 171
584 305 144
57 180 125
948 69 179
913 729 179
397 407 121
48 498 144
733 139 171
871 855 179
206 765 171
214 952 179
241 736 171
445 298 144
433 777 171
561 517 137
734 295 171
684 266 145
199 388 144
444 822 171
859 926 179
941 464 179
444 936 179
196 279 128
929 284 179
774 539 171
806 601 171
4 324 131
757 370 171
562 553 88
675 535 145
21 5 21
719 936 179
511 351 142
474 255 144
124 870 171
941 345 179
444 369 134
621 979 179
735 539 171
914 36 179
979 170 179
621 956 179
200 899 179
911 810 179
174 314 131
322 917 179
299 440 144
342 626 142
716 805 153
578 399 142
237 616 144
639 404 142
994 632 179
229 977 179
499 489 142
195 260 128
301 390 144
540 329 142
21 791 171
273 760 171
994 589 179
544 718 171
373 196 144
728 864 153
677 380 145
18 936 179
909 958 174
939 991 143
203 436 144
343 431 134
304 672 145
408 78 144
460 988 179
968 732 179
978 745 179
593 360 142
608 474 142
799 243 171
176 921 179
997 210 179
400 908 179
355 411 134
390 228 144
735 741 140
726 601 171
749 902 179
176 781 171
254 469 144
92 478 144
105 170 122
715 547 171
658 308 145
314 762 171
42 152 122
314 998 179
492 380 142
524 537 124
911 408 179
360 996 179
488 634 142
767 383 171
749 363 171
783 314 171
498 419 142
160 150 86
67 405 144
813 401 171
792 333 171
17 140 122
692 137 145
577 404 142
304 943 179
905 574 179
652 778 171
716 340 171
121 890 179
942 455 179
236 894 179
887 695 179
327 119 144
404 841 171
663 809 171
724 245 171
310 868 171
599 982 179
341 946 179
881 8 179
54 838 171
819 306 171
933 33 179
187 33 125
942 667 179
826 670 171
920 998 174
91 430 144
916 437 179
470 973 179
712 831 153
170 910 179
401 410 41
274 617 144
926 83 179
28 621 144
478 674 145
697 638 145
705 85 171
978 571 179
912 218 179
931 418 179
4 811 171
401 4 144
681 953 179
218 839 171
227 13 125
115 483 144
440 831 171
832 37 171
48 743 171
394 285 144
775 605 171
938 326 179
784 78 171
93 273 128
336 286 144
579 879 179
486 757 171
754 589 171
406 394 121
377 569 142
429 96 144
346 188 144
694 714 171
755 659 171
429 752 171
182 14 125
661 664 114
671 280 145
999 991 112
6 411 144
641 802 171
87 97 119
891 735 179
880 564 179
870 358 171
223 655 145
913 349 179
860 166 171
470 526 142
617 181 144
142 69 122
264 405 144
327 359 126
264 863 171
