1 10 20
100 200 125
201 210 89
900 1000 174
85577 98787 333
11439 63474 340
18818 96695 351
90725 99200 333
54473 81103 351
2128 88746 351
28517 49742 324
55462 94316 351
61663 62146 317
3518 4574 238
33816 52779 340
40543 72176 340
24326 85409 351
9855 43416 324
66657 75916 325
32123 46450 324
32248 68968 340
61567 81250 351
7172 13705 276
124 55812 340
4924 47698 324
4713 93464 351
33763 45310 324
42487 67112 340
58745 76819 335
70661 98845 351
19611 39743 324
14114 39348 324
21797 43556 324
19620 83106 351
13629 68154 340
49412 78645 351
24637 82102 351
17505 80747 351
29562 78721 351
64796 76265 325
12019 62778 340
39585 61246 340
6281 8747 257
15861 30756 308
19801 23662 282
23202 83866 351
16888 44748 324
39294 85133 351
13182 23861 282
75412 79765 351
42101 73108 340
41035 74703 340
57700 83929 351
2052 46629 324
37871 68541 340
41797 55873 340
12444 14855 276
13693 16179 271
30185 50630 324
825 81151 351
5204 97756 351
91220 97222 333
38847 82333 351
19929 50893 324
23345 71067 340
12090 74023 340
23732 56140 340
13968 30144 308
82940 95331 333
50390 64498 340
28227 46699 324
51675 66051 340
61777 70938 330
41194 52560 340
19964 57016 340
54300 99171 351
18775 87108 351
75061 76705 307
2878 80420 351
39633 41127 306
32305 60640 340
2984 56083 340
23653 27325 308
33699 94405 351
60128 92296 351
12737 46074 324
39262 44617 306
73988 92728 351
66152 85456 351
37414 66295 340
82764 87827 333
10766 21251 279
493 49316 324
23265 87928 351
4393 93477 351
40973 50339 314
63236 98195 351
34767 93880 351
71280 96553 351
19215 55237 340
84194 95290 333
26074 61396 340
7040 87672 351
12858 77905 351
22673 51821 324
62690 89744 351
10409 81552 351
7522 9004 252
6981 17536 276
66759 69853 312
11292 65779 340
3839 67251 340
23556 58760 340
18925 42359 324
56932 84403 351
28071 54494 340
38191 73977 340
4258 56763 340
16629 43233 324
25082 81390 351
34679 55850 340
8540 71187 340
28418 99577 351
3387 17650 279
12038 68960 340
52355 89221 351
11199 66228 340
44122 87258 351
26204 92618 351
17500 88878 351
88802 95359 333
52166 78586 351
14861 33591 308
1118 75314 340
11482 40084 324
40309 66036 340
13993 84402 351
83762 83953 289
69779 80947 351
76789 79251 351
33368 44637 324
65296 88675 351
31140 41422 324
78271 84250 338
57743 99072 351
24170 27798 308
6941 17421 276
40180 71760 340
32652 79019 351
21649 60182 340
3279 79750 351
87610 96895 333
36243 71073 340
31722 99663 351
73086 99622 351
14984 91607 351
42221 85309 351
8964 11932 268
47671 79426 351
96725 98268 297
37213 68139 340
20846 50838 324
34579 92101 351
51994 90391 351
14859 42987 324
63037 73026 330
33852 56814 340
2831 77816 351
13809 69350 340
65094 93253 351
1556 46790 324
34557 52606 340
29496 75806 340
18647 99269 351
21641 37250 324
34213 94190 351
57240 98917 351
34735 52817 340
38446 63916 340
4987 97882 351
41500 54395 340
32091 51376 324
42621 93194 351
63276 89194 351
19813 63993 340
79983 87176 333
60661 94333 351
17738 74036 340
23952 77217 351
42916 79863 351
72332 88593 351
31300 58590 340
54915 66225 335
74796 80979 351
10013 33693 308
29958 73185 340
44962 72252 340
34567 75984 340
4413 33054 308
35678 84677 351
58142 63194 335
10352 74272 340
17258 31066 308
18370 67195 340
18818 70697 340
13813 65354 340
8326 39953 324
8157 10402 260
75014 89929 351
38986 83074 351
9285 38189 324
7540 89460 351
15343 27768 308
27708 56314 340
13226 29866 308
26076 50178 324
65566 73753 325
31061 97181 351
5356 47276 324
27292 42651 324
22014 37882 324
27972 47410 324
18066 83193 351
34533 86674 351
56980 60331 317
38093 86008 351
23637 74430 340
1445 92524 351
15001 82065 351
71574 73237 294
28264 65043 340
255 64640 340
51650 79315 351
60831 96985 351
13061 45532 324
35009 55087 340
28011 30217 272
79459 99178 333
21923 99476 351
31767 76063 340
27695 44474 324
1713 43016 324
31101 78354 351
33770 97127 351
16801 88618 351
7192 10968 260
13187 41329 324
55740 94100 351
11648 68726 340
863 46853 324
1154 28028 308
37416 69068 340
12943 84789 351
16230 36084 324
9767 37893 324
2049 60742 340
19847 91506 351
30894 38898 324
15780 45810 324
46664 51860 314
75942 84615 351
4547 77020 340
7074 91874 351
40223 97234 351
23796 53379 340
1891 22720 279
18867 55774 340
38341 58869 340
23781 48402 324
20952 53449 340
5999 33273 308
4920 19535 279
68927 75841 325
42516 71506 340
41211 53892 340
17679 35916 324
90708 99103 333
56284 87529 351
70637 97833 351
43840 63262 340
31443 58097 340
78307 99847 338
2576 12342 268
5834 62306 340
49021 69301 340
48780 73002 340
9996 79728 351
19518 53315 340
64689 65883 268
60707 94215 351
25313 91765 351
10955 33270 308
52023 99842 351
40137 49522 314
3522 36074 324
8052 17875 279
13862 37177 324
14041 41840 324
7379 25083 282
39624 71515 340
83811 93262 333
62227 62874 286
10746 17913 279
51835 74990 340
39826 85587 351
54496 60416 322
25048 81206 351
18534 76943 340
50938 56475 340
4371 30170 308
40973 54528 340
8711 87538 351
25557 25779 233
27663 61088 340
24600 26275 264
79556 82913 320
45968 88089 351
9291 50802 324
46306 51211 314
4195 49661 324
14786 40487 324
67148 92481 351
13206 93405 351
18260 21724 274
48554 51395 309
15562 90155 351
5986 26249 282
38774 69423 340
11606 97632 351
6080 78090 351
41120 71730 340
50578 63859 340
38308 94816 351
77801 95620 338
25419 71966 340
63235 83868 351
5038 66167 340
41448 64886 340
77878 86358 338
19970 47809 324
66233 79399 351
15605 46247 324
20612 64284 340
5027 35890 324
16805 55193 340
57005 61362 335
52680 63521 335
73834 78974 351
77133 77426 232
28315 60939 340
48688 49378 296
23164 25051 282
37077 61753 340
35284 83403 351
8154 25439 282
59962 91344 351
15600 89433 351
11976 70177 340
35260 84469 351
71259 89723 351
32709 69450 340
71864 83066 351
21961 64430 340
24315 82277 351
2000 27553 308
2359 55003 340
72631 99275 351
40353 49430 314
73474 99213 351
72760 99720 351
38150 91225 351
20871 52869 340
4187 21718 279
31999 98274 351
12464 40647 324
44045 98176 351
2823 62757 340
26956 92527 351
5902 75564 340
35472 37284 324
25005 26549 277
97059 97287 266
27972 69229 340
6822 42619 324
75963 94738 351
35765 60342 340
20288 33779 308
69088 77415 351
28842 90728 351
28082 39587 324
22904 35426 311
43099 85408 351
55195 71231 335
16280 37231 324
65813 95390 351
75110 81058 351
70454 71367 325
61717 94947 351
1714 38894 324
775 75917 340
61764 94744 351
33957 34961 311
69909 85053 351
28806 77125 351
792 11702 268
54207 86818 351
27624 52175 324
57072 57251 304
57464 91950 351
65982 90973 351
53722 95794 351
1044 55060 340
12780 48641 324
2819 64157 340
31089 78487 351
46770 92404 351
19732 43717 324
4047 64280 340
32867 59640 340
41611 42624 288
3716 28747 308
40785 45023 288
21219 35346 311
55968 95376 351
52178 98477 351
83253 85182 320
54221 76879 335
19547 77419 351
4120 28578 308
24434 69127 340
27433 55705 340
11577 96734 351
53660 87353 351
33993 81202 351
60897 86409 351
8715 85061 351
20843 25955 282
38731 38960 244
2377 71376 340
90218 95588 333
62939 97891 351
84399 91332 333
52697 75267 335
51883 91499 351
71399 84206 351
2390 46595 324
22422 81705 351
39155 67039 340
71810 80636 351
2327 48854 324
38980 72870 340
22160 56544 340
3885 72506 340
19832 65285 340
46602 91580 351
86948 89835 333
81365 98645 333
46162 47133 283
60889 80525 351
51878 89993 351
30143 94084 351
12402 18414 279
55781 74292 335
22634 94422 351
38585 39402 275
14926 42310 324
23146 47265 324
43513 92716 351
26246 85257 351
52996 57822 322
35727 72698 340
16682 49290 324
11059 32388 308
13012 59525 340
25870 85505 351
9344 64528 340
27409 77609 351
29502 49160 324
20328 36016 324
27416 44702 324
30865 77317 351
52169 98708 351
42499 97771 351
16911 91821 351
4962 16425 276
32487 78705 351
11834 35988 324
49709 55750 340
18254 84536 351
10579 31764 308
31386 47501 324
95766 96525 297
1844 41945 324
50253 82723 351
69832 76469 325
28753 75686 340
24352 98466 351
46214 86064 351
16424 97989 351
14288 31702 308
14765 70271 340
43926 58440 340
54311 88457 351
714 39353 324
64321 80317 351
45242 64816 340
65420 89337 351
44063 70911 340
501 61483 340
21432 42889 324
84383 94742 333
80442 81475 320
11683 43216 324
84346 86677 302
15887 25931 282
44916 58455 340
52570 80519 351
61180 95541 351
24846 58125 340
15365 38584 324
4758 64526 340
75070 79283 351
10765 62918 340
63441 85319 351
32551 59435 340
5280 88007 351
23193 85286 351
80165 98083 333
26669 77823 351
18908 52842 340
7284 90319 351
40556 96492 351
4121 86190 351
71572 91959 351
82297 96184 333
50514 65291 340
734 28905 308
48275 73091 340
20506 68305 340
49277 53049 340
6864 95998 351
95588 97082 297
26780 67501 340
7614 50381 324
21051 92276 351
26295 40739 324
31650 69975 340
95139 99530 328
10886 61828 340
32574 94865 351
23344 73000 340
34228 66398 340
37270 52464 314
34787 77014 340
15210 55949 340
29961 43015 324
58316 76914 335
42296 50912 314
37139 85428 351
19752 20966 274
9841 98779 351
23307 36378 324
9504 61719 340
16212 27226 308
13245 48572 324
30145 52648 340
76149 88179 351
61192 75132 330
92718 94941 315
3979 40023 324
16469 20919 279
26417 72399 340
8801 29550 308
84623 98721 333
2712 77661 351
8353 98996 351
65807 98305 351
17766 58197 340
22820 88273 351
45791 93504 351
8630 24106 282
18026 38004 324
17040 79717 351
10779 74298 340
10662 76847 340
23733 36107 324
82397 86289 320
26372 43942 324
7864 40602 324
10397 18895 279
72755 93724 351
57516 84662 351
31376 53210 340
22546 30224 308
30224 30532 241
6514 22128 279
80234 92149 333
47820 68846 340
3822 20125 279
41609 90304 351
10144 78143 351
72543 91332 351
19604 38413 324
14224 19535 279
32246 74491 340
83028 85520 320
37883 78804 351
41192 41829 257
63968 65160 299
38320 85028 351
36947 93869 351
56515 79605 351
1009 57790 340
34509 85070 351
27212 49555 324
32405 80945 351
6759 66412 340
4485 76769 340
3136 12622 268
70259 91699 351
14342 92164 351
59624 84606 351
7953 25756 282
36434 84340 351
8740 40073 324
70926 81981 351
41311 90205 351
15107 68153 340
16286 69011 340
2062 55621 340
3770 23148 279
43878 47284 314
39034 69033 340
58536 70282 335
13689 47273 324
38893 52907 340
57717 86565 351
15578 26936 308
49654 67575 340
34132 50772 324
59134 71699 335
78894 87351 333
1689 79055 351
76948 94192 351
17632 88098 351
19585 59082 340
50018 58309 340
65320 81810 351
47561 98998 351
68987 85943 351
36550 77216 351
32489 49586 324
63910 63952 224
89825 97538 333
56253 94455 351
23189 86987 351
1567 42450 324
72073 77711 351
13153 20537 279
70148 75092 325
20852 68484 340
38936 56367 340
37252 55700 340
70375 74744 325
55432 99916 351
3943 10199 262
4595 72510 340
47820 54385 340
34236 42777 324
44864 70019 340
48994 67957 340
8980 91421 351
27259 80486 351
22618 74548 340
11632 43763 324
32829 82653 351
13835 59351 340
9826 81880 351
74782 95148 351
3091 85429 351
31788 45566 324
6412 8310 257
10933 61495 340
9749 73085 340
4548 11222 268
29528 87110 351
26848 64373 340
8084 91402 351
1144 9871 262
33265 59940 340
62513 95840 351
68658 86861 351
25800 44060 324
24372 58068 340
69829 71322 325
28194 73934 340
3416 58977 340
48852 81496 351
14865 42698 324
16037 99724 351
25940 92235 351
11286 19208 279
16777 38219 324
64841 89509 351
14421 17333 271
63607 70399 312
67210 73215 325
53848 98443 351
7966 29974 308
2357 29708 308
2303 95874 351
53509 73790 335
58151 64310 335
87459 90996 333
26818 83107 351
60169 96964 351
44529 65234 340
66269 93541 351
67094 75165 325
48311 77402 351
27933 75153 340
2896 35496 311
576 13514 276
71910 72303 250
28137 56531 340
26905 49629 324
30579 57957 340
616 36618 324
44959 74423 340
11191 97642 351
58577 60674 317
55638 68483 335
64332 96542 351
16129 46701 324
88511 98087 333
14946 38877 324
48399 69623 340
23131 40493 324
40063 96100 351
22136 71926 340
16646 56371 340
5103 17621 276
47701 61155 340
22889 59107 340
2378 70195 340
19920 33580 308
16896 97849 351
27665 51355 324
62383 89162 351
78658 95704 338
52392 62958 340
15545 57971 340
54466 94162 351
48892 57921 340
40561 87105 351
29459 78657 351
31525 51920 324
17573 31200 308
17908 94516 351
35399 53998 340
9615 67800 340
1413 53039 340
4000 88772 351
23449 93236 351
12589 22227 279
50114 59060 340
82695 91785 333
623 93288 351
59056 87636 351
64018 68434 312
84901 89931 333
4942 22395 279
45388 98172 351
11063 74058 340
26652 36281 324
84177 92671 333
83444 93510 333
31533 48493 324
74607 87881 351
43563 47175 314
19738 98847 351
89339 90305 315
50571 88969 351
39752 96015 351
26796 71144 340
1223 46530 324
8740 60262 340
59982 61206 335
1696 64974 340
33162 55829 340
41367 53457 340
95679 99448 328
36633 86212 351
62196 68515 330
28975 53065 340
77950 80452 338
40970 47621 314
25224 41238 324
64961 72201 325
45941 79386 351
38995 77516 351
3136 99876 351
69422 75452 325
5590 56147 340
23454 46385 324
28640 87419 351
44313 51297 314
46660 46795 252
1673 77223 351
32530 67077 340
45138 64757 340
12199 36132 324
17224 59106 340
145 86363 351
8681 68482 340
25489 28168 308
21537 72575 340
14825 42732 324
24250 82502 351
1780 89565 351
6689 66839 340
18678 48338 324
10366 50476 324
26151 73503 340
360 50379 324
7486 43306 324
18053 44857 324
57675 90569 351
47202 77368 351
42055 77031 351
50396 75231 340
19661 39155 324
11699 55858 340
31094 97942 351
90443 95968 333
7546 36264 324
14410 28995 308
29586 66241 340
43519 65279 340
10123 33128 308
74697 81282 351
5269 84774 351
26772 92937 351
47927 90911 351
23275 49086 324
5243 32310 308
6222 42191 324
29755 57059 340
12455 77662 351
39348 93647 351
63163 73004 330
10240 25667 282
3298 55574 340
37469 95976 351
47446 91077 351
33794 95029 351
29879 64678 340
78365 97802 338
28091 74378 340
84878 89490 333
29617 34313 311
42480 63658 340
80426 81746 320
90005 98539 333
17863 84450 351
34658 74232 340
56296 71095 335
39773 58941 340
56536 73634 335
14082 72779 340
17707 92568 351
42856 43100 195
21081 99443 351
8548 66143 340
44836 52218 314
4337 40183 324
71270 92550 351
35950 53389 340
13881 27215 308
7853 49706 324
56771 71078 335
29311 90871 351
6944 86001 351
4793 44719 324
24682 65247 340
44038 54582 340
45091 89218 351
51973 90606 351
16616 37676 324
308 59944 340
23361 54493 340
41694 81464 351
10397 76873 340
35218 37944 324
66295 84067 351
45567 60231 340
31456 54539 340
81864 93011 333
2912 39074 324
16363 68903 340
45839 50170 314
29482 45882 324
12468 59093 340
99242 99630 235
70699 84585 351
14741 97894 351
38523 87490 351
22269 82221 351
77602 88171 338
13518 17945 279
64039 72844 325
28546 47529 324
60279 83483 351
44760 54916 340
42503 57208 340
12196 19721 279
49346 81031 351
6665 65348 340
18406 94425 351
14568 84689 351
90340 92805 333
41291 67447 340
84069 94653 333
4825 46150 324
53757 59422 322
96428 98171 297
12459 88168 351
9049 33906 308
46419 74978 340
3943 70603 340
7784 15073 276
8811 13027 268
60229 86322 351
9195 36341 324
25828 63795 340
57056 57538 304
7530 13412 276
70364 73143 325
18904 88079 351
6050 37392 324
37913 64778 340
49 66283 340
28003 79339 351
519 65133 340
59453 76639 335
61472 82745 351
88878 92793 333
15261 49525 324
44754 86819 351
59914 83745 351
38946 72728 340
62402 97661 351
70213 74322 325
32965 63072 340
28538 67719 340
65533 94268 351
25458 76292 340
37382 64212 340
29004 39579 324
14395 67047 340
73217 98321 351
53082 85528 351
10108 66450 340
58009 91627 351
82670 86351 320
14528 81961 351
1372 42310 324
19237 22926 274
49105 56950 340
31097 96447 351
1760 46094 324
32314 94397 351
26009 50603 324
1295 20888 279
40361 78631 351
21379 78178 351
15646 53175 340
63537 65133 299
39264 97408 351
7544 54397 340
29360 68543 340
29677 55096 340
1882 86418 351
8759 43601 324
41235 74407 340
1493 8604 262
59088 86267 351
23955 57782 340
44827 83867 351
53139 76613 335
1331 99143 351
50962 99777 351
1442 77278 351
29838 43307 324
4483 94421 351
12362 84709 351
35481 88784 351
8591 76471 340
26436 83386 351
81566 85074 320
4445 94802 351
15515 28130 308
16537 32941 308
8094 89180 351
27993 55638 340
