1 10 20
100 200 125
201 210 89
900 1000 174
10 1 20
1 1 1
227 526 144
397 708 171
931 434 179
837 99 171
685 512 145
649 838 171
991 660 179
374 762 171
639 980 179
213 229 115
933 365 179
22 931 179
469 363 134
600 640 132
149 918 179
971 964 143
473 761 171
754 480 171
206 727 171
928 915 130
522 158 144
346 416 134
670 543 145
399 471 134
868 782 148
764 18 171
306 680 145
127 829 171
604 77 144
894 98 179
212 159 125
967 632 179
957 889 174
75 298 128
679 390 145
119 196 125
249 742 171
776 860 148
5 371 144
269 44 128
619 951 179
473 411 134
623 532 137
88 259 128
311 560 144
228 437 144
749 545 171
883 816 179
738 278 171
468 429 129
192 759 171
436 515 142
997 590 179
750 759 140
511 10 144
662 973 179
1 725 171
343 407 126
752 726 140
408 771 171
946 345 179
651 857 171
174 872 179
153 236 128
76 112 119
106 169 122
806 850 135
602 566 119
690 451 145
636 350 142
263 161 128
436 195 144
352 885 179
846 919 179
565 338 142
42 1 112
205 486 144
797 181 171
59 925 179
986 842 179
747 810 153
930 320 179
155 898 179
419 364 134
386 912 179
825 721 153
414 878 179
696 738 171
725 15 171
252 329 144
60 925 179
675 103 145
51 771 171
907 249 179
927 101 179
864 384 171
208 195 120
688 358 145
965 71 179
535 894 179
311 403 144
397 549 142
125 697 145
990 328 179
33 855 171
11 760 171
23 485 144
698 28 145
953 514 179
526 932 179
934 43 179
682 974 179
449 973 179
316 385 144
813 502 171
461 895 179
3 52 112
244 827 171
440 788 171
773 143 171
699 101 145
605 647 132
887 468 179
604 793 171
438 302 144
443 513 142
863 715 153
568 886 179
240 719 171
536 123 144
565 622 132
594 729 171
469 32 144
734 544 171
867 956 179
183 600 144
920 893 130
858 877 179
958 748 179
523 155 144
840 481 171
607 686 145
19 913 179
439 59 144
380 457 134
989 387 179
577 596 119
707 611 171
40 372 144
727 693 171
835 867 148
896 592 179
286 210 128
994 271 179
136 881 179
17 807 171
93 57 116
804 535 171
924 942 174
555 967 179
866 29 171
629 921 179
427 680 145
684 739 171
282 306 118
542 28 144
22 235 128
774 713 153
924 516 179
420 869 171
764 351 171
624 385 142
508 716 171
836 502 171
273 648 145
551 800 171
846 275 171
904 954 174
90 979 179
504 293 144
897 643 179
493 488 142
167 72 122
360 263 144
286 955 179
445 640 142
910 461 179
965 927 174
35 148 122
242 206 128
534 568 137
481 564 142
651 535 145
842 874 179
237 163 128
353 516 142
34 190 125
734 180 171
994 903 174
278 229 128
488 319 144
211 983 179
846 252 171
398 461 134
866 122 171
581 635 132
272 659 145
674 672 114
97 154 122
744 539 171
882 506 179
649 92 145
589 433 142
802 101 171
350 449 134
623 264 144
241 753 171
409 208 144
885 294 179
279 709 171
825 657 171
10 299 128
85 363 144
638 800 171
739 763 153
609 358 142
959 839 179
410 877 179
512 824 171
733 868 153
964 562 179
405 464 134
125 809 171
574 66 144
864 573 171
517 349 142
996 366 179
534 209 144
674 448 145
981 107 179
75 993 179
803 199 171
200 571 144
664 224 145
935 284 179
43 325 131
13 125 119
421 315 144
25 563 144
785 852 135
191 316 131
970 147 179
856 825 135
266 922 179
811 55 171
309 744 171
940 601 179
41 320 131
349 932 179
632 352 142
666 96 145
871 442 179
92 996 179
818 810 135
172 97 125
133 735 171
809 572 171
388 326 144
460 740 171
365 926 179
431 838 171
66 572 144
651 871 179
618 857 171
722 339 171
224 243 128
104 670 145
56 872 179
706 979 179
779 367 171
588 16 144
333 331 113
852 93 171
809 523 171
656 44 145
677 840 171
766 659 171
325 568 144
579 628 132
23 485 144
797 486 171
922 428 179
910 121 179
148 208 125
715 542 171
34 706 171
763 717 153
560 791 171
217 422 144
303 32 128
41 168 122
426 969 179
61 870 179
65 256 128
468 907 179
363 674 145
875 813 179
440 525 142
894 969 174
213 546 144
265 724 171
367 164 144
337 821 171
779 827 135
327 408 144
845 135 171
948 995 143
259 467 144
393 457 134
649 443 145
283 412 144
589 930 179
402 36 144
328 420 134
862 326 171
874 577 179
614 442 142
847 571 171
366 745 171
387 629 142
584 955 179
165 590 144
491 48 144
503 641 137
524 329 142
395 16 144
238 378 144
961 835 179
502 266 144
782 809 122
818 872 179
355 203 144
184 332 144
34 58 113
572 619 132
472 848 171
399 772 171
740 488 171
548 461 142
60 256 128
183 68 125
740 66 171
961 705 179
102 373 144
274 265 123
11 482 144
73 922 179
776 667 171
685 253 145
963 763 179
947 539 179
509 178 144
348 836 171
854 827 135
310 835 171
259 62 128
75 166 122
238 889 179
753 173 171
454 235 144
121 864 171
425 891 179
218 936 179
884 632 179
158 751 171
485 776 171
102 147 122
619 883 179
322 20 131
676 1 145
88 37 116
890 564 179
359 559 142
18 513 144
878 514 179
925 458 179
175 811 171
288 492 144
633 501 137
180 763 171
962 892 174
544 521 137
274 339 144
120 672 145
468 853 171
556 159 144
575 570 106
95 747 171
244 123 128
519 128 144
8 329 144
711 16 171
235 455 144
307 867 171
644 189 144
445 594 142
78 435 144
412 730 171
872 783 179
53 237 128
638 144 144
23 513 144
193 458 144
348 427 134
698 816 171
98 482 144
917 648 179
755 384 171
294 446 144
656 593 145
835 728 153
330 723 171
779 72 171
33 46 110
139 511 144
754 841 153
121 997 179
855 333 171
989 182 179
157 263 128
256 689 145
202 316 131
60 731 171
110 928 179
390 636 142
744 358 171
179 991 179
24 922 179
280 780 171
679 152 145
919 853 179
850 304 171
60 351 144
236 115 128
127 418 144
151 415 144
891 267 179
355 621 142
288 334 144
630 337 142
329 932 179
135 491 144
991 509 179
740 910 179
879 451 179
805 381 171
567 59 144
506 559 137
481 304 144
313 695 145
963 878 174
34 973 179
932 580 179
955 184 179
375 307 144
747 7 171
763 864 153
21 650 145
961 112 179
924 816 179
166 395 144
606 603 70
601 956 179
710 199 171
477 933 179
204 272 128
78 900 179
708 786 153
495 88 144
191 801 171
934 584 179
917 109 179
366 694 145
170 778 171
902 709 179
304 80 128
398 58 144
93 745 171
308 136 128
243 622 144
667 637 145
599 168 144
904 346 179
869 954 179
7 537 144
343 443 134
628 488 142
780 574 171
935 917 130
178 394 144
952 743 179
547 539 137
183 601 144
775 476 171
349 873 179
789 698 171
229 614 144
780 636 171
349 537 142
413 332 134
199 850 171
662 462 145
973 142 179
784 337 171
805 494 171
427 165 144
702 102 171
114 832 171
388 573 142
732 747 140
54 993 179
755 644 171
861 152 171
678 404 145
407 495 142
748 746 47
98 636 144
501 48 144
401 573 142
838 10 171
474 372 134
325 396 144
362 832 171
894 507 179
906 182 179
263 76 128
666 326 145
719 72 171
890 997 174
912 735 179
711 647 171
320 52 131
711 127 171
82 245 128
978 223 179
585 340 142
550 993 179
404 162 144
73 768 171
610 332 142
330 610 142
859 966 179
1 62 113
297 504 144
401 856 171
552 437 142
81 455 144
115 722 171
389 789 171
822 573 171
500 554 137
496 763 171
268 527 144
690 603 145
160 344 144
642 348 142
198 222 120
248 352 144
203 855 171
197 741 171
623 902 179
766 877 179
511 550 137
818 421 171
571 177 144
266 837 171
198 280 128
504 104 144
39 62 113
960 380 179
335 466 134
223 983 179
633 764 171
501 719 171
8 344 144
245 313 131
91 644 144
597 319 144
593 839 171
766 85 171
903 79 179
847 844 42
14 974 179
575 842 171
291 771 171
542 630 137
671 436 145
662 60 145
812 678 171
499 551 137
769 804 153
35 360 144
388 172 144
428 62 144
873 498 179
526 685 145
804 343 171
961 288 179
21 677 145
64 561 144
106 812 171
54 883 179
225 876 179
539 987 179
262 854 171
91 459 144
281 899 179
494 495 111
460 517 142
475 282 144
908 1 179
856 688 171
619 817 171
813 666 171
794 771 153
635 312 144
930 945 174
318 854 171
942 991 143
460 686 145
612 595 132
185 704 171
42 417 144
559 961 179
46 783 171
820 432 171
224 301 128
942 887 174
845 24 171
232 401 144
667 194 145
259 92 128
794 484 171
790 382 171
854 432 171
682 365 145
445 823 171
512 442 142
894 199 179
920 775 179
700 706 171
625 917 179
578 807 171
377 69 144
553 268 144
721 784 153
844 88 171
425 841 171
492 615 137
898 786 179
571 648 145
566 556 88
462 739 171
75 164 122
927 559 179
109 761 171
920 695 179
218 506 144
169 504 144
867 128 171
719 886 179
934 415 179
560 723 171
946 651 179
14 494 144
259 688 145
813 469 171
453 934 179
77 109 119
974 96 179
185 946 179
604 672 145
745 111 171
215 665 145
72 987 179
755 139 171
849 562 171
621 848 171
62 285 128
760 48 171
968 878 174
297 186 128
874 353 179
459 932 179
877 553 179
311 240 123
657 527 145
488 803 171
736 473 171
569 86 144
303 547 144
102 345 144
189 119 125
675 877 179
1 837 171
280 542 144
574 602 119
897 992 174
148 627 144
871 153 179
568 712 171
410 603 142
718 221 171
678 814 171
112 661 145
272 567 144
704 319 171
64 277 128
963 659 179
533 858 171
194 184 120
217 540 144
77 582 144
501 126 144
812 596 171
255 135 128
753 739 140
534 145 144
171 42 125
430 858 171
457 320 144
84 904 179
567 714 171
530 792 171
341 840 171
733 809 153
918 628 179
291 398 144
383 602 142
777 589 171
369 425 134
616 571 132
135 240 128
862 227 171
840 910 179
82 441 144
172 554 144
121 350 144
838 680 171
347 249 144
475 769 171
554 766 171
555 504 137
607 223 144
895 511 179
838 902 179
255 756 171
667 39 145
63 704 171
925 295 179
67 504 144
463 721 171
63 665 145
191 359 144
143 475 144
90 371 144
122 611 144
133 671 145
291 710 171
712 333 171
681 638 145
467 909 179
383 726 171
269 927 179
650 564 145
452 314 144
229 243 128
416 650 145
683 287 145
899 109 179
14 751 171
76 924 179
812 265 171
24 335 144
995 19 179
437 197 144
48 34 110
585 313 144
815 543 171
55 65 113
677 586 145
534 63 144
303 944 179
625 136 144
58 37 113
807 66 171
455 365 134
408 179 144
954 356 179
882 103 179
265 49 128
962 226 179
561 170 144
374 648 145
764 204 171
971 833 179
32 31 107
970 278 179
800 118 171
394 857 171
626 152 144
150 902 179
467 690 145
321 245 131
58 676 145
299 387 144
93 57 116
35 329 144
201 474 144
719 539 171
196 845 171
467 943 179
940 22 179
926 823 179
181 761 171
599 304 144
537 542 137
91 616 144
228 197 120
724 324 171
855 350 171
846 424 171
939 341 179
997 261 179
491 315 144
531 708 171
842 350 171
679 929 179
30 988 179
695 17 145
830 712 153
214 108 125
334 466 134
223 420 144
973 598 179
540 968 179
360 851 171
150 293 128
474 930 179
657 141 145
974 739 179
475 260 144
402 551 142
432 592 142
601 290 144
28 369 144
834 76 171
588 686 145
777 688 171
176 53 125
101 687 145
269 104 128
355 439 134
957 310 179
80 48 116
593 646 132
753 607 171
551 732 171
730 770 153
192 753 171
851 581 171
874 563 179
292 428 144
791 210 171
728 16 171
852 426 171
989 877 174
524 232 144
495 133 144
875 767 179
431 471 129
499 731 171
592 228 144
427 486 142
759 646 171
606 563 119
274 319 131
977 963 143
73 209 125
856 48 171
112 701 145
321 736 171
37 66 113
725 488 171
457 591 142
767 761 153
82 904 179
978 351 179
62 343 144
559 783 171
657 136 145
473 181 144
466 199 144
350 432 134
523 152 144
659 942 179
684 948 179
423 367 134
270 392 144
37 577 144
909 970 174
74 796 171
128 492 144
194 317 131
471 48 144
301 848 171
783 329 171
520 880 179
985 781 179
95 32 116
395 24 144
389 631 142
461 23 144
614 376 142
598 449 142
52 438 144
732 897 179
839 849 86
367 13 144
476 387 134
811 902 179
309 81 128
484 697 145
1000 925 174
55 781 171
255 566 144
655 639 145
765 37 171
230 71 128
36 295 128
434 643 142
487 592 142
979 29 179
94 64 116
392 873 179
988 134 179
825 307 171
439 736 171
736 713 140
266 148 128
333 899 179
870 601 179
268 942 179
152 382 144
160 681 145
816 533 171
806 646 171
756 43 171
269 551 144
161 967 179
375 792 171
508 384 142
58 241 128
218 507 144
353 758 171
456 320 144
879 351 179
508 641 137
408 439 134
433 313 144
144 705 171
566 337 142
963 191 179
695 54 145
407 517 142
476 800 171
264 379 144
510 271 144
86 477 144
815 747 153
918 68 179
773 151 171
718 736 140
431 766 171
863 473 171
255 624 144
460 140 144
43 936 179
806 685 171
84 634 144
103 695 145
991 163 179
377 223 144
222 683 145
6 41 112
385 192 144
838 439 171
483 599 142
89 491 144
