5 5 6
9581 4249 262
1683 2319 183
4464 296 238
645 6731 262
3267 8144 262
6881 1447 262
9229 4170 262
7870 8589 252
9370 2731 262
280 4212 238
5105 6699 262
9031 8623 247
738 6335 262
5199 436 238
5595 477 238
9530 5434 262
9426 2233 262
7506 1888 262
9503 7422 260
9169 506 262
1515 2396 183
1661 9616 262
5984 8330 262
6664 6675 182
8139 5314 262
2860 9904 262
1945 1227 180
5816 1004 238
6342 272 262
2201 438 182
7789 1507 262
2802 214 209
5901 8249 262
8842 5121 262
5978 684 238
9210 8642 247
2448 8890 262
2686 6574 262
2180 943 182
6111 1061 238
4294 2965 238
9631 4113 262
9510 7286 260
2981 5454 238
5924 9262 262
7045 412 262
5315 2197 238
2670 6882 262
4535 8020 262
266 7154 262
9799 5108 262
7110 2987 262
1967 8779 262
8309 2592 262
8596 8033 234
6529 4559 262
6254 4059 262
6208 9058 257
4671 7790 262
2111 5148 238
6639 195 262
7348 7695 239
2514 2838 191
655 9544 262
8758 4781 262
1371 8104 262
9587 8903 260
4249 3540 238
9828 5344 262
5381 8432 262
3068 9481 262
4799 9702 262
4651 5564 210
350 5684 238
832 3730 238
6662 7183 257
9570 5576 262
4175 8935 262
2876 5155 238
5800 6045 218
5424 8297 262
1407 5127 238
953 4524 238
410 1305 182
8213 4561 262
7105 2361 262
7690 739 262
841 7598 262
547 4200 238
5919 972 238
3776 1390 238
7631 4092 262
1482 8108 262
1905 4310 238
7021 5230 262
4939 5715 236
3033 1378 217
2516 5760 238
1090 4890 238
9831 4082 262
8680 174 262
8431 1438 262
9319 1492 262
5816 6836 262
556 89 144
468 6403 262
5353 9352 262
8627 7571 252
1284 2746 209
4169 4456 215
924 7180 262
8048 7612 252
4662 848 238
8652 7882 252
492 7534 262
4389 7438 262
2742 5960 238
4549 9446 262
5804 5076 236
2062 631 182
9294 1751 262
9777 3779 262
2960 3361 199
5565 9113 262
7735 4002 262
5292 1767 238
8512 4532 262
7604 7422 239
7611 3166 262
7026 5335 262
4239 4932 215
4062 2881 238
5300 7320 262
5660 4984 236
5456 2741 238
5629 7644 262
6629 3337 262
288 2113 182
138 7110 262
5072 7584 262
7724 7067 239
3491 4577 238
1451 4052 238
8597 9722 260
6201 6360 200
7865 6089 262
8762 6311 257
8762 7039 252
8782 7161 252
7238 6487 257
5889 9349 262
2628 6890 262
1022 77 179
2259 9912 262
4357 4296 184
656 4405 238
8587 2613 262
9650 4867 262
1231 7220 262
1917 5605 238
4626 7668 262
801 8537 262
4817 2637 238
2604 5445 238
4893 1660 238
6412 9964 260
9211 910 262
3539 5445 238
9259 4855 262
9935 274 262
5989 8720 262
4607 8287 262
7382 5450 262
3934 1776 238
7034 4822 262
3553 6655 262
2491 3974 238
7407 8128 252
5794 3853 236
5562 4684 210
5736 7366 262
6921 8243 257
3966 1292 238
6158 1765 238
7167 1942 262
6521 4813 262
8135 1250 262
2043 1921 175
6936 5067 262
8688 7580 252
6803 5517 262
2032 9425 262
5566 7733 262
8656 4832 262
6163 8484 262
8794 4622 262
3172 1908 217
3303 3462 181
2080 8971 262
5978 2352 238
7152 9778 260
8617 8871 216
2644 4091 238
3108 3148 155
1910 8002 262
6286 6453 200
8967 9760 260
2444 5859 238
621 3083 217
3411 8396 262
9499 4645 262
2202 9235 262
1544 9219 262
8957 1876 262
8837 4189 262
8636 3000 262
1418 266 182
4593 5572 236
4098 5720 236
5603 8703 262
3388 2305 217
8485 8709 203
373 3939 238
977 5988 238
4375 1880 238
7546 967 262
9217 8600 247
68 3905 238
749 5289 238
6598 4525 262
7236 5651 262
199 220 120
9271 4381 262
2522 826 209
3432 2823 217
7457 2401 262
2362 9280 262
9805 3635 262
172 6537 262
5900 1766 238
3436 2753 217
3376 3821 238
5182 10 238
6613 1164 262
3450 2622 217
5230 6828 262
809 1079 179
600 500 137
4589 6563 262
8033 3962 262
6817 7120 257
913 893 130
6772 6656 182
9166 7476 252
1 8083 262
7812 4244 262
8433 810 262
6272 4597 262
7615 8573 252
1575 229 182
7884 9430 260
4185 7021 262
2731 3995 238
4221 411 238
3009 8467 262
3022 2601 217
2585 3016 217
6399 2881 262
2375 3416 217
8435 92 262
5685 4194 236
5308 6472 262
7518 6870 257
6699 39 262
3299 1608 217
3209 1224 217
8364 5361 262
5163 613 238
8067 2985 262
2210 3833 238
925 2072 182
1723 8593 262
1607 5460 238
8534 5308 262
8690 4324 262
2139 24 182
5909 5808 218
3601 1382 217
2208 6990 262
4879 218 238
1657 8517 262
8704 9159 247
5321 6832 262
4600 7139 262
1433 7896 262
3444 1758 217
2955 3316 199
1602 3875 238
796 7862 262
5581 4356 236
5953 2538 238
8734 8073 234
4176 9987 262
2733 8659 262
5278 4628 210
7050 9213 252
6315 8011 257
8797 5815 262
812 5250 238
3392 7062 262
2258 8709 262
4275 9386 262
6119 1014 238
3156 1920 217
6113 2385 238
2254 3814 238
4245 1133 238
1832 376 182
4820 7854 262
1546 638 182
2820 1583 209
4784 9755 262
9754 9835 198
1782 6084 238
260 4352 238
8391 5887 262
4786 36 238
7891 1370 262
756 7501 262
8057 5949 262
9810 9303 198
7517 5046 262
3620 2524 217
8767 4486 262
4231 2387 238
4373 6898 262
2237 2359 183
8397 571 262
5631 8352 262
608 2228 183
2802 9528 262
3456 5688 238
7160 5304 262
1984 5188 238
4852 3737 215
4327 1731 238
5467 2453 238
9512 7353 260
1105 7328 262
5859 7884 262
878 9506 262
8661 8463 203
3864 7894 262
4538 7438 262
1778 8766 262
4306 6692 262
6458 846 262
9048 8745 247
3677 2125 217
456 3072 217
8085 4823 262
8138 5169 262
5472 9859 262
4177 1287 238
9786 7387 260
9296 708 262
3527 8229 262
2197 6383 262
4340 1904 238
1796 3711 238
4806 5705 236
5704 3885 236
1163 3276 217
6848 2228 262
9600 636 262
249 9080 262
9701 1518 262
140 3164 217
5879 4500 236
2173 6412 262
5937 598 238
1021 2386 183
8909 2653 262
9524 5127 262
8397 4856 262
6625 8869 257
7937 3539 262
6582 3411 262
1538 9182 262
2229 4643 238
4065 2267 238
4311 2074 238
6202 6088 262
2718 6129 238
3057 9343 262
9211 5206 262
9095 2316 262
2066 9798 262
6097 9548 262
1188 298 182
3770 6342 262
6604 3374 262
951 2115 182
2774 6671 262
5505 3526 238
8238 2810 262
2536 1962 209
6264 3636 262
3219 2325 217
3375 5663 238
9568 4406 262
9353 9327 185
8089 1477 262
2798 4986 238
8768 1324 262
4311 8803 262
4576 9295 262
5908 122 238
4932 9431 262
9115 9041 185
4156 2526 238
5671 6416 262
4782 8377 262
6863 5512 262
3009 4487 238
8622 1946 262
7240 4742 262
3699 3602 207
9421 4095 262
9425 6914 260
289 8262 262
7701 3910 262
7910 4319 262
7743 8592 252
9393 3131 262
8351 4303 262
2116 7720 262
43 8720 262
5675 1156 238
4715 7135 262
1791 8621 262
8987 4850 262
9663 6811 260
5957 2691 238
2139 9641 262
9504 8161 260
6190 153 262
372 7971 262
1099 755 179
634 96 144
7486 9497 260
6496 137 262
6804 3807 262
5344 7382 262
3552 1065 217
5078 8637 262
4592 4759 184
9760 8095 260
767 2125 182
802 4391 238
1831 5007 238
680 8775 262
5078 5826 236
519 2573 209
4055 2031 238
3228 8043 262
574 4156 238
5541 9256 262
7395 3492 262
5149 5832 236
6079 2887 238
5665 9544 262
6332 3742 262
300 3803 238
9278 3778 262
2716 6825 262
5611 7040 262
2467 1189 209
3023 1125 217
2657 4489 238
5349 4730 210
8167 9731 260
9228 8242 247
1217 7938 262
661 8671 262
5880 9233 262
5585 5625 174
3122 9170 262
8048 8246 190
7608 2353 262
6796 9645 260
8532 5168 262
8948 9760 260
6098 3746 236
9903 5953 262
3054 4465 238
757 8638 262
8871 125 262
4054 1128 238
7241 9541 260
1888 9381 262
8960 979 262
634 6839 262
5469 5613 236
5006 1721 238
1157 195 179
5770 4421 236
9338 8006 260
1255 5783 238
2967 9337 262
3713 3108 238
5442 6085 236
4707 8602 262
8602 7793 252
8188 9778 260
437 4659 238
4196 5542 215
1087 3938 238
3897 7048 262
4721 9150 262
9224 5724 262
7697 3220 262
351 6101 238
6107 7901 262
7555 7220 239
5879 9249 262
5859 9135 262
8519 4381 262
3969 7457 262
2328 9880 262
2486 1585 209
4490 1820 238
3382 194 217
1883 6783 262
10 3778 238
376 5885 238
7309 5086 262
6868 4043 262
4039 7256 262
264 7635 262
1912 4867 238
6412 6547 200
2731 3960 238
7611 9252 252
4582 9146 262
2378 916 183
8710 7463 252
8259 4407 262
5648 569 238
8699 8515 203
1305 4610 238
7652 3960 262
798 1708 182
1478 9346 262
3193 7483 262
1913 3659 217
5573 7621 262
4211 8234 262
2505 3095 217
1039 5539 238
6154 9167 262
5483 4117 215
3780 9050 262
9249 3677 262
3225 4069 238
7100 239 262
3127 7003 262
5790 4515 236
6380 2671 262
1131 2411 183
852 8930 262
7082 6197 257
7223 5728 262
1453 9369 262
3577 4414 238
3448 7820 262
9348 200 262
4071 1687 238
8622 9340 260
8471 7427 252
4570 2282 238
9013 7255 252
1598 2662 209
5767 5133 236
8770 5105 262
5258 6959 262
3098 2615 217
8078 7506 252
1500 278 182
7303 7819 239
140 1692 182
5630 6554 262
9215 7187 252
6177 6060 262
295 2737 209
2186 1085 182
4182 4903 215
1134 3396 217
2969 5662 238
3561 5146 238
7877 2775 262
3030 9222 262
169 5827 238
5436 8243 262
5043 9316 262
5564 7528 262
2180 9231 262
7114 7403 208
9053 3427 262
5256 5985 236
9163 5667 262
5387 90 238
7827 585 262
3041 7550 262
4771 5209 210
2738 753 209
4863 5117 210
5422 3426 238
4374 7319 262
8555 2814 262
8433 3140 262
2707 1416 209
5799 7399 262
4408 4504 184
2083 6673 262
41 7150 262
7820 313 262
7932 5381 262
1835 5682 238
14 8221 262
2340 1585 183
3575 1717 217
1172 8920 262
8759 3823 262
8892 7725 252
9964 5527 262
4522 7549 262
4562 740 238
7346 3152 262
4714 2933 238
5499 1862 238
1431 6117 238
526 3740 238
2183 145 182
5591 8725 262
4856 309 238
7678 4576 262
528 5916 238
9528 8038 260
9814 3940 262
4988 4964 166
8492 9340 260
879 6149 238
5158 8898 262
8794 750 262
5344 4330 215
5653 3785 236
6033 8747 262
1748 8051 262
7769 2018 262
8693 1224 262
3654 2569 217
7570 3054 262
4950 3607 238
9493 1850 262
4837 9426 262
1046 5903 238
3172 4755 238
8525 4481 262
9152 3649 262
3181 3833 238
1745 7322 262
9121 6129 262
9537 1303 262
7512 9059 252
576 5598 238
7695 7778 177
861 7146 262
22 3128 217
2964 3713 238
4320 4673 215
4753 2867 238
3701 4841 238
7844 95 262
5739 960 238
3858 5060 215
4077 7304 262
142 9945 262
7262 8412 252
2180 5996 238
7546 279 262
4356 9437 262
142 909 179
8141 6351 257
8642 9417 260
548 7743 262
7242 9935 260
8847 6868 257
2650 1991 209
6129 9536 262
5184 9949 262
927 3534 217
9760 7088 260
4609 4219 215
544 1546 182
5097 5136 179
6677 9498 260
9513 2346 262
2549 9526 262
3446 6271 262
4417 3663 238
624 9820 262
2018 7921 262
6285 5442 262
2533 9643 262
7539 9891 260
5126 7902 262
8407 9245 247
4991 5614 236
6747 6102 262
9482 1370 262
1665 2588 209
4855 3341 238
4055 9415 262
9044 9297 260
2951 748 217
222 5813 238
4567 3542 238
4293 7236 262
887 3043 217
7369 1732 262
2244 1731 183
5126 7589 262
658 3518 217
8973 4979 262
653 5488 238
7491 2178 262
8684 8243 234
9532 2379 262
9114 5891 262
5171 4561 210
2337 5635 238
3712 4791 215
5711 1221 238
3079 354 217
6913 2694 262
1530 7578 262
636 3681 217
3496 8525 262
3565 8044 262
2102 7172 262
6897 3729 262
8040 3490 262
8198 9260 260
91 9666 262
7504 4539 262
1270 3957 238
374 9319 262
8551 6666 257
4804 1798 238
2424 7311 262
9252 9830 260
623 4663 238
423 7268 262
2539 2273 209
7682 224 262
1087 7980 262
9372 5628 262
1501 4935 238
5956 5935 143
2335 6694 262
1885 2583 209
8513 7660 252
9959 1286 262
7854 3925 262
5117 9245 262
8891 8184 234
3532 6368 262
1162 657 182
5422 880 238
8258 7251 252
5604 5340 236
844 9616 262
1992 1437 180
9396 6751 260
5744 1726 238
2981 7619 262
4775 2305 238
821 2518 209
4131 5927 236
1125 5917 238
4731 6676 262
5532 7760 262
1662 2461 183
3947 4297 202
5143 2171 238
6590 1980 262
6659 5280 262
2319 2141 183
3136 2560 217
1388 2811 209
9188 1987 262
6775 4162 262
9560 6969 260
1872 7351 262
8621 9412 260
9770 245 262
3306 4792 238
458 4023 238
7115 9907 260
533 587 137
4439 2702 238
2967 4631 238
5478 3970 215
46 185 125
8666 4424 262
5787 83 238
2189 1552 180
7403 2763 262
2936 8356 262
6621 3333 262
9416 445 262
5722 4071 236
8597 6916 257
2737 2990 217
2382 8326 262
3871 3656 238
192 8211 262
2876 2743 173
1041 8586 262
8264 1402 262
7617 9620 260
5532 7154 262
5426 6135 236
6856 149 262
9237 7046 252
4658 2837 238
9705 5358 262
659 234 145
1206 3636 217
8473 1403 262
6525 8975 257
2390 8755 262
3886 4126 189
5188 1776 238
3905 1857 238
6193 4481 262
11 332 144
4583 2808 238
1236 3636 217
1392 7500 262
5554 9053 262
9195 6778 257
8854 2685 262
3021 4689 238
920 6682 262
2127 7792 262
9277 6936 260
2361 9922 262
6476 7759 257
9543 2800 262
7719 2747 262
8093 7762 252
4971 6005 236
8876 253 262
9781 997 262
4372 9175 262
7528 1079 262
2141 8880 262
3775 4439 215
4308 6563 262
281 9131 262
8944 5504 262
4593 9538 262
398 1525 182
3638 561 217
2455 5905 238
1740 9365 262
8052 679 262
2635 4535 238
925 2097 182
7100 9317 260
3592 1340 217
4584 9115 262
1865 7199 262
9928 9542 242
4750 7015 262
3533 4540 238
5302 2600 238
5231 563 238
1437 2504 209
503 8628 262
8534 3463 262
553 520 137
6933 3752 262
7194 8174 252
20 2162 182
5074 3855 215
9688 1971 262
5408 4350 215
6601 3305 262
9603 3032 262
6631 9798 260
7122 2898 262
118 6771 262
6775 5682 262
2537 2837 191
8246 3909 262
3984 8282 262
5023 2893 238
2959 422 217
3823 2951 238
2179 247 182
4227 1765 238
5684 8798 262
738 110 171
4084 4705 215
6143 9566 262
3243 6430 262
2614 1704 209
4238 8306 262
663 1945 182
8302 7886 252
3658 152 217
8095 97 262
9897 5363 262
6285 9404 260
1524 42 182
2744 9060 262
3220 223 217
1856 4696 238
253 6388 262
9528 1460 262
5097 6348 262
8950 9991 260
3328 3785 238
9133 3595 262
501 6485 262
9167 6083 262
4194 2499 238
5043 9636 262
8595 8089 234
1310 6054 238
2576 1740 209
807 4652 238
3191 2904 217
9307 940 262
1137 383 179
446 8345 262
9150 9001 185
3786 1993 238
2263 30 183
3568 4924 238
3865 5054 215
2155 9025 262
8910 3845 262
7353 5576 262
6772 9300 260
3804 416 238
471 2564 209
7918 3810 262
6324 1171 262
2024 9094 262
7210 839 262
5544 3443 238
5196 562 238
3985 3065 238
7783 5318 262
7916 1084 262
3218 1828 217
7399 9880 260
1365 9599 262
3755 4474 215
1208 1949 180
2789 2530 191
292 9444 262
1612 7637 262
1990 2379 183
3925 7777 262
6975 6757 257
3810 4650 215
2548 7960 262
6539 5784 262
921 8361 262
1992 5525 238
5110 6305 262
9768 516 262
4122 7670 262
4604 3722 215
1605 6378 262
8256 4556 262
3098 7065 262
3004 9188 262
7538 4445 262
5790 9616 262
4774 589 238
569 3080 217
5363 8868 262
8768 4683 262
4237 4383 215
