1 10 20
1000 1010 143
2000 2010 144
3000 3010 155
4000 4010 158
5000 5010 179
6000 6010 143
7000 7010 182
8000 8010 146
9000 9010 141
10000 10010 180
11000 11010 193
12000 12010 144
13000 13010 139
14000 14010 152
15000 15010 178
16000 16010 147
17000 17010 204
18000 18010 142
19000 19010 168
20000 20010 181
21000 21010 150
22000 22010 176
23000 23010 238
24000 24010 145
25000 25010 158
26000 26010 140
27000 27010 215
28000 28010 184
29000 29010 166
30000 30010 179
31000 31010 179
32000 32010 184
33000 33010 192
34000 34010 205
35000 35010 205
36000 36010 218
37000 37010 187
38000 38010 169
39000 39010 275
40000 40010 182
41000 41010 151
42000 42010 151
43000 43010 195
44000 44010 195
45000 45010 177
46000 46010 190
47000 47010 146
48000 48010 221
49000 49010 172
50000 50010 128
51000 51010 203
52000 52010 172
53000 53010 247
54000 54010 216
55000 55010 216
56000 56010 154
57000 57010 190
58000 58010 123
59000 59010 273
60000 60010 180
61000 61010 180
62000 62010 180
63000 63010 149
64000 64010 224
65000 65010 149
66000 66010 193
67000 67010 268
68000 68010 206
69000 69010 175
70000 70010 281
71000 71010 219
72000 72010 219
73000 73010 157
74000 74010 188
75000 75010 307
76000 76010 193
77000 77010 170
78000 78010 201
79000 79010 201
80000 80010 183
81000 81010 276
82000 82010 152
83000 83010 108
84000 84010 196
85000 85010 240
86000 86010 196
87000 87010 165
88000 88010 196
89000 89010 134
90000 90010 165
91000 91010 178
92000 92010 178
93000 93010 178
94000 94010 147
95000 95010 222
96000 96010 222
97000 97010 147
98000 98010 160
99000 99010 284
100000 100010 310
101000 101010 204
102000 102010 204
103000 103010 111
104000 104010 204
105000 105010 204
106000 106010 248
107000 107010 155
108000 108010 279
109000 109010 186
110000 110010 217
111000 111010 186
112000 112010 199
113000 113010 137
114000 114010 191
115000 115010 199
116000 116010 181
117000 117010 199
118000 118010 150
119000 119010 243
120000 120010 181
121000 121010 212
122000 122010 181
123000 123010 168
124000 124010 181
125000 125010 150
126000 126010 150
127000 127010 150
128000 128010 225
129000 129010 194
130000 130010 150
131000 131010 163
132000 132010 287
133000 133010 238
134000 134010 145
135000 135010 163
136000 136010 207
137000 137010 176
138000 138010 145
139000 139010 189
140000 140010 282
141000 141010 176
142000 142010 220
143000 143010 282
144000 144010 220
145000 145010 189
146000 146010 158
147000 147010 158
148000 148010 189
149000 149010 114
150000 150010 233
151000 151010 264
152000 152010 194
153000 153010 202
154000 154010 52
155000 155010 171
156000 156010 202
157000 157010 171
158000 158010 171
159000 159010 246
160000 160010 171
161000 161010 246
162000 162010 246
163000 163010 184
164000 164010 171
165000 165010 215
166000 166010 91
167000 167010 290
168000 168010 153
169000 169010 290
170000 170010 228
171000 171010 334
172000 172010 197
173000 173010 228
174000 174010 179
175000 175010 228
176000 176010 197
177000 177010 210
178000 178010 135
179000 179010 166
180000 180010 166
181000 181010 117
182000 182010 179
183000 183010 179
184000 184010 148
185000 185010 254
186000 186010 179
187000 187010 210
188000 188010 179
189000 189010 135
190000 190010 223
191000 191010 148
192000 192010 254
193000 193010 223
194000 194010 148
195000 195010 298
196000 196010 148
197000 197010 161
198000 198010 192
199000 199010 143
200000 200010 192
201000 201010 174
202000 202010 205
203000 203010 223
204000 204010 205
205000 205010 174
206000 206010 112
207000 207010 143
208000 208010 205
209000 209010 280
210000 210010 174
211000 211010 311
212000 212010 249
213000 213010 218
214000 214010 125
215000 215010 143
216000 216010 249
217000 217010 249
218000 218010 187
219000 219010 187
220000 220010 156
221000 221010 125
222000 222010 187
223000 223010 262
224000 224010 156
225000 225010 231
226000 226010 138
227000 227010 218
228000 228010 337
229000 229010 94
230000 230010 200
231000 231010 169
232000 232010 138
233000 233010 182
234000 234010 169
235000 235010 138
236000 236010 213
237000 237010 169
238000 238010 169
239000 239010 213
240000 240010 182
241000 241010 213
242000 242010 213
243000 243010 244
244000 244010 182
245000 245010 182
246000 246010 169
247000 247010 195
248000 248010 182
249000 249010 120
250000 250010 151
251000 251010 182
252000 252010 257
253000 253010 195
254000 254010 107
255000 255010 226
256000 256010 257
257000 257010 345
258000 258010 195
259000 259010 195
260000 260010 301
261000 261010 301
262000 262010 195
263000 263010 195
264000 264010 195
265000 265010 164
266000 266010 239
267000 267010 239
268000 268010 177
269000 269010 195
270000 270010 115
271000 271010 270
272000 272010 208
273000 273010 177
274000 274010 177
275000 275010 146
276000 276010 146
277000 277010 177
278000 278010 190
279000 279010 177
280000 280010 177
281000 281010 190
282000 282010 159
283000 283010 252
284000 284010 221
285000 285010 221
286000 286010 252
287000 287010 239
288000 288010 252
289000 289010 190
290000 290010 177
291000 291010 146
292000 292010 190
293000 293010 159
294000 294010 128
295000 295010 234
296000 296010 190
297000 297010 190
298000 298010 234
299000 299010 265
300000 300010 234
301000 301010 203
302000 302010 265
303000 303010 159
304000 304010 340
305000 305010 234
306000 306010 203
307000 307010 172
308000 308010 190
309000 309010 216
310000 310010 172
311000 311010 247
312000 312010 203
313000 313010 110
314000 314010 172
315000 315010 247
316000 316010 172
317000 317010 110
318000 318010 247
319000 319010 247
320000 320010 172
321000 321010 353
322000 322010 154
323000 323010 172
324000 324010 247
325000 325010 185
326000 326010 154
327000 327010 185
328000 328010 260
329000 329010 172
330000 330010 185
331000 331010 216
332000 332010 123
333000 333010 185
334000 334010 167
335000 335010 322
336000 336010 260
337000 337010 198
338000 338010 291
339000 339010 136
340000 340010 229
341000 341010 167
342000 342010 335
343000 343010 273
344000 344010 229
345000 345010 198
346000 346010 229
347000 347010 211
348000 348010 304
349000 349010 167
350000 350010 229
351000 351010 198
352000 352010 198
353000 353010 273
354000 354010 211
355000 355010 154
356000 356010 242
357000 357010 167
358000 358010 123
359000 359010 211
360000 360010 167
361000 361010 255
362000 362010 92
363000 363010 211
364000 364010 180
365000 365010 198
366000 366010 180
367000 367010 211
368000 368010 149
369000 369010 167
370000 370010 255
371000 371010 193
372000 372010 180
373000 373010 255
374000 374010 149
375000 375010 255
376000 376010 162
377000 377010 136
378000 378010 118
379000 379010 224
380000 380010 224
381000 381010 224
382000 382010 149
383000 383010 180
384000 384010 255
385000 385010 185
386000 386010 224
387000 387010 193
388000 388010 149
389000 389010 193
390000 390010 136
391000 391010 224
392000 392010 149
393000 393010 131
394000 394010 118
395000 395010 268
396000 396010 193
397000 397010 144
398000 398010 144
399000 399010 237
400000 400010 237
401000 401010 237
402000 402010 175
403000 403010 250
404000 404010 162
405000 405010 113
406000 406010 224
407000 407010 113
408000 408010 206
409000 409010 162
410000 410010 175
411000 411010 312
412000 412010 219
413000 413010 175
414000 414010 237
415000 415010 175
416000 416010 206
417000 417010 188
418000 418010 281
419000 419010 175
420000 420010 281
421000 421010 113
422000 422010 131
423000 423010 175
424000 424010 250
425000 425010 206
426000 426010 219
427000 427010 188
428000 428010 100
429000 429010 250
430000 430010 131
431000 431010 325
432000 432010 219
433000 433010 188
434000 434010 250
435000 435010 188
436000 436010 188
437000 437010 250
438000 438010 149
439000 439010 294
440000 440010 188
441000 441010 263
442000 442010 126
443000 443010 170
444000 444010 255
445000 445010 188
446000 446010 263
447000 447010 144
448000 448010 139
449000 449010 188
450000 450010 232
451000 451010 232
452000 452010 113
453000 453010 263
454000 454010 232
455000 455010 201
456000 456010 338
457000 457010 201
458000 458010 95
459000 459010 201
460000 460010 307
461000 461010 201
462000 462010 188
463000 463010 170
464000 464010 307
465000 465010 201
466000 466010 170
467000 467010 245
468000 468010 201
469000 469010 170
470000 470010 108
471000 471010 170
472000 472010 214
473000 473010 276
474000 474010 170
475000 475010 245
476000 476010 170
477000 477010 170
478000 478010 214
479000 479010 245
480000 480010 183
481000 481010 214
482000 482010 214
483000 483010 245
484000 484010 183
485000 485010 276
486000 486010 214
487000 487010 175
488000 488010 183
489000 489010 307
490000 490010 183
491000 491010 139
492000 492010 170
493000 493010 214
494000 494010 183
495000 495010 214
496000 496010 183
497000 497010 152
498000 498010 121
499000 499010 227
500000 500010 152
501000 501010 165
502000 502010 165
503000 503010 152
504000 504010 258
505000 505010 271
506000 506010 196
507000 507010 289
508000 508010 227
509000 509010 227
510000 510010 227
511000 511010 196
512000 512010 227
513000 513010 333
514000 514010 346
515000 515010 196
516000 516010 227
517000 517010 258
518000 518010 196
519000 519010 227
520000 520010 152
521000 521010 227
522000 522010 302
523000 523010 209
524000 524010 134
525000 525010 227
526000 526010 196
527000 527010 227
528000 528010 196
529000 529010 178
530000 530010 165
531000 531010 209
532000 532010 240
533000 533010 209
534000 534010 165
535000 535010 147
536000 536010 178
537000 537010 147
538000 538010 116
539000 539010 240
540000 540010 90
541000 541010 209
542000 542010 271
543000 543010 116
544000 544010 209
545000 545010 178
546000 546010 209
547000 547010 178
548000 548010 315
549000 549010 222
550000 550010 147
551000 551010 271
552000 552010 147
553000 553010 240
554000 554010 240
555000 555010 253
556000 556010 147
557000 557010 222
558000 558010 116
559000 559010 222
560000 560010 284
561000 561010 116
562000 562010 191
563000 563010 253
564000 564010 178
565000 565010 253
566000 566010 253
567000 567010 253
568000 568010 222
569000 569010 240
570000 570010 222
571000 571010 284
572000 572010 253
573000 573010 222
574000 574010 240
575000 575010 222
576000 576010 222
577000 577010 209
578000 578010 191
579000 579010 359
580000 580010 160
581000 581010 191
582000 582010 129
583000 583010 328
584000 584010 372
585000 585010 204
586000 586010 160
587000 587010 222
588000 588010 266
589000 589010 173
590000 590010 222
591000 591010 129
592000 592010 258
593000 593010 266
594000 594010 191
595000 595010 191
596000 596010 147
597000 597010 222
598000 598010 266
599000 599010 129
600000 600010 235
601000 601010 341
602000 602010 142
603000 603010 173
604000 604010 266
605000 605010 129
606000 606010 111
607000 607010 266
608000 608010 341
609000 609010 222
610000 610010 217
611000 611010 204
612000 612010 173
613000 613010 160
614000 614010 204
615000 615010 235
616000 616010 173
617000 617010 204
618000 618010 217
619000 619010 310
620000 620010 173
621000 621010 204
622000 622010 248
623000 623010 173
624000 624010 204
625000 625010 173
626000 626010 111
627000 627010 279
628000 628010 173
629000 629010 217
630000 630010 248
631000 631010 204
632000 632010 173
633000 633010 204
634000 634010 103
635000 635010 279
636000 636010 173
637000 637010 235
638000 638010 248
639000 639010 248
640000 640010 72
641000 641010 186
642000 642010 354
643000 643010 173
644000 644010 248
645000 645010 230
646000 646010 173
647000 647010 204
648000 648010 217
649000 649010 204
650000 650010 186
651000 651010 248
652000 652010 310
653000 653010 230
654000 654010 186
655000 655010 186
656000 656010 186
657000 657010 217
658000 658010 173
659000 659010 147
660000 660010 168
661000 661010 199
662000 662010 186
663000 663010 230
664000 664010 124
665000 665010 116
666000 666010 155
667000 667010 142
668000 668010 168
669000 669010 261
670000 670010 261
671000 671010 186
672000 672010 261
673000 673010 199
674000 674010 186
675000 675010 230
676000 676010 292
677000 677010 261
678000 678010 137
679000 679010 230
680000 680010 230
681000 681010 168
682000 682010 199
683000 683010 261
684000 684010 336
685000 685010 199
686000 686010 199
687000 687010 217
688000 688010 230
689000 689010 199
690000 690010 199
691000 691010 168
692000 692010 230
693000 693010 155
694000 694010 212
695000 695010 230
696000 696010 305
697000 697010 186
698000 698010 243
699000 699010 230
700000 700010 305
701000 701010 243
702000 702010 199
703000 703010 274
704000 704010 199
705000 705010 137
706000 706010 199
707000 707010 230
708000 708010 212
709000 709010 199
710000 710010 274
711000 711010 235
712000 712010 168
713000 713010 181
714000 714010 168
715000 715010 243
716000 716010 256
717000 717010 212
718000 718010 212
719000 719010 256
720000 720010 199
721000 721010 181
722000 722010 256
723000 723010 243
724000 724010 119
725000 725010 119
726000 726010 181
727000 727010 243
728000 728010 181
729000 729010 243
730000 730010 88
731000 731010 199
732000 732010 243
733000 733010 212
734000 734010 212
735000 735010 181
736000 736010 150
737000 737010 181
738000 738010 181
739000 739010 212
740000 740010 256
741000 741010 287
742000 742010 194
743000 743010 212
744000 744010 181
745000 745010 124
746000 746010 212
747000 747010 119
748000 748010 119
749000 749010 181
750000 750010 137
751000 751010 256
752000 752010 181
753000 753010 163
754000 754010 137
755000 755010 212
756000 756010 132
757000 757010 256
758000 758010 225
759000 759010 194
760000 760010 225
761000 761010 287
762000 762010 225
763000 763010 269
764000 764010 225
765000 765010 225
766000 766010 181
767000 767010 225
768000 768010 225
769000 769010 225
770000 770010 186
771000 771010 344
772000 772010 362
773000 773010 256
774000 774010 194
775000 775010 225
776000 776010 150
777000 777010 194
778000 778010 194
779000 779010 300
780000 780010 207
781000 781010 163
782000 782010 225
783000 783010 300
784000 784010 269
785000 785010 225
786000 786010 132
787000 787010 101
788000 788010 119
789000 789010 194
790000 790010 194
791000 791010 207
792000 792010 194
793000 793010 194
794000 794010 101
795000 795010 269
796000 796010 225
797000 797010 145
798000 798010 238
799000 799010 225
800000 800010 194
801000 801010 238
802000 802010 238
803000 803010 93
804000 804010 176
805000 805010 238
806000 806010 251
807000 807010 225
808000 808010 119
809000 809010 269
810000 810010 194
811000 811010 282
812000 812010 225
813000 813010 269
814000 814010 62
815000 815010 225
816000 816010 207
817000 817010 269
818000 818010 163
819000 819010 207
820000 820010 238
821000 821010 313
822000 822010 207
823000 823010 194
824000 824010 220
825000 825010 313
826000 826010 176
827000 827010 238
828000 828010 207
829000 829010 313
830000 830010 145
831000 831010 189
832000 832010 207
833000 833010 189
834000 834010 137
835000 835010 207
836000 836010 282
837000 837010 313
838000 838010 176
839000 839010 282
840000 840010 251
841000 841010 207
842000 842010 106
843000 843010 220
844000 844010 207
845000 845010 326
846000 846010 176
847000 847010 189
848000 848010 158
849000 849010 251
850000 850010 189
851000 851010 357
852000 852010 251
853000 853010 251
854000 854010 132
855000 855010 220
856000 856010 357
857000 857010 176
858000 858010 251
859000 859010 220
860000 860010 233
861000 861010 238
862000 862010 158
863000 863010 220
864000 864010 220
865000 865010 326
866000 866010 189
867000 867010 207
868000 868010 251
869000 869010 202
870000 870010 189
871000 871010 163
872000 872010 220
873000 873010 158
874000 874010 251
875000 875010 150
876000 876010 220
877000 877010 176
878000 878010 295
879000 879010 158
880000 880010 171
881000 881010 189
882000 882010 264
883000 883010 158
884000 884010 127
885000 885010 220
886000 886010 145
887000 887010 233
888000 888010 189
889000 889010 264
890000 890010 189
891000 891010 264
892000 892010 171
893000 893010 264
894000 894010 145
895000 895010 189
896000 896010 140
897000 897010 264
898000 898010 189
899000 899010 202
900000 900010 189
901000 901010 277
902000 902010 233
903000 903010 202
904000 904010 140
905000 905010 233
906000 906010 264
907000 907010 233
908000 908010 202
909000 909010 202
910000 910010 202
911000 911010 264
912000 912010 339
913000 913010 264
914000 914010 145
915000 915010 215
916000 916010 220
917000 917010 140
918000 918010 202
919000 919010 202
920000 920010 202
921000 921010 171
922000 922010 202
923000 923010 189
924000 924010 171
925000 925010 233
926000 926010 171
927000 927010 476
928000 928010 308
929000 929010 140
930000 930010 202
931000 931010 171
932000 932010 233
933000 933010 246
934000 934010 233
935000 935010 184
936000 936010 321
937000 937010 321
938000 938010 171
939000 939010 202
940000 940010 140
941000 941010 264
942000 942010 171
943000 943010 202
944000 944010 215
945000 945010 277
946000 946010 277
947000 947010 308
948000 948010 171
949000 949010 246
950000 950010 246
951000 951010 153
952000 952010 171
953000 953010 184
954000 954010 153
955000 955010 277
956000 956010 202
957000 957010 246
958000 958010 246
959000 959010 246
960000 960010 202
961000 961010 246
962000 962010 215
963000 963010 352
964000 964010 246
965000 965010 233
966000 966010 246
967000 967010 140
968000 968010 184
969000 969010 184
970000 970010 215
971000 971010 290
972000 972010 246
973000 973010 321
974000 974010 176
975000 975010 202
976000 976010 246
977000 977010 334
978000 978010 308
979000 979010 215
980000 980010 158
981000 981010 184
982000 982010 122
983000 983010 259
984000 984010 171
985000 985010 246
986000 986010 153
987000 987010 171
988000 988010 290
989000 989010 184
990000 990010 166
991000 991010 215
992000 992010 122
993000 993010 215
994000 994010 153
995000 995010 228
996000 996010 122
997000 997010 153
998000 998010 228
999000 999010 184
