1 1 1
1 10 20
100 200 125
201 210 89
900 1000 174
937 884 174
57 464 144
908 631 179
731 75 171
174 384 144
998 469 179
875 729 179
55 607 144
111 355 144
760 871 179
515 190 144
87 290 128
305 536 144
124 781 171
1 812 171
739 812 153
869 374 171
506 95 144
109 503 144
681 459 145
423 242 144
754 892 179
589 266 144
695 655 145
110 482 144
451 997 179
659 215 145
960 565 179
70 991 179
887 340 179
475 239 144
605 176 144
634 174 144
82 818 171
931 989 174
388 242 144
887 787 179
814 655 171
332 526 142
588 526 137
484 851 171
148 404 144
931 371 179
651 670 145
480 238 144
643 784 171
90 526 144
72 729 171
44 364 144
686 683 127
87 459 144
43 529 144
320 91 131
750 324 171
399 842 171
481 447 129
317 226 131
587 702 145
397 901 179
758 8 171
932 938 174
232 298 128
542 655 145
100 917 179
200 36 125
32 161 122
860 653 171
467 384 134
410 328 126
753 709 140
728 580 171
440 732 171
828 814 135
159 548 144
873 272 179
920 654 179
875 961 174
837 180 171
384 717 171
830 896 179
754 594 171
538 810 171
103 846 171
112 460 144
317 827 171
326 825 171
206 559 144
980 441 179
213 132 125
177 236 128
904 293 179
714 648 171
701 485 145
384 632 142
700 743 171
33 780 171
692 362 145
570 98 144
385 338 126
456 732 171
474 203 144
908 67 179
936 158 179
749 138 171
498 822 171
555 106 144
831 474 171
284 7 128
151 442 144
556 156 144
617 469 142
701 931 179
292 735 171
154 646 144
848 806 135
699 737 171
883 535 179
870 501 171
660 726 171
276 348 144
740 27 171
910 254 179
466 697 145
776 892 179
555 427 142
985 234 179
836 836 42
452 504 142
668 715 171
137 933 179
711 529 171
160 873 179
935 755 179
822 719 153
749 205 171
803 389 171
371 940 179
124 57 119
497 646 137
308 631 144
959 9 179
195 698 145
768 490 171
871 817 179
832 884 179
59 498 144
107 265 128
994 290 179
340 972 179
122 503 144
736 593 171
742 908 179
987 339 179
181 306 128
858 608 171
520 924 179
243 587 144
965 588 179
713 746 140
73 69 116
259 193 128
306 453 144
209 243 128
211 847 171
196 183 120
253 789 171
721 622 171
966 518 179
109 726 171
751 134 171
46 781 171
183 202 120
587 330 142
734 790 153
277 573 144
155 184 125
519 674 145
460 213 144
852 833 135
835 543 171
136 694 145
817 982 179
866 758 153
600 592 119
500 668 145
605 330 142
301 374 144
717 992 179
512 667 145
471 787 171
126 528 144
127 54 119
863 544 171
854 430 171
617 628 132
715 43 171
179 967 179
498 181 144
667 853 171
353 558 142
816 158 171
566 668 145
748 762 140
953 581 179
983 264 179
839 352 171
303 728 171
377 38 144
286 836 171
289 900 179
528 441 142
237 874 179
327 559 144
617 636 132
989 740 179
62 8 113
412 624 142
632 297 144
794 858 135
161 530 144
157 237 128
501 966 179
537 823 171
1 240 128
737 661 171
913 798 179
543 461 142
209 433 144
689 217 145
725 706 127
850 828 135
29 712 171
810 27 171
684 914 179
401 324 144
184 770 171
574 150 144
762 404 171
452 596 142
434 210 144
940 131 179
596 436 142
456 272 144
40 451 144
265 893 179
199 642 144
331 357 126
534 929 179
248 128 128
947 698 179
696 569 145
979 545 179
665 183 145
503 210 144
647 573 132
284 607 144
438 96 144
421 692 145
985 451 179
121 572 144
374 607 142
764 339 171
871 334 179
760 103 171
594 515 137
82 864 171
390 899 179
309 576 144
581 139 144
650 274 145
890 48 179
411 422 134
679 665 145
942 739 179
670 391 145
881 784 179
444 754 171
558 576 106
980 778 179
5 540 144
685 606 145
511 274 144
827 701 171
99 659 145
384 437 134
185 627 144
524 739 171
375 336 126
913 597 179
825 172 171
462 290 144
296 477 144
312 739 171
22 637 144
192 724 171
774 739 153
744 403 171
27 881 179
295 242 123
111 922 179
248 249 110
477 160 144
943 700 179
152 325 131
857 530 171
840 180 171
663 154 145
757 548 171
159 357 144
656 14 145
884 641 179
380 71 144
635 738 171
211 633 144
699 98 145
870 568 171
875 743 179
731 579 171
135 632 144
443 137 144
596 73 144
837 385 171
684 489 145
302 775 171
753 574 171
352 3 144
194 852 171
480 130 144
713 632 171
271 937 179
86 470 144
99 538 144
37 15 112
713 825 153
841 872 179
937 124 179
818 398 171
344 380 126
509 937 179
389 180 144
147 174 125
339 601 142
109 613 144
767 527 171
237 989 179
509 43 144
576 464 142
268 272 43
34 362 144
777 435 171
233 859 171
206 349 144
95 547 144
845 846 42
58 141 122
99 910 179
3 380 144
493 589 137
407 599 142
590 943 179
451 157 144
211 891 179
230 726 171
835 699 171
548 276 144
435 641 142
953 369 179
615 901 179
911 304 179
673 618 145
567 204 144
211 603 144
362 67 144
875 218 179
399 833 171
545 372 142
358 27 144
185 818 171
500 100 144
102 464 144
184 97 125
197 866 171
519 969 179
338 833 171
288 980 179
349 269 144
982 422 179
586 684 145
869 358 171
132 703 171
843 646 171
492 547 137
17 260 128
987 557 179
778 849 135
388 188 144
282 380 144
862 480 171
180 902 179
265 640 144
431 917 179
663 475 145
212 293 128
555 650 145
702 215 145
817 740 153
627 957 179
400 822 171
154 641 144
835 98 171
529 505 124
134 385 144
93 967 179
503 993 179
491 364 142
741 347 171
223 787 171
617 577 132
628 33 144
749 856 153
367 466 134
685 506 145
780 161 171
228 846 171
497 97 144
955 91 179
265 720 171
332 202 144
565 911 179
259 665 145
914 86 179
69 435 144
903 748 179
180 956 179
973 397 179
326 143 131
446 714 171
519 729 171
678 979 179
632 778 171
776 309 171
589 578 119
376 555 142
426 497 142
315 36 131
194 742 171
803 13 171
733 182 171
437 143 144
879 576 179
540 355 142
748 611 171
619 98 144
368 206 144
207 532 144
13 531 144
330 909 179
584 51 144
442 829 171
692 975 179
54 290 128
671 720 171
659 597 145
711 543 171
984 355 179
200 901 179
997 485 179
953 265 179
531 848 171
337 138 144
695 440 145
97 6 119
977 641 179
21 795 171
53 835 171
743 945 179
909 531 179
914 194 179
146 752 171
451 774 171
598 531 137
762 477 171
445 694 145
152 66 122
318 433 144
449 228 144
3 838 171
148 745 171
210 681 145
927 321 179
586 401 142
442 311 144
656 730 171
991 807 179
850 469 171
944 959 130
702 233 145
363 695 145
817 115 171
406 537 142
877 97 179
15 503 144
12 959 179
735 37 171
49 854 171
502 996 179
928 318 179
805 544 171
238 453 144
814 802 135
63 578 144
823 816 135
563 931 179
139 721 171
258 244 123
812 641 171
284 577 144
404 988 179
502 837 171
225 241 128
850 950 179
962 578 179
986 99 179
798 62 171
33 635 144
251 792 171
907 270 179
820 444 171
89 934 179
574 734 171
917 297 179
843 978 179
552 323 144
855 593 171
79 149 122
170 386 144
158 595 144
696 158 145
201 135 125
153 216 125
656 639 145
892 800 179
462 753 171
380 253 144
695 610 145
698 736 171
901 519 179
111 405 144
402 173 144
39 804 171
583 364 142
900 877 148
310 278 118
472 682 145
711 837 153
759 773 153
174 460 144
842 876 179
808 130 171
628 561 132
360 652 145
198 942 179
480 696 145
366 356 95
712 658 171
569 218 144
402 60 144
34 261 128
59 758 171
905 221 179
616 858 171
889 368 179
326 500 144
490 819 171
847 760 153
629 88 144
449 270 144
26 315 131
986 320 179
527 460 142
567 884 179
909 353 179
121 663 145
564 367 142
10 910 179
171 260 128
332 412 134
965 67 179
647 323 144
222 738 171
711 298 171
45 788 171
61 30 113
448 489 142
909 833 179
71 901 179
981 634 179
202 8 125
146 96 122
290 467 144
801 410 171
714 87 171
913 681 179
116 135 122
625 874 179
65 401 144
718 165 171
478 534 142
89 985 179
675 640 145
53 926 179
624 101 144
130 599 144
136 122 122
163 560 144
186 64 125
720 527 171
995 478 179
291 770 171
18 18 21
837 923 179
853 605 171
11 192 125
378 655 145
214 620 144
744 902 179
477 471 129
635 116 144
836 797 135
661 501 145
908 298 179
840 834 135
182 705 171
250 503 144
543 490 142
371 637 142
951 511 179
918 621 179
576 6 144
965 380 179
78 826 171
648 638 132
848 994 179
227 90 125
84 202 125
774 914 179
156 822 171
514 994 179
438 554 142
584 855 171
620 113 144
844 546 171
319 659 145
245 169 128
59 721 171
340 976 179
707 545 171
921 750 179
307 753 171
878 173 179
152 410 144
545 796 171
249 121 128
534 161 144
320 423 144
510 237 144
551 367 142
44 27 112
386 635 142
903 838 179
735 869 153
82 710 171
237 570 144
219 836 171
693 131 145
716 870 153
753 558 171
19 95 116
500 408 142
813 306 171
963 81 179
881 795 179
71 210 125
295 77 128
505 495 111
920 150 179
656 348 145
876 169 179
607 450 142
990 222 179
50 413 144
803 512 171
567 199 144
776 285 171
909 634 179
172 179 81
780 828 135
152 928 179
3 78 116
126 687 145
163 317 131
187 449 144
292 96 128
850 688 171
980 609 179
63 306 128
108 791 171
402 340 126
731 939 179
53 274 128
183 355 144
274 202 128
620 626 132
569 387 142
70 389 144
226 761 171
530 16 144
474 344 134
381 736 171
937 657 179
17 948 179
493 265 144
540 789 171
12 146 122
108 75 119
442 254 144
118 629 144
498 199 144
433 776 171
270 471 144
736 829 153
193 957 179
492 77 144
477 534 142
984 314 179
478 870 171
394 43 144
891 577 179
531 864 171
626 203 144
662 640 145
649 580 145
209 872 179
698 806 171
462 265 144
220 11 125
604 553 137
782 356 171
506 750 171
739 828 153
969 154 179
598 383 142
862 884 179
65 839 171
889 548 179
27 209 125
764 960 179
689 565 145
713 770 153
790 183 171
899 89 179
550 231 144
738 560 171
944 574 179
787 19 171
976 400 179
475 907 179
287 812 171
284 699 145
516 166 144
347 446 134
69 382 144
197 123 125
734 169 171
23 474 144
809 651 171
805 146 171
108 657 145
244 150 128
416 959 179
850 103 171
144 121 122
645 675 145
22 164 122
950 832 179
946 841 179
844 221 171
101 329 144
683 527 145
310 198 128
974 210 179
97 188 125
393 805 171
561 984 179
981 35 179
699 365 145
711 128 171
19 149 122
294 532 144
640 200 144
629 33 144
346 542 142
308 211 128
411 86 144
222 245 128
106 7 119
448 786 171
854 268 171
546 159 144
438 646 142
410 754 171
617 397 142
741 757 140
832 737 153
463 768 171
188 648 144
591 327 144
683 451 145
325 401 144
232 653 145
385 569 142
213 298 128
918 631 179
315 322 100
320 536 144
361 768 171
290 10 128
110 776 171
559 203 144
497 385 142
873 487 179
348 307 144
692 145 145
599 169 144
93 219 125
167 967 179
755 618 171
970 334 179
48 328 144
827 94 171
751 624 171
484 289 144
179 270 128
750 826 153
598 293 144
569 757 171
318 564 144
443 139 144
959 603 179
366 938 179
258 653 145
386 367 121
809 54 171
664 595 145
269 41 128
872 136 179
447 405 134
482 335 134
8 664 145
954 631 179
178 794 171
847 207 171
790 680 171
817 781 135
449 775 171
1 125 119
779 58 171
325 668 145
300 546 144
989 350 179
954 25 179
281 861 171
810 507 171
824 389 171
861 28 171
576 709 171
135 414 144
623 739 171
201 580 144
925 919 130
453 750 171
741 502 171
174 125 125
940 883 174
175 27 125
394 762 171
338 741 171
57 605 144
953 512 179
145 964 179
643 95 144
552 709 171
987 914 174
907 785 179
619 201 144
906 385 179
364 953 179
232 395 144
119 478 144
490 113 144
643 580 132
585 653 145
840 670 171
161 84 122
692 184 145
724 489 171
515 782 171
648 237 144
303 983 179
922 698 179
502 252 144
40 936 179
306 392 144
349 774 171
793 897 179
308 222 128
493 77 144
182 975 179
113 283 128
12 674 145
226 546 144
334 717 171
866 161 171
735 162 171
51 228 125
684 261 145
98 137 122
179 879 179
422 54 144
344 712 171
736 247 171
769 355 171
767 980 179
476 585 142
384 644 142
579 275 144
984 489 179
879 952 174
256 564 144
340 999 179
272 929 179
146 86 122
41 162 122
769 171 171
632 626 132
191 158 125
272 75 128
643 593 132
213 799 171
343 877 179
33 81 116
483 662 145
717 700 171
973 335 179
970 804 179
779 568 171
368 59 144
106 90 119
121 362 144
572 961 179
702 922 179
148 432 144
169 911 179
598 79 144
948 39 179
246 173 128
932 617 179
59 50 113
843 917 179
440 205 144
108 784 171
825 540 171
60 72 108
813 861 148
353 895 179
402 848 171
273 444 144
846 645 171
220 710 171
845 284 171
539 364 142
56 443 144
766 60 171
465 406 134
666 646 145
971 535 179
270 580 144
678 767 171
77 378 144
981 282 179
336 180 144
662 549 145
790 937 179
312 710 171
361 324 144
923 478 179
675 409 145
86 266 128
478 452 129
69 55 113
267 525 144
568 165 144
585 779 171
244 564 144
939 18 179
24 476 144
691 715 171
395 353 126
743 55 171
896 300 179
995 811 179
540 876 179
143 739 171
6 541 144
485 607 142
530 7 144
780 644 171
5 812 171
648 3 144
325 609 144
866 973 179
716 121 171
511 77 144
893 258 179
212 405 144
169 920 179
330 6 144
332 8 144
79 905 179
847 554 171
985 924 174
904 491 179
648 192 144
662 882 179
369 624 142
390 417 134
486 135 144
333 274 144
948 356 179
188 726 171
820 276 171
879 170 179
604 22 144
728 473 171
667 253 145
587 416 142
322 311 131
17 52 112
999 64 179
496 924 179
587 5 144
103 810 171
530 110 144
480 786 171
668 376 145
50 178 125
499 299 144
536 248 144
968 714 179
836 356 171
659 303 145
312 22 128
395 273 144
185 348 144
594 283 144
975 351 179
937 358 179
294 221 128
912 934 130
610 936 179
341 824 171
946 254 179
607 993 179
533 460 142
70 391 144
757 275 171
796 379 171
345 529 142
558 315 144
321 752 171
983 12 179
764 908 179
952 340 179
82 76 111
788 403 171
474 812 171
748 277 171
222 922 179
3 530 144
590 295 144
11 405 144
353 103 144
995 939 143
529 931 179
52 406 144
579 182 144
865 721 153
369 493 142
247 756 171
947 633 179
