108882 891966 525
1550 760326 509
155835 651658 509
346549 127161 443
794443 597786 509
661777 411608 509
817889 648698 504
349860 81254 443
692178 112992 509
949764 660078 525
345821 614841 470
643082 878690 525
683109 856187 525
13445 382728 443
252666 494500 449
937857 597078 525
613067 73829 470
16562 489802 449
457204 109834 449
403590 882139 525
651711 253393 509
112617 977930 525
572828 84099 470
686848 914722 525
671893 890219 525
647720 206662 509
169045 636005 509
1208 902358 525
380365 795278 509
674128 424725 509
49588 421075 449
483139 309667 449
439596 538287 470
779160 190531 509
990530 987591 352
447992 269473 449
360514 246623 441
438244 418320 418
312448 525094 470
399878 812808 509
517286 825177 509
586239 337037 470
122613 412460 449
650204 720965 504
237774 725792 509
867731 673436 525
56327 620486 470
181865 936601 525
557099 677126 509
74901 864050 525
870974 290458 525
959558 573411 525
886785 286793 525
610623 62619 470
301963 795581 509
231407 635161 509
548254 147332 470
424839 140202 449
176724 296202 443
493089 594964 470
846953 16040 525
763822 774618 468
901013 222658 525
692849 994399 525
122219 795949 509
244828 94037 443
81250 261141 443
944282 199675 525
998004 421164 525
222702 176447 386
227246 278344 443
483479 398298 449
880876 344558 525
150387 12380 375
191605 199754 360
858139 834741 525
604253 139233 470
651867 312715 509
245240 154305 443
368417 167417 443
1616 757458 509
323925 786519 509
462864 214701 449
592827 681785 509
106488 241697 443
862220 225813 525
397985 798082 509
427180 915713 525
623245 152119 470
967516 914803 507
863830 245797 525
440565 43254 449
290383 663436 509
629498 530558 509
4806 273906 443
509564 121788 449
766626 191141 509
808486 820232 450
742516 877633 525
630411 35027 509
710341 533216 509
239429 926892 525
110999 883340 525
528495 660639 509
793955 858063 525
67935 291651 443
957797 670700 525
185601 456336 449
497681 432938 444
294677 584215 470
980602 635593 525
687519 292013 509
660577 769364 504
552382 107134 470
93648 730853 509
858096 958084 507
932060 862980 476
568710 580959 390
673698 907347 525
990575 351466 525
463247 425009 444
778660 148144 509
322361 481962 449
612999 880657 525
405054 441022 449
941774 832996 525
399656 381941 436
631715 140203 509
38758 49867 314
292241 563082 470
733160 856592 525
385485 382325 361
654793 611653 509
704104 194467 509
587716 607762 403
112416 759816 509
616807 928358 525
589137 788795 509
192618 369559 443
82924 729330 509
400561 894144 525
761549 664626 504
866336 765670 525
184163 387987 443
781052 384672 509
301529 488658 449
53272 789197 509
54823 868742 525
756260 945692 525
528749 884301 525
392685 485325 449
963930 241276 525
242222 810895 509
557287 715812 509
276856 371195 441
503267 655189 509
51661 967519 525
545038 355558 470
223711 800242 509
820239 721068 468
177218 395395 443
673539 860155 525
788549 869833 525
556508 352552 470
940324 231130 525
98216 68166 351
670174 581416 509
877437 488784 525
138094 453807 449
594439 187671 470
128650 791464 509
978351 281711 525
923116 752109 525
391350 466454 449
825062 39379 509
235865 466441 449
784831 514961 509
733291 30717 509
718080 605097 509
736006 735449 424
666220 388771 509
37763 940151 525
707784 134513 509
255553 8671 443
945809 564100 525
129188 937825 525
304124 874910 525
899051 531599 525
742545 893025 525
919364 272818 525
715557 985474 525
501114 742264 509
759881 95727 509
78328 341642 443
402813 529539 470
592171 825521 509
675443 690792 398
693480 731438 504
323393 615569 470
195491 819364 509
903960 878429 445
650143 553586 509
804359 733003 468
974321 53024 525
413641 419323 387
483338 730787 509
224077 626920 509
280203 580383 470
160022 584018 470
748428 143826 509
458044 72082 449
466977 124806 449
616290 498749 470
537359 256165 470
349566 642283 509
429762 872742 525
825430 683332 504
627593 15156 509
302968 25017 443
704123 243517 509
377042 265222 441
892423 478076 525
465196 604333 470
617903 521523 452
720488 261055 509
24220 729383 509
861069 926356 476
926645 964529 507
266058 442987 449
326252 242461 407
278113 272286 389
83289 698145 509
797131 651866 504
314071 894812 525
658817 892808 525
793764 371522 509
818855 982716 525
134078 370078 443
251327 505689 449
792354 183123 509
602653 50304 470
354700 673407 509
793985 424932 509
834191 487968 509
850897 543466 525
514745 948614 525
564809 175225 470
746923 769046 468
102392 496653 449
923832 716255 525
213912 649513 509
9639 295604 443
226839 145594 386
601401 51127 470
915016 790371 525
734286 299833 509
615254 891222 525
913662 85892 525
521652 417470 470
113365 981002 525
963325 771977 525
421940 564417 470
94271 183764 383
367364 92377 443
866015 939336 476
691229 974108 525
376432 722139 509
976383 281312 525
794248 944873 525
324354 60909 443
541391 842110 525
512640 736671 509
408273 179412 443
285028 273815 389
804807 152765 509
704012 50294 509
577390 555781 421
652137 897656 525
304980 723480 509
453492 520505 470
921982 496432 525
308002 313575 384
988929 348068 525
415424 415701 250
171322 475630 449
704910 976037 525
110775 650843 509
386606 974829 525
139465 773185 509
777091 313373 509
348338 664701 509
208824 149144 383
661500 722645 504
269423 845763 525
474477 621671 470
99103 285876 443
403809 581601 470
239470 370250 441
981673 525468 525
324948 119505 443
64441 215243 383
256086 86773 443
51449 623472 470
924059 570139 525
113554 66529 354
865658 32365 525
784714 162120 509
731508 950995 525
888897 387284 525
226176 152616 386
664703 795074 504
322050 258301 407
557576 424311 470
419630 770093 509
811164 717606 468
601264 256974 470
182930 193040 360
844903 108915 525
702574 23533 509
686404 84197 509
894079 628478 525
266105 902752 525
692570 922584 525
406358 70589 443
945794 279212 525
545461 950506 525
827494 316479 509
219791 424916 449
277594 304922 389
825161 789550 468
183795 811070 509
601582 343361 470
33528 351350 443
939239 430839 525
187266 539766 470
979829 988137 427
387894 908896 525
134331 343350 443
150447 190049 383
119231 632786 509
937171 12002 525
757344 587251 509
570243 360258 470
441345 92778 449
864738 606164 525
428338 175837 449
564667 827896 509
148193 350066 443
62504 597964 470
358590 395688 436
195832 483597 449
172960 39069 383
402332 510665 449
896626 932696 476
325690 576453 470
919936 189042 525
390219 793943 509
89109 238475 443
81708 526799 470
475648 314133 449
507439 181027 449
28845 627379 509
971570 891605 507
474054 607442 470
645435 50002 509
28743 118733 354
179161 115521 383
80926 629169 509
175017 528271 470
208439 32065 383
598502 467196 470
626016 481530 470
355448 80115 443
909376 805032 525
717980 45842 509
256327 34336 443
985320 537058 525
464504 434403 444
554113 947137 525
609784 305245 470
424641 969185 525
240349 339873 407
452267 600397 470
915829 607425 525
376338 452810 449
542059 318637 470
721157 930536 525
117952 554933 470
105445 665861 509
926134 595597 525
748609 358723 509
582868 462420 470
95505 337063 443
700902 779692 504
458010 734705 509
712063 90757 509
494269 888509 525
911404 811307 525
707993 91641 509
303621 74038 443
84575 143387 375
903194 728834 525
512362 630888 509
825761 715886 468
931294 721667 525
638673 294408 509
762884 579529 509
858195 164334 525
301566 716215 509
299930 199486 443
474530 517541 470
833436 264551 509
933044 430336 525
353641 720350 509
440869 444335 356
867385 647486 525
233686 364932 441
176462 311797 443
586782 246030 470
907010 840068 445
536647 269454 470
543426 714167 509
236269 335153 407
642660 378826 509
105143 915565 525
767221 704552 504
975093 63560 525
633530 73915 509
184668 315883 443
42818 647414 509
781129 57235 509
877024 704237 525
33747 392414 443
599790 493032 470
619720 888216 525
616224 526962 452
529456 600271 452
593719 834090 509
756995 484256 509
524428 55988 470
640210 731970 504
278504 61398 443
631029 380922 509
531666 603943 452
785876 66117 509
892925 559138 525
238878 343690 407
465357 91120 449
864048 181468 525
867709 248207 525
646950 29194 509
365716 602268 470
511358 133392 449
413417 623124 470
412813 215141 449
806283 118456 509
989999 284413 525
284856 733652 509
418492 707505 509
800889 766266 468
942155 894059 507
534286 336681 470
858425 331462 525
910618 810353 525
138847 605423 470
363569 687106 509
899709 429128 525
977807 467961 525
264718 216827 443
764492 148314 509
837896 22524 525
508827 445266 444
726582 596738 509
496864 983592 525
408528 254281 441
103394 885453 525
451108 288498 449
95573 339166 443
282760 891457 525
485366 177232 449
645778 258736 509
20651 547738 470
674846 569433 509
628465 800026 504
537325 369233 470
768486 468325 509
419902 63223 449
190091 78367 383
173111 496792 449
747695 633838 504
842301 202603 525
967370 383057 525
473487 789100 509
989727 502282 525
228200 95360 386
371799 950464 525
856919 326840 525
312185 100603 443
740125 89509 509
982345 93828 525
924748 463231 525
381882 812123 509
167192 390738 443
81555 151789 375
888707 331967 525
235064 989190 525
991478 455392 525
705235 59329 509
651871 452937 509
203780 472046 449
869183 202177 525
143470 935169 525
712512 22389 509
870282 963116 507
774684 727384 468
19232 557153 470
350351 350135 304
625384 542814 452
736204 568756 509
40567 43468 288
876016 1155 525
642121 418635 509
303761 642235 509
273294 472575 449
77009 512411 470
592592 273713 470
633218 773683 504
313418 558533 470
377341 87915 443
233763 324187 407
344655 264267 407
51899 850900 525
642953 426082 509
67101 406634 443
118985 163542 383
819176 249728 509
11408 803105 509
637234 97500 509
333590 878387 525
572788 916185 525
601813 724589 509
676483 15850 509
905996 418777 525
448696 918116 525
469770 864886 525
224903 78952 386
913933 973001 507
435360 177426 449
712157 639568 504
59639 567101 470
490874 615254 470
149364 482418 449
197846 601186 470
252681 409768 441
957987 777681 525
692361 493299 509
3007 911946 525
442780 129563 449
146655 666741 509
351316 802816 509
263429 429178 449
455072 373669 449
390107 70424 443
467541 216554 449
821328 440397 509
231097 924316 525
718351 988154 525
144692 488705 449
740403 804559 468
642249 510545 509
377564 219343 443
591924 789150 509
490441 194513 449
651270 642880 385
913202 469407 525
805586 186493 509
361562 292945 441
459289 60762 449
705543 673642 504
981348 409234 525
458228 170025 449
729974 219432 509
27030 99724 351
518344 93526 470
444435 665754 509
717742 548686 509
402692 368712 436
727935 641046 504
64052 413425 449
143550 990290 525
298087 832232 509
391868 694249 509
344033 172901 443
959680 564027 525
933629 760197 525
128145 88857 354
303308 393322 441
723974 424262 509
329818 528701 470
117585 964691 525
936415 394654 525
164388 49581 383
524812 451868 470
120075 506018 449
218483 245888 443
656299 857442 525
273939 74272 443
866731 541357 525
886983 325005 525
757846 653991 504
440170 632154 509
852642 960231 507
795662 671732 504
652724 916064 525
715228 2001 509
274617 600647 470
707417 588882 509
335162 958087 525
272918 784169 509
359337 926121 525
495362 511540 426
638437 560993 509
449456 217077 449
609517 444857 470
855145 945558 507
756125 633429 504
569943 384085 470
559177 426211 470
796622 277841 509
734398 937461 525
595842 660560 509
473852 40898 449
379265 480599 449
524004 841627 525
355186 552687 470
57523 591392 470
383232 170223 443
572209 463621 470
735451 2471 509
635311 7797 509
866819 138693 525
607781 433038 470
368407 874962 525
469423 261983 449
851028 351357 525
226243 841537 525
16940 704083 509
835579 799080 450
693328 499703 509
117953 753439 509
85761 852556 525
238135 500465 449
65145 511166 449
298163 924186 525
421054 39260 449
674316 76143 509
831495 950289 525
496075 117261 449
838568 703957 525
171481 137006 383
546141 996487 525
939016 622073 525
625280 914688 525
916049 518689 525
721979 653441 504
128183 255982 443
596705 477227 470
168691 718838 509
513901 33565 470
844037 283052 525
160070 578831 470
817636 568334 509
960145 968276 414
542265 300277 470
233005 690149 509
860396 484613 525
468215 820727 509
505324 228949 449
798032 559470 509
323954 851471 525
802708 222421 509
599942 104504 470
335094 962621 525
134428 234803 443
434955 518576 470
257554 382569 441
367496 419663 449
229466 277496 443
748157 989357 525
342494 972141 525
881046 356136 525
770070 219263 509
256732 415055 449
901871 168701 525
431873 171961 449
653326 58466 509
694888 273033 509
401408 90753 443
345281 385202 441
653429 413027 509
556971 792713 509
943125 122698 525
526190 440744 470
425684 146318 449
430933 252128 449
133596 235082 443
51105 915549 525
296582 801454 509
256282 275532 407
725611 890229 525
892236 712500 525
232830 833706 509
459203 486275 444
891437 546863 525
836300 413943 509
633141 545793 509
770041 682648 504
2453 551807 470
903698 263897 525
618855 514579 452
412146 736612 509
87803 449955 449
348171 264484 441
312916 150288 443
266108 666310 509
723810 455668 509
622716 607509 447
191469 850574 525
559728 802989 509
966228 9377 525
534446 116204 470
968308 1891 525
611550 661427 509
79044 992615 525
179242 545005 470
629639 839331 525
164645 30191 383
236362 292851 407
146459 476827 449
175100 903695 525
887308 924041 476
78011 996409 525
914631 167679 525
340699 530813 470
688666 385497 509
984891 543439 525
320993 17519 443
80309 473174 449
599704 686078 509
206633 703297 509
480853 394146 449
864600 387738 525
104024 259951 443
522051 221868 470
557213 303492 470
919738 526316 525
967683 703701 525
941906 454285 525
336740 885053 525
372938 536198 470
813744 395650 509
73918 227141 386
655079 915283 525
897901 818763 525
914715 726640 525
161502 573737 470
332673 424642 449
860431 402578 525
934841 591431 525
480609 854028 525
431663 175568 449
152964 765032 509
644251 665810 442
733114 107900 509
325118 109025 443
876496 482858 525
948260 89275 525
310566 296019 371
281746 946350 525
779369 6915 509
927640 486588 525
818715 356947 509
12406 930996 525
894580 240392 525
969499 793777 525
51070 752357 509
899146 211362 525
130790 952162 525
483417 105070 449
678866 384129 509
433185 601239 470
666903 378261 509
143791 727039 509
285143 447713 449
725132 408534 509
876080 654535 525
76872 814669 509
12256 935637 525
818924 695758 504
162277 982293 525
919778 371305 525
15000 123125 354
940376 727362 525
530867 656311 509
218792 20395 386
115599 454762 449
741895 469398 509
934641 280846 525
205557 801710 509
542198 806779 509
66821 836024 509
437448 664362 509
592298 308143 470
399075 123944 443
750034 925275 525
19980 17436 279
661027 761464 504
564646 923230 525
495875 753094 509
415651 180870 449
586675 126362 470
42448 118314 354
930078 979976 507
709289 682323 504
630435 81828 509
400624 49658 443
509354 828688 509
557301 459796 470
567102 607427 434
827033 504312 509
90401 814364 509
795216 99133 509
469012 99217 449
499983 877751 525
609555 49891 470
886972 410182 525
759189 306060 509
428655 466982 444
504938 749839 509
140071 112617 349
267640 971783 525
652660 189805 509
224889 135306 386
861655 317389 525
877231 882154 401
706766 799534 468
409620 239885 441
662831 373637 509
229416 47814 386
554679 907649 525
107462 133571 349
932015 503358 525
875074 5341 525
774874 838767 525
692710 816771 504
92810 467479 449
202052 688297 509
641802 522967 509
989022 490690 525
637894 296990 509
448515 8630 449
887439 279948 525
470457 83217 449
87651 881575 525
120000 195984 383
350954 467629 449
311673 801014 509
960702 935746 507
168131 68490 383
428391 554743 470
489471 88905 449
563287 558746 359
360207 753313 509
219624 232621 443
99763 706722 509
905363 269545 525
371444 938697 525
536426 705788 509
547231 681645 509
333543 32036 443
265421 521521 470
483352 294155 449
289351 660649 509
534480 388068 470
193333 515292 470
152244 941496 525
372111 673064 509
407011 387259 436
338936 303292 384
81498 155574 375
81666 517292 470
927353 542558 525
363600 760011 509
522874 304696 470
654366 908652 525
538886 549321 452
864700 421290 525
231420 63624 443
136953 166852 383
786524 983201 525
650584 759505 504
448251 138701 449
169450 582004 470
885389 638441 525
956671 714914 525
981229 207707 525
675121 677146 385
664506 583201 509
79748 947717 525
805195 284382 509
185091 383118 443
858449 392343 525
291353 807627 509
401288 460693 449
799598 658239 504
33334 370619 443
306132 768743 509
133950 191871 383
593527 320567 470
528306 900524 525
27395 47189 324
324585 969887 525
610795 814636 509
669621 339088 509
769580 307532 509
322446 380449 441
460300 307421 449
171669 146689 383
666174 771154 504
796163 156764 509
925589 899877 476
77747 158493 383
511649 665764 509
673431 930254 525
931032 850734 476
813113 105441 509
857260 799965 525
641744 934028 525
669234 538382 509
923863 656700 525
783114 110242 509
889629 939367 476
687565 434453 509
857345 389334 525
402677 309991 441
815719 198629 509
256094 629392 509
703349 193447 509
820956 271165 509
762092 129890 509
394899 435596 449
160016 692366 509
963854 488855 525
438643 909308 525
525622 297837 470
114385 297467 443
423758 917593 525
596887 36609 470
830307 663531 504
134727 526016 470
225190 625387 470
684406 307264 509
49977 606993 470
860301 187964 525
204410 87481 383
665287 461821 509
636057 862215 525
743876 993916 525
518123 536561 439
927231 88550 525
879691 497757 525
853349 51507 525
649019 599597 509
212613 129941 383
887127 765222 525
471023 601257 470
159613 483743 449
808651 586782 509
43794 669390 509
42564 195460 383
360948 224691 443
810890 725459 468
915335 543409 525
622411 345006 470
8957 980607 525
134630 274752 443
370794 366576 392
338362 449024 449
118875 43242 354
90464 747865 509
81285 735073 509
555305 581054 421
996823 145053 525
762976 143549 509
446937 287629 449
356535 433000 449
627784 767134 504
135755 867112 525
435524 998427 525
680810 414363 509
