970 642 179
528 566 137
55 375 144
266 562 144
112 514 144
825 645 171
915 202 179
706 353 171
526 912 179
689 347 145
644 501 137
10 683 145
54 87 116
248 214 128
525 800 171
662 622 145
993 119 179
680 489 145
376 584 142
70 680 145
686 752 171
796 725 153
756 259 171
40 493 144
910 903 117
847 638 171
503 884 179
951 833 179
706 222 171
682 546 145
243 372 144
113 534 144
454 699 145
230 722 171
697 599 145
164 987 179
46 270 128
147 118 122
106 217 125
961 415 179
285 396 144
952 581 179
738 606 171
9 928 179
968 806 179
280 401 144
700 140 145
80 265 128
514 863 171
691 936 179
608 877 179
117 678 145
410 414 134
137 423 144
572 290 144
983 798 179
147 404 144
762 607 171
673 820 171
919 188 179
139 734 171
471 963 179
657 337 145
27 43 112
75 710 171
898 391 179
677 560 145
186 160 125
799 477 171
494 972 179
557 746 171
361 770 171
265 302 123
767 779 153
219 682 145
663 172 145
300 313 131
403 440 134
902 997 174
38 803 171
57 430 144
68 666 145
284 64 128
21 449 144
552 244 144
217 827 171
904 611 179
823 89 171
293 624 144
206 559 144
844 676 171
65 890 179
346 200 144
646 202 144
640 753 171
852 794 135
871 823 179
427 558 142
709 493 171
73 103 119
799 518 171
24 572 144
832 787 135
865 482 171
762 596 171
114 684 145
536 840 171
190 738 171
316 696 145
496 965 179
2 262 128
101 180 125
312 367 144
77 187 125
800 725 153
952 450 179
439 575 142
415 855 171
962 753 179
278 634 144
766 126 171
357 778 171
157 255 128
595 857 171
327 478 144
3 353 144
279 62 128
95 327 144
5 925 179
466 292 144
286 622 144
127 521 144
417 105 144
214 150 125
569 94 144
305 264 123
241 21 128
14 577 144
737 528 171
181 841 171
697 974 179
316 730 171
800 537 171
894 20 179
921 577 179
488 429 142
499 870 171
820 13 171
663 366 145
283 141 128
248 289 123
912 533 179
890 71 179
234 675 145
769 499 171
609 583 132
83 22 116
111 855 171
540 280 144
235 333 144
960 955 130
708 441 171
990 206 179
295 246 123
114 727 171
437 871 179
63 395 144
610 273 144
460 768 171
513 867 171
721 223 171
245 595 144
355 798 171
346 194 144
650 490 145
630 157 144
986 210 179
732 597 171
252 331 144
919 114 179
855 356 171
236 462 144
222 387 144
825 534 171
861 65 171
172 716 171
412 812 171
812 713 153
155 157 86
84 707 171
344 774 171
397 81 144
831 457 171
571 177 144
654 204 145
248 772 171
992 247 179
76 350 144
519 859 171
525 460 142
359 986 179
570 217 144
479 768 171
380 421 134
1 557 144
950 699 179
960 302 179
72 119 119
660 447 145
147 122 122
173 719 171
359 302 144
524 523 124
260 559 144
739 979 179
792 8 171
417 838 171
22 518 144
237 890 179
382 468 134
882 67 179
655 746 171
93 640 144
933 714 179
107 80 119
947 667 179
828 372 171
968 47 179
239 131 128
934 68 179
669 719 171
84 112 119
255 603 144
135 295 128
13 937 179
357 824 171
378 620 142
446 830 171
612 396 142
991 700 179
878 501 179
765 196 171
644 256 144
711 192 171
131 776 171
593 976 179
91 257 128
231 987 179
702 120 145
416 186 144
511 300 144
521 301 144
413 226 144
865 666 171
485 153 144
101 795 171
629 147 144
212 572 144
335 830 171
123 154 122
37 476 144
886 57 179
421 324 144
271 823 171
865 847 148
860 452 171
731 221 171
951 760 179
329 794 171
283 357 144
31 958 179
141 665 145
443 362 134
436 700 145
536 714 171
919 976 174
734 635 171
823 905 179
943 224 179
5 769 171
59 205 125
852 136 171
293 772 171
9 4 20
664 500 145
932 645 179
580 925 179
962 466 179
339 49 144
647 933 179
389 41 144
586 219 144
176 274 128
348 878 179
272 346 144
10 5 20
767 114 171
548 984 179
524 563 137
25 120 119
847 569 171
913 567 179
803 909 179
472 658 145
189 248 128
165 431 144
103 929 179
338 58 144
505 393 142
492 792 171
793 617 171
241 624 144
145 588 144
738 851 153
372 377 108
86 987 179
487 802 171
704 511 171
893 301 179
783 288 171
943 215 179
370 523 142
684 107 145
583 289 144
964 545 179
174 896 179
92 83 111
104 986 179
159 42 122
244 930 179
976 848 179
626 969 179
228 697 145
912 677 179
285 882 179
511 500 111
466 501 142
625 342 142
92 48 116
587 931 179
406 715 171
275 403 144
973 179 179
793 985 179
831 955 179
879 381 179
248 178 128
565 283 144
414 530 142
56 725 171
819 904 179
182 988 179
203 770 171
376 276 144
448 751 171
992 600 179
702 764 171
841 87 171
703 138 171
108 896 179
523 447 142
511 188 144
596 749 171
85 536 144
976 509 179
770 418 171
899 784 179
516 875 179
180 811 171
857 798 135
362 684 145
948 505 179
946 564 179
142 753 171
221 731 171
285 578 144
677 944 179
987 863 179
346 88 144
435 169 144
584 790 171
642 388 142
855 339 171
387 626 142
972 727 179
853 170 171
797 568 171
485 168 144
285 954 179
392 209 144
664 441 145
227 827 171
478 327 144
866 680 171
778 226 171
332 378 126
297 577 144
147 916 179
605 123 144
569 327 144
109 746 171
535 834 171
267 642 144
561 321 144
169 416 144
464 922 179
31 932 179
43 268 128
680 207 145
63 592 144
929 604 179
219 615 144
267 208 128
645 720 171
639 367 142
952 788 179
183 498 144
708 736 140
575 167 144
193 216 120
625 55 144
811 972 179
527 349 142
842 805 135
919 111 179
260 437 144
510 532 124
162 849 171
652 665 145
791 25 171
507 508 49
681 27 145
141 695 145
76 165 122
994 145 179
118 833 171
736 42 171
480 885 179
201 347 144
169 421 144
274 266 92
497 953 179
12 705 171
987 595 179
503 992 179
368 989 179
605 229 144
492 219 144
627 307 144
161 719 171
691 173 145
274 770 171
234 829 171
477 551 142
400 364 121
334 537 142
254 506 144
790 932 179
990 41 179
541 328 142
255 730 171
637 165 144
976 685 179
165 164 112
673 664 145
745 959 179
814 259 171
139 697 145
821 551 171
946 675 179
587 34 144
660 904 179
129 317 131
852 212 171
586 538 137
362 635 142
23 527 144
809 39 171
401 211 144
588 151 144
448 564 142
181 706 171
437 884 179
316 884 179
108 174 125
258 439 144
145 574 144
426 84 144
494 432 142
482 389 134
205 117 125
847 317 171
931 292 179
595 449 142
830 224 171
888 574 179
569 44 144
484 753 171
578 203 144
789 451 171
865 30 171
138 62 122
965 134 179
879 288 179
279 27 128
159 368 144
874 815 179
914 954 174
104 217 125
283 803 171
914 639 179
162 40 122
246 171 128
752 109 171
630 303 144
92 775 171
884 209 179
667 363 145
957 844 179
925 497 179
789 350 171
10 293 128
356 432 134
525 646 137
243 16 128
373 263 144
17 737 171
75 291 128
400 644 142
248 768 171
42 618 144
954 308 179
637 908 179
232 420 144
498 790 171
731 592 171
276 266 92
119 382 144
924 896 130
193 566 144
489 155 144
928 676 179
513 383 142
725 203 171
751 194 171
33 110 119
825 114 171
980 934 174
104 536 144
21 787 171
189 507 144
327 812 171
413 138 144
558 734 171
243 68 128
531 178 144
600 199 144
9 124 119
989 553 179
857 47 171
257 347 144
825 798 135
975 704 179
140 58 122
398 983 179
532 358 142
817 560 171
696 587 145
204 695 145
517 984 179
529 71 144
801 144 171
120 437 144
986 466 179
357 697 145
506 464 142
262 67 128
671 257 145
586 964 179
861 543 171
882 832 179
89 538 144
948 835 179
109 529 144
664 202 145
539 964 179
22 610 144
198 611 144
37 442 144
147 119 122
428 893 179
229 479 144
938 693 179
530 394 142
464 917 179
593 349 142
41 112 119
571 681 145
123 88 119
179 892 179
824 640 171
378 435 134
5 572 144
130 67 122
782 30 171
846 591 171
766 575 171
69 941 179
774 372 171
551 950 179
637 25 144
331 867 171
302 515 144
244 499 144
404 209 144
326 820 171
331 357 126
475 383 134
153 197 125
613 173 144
514 2 144
636 522 137
812 979 179
13 130 122
920 483 179
480 588 142
118 665 145
780 25 171
97 525 144
478 707 171
436 136 144
698 141 145
426 414 134
927 913 130
876 140 179
724 279 171
957 335 179
125 454 144
900 240 179
357 393 121
799 516 171
486 692 145
326 55 131
459 95 144
804 555 171
963 920 174
729 798 153
546 548 93
499 541 124
878 14 179
272 537 144
893 350 179
467 496 142
176 221 120
924 957 174
17 949 179
645 898 179
465 853 171
462 394 134
31 669 145
184 395 144
502 659 145
748 888 179
735 1 171
413 711 171
10 574 144
31 422 144
343 166 144
391 759 171
94 192 125
645 878 179
973 226 179
665 629 145
468 734 171
182 82 125
359 922 179
975 581 179
37 147 122
798 917 179
426 772 171
690 444 145
526 507 124
804 709 153
602 562 119
644 494 137
535 62 144
258 522 144
936 652 179
963 508 179
943 42 179
555 150 144
511 41 144
210 60 125
125 246 128
953 374 179
11 18 21
311 375 144
226 441 144
117 917 179
576 641 132
282 161 128
587 650 145
393 22 144
156 89 122
231 476 144
314 589 144
727 870 153
474 906 179
891 513 179
373 875 179
132 10 122
327 2 144
95 602 144
597 156 144
451 317 144
364 764 171
219 589 144
781 253 171
206 853 171
1 134 122
1 516 144
42 953 179
182 866 171
604 909 179
374 987 179
321 16 131
286 291 118
100 933 179
926 247 179
24 982 179
255 98 128
9 505 144
271 232 128
365 479 134
640 827 171
804 273 171
989 824 179
136 263 128
605 381 142
301 236 123
217 724 171
947 214 179
457 556 142
668 403 145
633 939 179
959 927 174
707 576 171
580 904 179
789 218 171
713 677 171
647 833 171
151 205 125
549 910 179
992 737 179
179 686 145
777 495 171
846 205 171
696 289 145
464 391 134
219 627 144
937 151 179
952 414 179
656 642 145
877 429 179
378 347 126
380 641 142
517 165 144
216 646 144
522 345 142
478 723 171
602 960 179
95 212 125
850 412 171
84 988 179
816 399 171
69 528 144
754 272 171
188 476 144
195 393 144
779 604 171
943 54 179
279 258 123
691 89 145
442 618 142
852 100 171
973 649 179
234 92 128
773 862 153
246 648 144
833 827 135
930 385 179
679 199 145
490 415 142
965 649 179
318 826 171
273 227 128
864 881 179
267 813 171
72 95 116
988 477 179
479 640 142
136 125 122
25 604 144
944 83 179
243 634 144
536 350 142
253 23 128
262 332 144
728 539 171
822 653 171
634 419 142
243 105 128
959 736 179
135 767 171
722 378 171
770 620 171
199 859 171
502 788 171
172 775 171
328 254 144
627 847 171
907 995 174
727 899 179
545 852 171
359 98 144
643 704 171
77 659 145
691 873 179
969 589 179
969 970 99
523 375 142
296 841 171
433 177 144
231 54 128
738 579 171
959 864 179
286 299 118
28 720 171
429 238 144
867 587 171
821 914 179
576 651 145
671 137 145
432 218 144
408 108 144
774 517 171
55 801 171
128 671 145
973 713 179
460 138 144
777 503 171
83 843 171
149 662 145
867 704 153
909 790 179
395 654 145
66 992 179
253 670 145
797 800 122
594 853 171
735 932 179
341 495 142
595 469 142
498 970 179
427 393 134
371 296 144
650 276 145
130 467 144
750 584 171
365 655 145
292 187 128
249 826 171
209 117 125
557 489 142
116 260 128
546 411 142
949 409 179
763 454 171
560 960 179
856 114 171
798 249 171
401 852 171
427 829 171
777 481 171
873 639 179
803 301 171
929 397 179
518 996 179
904 865 179
179 562 144
913 654 179
503 414 142
98 945 179
572 497 137
90 247 128
712 545 171
535 68 144
843 904 179
60 878 179
134 470 144
544 250 144
832 985 179
529 687 145
918 440 179
378 856 171
590 438 142
603 859 171
760 73 171
309 422 144
234 330 144
53 922 179
187 661 145
415 972 179
538 256 144
160 621 144
945 466 179
214 59 125
723 167 171
33 482 144
852 479 171
489 279 144
816 679 171
851 304 171
815 745 153
572 476 142
85 514 144
333 48 144
208 527 144
999 455 179
448 130 144
205 281 128
610 466 142
38 100 119
85 319 131
739 690 171
854 929 179
469 840 171
653 810 171
252 876 179
203 917 179
798 271 171
10 569 144
628 295 144
401 200 144
301 747 171
302 364 144
700 460 145
402 353 126
289 801 171
753 388 171
856 990 179
446 797 171
994 79 179
431 469 129
126 747 171
199 33 125
606 631 132
745 609 171
765 904 179
513 759 171
761 601 171
655 908 179
60 577 144
426 221 144
891 582 179
543 989 179
356 837 171
871 995 179
47 519 144
285 658 145
826 496 171
316 988 179
8 540 144
381 675 145
968 252 179
209 712 171
739 6 171
851 569 171
65 870 171
212 328 144
479 872 179
969 626 179
16 322 131
939 631 179
638 533 137
954 652 179
488 619 142
60 716 171
13 128 119
194 105 125
199 579 144
48 42 105
26 830 171
498 13 144
862 642 171
701 921 179
496 732 171
744 977 179
959 742 179
815 591 171
