593163 379184 470
989054 875711 507
570760 633042 509
733522 757746 424
819547 381955 509
292405 75971 443
269493 339507 407
469455 182158 449
530279 285853 470
989276 277629 525
91831 717494 509
506923 865829 525
425809 937204 525
52599 181671 383
732424 249061 509
239254 80171 443
785277 268644 509
676068 719172 504
477140 346144 449
73848 32420 340
157232 909099 525
622346 221643 470
31635 596120 470
581000 35087 470
859689 432558 525
691275 793504 504
475181 823038 509
916363 661459 525
387452 396094 436
590945 671805 509
425975 314863 449
786952 994248 525
530262 437559 470
929168 229383 525
41985 518943 470
440905 876122 525
958489 963088 414
396003 798668 509
153196 558092 470
744833 266192 509
598847 683408 509
493173 220195 449
215933 381770 443
842887 848909 419
145071 17920 375
823183 934678 525
770884 689477 504
947858 129015 525
514208 75049 470
293657 585194 470
510722 726449 509
248160 556251 470
468673 399848 449
189248 93816 383
983244 220318 525
760274 467785 509
528631 220067 470
396000 467199 449
521443 25155 470
369038 62184 443
923818 113221 525
847034 679253 525
279487 916470 525
91458 918941 525
135581 848202 525
468351 346572 449
311248 639449 509
945730 854967 507
658446 249920 509
636501 571110 509
187942 879252 525
930018 134443 525
843748 429481 525
667358 718912 504
410992 550377 470
653772 551062 509
775189 93682 509
863338 6563 525
331931 596278 470
372014 810888 509
471841 640010 509
477854 452818 444
457526 818471 509
873377 489586 525
238539 457690 449
147540 748100 509
88416 506957 449
752692 266373 509
387343 640048 509
809780 489450 509
858856 199169 525
695731 710050 504
35556 656544 509
472621 498098 426
171195 3881 383
447156 507546 444
18444 371082 443
948557 755100 525
716859 859031 525
51136 58799 340
685259 629295 442
72823 39269 340
57575 75722 335
191635 498039 449
410961 222439 449
903443 922672 476
453508 971987 525
356316 346556 379
989339 31810 525
651355 847908 525
583502 382222 470
444969 627174 509
177203 852090 525
86380 216401 386
906968 331779 525
316283 671127 509
136846 296117 443
959526 435463 525
686687 776032 504
497178 820808 509
558764 795792 509
13960 926101 525
574990 939301 525
532490 637878 509
233216 216476 443
798967 389180 509
647652 506484 509
803254 982215 525
962778 879934 507
623985 646147 509
631634 304369 509
335550 786130 509
845517 147604 525
362879 725750 509
504867 111753 449
960466 855384 507
184962 289868 443
970789 41749 525
681961 588877 509
383769 128598 443
706305 913460 525
334093 824732 509
674316 894331 525
700819 213580 509
547544 365938 470
386049 358570 423
752440 360963 509
347826 763758 509
672392 459836 509
765134 109237 509
159697 625470 470
548708 303456 470
467936 969638 525
592307 917541 525
129715 260973 443
848653 137532 525
351992 692031 509
619434 103974 470
778751 890400 525
865759 96769 525
973537 923808 507
19810 778115 509
216808 550044 470
547819 949886 525
981183 386356 525
686108 288095 509
52332 649089 509
383570 338749 441
705549 783369 468
604590 61429 470
65371 448281 449
392795 525588 470
687150 577464 509
824017 287380 509
419042 826817 509
499600 361636 449
742742 102339 509
339935 308313 384
920242 538494 525
630679 997861 525
389150 80399 443
991419 10724 525
787285 739149 468
474046 997507 525
452496 46006 449
410609 882699 525
965306 484587 525
411596 80952 449
795290 759575 468
286456 712551 509
109200 836004 509
384104 750199 509
201941 927837 525
353244 188679 443
951063 295487 525
305330 94701 443
103871 221726 386
167646 597381 470
845214 58940 525
778336 779733 437
92225 550904 470
81878 525031 470
636913 517015 509
259505 569242 470
190255 426160 449
74479 699956 509
894494 772208 525
77607 405206 443
788452 215365 509
990577 513398 525
13618 27094 308
788347 915833 525
312394 389568 441
325262 363720 441
282435 14585 443
90937 186150 383
18463 484462 449
952750 592606 525
971660 127053 525
937451 320704 525
734396 791347 468
796818 844267 525
379989 176077 443
888025 253181 525
877164 394606 525
756869 34433 509
448612 126156 449
674835 987773 525
487432 955580 525
607652 64939 470
224557 583669 470
22585 354091 443
676116 892420 525
144365 590568 470
81825 708293 509
811303 72012 509
355150 154719 443
160458 490681 449
843501 526223 525
853912 992453 507
351271 878868 525
777480 828537 468
672819 798245 504
117976 138337 344
697656 773824 504
585280 814848 509
161697 530225 470
129031 255515 443
611191 337646 470
583770 329597 470
249788 816694 509
486847 81459 449
617048 720587 509
800133 586667 509
123083 559549 470
70875 483565 449
787099 166806 509
72313 690184 509
616095 990297 525
304550 587831 470
806483 976012 525
421738 315654 449
71948 351232 443
976946 606717 525
224882 805452 509
594619 832136 509
219507 839938 525
308119 473581 449
469241 24304 449
758745 861198 525
608743 243516 470
917161 644233 525
691780 309975 509
465930 403572 449
414072 744008 509
719017 341504 509
331920 648040 509
828044 307741 509
693568 954018 525
987138 919302 507
824844 959966 525
729494 507110 509
611114 167251 470
919692 553899 525
729521 494199 509
660117 241666 509
250632 478018 449
722036 218729 509
329797 853913 525
4466 367429 443
166734 707752 509
918758 996726 507
840645 821631 525
855378 82205 525
419856 150150 449
261831 772438 509
501786 946898 525
161480 547780 470
174683 61236 383
332231 575209 470
368313 590510 470
808272 807858 238
492505 393846 449
72932 853620 525
294678 778680 509
336605 1766 443
613489 421686 470
902718 30979 525
398972 458871 449
741575 365877 509
427091 541378 470
989384 424987 525
749671 523072 509
180776 530890 470
449817 507066 444
971836 498050 525
320877 555896 470
387344 559597 470
191544 172380 365
143934 576493 470
604343 43904 470
783615 402354 509
619248 712847 509
381678 227021 443
273916 84508 443
320487 824108 509
350799 2713 443
403681 203390 443
274579 576151 470
691218 259217 509
549845 848230 525
225400 854977 525
642956 234148 509
951114 869409 507
9351 457132 449
135152 316796 443
451648 901879 525
685072 325760 509
930171 58846 525
130931 656744 509
565483 196139 470
547325 657612 509
66653 92785 351
540430 823822 509
732494 309461 509
106969 776820 509
225821 53395 386
461137 392151 449
522141 229235 470
970056 550841 525
44267 637789 509
902844 903604 370
208358 923281 525
980395 450604 525
878784 848040 432
613884 614655 310
13640 437136 449
174560 866470 525
724916 803862 468
887006 84987 525
728610 393220 509
84418 392217 443
878650 316300 525
779003 882406 525
54380 96210 351
443757 874694 525
635198 615056 509
388014 46819 443
189904 726549 509
684278 386484 509
841244 720005 525
991509 706957 525
646818 341967 509
806839 29290 509
290447 263359 407
443787 840716 525
926768 453802 525
654210 849801 525
961801 318763 525
190028 685576 509
407808 146805 443
466117 173289 449
766706 235359 509
146689 157737 383
708050 511316 509
304872 757680 509
974643 142445 525
325168 350787 441
572431 8974 470
887656 758044 525
906127 739015 525
709013 632133 504
117132 218529 386
114045 122875 349
762878 537884 509
253326 454470 449
818596 850066 525
5471 259765 443
681847 813403 504
783308 494229 509
227491 803164 509
77174 42794 351
930992 556568 525
394127 988341 525
814892 601928 509
857586 423034 525
394414 271823 441
161935 676541 509
500892 585349 470
428466 719735 509
517522 825104 509
497815 800927 509
592786 725854 509
558558 106375 470
464912 135254 449
1661 789414 509
142811 36561 375
213195 383650 443
135124 38167 354
602445 539887 452
560744 468377 470
412276 741624 509
227531 488801 449
21261 156015 375
344008 51078 443
308145 537803 470
59329 316437 443
366672 9276 443
431628 672087 509
889391 849467 445
119780 714823 509
84359 989732 525
565508 335540 470
720434 803024 468
89831 769935 509
792522 943415 525
629861 989112 525
371095 577824 470
571194 442650 470
315464 312022 384
470966 575316 470
772125 436263 509
607394 747688 509
476360 834571 509
115506 445027 449
530700 516308 439
182500 481893 449
964463 80818 525
127472 824584 509
395615 328751 441
804883 164069 509
811625 404996 509
352197 922195 525
669097 431219 509
700065 96536 509
810250 933334 525
843144 977812 507
549711 819626 509
494863 527911 470
758219 343233 509
491133 774604 509
55298 684887 509
120155 634422 509
578207 983202 525
858370 9600 525
523412 26954 470
955628 659885 525
965836 161888 525
543254 428389 470
569736 896182 525
927366 253179 525
880628 241097 525
42770 93377 351
833448 383183 509
315761 907753 525
963603 827075 525
660711 462069 509
271867 139038 443
938867 541449 525
595397 913923 525
624959 144075 470
806031 867567 525
644372 410516 509
478687 575905 470
261710 897315 525
672299 797898 504
720431 621359 509
969240 901973 507
184000 912709 525
144221 607133 470
507518 972438 525
958903 737818 525
20375 109917 354
674109 918451 525
55263 649530 509
424752 765157 509
588822 774712 509
693477 613280 509
154427 748225 509
224867 728430 509
807606 724153 468
677840 312727 509
309674 542873 470
244028 858829 525
815038 105568 509
396109 210091 443
212042 419980 449
216815 216262 386
698040 265309 509
115746 802989 509
775832 256511 509
121971 274189 443
74430 988589 525
239794 737524 509
338690 331994 366
113064 566141 470
740153 861059 525
766992 524326 509
770065 267357 509
191111 221697 386
177973 823844 509
322785 687767 509
707044 188264 509
145852 967072 525
31691 149201 375
477798 256337 449
283443 652027 509
234330 434850 449
803892 116552 509
106498 874117 525
613374 104386 470
122169 904183 525
424855 384079 449
286331 226647 443
150073 652841 509
68623 460010 449
900543 247080 525
571313 472584 470
489029 638078 509
786763 994359 525
911236 726772 525
492409 810554 509
413673 169063 449
494514 639335 509
649770 329286 509
780177 335616 509
729371 566745 509
831564 195483 509
530142 233869 470
758158 250248 509
45438 356182 443
158057 145006 383
718179 151150 509
721083 286640 509
579817 86598 470
174263 556490 470
176448 651876 509
769645 505718 509
634133 411813 509
975539 279409 525
862868 577799 525
645290 832249 504
163715 628970 509
609310 156262 470
778092 528881 509
760179 774029 468
610814 782511 509
670977 534104 509
715179 558856 509
48838 186599 383
844630 121387 525
264881 19386 443
404152 343393 441
119747 746441 509
432151 1680 449
595531 134647 470
627665 661036 429
516648 579268 452
803375 905660 525
1534 574866 470
225691 246344 443
630672 712489 504
441410 159781 449
13301 648536 509
926662 845056 476
369422 768296 509
742975 366313 509
577351 461415 470
168809 316089 443
939845 288440 525
868799 921120 476
214075 597154 470
727223 65790 509
877503 431817 525
564516 779238 509
93297 677304 509
810389 784566 468
520380 427522 470
262178 129388 443
998021 71007 525
526480 43840 470
516461 209330 470
583298 940983 525
564431 645246 509
956819 769679 525
184980 677102 509
240168 11906 443
933208 523864 525
14127 45752 324
595393 789011 509
833343 480303 509
546957 139756 470
578667 555533 421
997937 109119 525
424213 276934 449
667712 769109 504
188863 989550 525
59678 281702 443
794357 93547 509
389322 499184 449
855627 252184 525
848583 892337 445
730564 49315 509
817524 960835 525
988940 43031 525
878141 347174 525
377314 467094 449
216805 240218 443
32925 660334 509
753786 420891 509
648135 930127 525
141969 185370 383
141087 569500 470
913048 38211 525
981547 932901 507
50379 498467 449
663049 526311 509
895298 994141 507
789610 577858 509
633483 101995 509
898904 5504 525
309654 464682 449
863872 602772 525
803281 398853 509
211013 672147 509
157076 265810 443
367415 93491 443
702856 728544 504
447262 914979 525
248369 443485 449
394097 770822 509
544473 893336 525
743679 967677 525
697270 121792 509
896177 211900 525
672233 27761 509
148168 570110 470
236232 703735 509
803802 884435 525
918541 547529 525
103162 118007 354
41296 75236 340
337457 952917 525
169425 374382 443
259736 634332 509
838958 216062 525
393789 322555 441
865231 213442 525
152751 276208 443
702007 504439 509
975341 863670 507
109618 994705 525
508915 555607 470
664446 870445 525
840242 608262 525
643085 74533 509
858108 934459 476
353242 110893 443
891910 897964 370
387980 819338 509
120635 792278 509
771739 177635 509
27662 985521 525
304351 755979 509
859337 369167 525
17031 198879 383
694896 266560 509
659393 781 509
589413 807411 509
518186 287650 470
707238 125507 509
1991 503955 449
443713 138730 449
59263 843497 525
524936 175358 470
812295 179621 509
872447 16129 525
75795 941197 525
135033 110138 349
578650 561343 421
794448 154237 509
456562 780025 509
28365 754445 509
205071 410496 449
833554 611075 509
243352 683746 509
904174 491152 525
263986 940604 525
309027 523107 470
477641 652721 509
90870 594661 470
906888 503656 525
442713 857147 525
647590 108270 509
24244 568991 470
228386 884378 525
186830 483110 449
180923 143404 383
494987 391330 449
715387 470856 509
784104 707639 468
200407 791562 509
472537 140182 449
316102 87120 443
53478 345882 443
865715 524404 525
436658 436217 325
276696 655021 509
876355 478939 525
69983 878657 525
899051 273965 525
871149 400744 525
507304 497465 426
309912 16676 443
505703 701197 509
934552 40113 525
901109 36448 525
828466 247553 509
590597 492197 470
996074 777810 525
789112 558136 509
311886 64926 443
890711 83661 525
94237 57064 351
105297 725410 509
148824 242734 443
180807 688384 509
764975 623338 509
547779 256155 470
687185 413767 509
554108 325108 470
256316 114821 443
701871 999209 525
478737 426979 444
390673 327624 441
791515 394002 509
587319 195081 470
61713 453809 449
12122 436605 449
792394 162408 509
776007 486625 509
534870 687024 509
824328 278654 509
648340 244846 509
189270 439096 449
35006 712394 509
399415 237461 441
434827 304663 449
842744 194394 525
486655 223742 449
351990 980819 525
164054 240110 443
994331 375375 525
708331 860082 525
466414 757004 509
407246 190977 443
33213 192071 383
931558 393496 525
965065 356370 525
74978 845719 525
274978 615025 470
92490 904185 525
464461 424319 444
733051 512696 509
468824 595649 470
727748 539044 509
486603 279097 449
63813 295839 443
732976 227833 509
829011 402461 509
179215 276178 443
934459 25400 525
649295 397042 509
174843 571255 470
561001 536697 452
49153 643489 509
658380 250205 509
84265 731 351
378608 901369 525
327285 421318 449
541864 695381 509
220564 983282 525
45108 637063 509
36461 256417 443
962268 64926 525
248621 152553 443
263103 297390 407
479557 301762 449
333029 131972 443
480983 400097 449
241375 365858 441
357414 993618 525
55547 779991 509
573498 742190 509
489468 577336 470
464465 617768 470
256411 414972 449
926040 187790 525
321552 432439 449
484510 248823 449
255847 591712 470
348902 52851 443
649625 608099 509
425743 349721 449
25400 442612 449
552227 340442 470
951065 598677 525
828876 748413 468
270798 750307 509
145457 980228 525
162524 589335 470
323452 331292 384
797318 991905 525
432813 473928 444
241755 958037 525
514974 321098 470
321197 77035 443
168709 177336 347
223681 293066 443
359597 115866 443
648610 448754 509
334760 374621 441
997249 588082 525
979474 170992 525
116835 222341 386
306604 38732 443
384132 946741 525
996838 526984 525
813721 242449 509
806930 229645 509
230999 206837 443
867134 654490 525
429766 45120 449
640730 451157 509
154380 920529 525
690938 376833 509
434812 769284 509
868401 182458 525
802505 554281 509
779034 807363 468
240148 495850 449
392183 222557 443
678556 825436 504
687015 820901 504
201531 441350 449
285642 113687 443
384691 979091 525
38527 207840 383
635546 580475 509
328593 114721 443
535347 701027 509
378514 942910 525
749324 154646 509
832168 702120 504
123723 480173 449
496591 662757 509
230301 368806 443
220619 161775 386
303784 713378 509
258999 751576 509
979000 148191 525
224185 960319 525
712981 542543 509
410055 23204 449
122645 377673 443
30690 534512 470
439410 394716 449
962452 313776 525
85047 166485 383
582200 122977 470
703511 81278 509
883922 259296 525
312626 312915 296
62348 576076 470
114112 997480 525
540648 822073 509
748265 61706 509
180427 549858 470
361134 768860 509
483940 991412 525
104627 9775 351
506867 940706 525
24388 289601 443
315111 629990 509
207552 678094 509
217735 322265 443
763818 202093 509
30349 128376 354
345699 998519 525
957726 734635 525
743181 535637 509
463261 16927 449
416372 584828 470
299587 919197 525
883053 606123 525
6796 304167 443
168787 516271 470
584801 380772 470
265447 494799 449
240488 800950 509
323120 84790 443
143447 236945 443
325030 593667 470
542615 926514 525
768 395571 443
625829 458482 470
969095 447496 525
302352 448212 449
521460 429271 470
709994 479582 509
898796 44244 525
913846 222594 525
187485 828107 509
840897 44084 525
603243 102834 470
721995 458401 509
433721 979339 525
567637 537374 452
91136 120047 354
337340 388117 441
469563 912553 525
900476 552506 525
984813 330854 525
769308 361392 509
941792 220585 525
55116 818293 509
229861 611831 470
234047 583010 470
90571 662874 509
395716 81021 443
204787 507298 449
301444 307416 340
59517 241440 443
764988 791911 468
91341 155969 375
233223 504022 449
114880 658857 509
414925 296702 449
761921 785543 468
990625 433426 525
510668 794808 509
267129 135393 443
534539 315293 470
594973 90138 470
258816 801074 509
332542 660038 509
166787 916201 525
480394 337472 449
814753 194546 509
437575 784345 509
497650 153061 449
905855 353981 525
785726 158663 509
205916 263382 443
478511 528903 470
625968 491388 470
862365 861476 326
854796 82708 525
699881 964880 525
410986 691942 509
796710 824238 450
175008 204552 365
429653 865506 525
945510 149982 525
398068 310826 441
817752 227477 509
309610 3727 443
206868 199207 373
3788 811897 509
778541 780428 362
341279 777753 509
486248 110661 449
612996 214748 470
931068 536414 525
934617 974695 507
718746 827128 468
12584 555690 470
122624 918377 525
500608 506701 426
136305 178011 383
226082 984163 525
