1 10 20
100 200 125
201 210 89
900 1000 174
92873 9797 351
63845 40196 340
76123 16733 340
17423 92675 351
93716 27420 351
93655 30221 351
83405 91618 333
86736 14074 351
28075 98269 351
95297 9966 351
24590 15518 282
37898 41306 306
71924 71823 219
83774 39756 351
46212 91297 351
98719 76618 351
19161 42875 324
25671 34408 311
46398 84687 351
21 67971 340
78332 15547 351
29779 86819 351
57644 1742 340
7336 32141 308
95196 57063 351
32339 58555 340
91303 90657 271
35769 84495 351
11790 8432 268
50970 44535 314
70789 50840 340
65581 17836 340
23275 10607 279
71582 45800 340
71652 41042 340
80623 30284 351
92 52220 324
52763 56802 322
13227 85315 351
95629 20778 351
35961 73678 340
52410 85176 351
94941 99474 328
5648 19580 279
26115 17126 282
61846 1626 340
66582 16196 340
50776 9779 324
98904 84397 333
47050 45892 283
7366 15775 276
95862 53974 351
43124 79866 351
45972 17844 324
88315 33340 351
71561 17129 340
32917 94640 351
49630 15698 324
19407 227 279
37096 63555 340
85426 92799 333
28727 77834 351
62925 77701 351
43364 16045 324
60824 29145 340
96824 28589 351
35727 78909 351
16315 56961 340
74408 15452 340
74850 45290 340
74858 53173 335
90169 21481 351
23111 72189 340
12623 65719 340
80775 69160 351
71598 87148 351
70014 1255 340
45286 83275 351
45607 30981 324
69219 98568 351
7252 87157 351
57502 66569 335
37111 40152 306
9233 66396 340
6672 31637 308
40771 58477 340
21307 71416 340
7077 62723 340
65814 89898 351
59599 92311 351
1600 64177 340
65311 38569 340
42102 99714 351
98698 3457 351
14774 58455 340
41843 39828 306
55947 65333 335
88737 2047 351
19047 85918 351
53113 15021 340
30101 74387 340
85245 55331 351
20848 62183 340
91839 45120 351
58255 876 340
68247 81126 351
91969 80328 333
11329 92924 351
65707 50019 340
66268 48013 340
6898 42297 324
26567 24238 277
63577 21898 340
58238 20461 340
38390 83347 351
33152 89474 351
15674 90616 351
46239 12294 324
64712 48793 340
36063 54470 340
58972 48263 340
86949 96775 333
39810 72198 340
55858 85811 351
72231 12924 340
24601 72934 340
25218 42062 324
45601 59926 340
58471 50353 340
98250 65126 351
79193 22686 351
62209 16116 340
91958 46275 351
27657 30296 272
35967 60588 340
79014 65153 351
77448 31179 351
40791 48956 314
14154 77404 351
63277 79789 351
77332 55769 351
78622 71273 351
20605 19893 243
91890 98823 328
91101 18840 351
20589 16453 279
18132 13108 279
34151 81520 351
96506 13645 351
870 394 171
54397 15339 340
43979 11781 324
88159 35216 351
39947 39954 169
12929 80386 351
89567 22342 351
48680 50724 296
7840 12907 268
72382 82396 351
61029 15563 340
58879 10380 340
81779 71861 351
92706 93519 315
18097 70019 340
83452 76931 351
66561 16309 340
2291 57016 340
97341 35398 351
83948 71100 351
5888 36716 324
20593 94644 351
54966 16381 340
36798 12114 324
63506 97670 351
95740 85251 333
45300 85313 351
24556 23195 282
20326 78790 351
76732 35978 340
89119 65994 351
54646 42710 340
56736 51048 340
91473 63559 351
11216 57765 340
7364 61019 340
83748 94147 333
51301 22711 324
79071 28962 351
76226 16640 340
6292 83320 351
78155 63092 351
53845 32309 340
28712 92105 351
68912 93320 351
31465 2110 308
12743 5940 268
56947 43799 340
54177 90252 351
758 17891 279
38834 5901 324
15892 48155 324
75015 11893 340
68833 52396 340
58984 26471 340
78422 7172 351
33797 23171 308
98269 15415 351
38413 89303 351
28078 34806 311
29407 96614 351
8557 24791 282
1364 77844 351
67362 56671 335
7183 444 262
75410 23991 340
24816 86546 351
33933 11172 308
75420 73086 325
15711 24410 282
71227 99384 351
80369 54839 351
29961 2229 308
67346 47265 340
36569 16329 324
44547 40940 288
25428 10410 282
23763 148 282
9367 45652 324
85996 18750 351
74519 98094 351
45166 90961 351
93744 49383 351
67917 92557 351
18247 74604 340
60313 18113 340
28413 60507 340
91470 35589 351
14251 83977 351
63844 92267 351
37069 3239 324
4429 16300 276
79404 50209 351
98198 32381 351
38571 55464 340
99969 26336 351
98170 52647 351
71715 90384 351
19003 65009 340
1774 7763 262
58185 65677 335
99653 38038 351
8891 38046 324
84354 54241 351
10375 23953 282
603 64213 340
52994 82602 351
86038 19019 351
33525 81832 351
11237 29025 308
48870 81449 351
21021 21548 256
43904 48548 314
96622 74710 351
33878 69810 340
21568 79956 351
77179 69908 351
55461 25192 340
91486 50498 351
31862 52002 324
28146 29721 272
82579 80420 320
10238 53096 340
88263 65306 351
3036 77583 351
48759 36707 314
76258 35435 340
27465 18691 308
61966 69356 330
54126 64741 335
96789 44060 351
56428 39685 340
31460 27902 285
72857 35969 340
39342 8409 324
27592 97621 351
92441 66337 351
21754 85399 351
80174 41258 351
4738 29029 308
72528 46930 340
28663 38143 324
61218 24951 340
40899 84210 351
623 36300 324
14029 7265 276
68504 41794 340
44121 88784 351
15845 26566 282
38342 2214 324
39668 91042 351
74802 12312 340
51629 55692 340
14921 33821 308
99613 38293 351
40804 75765 340
75137 52197 340
78490 71464 351
86630 43450 351
71324 83625 351
63434 23860 340
43497 98657 351
99179 19896 351
42988 85127 351
58385 31056 340
71603 49971 340
19422 13677 279
91502 60734 351
36227 79997 351
26427 91450 351
69813 10250 340
73923 50705 340
25040 87030 351
6689 59761 340
64902 60406 335
97857 50376 351
19215 99291 351
13738 29746 308
76964 15622 340
55305 75570 335
75481 67612 325
48719 24771 324
21678 68742 340
43985 19464 324
34363 62940 340
91025 25589 351
4595 50121 324
82737 52888 351
9360 56621 340
43008 66961 340
8193 25747 282
50461 88611 351
80162 55751 351
33653 38834 324
98096 60331 351
35626 90829 351
1338 17888 279
93888 38205 351
69694 19087 340
60384 82826 351
39634 97747 351
32183 41879 324
50836 73587 340
66312 80096 351
8924 82026 351
73460 1791 340
45198 30830 324
28582 48793 324
85146 35041 351
55815 17770 340
92818 49348 351
66690 44021 340
51263 36618 314
12250 94198 351
65604 98635 351
11069 85514 351
29400 97005 351
57283 72851 335
90178 39465 351
32745 26318 308
73611 69260 325
37995 28240 324
80026 39825 351
14033 43817 324
45123 98852 351
78593 13120 351
9994 6719 260
79304 50304 351
8430 70146 340
71316 74605 294
92163 47720 351
3514 65115 340
64145 51245 340
1807 21599 279
5184 79790 351
96238 48212 351
82176 31919 351
11968 57458 340
99330 91326 333
11228 78405 351
5991 18975 279
28848 7529 308
55291 3145 340
92795 43106 351
75780 89451 351
81263 41442 351
91276 14433 351
41836 23385 324
33256 53919 340
52948 62890 335
49863 44583 314
57356 6649 340
62637 45983 340
98488 14018 351
75938 93908 351
65371 73996 325
44310 1311 324
56827 94361 351
61847 31755 340
53254 33680 340
2253 60102 340
59279 28736 340
11243 20874 279
91624 33411 351
11665 80486 351
98256 82807 333
6671 18565 279
45835 74250 340
33563 31877 267
95459 49671 351
80259 45172 351
8389 65997 340
6482 14634 276
23188 87515 351
38029 5617 324
92222 21581 351
4692 62799 340
53338 45199 340
6797 51206 324
65912 12563 340
36081 4953 324
99913 96601 328
94087 66639 351
78182 16183 351
82742 17453 351
43991 72825 340
64350 73919 325
61335 78618 351
43744 95405 351
2640 78698 351
9543 50886 324
60851 13619 340
14553 48221 324
58696 8034 340
24866 40934 324
57589 14584 340
40306 55089 340
66126 49475 340
23837 2042 282
28048 61213 340
41472 76368 340
34055 2399 308
57322 23086 340
39541 96974 351
89294 25425 351
66932 47672 340
70000 96289 351
45441 1280 324
47854 77566 351
92274 38685 351
62067 14118 340
58090 6745 340
10798 90384 351
62538 4241 340
37342 77176 351
37446 53282 340
59046 97835 351
91172 79289 333
71914 49983 340
69769 40125 340
89564 59711 351
84981 69549 351
47632 51073 296
38839 71501 340
79712 25140 351
76866 88532 351
89490 19099 351
10232 66492 340
3302 47100 324
71940 57881 335
40672 46653 314
77775 98110 338
94152 38346 351
9795 80604 351
29644 76234 340
36101 51841 314
72639 85315 351
87240 78824 333
14537 73406 340
42119 41310 257
18233 5152 279
91969 39704 351
47638 20249 324
71140 17930 340
78809 70507 351
79877 45646 351
74696 45305 340
45176 89350 351
40657 45310 314
86374 11489 351
55869 99289 351
57541 13670 340
39431 78346 351
70094 82924 351
52290 30222 324
8201 24896 282
64368 26052 340
4233 31603 308
29204 24846 308
24575 57066 340
19792 58808 340
971 78238 351
11777 26511 282
29817 66701 340
55258 34895 340
74886 12926 340
91723 75479 351
76275 41888 340
57362 2952 340
34195 91914 351
93004 69622 351
87436 34152 351
13362 47544 324
35443 89519 351
33128 78480 351
84796 38816 351
50700 45410 314
88893 3372 351
35224 45554 324
65942 52037 340
51470 94794 351
32762 88707 351
11894 63173 340
35256 83665 351
46017 37796 314
95151 96483 297
52222 37694 314
40981 8328 324
56327 69068 335
39734 44020 306
1750 99434 351
98561 50080 351
46601 47674 314
13472 25385 282
78711 66289 351
45212 78449 351
51120 37375 314
69060 44952 340
87411 85819 333
56396 98908 351
47409 27882 324
69593 61901 330
47082 89998 351
17390 99225 351
12810 22732 279
71180 77867 351
11420 88409 351
8424 56902 340
41215 72364 340
51671 65416 340
22202 12015 279
32016 15274 308
69160 83045 351
31959 60270 340
65810 15897 340
95224 11283 351
27773 48263 324
24445 58181 340
29500 7348 308
15055 7451 276
38233 96881 351
27013 31998 285
42591 5338 324
7649 24836 282
67972 97243 351
99914 74924 351
73646 401 340
53692 30703 340
3412 67264 340
98443 37278 351
15709 45254 324
10396 28988 308
73866 62966 330
39691 79375 351
6180 40339 324
46815 79077 351
93380 84785 333
68952 53197 335
78145 85428 338
95588 98950 297
20544 64015 340
17250 46629 324
81075 90871 333
28566 2442 308
43699 50121 314
15317 93976 351
52954 35973 340
18879 80712 351
96939 68644 351
34375 6043 311
18806 38497 324
22666 58354 340
60341 89897 351
92860 2732 351
42619 43177 257
83808 30260 351
6869 7330 257
93929 37089 351
20375 78290 351
73629 87277 351
88860 40171 351
5618 30628 308
77797 79465 338
41908 23640 324
46381 27384 324
10615 79811 351
61596 10192 340
63062 25873 340
28856 74909 340
34587 38738 324
29435 78570 351
74549 96343 351
87684 35768 351
51819 79445 351
60401 8400 340
81224 41315 351
15745 62085 340
47603 64787 340
91266 4889 351
73394 23100 340
37065 67948 340
95587 45267 351
93870 37780 351
90796 28033 351
9916 74695 340
4289 43353 324
80798 67781 351
5310 87110 351
7585 11044 268
78589 10819 351
99899 78104 338
88964 5879 351
23673 73808 340
68905 54068 335
88079 61611 351
72981 79960 351
57236 34088 340
80934 6263 351
37492 78104 351
4444 29636 308
90637 90764 240
52686 4062 340
1308 76786 340
54144 15273 340
36679 57386 340
39960 98878 351
69031 79320 351
89525 27845 351
43278 65450 340
7106 89756 351
359 45174 324
5049 7868 262
93829 15180 351
68984 97798 351
26219 37919 324
89172 31816 351
59250 14034 340
85420 53145 351
7831 86448 351
13641 7591 276
96465 58718 351
28881 81323 351
93100 81338 333
33309 42704 324
7704 39393 324
2407 41031 324
77708 29465 351
10551 18727 279
97612 80124 333
77512 40804 351
13541 86895 351
18135 94942 351
33385 93570 351
24759 30442 308
74902 42885 340
4595 12767 268
49106 19270 324
19377 39435 324
82634 76154 351
71940 41817 340
42486 77195 351
4014 33531 308
20098 22317 269
24983 38262 324
92928 97949 328
56815 91350 351
36738 62844 340
7946 30702 308
52269 16625 324
57206 253 340
502 83211 351
64729 33388 340
96662 29991 351
77422 9627 351
83015 3052 351
90945 44948 351
60237 56342 317
34208 6965 308
19825 27393 308
15141 83949 351
30888 98897 351
85423 38883 351
45585 80619 351
92432 21317 351
51784 45265 314
64109 50937 340
62788 1267 340
22496 94035 351
3438 75461 340
77148 34675 351
39266 32944 324
90502 64868 351
69822 53639 335
89402 52873 351
82002 89067 333
91476 90909 333
94963 14230 351
93458 22970 351
58224 86572 351
50420 35852 314
98418 96771 297
94786 40496 351
36699 3734 324
68076 67135 312
82962 69707 351
87361 80797 333
96406 74479 351
72070 82057 351
40724 45166 314
56360 13654 340
84378 15212 351
22000 54707 340
19965 5602 279
83950 48192 351
78135 83005 338
70046 58155 335
32332 41341 324
25139 27157 308
6682 36214 324
12402 26540 282
66398 52073 340
95060 54100 351
64540 75720 325
27816 26648 259
65006 32405 340
85373 27328 351
22999 10877 279
64901 46015 340
19101 16670 279
13613 69430 340
8407 97945 351
95380 68426 351
92109 55537 351
95370 35897 351
43604 65118 340
52708 61811 335
18718 36876 324
28855 21597 308
94284 77099 338
46895 53642 340
52917 66603 335
23068 21043 269
40931 7650 324
96203 28507 351
23399 67949 340
98875 51982 351
18361 39149 324
9091 1442 262
9198 5667 262
33536 91518 351
95593 68065 351
77953 86039 338
76990 69398 325
59483 34097 340
59223 29001 340
63068 21442 340
99820 68061 351
68562 26182 340
71637 39463 340
34086 81256 351
56182 43067 340
97943 53854 351
41964 33501 324
19997 63264 340
23796 44811 324
81613 1395 351
20446 3833 279
95895 26052 351
61917 68882 330
85389 2334 351
36615 58947 340
37843 3343 324
36586 3939 324
5738 61164 340
37994 25164 324
1478 53488 340
64954 65671 268
27840 24268 308
29269 58423 340
41624 48135 314
94037 76882 351
76909 45230 340
80256 76949 351
89689 12407 351
86717 57629 351
16463 34377 311
12306 39438 324
64259 62784 330
76431 14426 340
21707 34185 308
10442 79102 351
55727 31499 340
44934 78307 351
155 6504 262
24910 80005 351
58339 61198 335
71533 11058 340
54292 37150 340
83222 29350 351
34528 36881 324
31784 14662 308
57379 7186 340
38216 22182 324
15016 95729 351
8940 68143 340
31490 69019 340
12990 93478 351
20285 32032 308
11005 3989 268
65849 90133 351
34690 54002 340
46669 43859 314
3578 48501 324
12297 37100 324
891 41696 324
37296 82155 351
16141 23663 282
57412 38397 340
70679 84747 351
74683 66692 325
24119 2814 282
14655 75810 340
80497 5830 351
47331 37763 314
45714 39882 314
89600 96030 333
56873 17837 340
75345 99808 351
42343 86798 351
19566 27753 308
19601 12182 279
29808 20621 308
63194 81017 351
79305 89598 333
87534 70970 351
89500 76189 351
12997 91001 351
25628 79667 351
50844 78017 351
26050 27059 308
14984 21496 279
50663 99868 351
3668 78066 351
54811 40367 340
74789 1674 340
51844 75991 340
18114 33875 308
57995 82608 351
1863 45104 324
84300 30050 351
44851 92015 351
40502 63836 340
53211 12262 340
70720 45527 340
25919 15518 282
46508 83116 351
74982 56491 335
88280 5172 351
39553 8206 324
35905 3127 324
87622 11152 351
278 9365 262
7386 55039 340
36388 10974 324
39970 97953 351
60940 83095 351
43991 8222 324
4671 43640 324
90586 50549 351
14269 91567 351
23612 23128 282
11733 25771 282
43186 79505 351
70750 60250 335
23977 49603 324
99293 66055 351
44592 8009 324
89752 62471 351
21578 29653 308
28177 62766 340
83711 14936 351
24566 33956 308
19776 50228 324
49611 70802 340
96276 49924 351
65039 35199 340
35905 50302 314
13345 34899 311
66059 97914 351
93980 99958 328
82932 28277 351
10735 49545 324
58203 36688 340
67475 30231 340
87644 94760 333
92584 5486 351
63659 8580 340
17239 90430 351
50105 34512 324
92193 57462 351
50060 37158 314
23567 36065 324
53050 76245 335
84486 5133 351
39657 45245 314
28991 73864 340
48376 67167 340
73006 90250 351
24816 98221 351
47751 75747 340
75031 2869 340
43666 85773 351
61893 96342 351
45655 65210 340
36143 28074 324
74411 4705 340
87051 96802 333
11209 70270 340
35059 55092 340
75675 37202 340
79360 36706 351
91788 86215 333
41384 69227 340
7991 49401 324
35948 18051 324
55218 79628 351
95883 4654 351
98222 64998 351
32966 1280 308
48685 23810 324
16738 23258 279
16872 47763 324
47822 30367 324
2556 51088 324
91411 84346 333
81596 40141 351
81494 22894 351
32267 54072 340
58187 15748 340
11391 6905 268
58897 54198 322
98464 92384 328
89062 89039 147
81401 42594 351
79190 2558 351
64538 69097 312
67705 79868 351
26512 3588 282
91511 82755 333
55642 49315 340
26027 91529 351
20038 18177 274
7405 50974 324
64670 1035 340
62604 82799 351
99989 75570 351
11855 19599 279
56662 92663 351
93404 25389 351
7008 55004 340
76111 84978 351
57619 24963 340
7714 60806 340
9602 57408 340
46109 90699 351
73029 1148 340
58891 78854 351
