610 722 171
220 296 128
24 123 119
54 427 144
824 320 171
280 374 144
765 496 171
364 535 142
352 365 126
111 305 128
269 872 179
30 500 144
421 364 134
353 633 142
846 24 171
153 739 171
268 695 145
438 424 116
549 297 144
385 973 179
299 808 171
351 755 171
10 839 171
806 430 171
149 661 145
288 853 171
725 898 179
157 191 125
816 871 179
974 840 179
643 680 145
674 100 145
403 702 145
116 442 144
598 627 132
275 919 179
877 301 179
491 657 145
683 452 145
773 831 153
739 266 171
529 28 144
95 915 179
417 13 144
258 874 179
329 607 142
937 926 174
294 744 171
528 887 179
498 897 179
923 591 179
602 323 144
723 861 153
424 221 144
454 959 179
392 291 144
290 637 144
479 179 144
593 224 144
224 137 125
986 170 179
74 324 131
695 740 171
305 751 171
217 744 171
635 629 39
655 627 145
322 430 144
989 687 179
381 708 171
686 636 145
640 388 142
841 96 171
572 791 171
879 834 179
519 304 144
606 821 171
233 840 171
865 141 171
883 334 179
3 963 179
110 161 122
632 846 171
729 142 171
789 485 171
656 53 145
692 578 145
584 413 142
120 521 144
596 911 179
455 763 171
458 686 145
844 593 171
766 833 153
269 76 128
965 167 179
376 419 134
796 884 179
247 528 144
151 717 171
437 412 134
420 306 144
263 692 145
454 297 144
691 73 145
50 404 144
862 948 179
218 489 144
29 93 116
680 263 145
772 500 171
256 519 144
52 845 171
928 368 179
939 848 179
871 632 179
11 983 179
655 715 171
354 359 51
658 446 145
79 96 111
831 159 171
344 167 144
17 222 125
394 8 144
219 804 171
810 69 171
503 859 171
856 386 171
126 236 128
432 463 129
6 977 179
872 443 179
62 529 144
581 475 142
112 394 144
680 381 145
927 125 179
509 487 142
140 510 144
923 693 179
354 852 171
288 306 118
99 62 119
474 969 179
732 589 171
229 331 144
454 749 171
335 18 144
236 616 144
294 780 171
16 96 116
108 815 171
736 249 171
705 207 171
327 22 144
287 331 144
181 692 145
228 301 128
409 199 144
862 58 171
322 733 171
935 99 179
995 466 179
1000 365 179
440 348 134
10 8 20
949 415 179
35 16 112
982 607 179
580 313 144
225 702 145
733 758 140
87 561 144
655 187 145
541 408 142
382 514 142
989 802 179
161 289 128
820 601 171
553 909 179
785 446 171
881 249 179
173 456 144
434 51 144
597 647 132
210 354 144
898 955 174
640 698 145
776 706 153
892 896 99
334 881 179
326 287 131
672 331 145
347 819 171
132 980 179
603 387 142
626 416 142
555 859 171
543 417 142
115 423 144
343 310 144
71 132 122
653 627 145
956 8 179
922 544 179
734 168 171
556 607 119
994 186 179
890 745 179
404 174 144
54 583 144
836 513 171
290 270 118
107 688 145
241 718 171
2 284 128
870 508 171
227 393 144
321 467 144
441 294 144
67 321 131
579 396 142
79 359 144
503 919 179
811 324 171
984 622 179
498 920 179
407 30 144
3 449 144
311 966 179
433 887 179
976 76 179
370 73 144
144 266 128
307 541 144
613 161 144
753 80 171
634 88 144
481 522 142
349 499 142
974 695 179
928 459 179
444 446 72
855 130 171
878 560 179
33 159 122
65 509 144
322 122 131
936 418 179
924 167 179
889 21 179
57 845 171
516 409 142
152 219 125
734 85 171
646 599 132
783 560 171
661 725 171
629 688 145
356 37 144
303 319 131
105 546 144
19 196 125
850 874 179
583 401 142
988 363 179
764 898 179
579 89 144
10 192 125
682 833 171
993 596 179
305 989 179
512 158 144
56 945 179
334 143 144
5 353 144
50 62 113
219 654 145
234 322 131
40 142 122
728 467 171
50 137 122
841 863 148
952 407 179
888 259 179
751 522 171
775 173 171
491 991 179
172 122 125
296 303 118
312 845 171
552 473 142
205 649 145
60 222 125
48 315 131
155 915 179
645 519 137
196 648 144
57 86 116
68 848 171
235 695 145
754 738 140
937 939 174
202 460 144
661 803 171
151 865 171
479 255 144
390 619 142
656 176 145
435 818 171
896 212 179
635 578 132
522 404 142
662 392 145
242 107 128
606 808 171
195 190 120
926 598 179
828 45 171
817 814 135
738 190 171
359 915 179
239 705 171
881 883 117
499 672 145
402 419 134
12 551 144
707 918 179
217 842 171
887 608 179
384 772 171
221 922 179
815 801 135
957 656 179
687 492 145
418 903 179
251 13 128
159 576 144
94 856 171
833 351 171
912 567 179
798 759 153
763 257 171
212 889 179
851 258 171
383 641 142
858 313 171
154 134 117
200 799 171
46 969 179
75 425 144
847 319 171
957 300 179
768 263 171
905 104 179
379 450 134
155 630 144
856 445 171
534 467 142
462 373 134
388 930 179
168 397 144
537 598 137
718 670 171
331 343 126
240 122 128
917 862 179
908 301 179
912 159 179
893 158 179
937 875 174
261 103 128
824 894 179
711 254 171
664 163 145
709 869 153
858 59 171
564 790 171
248 961 179
676 172 145
275 672 145
878 415 179
349 28 144
955 718 179
212 822 171
844 438 171
324 228 131
238 913 179
373 408 121
460 717 171
319 406 144
360 875 179
974 572 179
81 68 116
988 853 179
863 476 171
800 795 122
909 459 179
33 1 112
579 265 144
101 604 144
515 740 171
457 350 134
511 907 179
128 419 144
978 588 179
557 718 171
403 331 126
183 959 179
300 30 128
541 555 137
363 175 144
698 892 179
862 241 171
699 824 171
358 445 134
36 314 131
763 574 171
236 811 171
166 894 179
788 785 122
282 630 144
225 67 125
8 604 144
113 537 144
141 648 144
922 314 179
244 369 144
558 317 144
45 105 119
440 344 134
521 751 171
375 323 144
158 368 144
828 142 171
966 292 179
129 418 144
382 917 179
772 697 171
240 107 128
632 997 179
381 95 144
916 604 179
771 257 171
481 386 134
324 502 144
702 743 171
476 697 145
546 766 171
620 713 171
139 647 144
640 789 171
529 831 171
702 516 145
775 739 153
348 119 144
831 702 171
719 795 153
968 835 179
568 353 142
495 914 179
583 688 145
851 818 135
748 148 171
74 252 128
664 680 145
937 763 179
770 689 171
944 790 179
975 540 179
163 431 144
561 702 145
671 496 145
659 48 145
383 644 142
846 98 171
35 363 144
538 829 171
156 587 144
515 754 171
508 462 142
382 710 171
774 997 179
618 163 144
370 229 144
282 69 128
136 555 144
548 991 179
474 803 171
869 856 148
729 763 153
6 528 144
697 451 145
475 288 144
616 162 144
32 609 144
429 297 144
89 938 179
164 670 145
619 260 144
247 196 128
963 849 179
433 953 179
718 305 171
933 597 179
601 246 144
69 338 144
892 574 179
4 355 144
886 558 179
198 277 128
917 703 179
263 854 171
539 656 145
258 356 144
66 863 171
72 874 179
539 982 179
869 149 171
697 1 145
863 435 171
259 612 144
823 798 135
980 533 179
387 351 126
244 898 179
681 505 145
930 409 179
294 238 123
726 119 171
827 605 171
133 732 171
695 693 127
832 600 171
560 904 179
690 784 171
578 566 106
712 422 171
392 260 144
650 716 171
669 912 179
1000 482 179
463 397 134
183 918 179
115 928 179
78 514 144
467 293 144
973 544 179
695 772 171
185 638 144
516 694 145
74 297 128
609 285 144
356 196 144
764 881 179
502 106 144
811 785 135
296 304 118
846 473 171
426 723 171
160 817 171
916 775 179
547 638 137
643 707 171
449 528 142
938 181 179
154 959 179
327 337 144
54 910 179
495 811 171
715 937 179
558 934 179
278 297 118
488 421 142
74 934 179
700 469 145
316 863 171
627 892 179
14 208 125
205 891 179
114 213 125
296 948 179
988 963 143
641 220 144
444 992 179
219 647 144
425 743 171
741 978 179
701 77 145
257 480 144
341 191 144
162 746 171
780 611 171
637 181 144
628 201 144
810 321 171
41 857 171
164 220 125
956 795 179
613 279 144
855 489 171
748 430 171
950 464 179
103 867 171
894 102 179
392 221 144
252 256 110
252 431 144
637 638 57
764 497 171
202 600 144
556 12 144
896 335 179
843 756 153
501 702 145
983 353 179
467 165 144
538 56 144
616 768 171
882 200 179
5 419 144
383 660 145
299 583 144
177 385 144
856 105 171
503 510 111
190 493 144
889 477 179
662 953 179
191 717 171
923 340 179
316 867 171
501 195 144
535 192 144
698 922 179
381 987 179
602 83 144
105 295 128
904 39 179
839 949 179
824 386 171
63 892 179
427 606 142
653 424 145
398 257 144
215 736 171
647 709 171
2 312 128
372 487 142
241 663 145
161 999 179
542 367 142
359 946 179
423 975 179
367 581 142
158 712 171
682 427 145
243 943 179
63 411 144
616 148 144
938 120 179
938 724 179
680 141 145
741 481 171
832 606 171
296 958 179
149 215 125
242 690 145
522 387 142
90 898 179
236 646 144
107 828 171
635 804 171
807 58 171
540 239 144
664 23 145
131 260 128
531 878 179
862 840 148
490 321 144
410 347 126
782 805 122
775 968 179
642 544 137
367 620 142
320 337 144
907 294 179
223 813 171
642 884 179
845 514 171
639 916 179
734 703 171
932 892 130
510 921 179
317 734 171
372 680 145
181 589 144
983 970 143
16 570 144
14 225 125
56 20 113
246 971 179
428 492 142
209 874 179
906 317 179
383 704 171
199 613 144
943 519 179
2 173 125
290 652 145
954 98 179
376 715 171
197 379 144
495 763 171
391 508 142
330 142 144
862 834 148
65 283 128
950 449 179
247 115 128
314 362 144
34 333 144
141 286 128
64 787 171
393 231 144
551 425 142
80 241 128
220 169 125
715 625 171
820 14 171
639 925 179
363 252 144
406 791 171
265 578 144
840 365 171
397 950 179
941 128 179
168 490 144
911 994 174
363 213 144
235 726 171
922 370 179
61 215 125
9 500 144
854 727 153
659 143 145
209 93 125
544 411 142
80 303 128
149 124 122
311 196 128
721 133 171
379 140 144
958 311 179
356 405 121
297 319 131
934 710 179
101 510 144
524 174 144
391 425 134
878 514 179
4 488 144
826 483 171
928 844 179
837 909 179
892 43 179
177 38 125
976 973 143
199 14 125
194 428 144
954 727 179
160 625 144
770 559 171
405 719 171
1 63 113
271 888 179
558 174 144
183 729 171
202 942 179
882 467 179
414 348 134
295 154 128
123 522 144
931 415 179
8 816 171
886 483 179
587 519 137
905 520 179
412 468 134
357 916 179
86 118 119
193 879 179
762 42 171
861 918 179
781 245 171
174 6 125
971 89 179
286 776 171
977 537 179
301 215 128
602 218 144
364 172 144
352 33 144
5 116 119
218 81 125
192 957 179
340 119 144
644 286 144
470 46 144
649 835 171
44 648 144
857 553 171
479 20 144
729 183 171
168 577 144
876 779 179
318 983 179
544 218 144
720 219 171
30 830 171
664 386 145
66 765 171
524 12 144
996 830 179
238 637 144
895 684 179
507 722 171
901 353 179
634 381 142
886 769 179
103 390 144
555 395 142
898 307 179
23 816 171
688 443 145
822 46 171
960 598 179
877 714 179
973 7 179
387 864 171
628 394 142
446 181 144
281 646 144
149 154 37
754 884 179
634 658 145
457 478 129
473 435 129
177 90 125
796 255 171
441 333 134
453 919 179
590 193 144
411 790 171
923 73 179
557 591 119
308 764 171
769 984 179
752 960 179
564 473 142
723 872 179
867 565 171
712 458 171
739 752 140
427 352 134
357 948 179
441 97 144
990 685 179
370 682 145
803 377 171
340 361 126
742 517 171
780 274 171
298 956 179
180 378 144
40 513 144
160 694 145
38 184 125
508 829 171
30 426 144
796 19 171
972 487 179
356 89 144
244 912 179
386 771 171
452 51 144
986 965 143
871 579 179
298 762 171
640 300 144
831 490 171
4 380 144
681 609 145
8 764 171
734 946 179
918 329 179
793 644 171
290 977 179
705 456 171
517 71 144
337 301 144
420 191 144
58 277 128
86 320 131
203 255 128
413 530 142
292 237 123
801 11 171
185 188 107
286 736 171
287 370 144
730 397 171
760 704 140
181 89 125
624 511 137
799 192 171
105 662 145
757 606 171
422 546 142
802 235 171
352 908 179
468 511 142
695 327 145
360 3 144
774 200 171
878 979 174
628 57 144
216 14 125
630 619 132
99 146 122
658 547 145
762 709 140
424 62 144
345 942 179
210 474 144
272 584 144
789 310 171
942 753 179
747 701 171
672 834 171
308 560 144
109 738 171
581 285 144
44 784 171
333 117 144
909 385 179
15 670 145
507 29 144
188 698 145
424 346 134
788 457 171
149 532 144
47 918 179
111 616 144
45 429 144
65 76 116
783 990 179
489 196 144
422 614 142
287 122 128
802 531 171
526 811 171
20 448 144
114 209 125
356 668 145
381 521 142
257 365 144
617 89 144
600 923 179
635 919 179
593 281 144
23 597 144
488 653 145
567 848 171
922 250 179
831 739 153
266 185 128
468 759 171
647 274 144
519 325 144
164 118 122
495 703 171
118 21 119
322 348 144
366 13 144
182 618 144
740 355 171
812 466 171
65 731 171
558 740 171
619 264 144
889 252 179
703 768 171
78 557 144
18 136 122
231 750 171
266 500 144
643 809 171
298 67 128
