1 10 20
100 200 125
201 210 89
900 1000 174
1 1 1
1 2 2
5 1 8
45 52 105
412752 615627 470
582219 10241 470
356427 514247 470
67179 150569 375
990263 891153 507
232534 279059 407
695857 558135 509
906457 666505 525
291903 427400 449
125454 384288 443
503855 794583 509
191272 125921 383
931455 870138 476
894713 594420 525
12106 501070 449
450003 251554 449
952830 385795 525
206619 29902 383
380682 819374 509
864107 207315 525
728927 698779 504
497635 359353 449
961985 412670 525
340124 991079 525
147156 217990 386
856648 396921 525
825675 288325 509
585817 494420 470
940937 717628 525
236185 949607 525
524187 13044 470
706212 564325 509
60076 760143 509
806487 329440 509
769069 979917 525
337369 885697 525
87665 558646 470
61283 621377 470
617341 419757 470
86292 784668 509
429446 873590 525
636179 46418 509
791859 58082 509
725597 419090 509
124141 29623 354
904189 617426 525
742948 278792 509
957461 281672 525
203934 348976 443
952428 655625 525
256152 709159 509
807454 413212 509
534847 146694 470
190966 986687 525
114212 634477 509
44934 246511 443
737493 176293 509
379501 559874 470
444022 543751 470
620391 370806 470
633120 677709 442
700082 842274 525
132664 566478 470
547446 329517 470
50982 79773 351
481770 625394 470
911263 271494 525
448526 356864 449
395671 323016 441
163597 782730 509
28477 40146 324
229132 865884 525
64093 769236 509
802541 296323 509
73746 519158 470
622025 17263 470
559986 33828 470
447017 805574 509
268 910234 525
20434 740156 509
610766 41377 470
771141 347160 509
917337 457785 525
962100 170186 525
828109 26212 509
351077 38716 443
856948 280217 525
911817 521836 525
260221 613425 470
933979 264556 525
39227 413131 449
656040 18283 509
226947 656565 509
888316 141520 525
841264 127606 525
461438 677083 509
481036 53387 449
547913 767682 509
734137 754839 424
103148 615803 470
772470 712892 468
30572 590268 470
118651 509817 449
104147 513453 470
685640 813662 504
41785 850875 525
522826 5719 470
900088 739211 525
630884 865607 525
503129 954853 525
449596 588781 470
203753 232361 443
585646 601160 403
486000 123585 449
683488 713179 504
146930 122487 375
351646 103715 443
234925 417263 449
328988 701165 509
384869 786861 509
29095 79275 351
583500 52008 470
200705 791009 509
564670 265197 470
3313 885651 525
391293 749931 509
428317 150995 449
524378 182822 470
687317 517626 509
488181 440946 444
562173 677788 509
818441 545164 509
764823 83660 509
3825 152546 375
57816 175094 383
308481 452798 449
462953 820669 509
845794 371032 525
204079 722786 509
217086 897705 525
328188 274838 389
906482 703779 525
388886 506118 449
36155 769672 509
615505 638384 509
79681 476766 449
246798 467968 449
100849 98770 341
287334 399167 441
735026 323480 509
176079 887407 525
113434 885020 525
925632 680345 525
792212 32362 509
533955 313297 470
260516 87298 443
397489 337076 441
737045 85734 509
61959 867638 525
138780 220369 386
994404 225054 525
331777 889168 525
825909 64779 509
771847 460319 509
610006 48122 470
640204 799519 504
192861 864889 525
771661 982638 525
535037 605324 452
693420 418491 509
102035 735736 509
842005 777599 525
409332 604527 470
547953 632996 509
926220 778454 525
863591 395851 525
505935 937855 525
504813 626113 470
518824 4823 470
532122 355993 470
421424 422136 356
953343 460621 525
395869 604690 470
218333 457161 449
111750 912377 525
385817 250775 441
996261 50538 525
449749 652916 509
9660 184140 383
495314 388617 449
807275 637828 504
541583 295068 470
222928 243803 443
599296 212277 470
356336 155876 443
940929 529675 525
286803 462154 449
972977 805116 525
117690 789001 509
606364 45863 470
87359 791993 509
348870 74403 443
233330 827736 509
605541 717236 509
608363 867020 525
135420 393161 443
64047 505611 449
547068 625544 447
332681 234667 407
659763 630594 429
110905 981385 525
783810 243198 509
671963 366300 509
96958 353117 443
823824 112282 509
111643 17350 354
719838 129716 509
69902 645605 509
796247 842141 525
749230 718883 424
72525 197899 383
42080 183970 383
234906 645306 509
103797 612804 470
314835 229626 443
426359 848398 525
547079 407114 470
916013 118711 525
535194 298760 470
936778 216066 525
895778 787948 525
277687 456757 449
966424 848442 507
477403 382157 449
397561 8557 443
637442 690232 442
322295 542291 470
549433 967626 525
195 430475 449
263681 445357 449
144423 760415 509
786232 635449 504
812196 434181 509
477137 611598 470
629207 829641 504
564127 479883 470
468471 441584 444
438263 454267 400
279557 460181 449
903302 351038 525
262560 1215 443
583611 837570 509
910999 587880 525
348362 831220 509
884453 141620 525
175674 160363 370
165270 913794 525
26927 788205 509
977780 163806 525
153364 285796 443
836198 597302 509
704655 436799 509
673617 162127 509
601961 69717 470
742987 922514 525
115804 847101 525
342025 829388 509
233230 232568 368
560672 300107 470
942079 185123 525
161231 377307 443
673007 789215 504
257365 966359 525
962007 101079 525
629297 540807 509
374540 378901 423
2561 192271 383
912804 423097 525
848416 450836 525
246660 937660 525
894779 151796 525
563950 95184 470
847935 822868 525
310645 411960 449
966162 449885 525
495336 377542 449
250298 988381 525
983850 39355 525
874925 588222 525
73984 350670 443
312271 874787 525
811888 96499 509
627094 675105 442
195317 844182 525
119567 422195 449
144857 830478 509
6916 698615 509
355055 328389 441
419024 239707 449
313487 367959 441
599940 567101 434
778957 289494 509
688013 492484 509
700878 501893 509
460064 228542 449
274605 432930 449
881938 837186 525
152 173637 383
444646 63212 449
351229 639992 509
719772 399458 509
996754 536726 525
726888 749446 424
304778 408159 441
814812 749401 468
661538 479333 509
338497 685155 509
685288 707995 504
663293 754168 504
409379 828186 509
359957 881220 525
715842 84119 509
768663 153114 509
875523 575200 525
264575 584749 470
17822 51727 324
392604 970143 525
516683 925371 525
102244 165151 383
822065 331477 509
339902 457223 449
798757 649061 504
555230 180550 470
260077 370331 441
411930 323422 449
171295 291350 443
175695 165232 352
913079 376591 525
57822 374403 443
386848 268903 441
667387 532952 509
597680 733036 509
420253 706533 509
405507 220414 443
143387 472045 449
946930 895611 507
491512 374503 449
749789 274988 509
501125 494413 395
393360 859131 525
365366 513740 470
354160 349633 379
298273 154978 443
701242 807580 504
806922 96936 509
958442 785595 525
746732 351535 509
924215 359468 525
92017 304852 443
396641 337585 441
461182 604237 470
514334 642457 509
874204 472220 525
527806 741050 509
529316 897576 525
923610 285056 525
806521 206084 509
299788 421867 449
708461 387688 509
396778 923045 525
53282 344323 443
195616 102108 383
385976 270137 441
644421 21529 509
652707 260605 509
727680 134677 509
765856 340112 509
238958 530520 470
931515 29990 525
38612 842495 525
369079 39843 443
904059 559345 525
432849 707045 509
110342 788464 509
207869 486951 449
722063 358382 509
755886 123888 509
282782 235906 407
160451 439762 449
236322 886738 525
762849 98329 509
17108 622873 470
735903 517671 509
233020 154766 443
287799 333426 389
317782 219507 443
364370 233700 441
228926 485989 449
621393 932486 525
102073 757539 509
629928 686169 442
551021 771508 509
742474 808319 468
492278 270688 449
506892 385062 449
850921 337925 525
785695 673231 504
250909 852819 525
135599 996867 525
766430 372383 509
869803 15500 525
608161 216688 470
136807 592688 470
485261 994446 525
312439 270286 389
48937 997678 525
544927 31675 470
527831 186524 470
933669 857602 476
109765 732455 509
757553 687210 504
975630 418326 525
465701 138569 449
61635 626928 509
279888 42538 443
785680 476314 509
154809 708301 509
698900 271480 509
741874 763090 424
231972 933636 525
52077 910292 525
366230 182589 443
816245 16849 509
310555 81795 443
398379 910067 525
943147 773736 525
831558 628883 504
641113 358786 509
696801 369678 509
274528 676372 509
684741 757900 504
843153 337105 525
546347 115057 470
191239 168817 365
672492 413981 509
42306 378358 443
263832 829257 509
421293 779914 509
575852 840502 525
401591 656028 509
126333 676833 509
708685 577801 509
953583 322608 525
676724 823212 504
675047 173981 509
876610 441784 525
123742 85684 354
694305 815229 504
150668 378913 443
959278 671832 525
185451 946136 525
541874 785503 509
46153 501293 449
141907 117998 344
95507 313144 443
45545 862090 525
450668 823891 509
625697 610193 447
313844 604789 470
177676 453510 449
857340 226594 525
429324 806324 509
696041 175793 509
776731 424964 509
499420 593462 470
750779 125283 509
166015 458914 449
275156 408008 441
353010 313080 441
353004 978865 525
156821 809704 509
137368 288880 443
67766 737263 509
698450 415749 509
91337 15495 351
213717 322551 443
215626 950576 525
350252 624573 470
969952 985027 458
285222 584721 470
830889 256091 509
929124 138838 525
361510 724662 509
98610 410022 449
326402 820797 509
651475 246580 509
353034 778796 509
82125 774526 509
350309 453335 449
271699 509178 449
901834 899665 401
51410 249034 443
320076 327372 384
386336 114690 443
507664 243565 449
490734 704593 509
871306 889992 445
780188 622492 509
894976 145704 525
186161 405610 443
655353 92899 509
391688 393683 361
741954 524071 509
294949 934588 525
944193 45262 525
268788 28429 443
829965 139308 509
609346 974367 525
895107 663387 525
472891 152904 449
455229 293805 449
951778 600616 525
413082 947580 525
150800 748606 509
603544 749025 509
483725 459864 444
395136 380567 436
757060 752710 424
917832 115168 525
779024 804900 468
641096 166694 509
83890 986020 525
198701 832477 509
374671 25942 443
278206 350388 441
718279 535687 509
450120 496501 444
625810 420248 470
495139 273290 449
804370 232106 509
860491 503242 525
677327 179317 509
131066 841938 525
589958 881826 525
751557 463807 509
547818 297994 470
751639 855124 525
741656 40471 509
223347 495750 449
223276 3944 386
50801 199250 383
238903 30454 443
41848 968379 525
105557 529299 470
325325 98675 443
398718 996396 525
627694 13870 509
680538 195798 509
857750 560978 525
838264 565843 525
69011 115153 354
901458 219072 525
903374 166694 525
998816 374830 525
339781 739928 509
455494 688705 509
215400 516691 470
875909 998152 507
890109 818923 525
345246 118071 443
142146 31966 354
85592 790 351
493818 83617 449
595366 285187 470
16524 195057 383
113694 811942 509
503709 285329 449
126456 575691 470
407232 838131 525
235644 494941 449
535037 49286 470
387211 675236 509
508488 135406 449
894187 192689 525
681228 925533 525
269285 51826 443
8357 426292 449
773559 642825 504
581598 611597 434
568313 463822 470
915334 358989 525
530885 14043 470
593250 349719 470
535143 658060 509
729111 818684 468
977196 668772 525
906762 973312 507
581735 40320 470
33639 884839 525
243524 135972 443
285381 108120 443
520723 546925 452
55804 1382 340
403683 852560 525
362224 631571 509
174500 615241 470
309969 651434 509
467204 304138 449
795849 511131 509
613281 473000 470
453790 591462 470
448443 376933 449
436779 304304 449
798905 790798 468
27702 767848 509
654830 527635 509
38160 508035 449
724196 365425 509
502296 455425 444
46308 317864 443
359567 708211 509
648658 951098 525
160463 103764 383
880490 861422 432
10496 761468 509
374642 133317 443
135171 582563 470
51488 902986 525
824147 465247 509
565363 483853 470
440791 718191 509
683989 680362 380
158222 114420 383
879071 576407 525
969275 496551 525
869513 824226 525
149149 364536 443
316549 475024 449
739806 136048 509
678665 761714 504
720552 72490 509
381697 554398 470
904431 776125 525
252465 787830 509
412404 912759 525
771239 624058 509
747630 401893 509
244549 255679 363
416456 970485 525
746400 896004 525
428839 292819 449
697509 259437 509
186126 545134 470
600556 600350 235
444055 781456 509
565008 555581 421
248938 874600 525
91602 901411 525
214077 394284 443
989301 517971 525
587269 205622 470
329568 787637 509
46644 889678 525
128443 246118 443
709478 889634 525
501434 172879 449
70784 31673 340
723466 366657 509
402591 4468 443
968642 453917 525
475330 851171 525
588332 762267 509
874220 97665 525
26240 123121 354
473583 105935 449
612828 800097 509
435931 545119 470
278178 938718 525
402335 463547 449
567359 311497 470
213167 358604 443
502989 786520 509
887158 306867 525
14546 765440 509
868503 188238 525
906423 245751 525
42745 625377 470
550132 617558 447
244802 443084 449
397651 984746 525
567487 152222 470
363374 179148 443
68396 558948 470
589020 530559 452
600560 951955 525
351785 95329 443
930848 949101 507
898374 791459 525
42392 938457 525
70278 641147 509
984669 494452 525
558271 40742 470
960358 896241 507
657459 224463 509
923472 684183 525
161420 658169 509
908099 711360 525
193590 247182 443
881193 71862 525
825225 562827 509
195098 26239 383
956989 282332 525
767064 357255 509
375277 42665 443
14992 210031 383
759081 464182 509
819921 891344 525
637089 916503 525
9675 534201 470
319613 574252 470
509669 867145 525
498967 774200 509
462943 353981 449
14954 73718 340
964177 669117 525
753035 918089 525
883083 267317 525
167272 799441 509
153004 519763 470
727629 909077 525
925145 190898 525
443546 54095 449
631647 498039 509
350449 502541 449
88010 400866 443
648356 119797 509
564027 850189 525
674240 564119 509
486297 838567 525
505338 662134 509
756688 963398 525
643841 902171 525
185173 254212 443
123722 271007 443
518129 285379 470
514394 439288 470
869847 903523 445
206049 364769 443
366658 939150 525
360255 15857 443
271470 852097 525
758461 412961 509
194332 953558 525
668571 544610 509
94644 439420 449
461164 927664 525
528653 119719 470
685246 582430 509
751183 642867 504
690272 113621 509
929420 666040 525
515314 924848 525
767369 695598 504
568816 788832 509
385876 367610 423
901620 326973 525
835655 843450 525
623287 747569 509
480662 183602 449
949684 47570 525
828158 282451 509
692337 680069 442
598974 556012 434
140797 623112 470
296461 762581 509
965644 257161 525
231168 433210 449
494978 28650 449
872797 807026 525
660995 526430 509
759746 846438 525
15625 126878 354
910151 506646 525
207587 695376 509
182365 826185 509
404360 516929 470
812042 761105 468
804593 744028 468
116163 771092 509
400021 584096 470
496744 838016 525
15167 226553 386
655841 554551 509
191327 794204 509
947436 126832 525
368013 311263 441
154157 6597 375
791733 393722 509
458215 296660 449
558923 265033 470
295573 916549 525
944862 314760 525
722498 485076 509
188772 153806 383
51560 336413 443
875076 301137 525
464484 882321 525
62904 857625 525
483139 927782 525
891027 787248 525
553831 205555 470
94055 89359 333
909860 515795 525
544700 913867 525
446145 459984 387
370870 304465 441
174006 349536 443
366735 616435 470
112904 49833 354
587181 111230 470
938107 340484 525
299480 407084 441
330307 409710 441
159368 968694 525
862737 942311 507
15107 801787 509
73158 27911 340
300983 130065 443
423599 149226 449
951281 876829 507
366073 875581 525
152169 671185 509
888406 991966 507
459927 629335 509
315715 17615 443
797704 341965 509
300062 624984 470
476017 715833 509
385041 495899 449
83131 154636 375
411681 218503 449
138039 49572 354
896621 295263 525
133884 635265 509
202993 366769 443
429294 38789 449
487791 98308 449
385938 660718 509
857635 103034 525
463799 899100 525
413236 645777 509
34200 40873 324
186014 455163 449
978822 399933 525
249502 49364 443
763064 867988 525
15115 153597 375
810765 884023 525
636891 497229 509
135713 34871 354
955723 449578 525
119698 364876 443
494951 465488 426
37967 897494 525
34513 895335 525
128291 478528 449
685996 897531 525
263274 273994 407
77089 819695 509
272365 816188 509
676728 756972 504
691945 732693 504
494423 720682 509
951490 247027 525
152407 338641 443
128449 274529 443
851714 689427 525
394606 662519 509
987754 183786 525
961380 148868 525
166357 675559 509
375691 179792 443
674001 381097 509
517224 771957 509
575353 692296 509
116107 503020 449
391630 867765 525
644077 888582 525
851883 575304 525
692755 309431 509
438421 238920 449
278598 905803 525
983781 497750 525
936482 970267 507
235425 114438 443
391829 930885 525
691382 160437 509
388663 657680 509
126493 75628 354
52086 788292 509
985179 119417 525
841257 555844 525
39888 783173 509
261950 310330 407
971330 405916 525
877975 531374 525
10156 381093 443
203982 981525 525
846165 783159 525
268578 177539 443
385454 321591 441
513635 338794 470
880529 506170 525
973771 192747 525
843656 252980 525
98955 144404 375
134258 871912 525
981118 78125 525
436500 234883 449
619259 293823 470
543808 794297 509
581074 468755 470
917425 517307 525
191379 263890 443
895292 783850 525
685101 819996 504
368577 401403 436
589160 18020 470
79272 232144 443
305172 86427 443
497387 175824 449
163058 494130 449
755675 188179 509
134041 861905 525
726114 945104 525
516036 109593 470
767528 95119 509
241804 987861 525
508075 103852 449
258829 902619 525
467351 999180 525
956831 229468 525
37685 975632 525
197864 630846 509
876900 430416 525
845828 484885 525
119770 492110 449
466732 916042 525
763174 261073 509
735009 540064 509
156813 43610 383
595065 548509 434
349767 710593 509
59208 762841 509
618835 430890 470
283584 733814 509
347820 82676 443
472739 328183 449
605357 213148 470
630992 421610 509
146214 821067 509
458810 52072 449
954745 886678 507
303390 582818 470
554315 437642 470
950405 869410 507
418271 887414 525
860695 37015 525
481122 130510 449
9986 520819 470
735540 691785 504
712709 93024 509
83855 483983 449
46459 899476 525
836729 138842 509
512686 200360 470
786318 968773 525
337280 773357 509
955464 156495 525
433672 710824 509
935703 534789 525
236419 676596 509
712922 516240 509
423549 629679 509
438521 774078 509
132662 191122 383
856321 94043 525
14532 305312 443
389652 209106 443
678 358678 443
556060 137236 470
709326 814649 468
760544 997041 525
354491 249944 441
963223 507215 525
276872 134272 443
78874 731938 509
151784 54133 375
851197 390915 525
576670 940510 525
