1 10 20
100 200 125
201 210 89
900 1000 174
10 1 20
1 999999 525
9 9 20
869840 941992 507
687174 651823 442
442154 364950 449
646229 331765 509
483307 200422 449
705031 333832 509
160659 669771 509
935469 865911 476
938183 446618 525
593982 465814 470
692102 680112 442
626614 679561 442
109385 398406 443
958415 43763 525
445048 356170 449
249751 379492 441
987615 64809 525
132074 808229 509
886635 481637 525
190769 476571 449
36213 957826 525
207321 797566 509
963983 491838 525
810578 156433 509
133354 418295 449
47296 418219 449
740649 539834 509
686759 225366 509
72284 768041 509
758497 897515 525
769565 594725 509
557003 28624 470
895182 16410 525
205 175798 383
565806 73755 470
673475 342319 509
249516 849985 525
914707 187631 525
969447 477161 525
798188 711071 468
484576 125310 449
795534 166888 509
447733 4497 449
521267 16023 470
748569 542373 509
446961 506258 444
61729 467593 449
297950 685935 509
310741 263834 407
381714 928096 525
206100 677603 509
275912 728285 509
780139 820409 468
299899 685085 509
374377 798020 509
963044 183878 525
995900 667842 525
67943 624679 470
898467 448878 525
939507 278974 525
404507 828141 509
303144 755759 509
753245 56268 509
795918 859923 525
5716 895982 525
322002 372534 441
345637 116521 443
397137 176823 443
182572 516711 470
313426 898948 525
159678 473166 449
355377 999896 525
789218 548079 509
759100 517030 509
802414 511856 509
722123 586480 509
811055 65846 509
402784 474564 449
993224 823083 525
328819 417345 449
723906 460177 509
802938 502155 509
601703 427453 470
379426 3356 443
276427 240393 407
886014 870473 432
946155 534147 525
218849 144642 386
418984 657904 509
102073 620047 470
646214 582495 509
802079 952245 525
461047 819837 509
88549 95325 333
971318 628939 525
328580 788221 509
883277 786336 525
204705 41983 383
470538 743706 509
430036 204249 449
753913 712975 424
436972 73121 449
934526 175838 525
885898 140402 525
317218 769589 509
840759 413056 525
316560 825420 509
96583 327899 443
526256 773317 509
431638 263025 449
490543 138374 449
595867 813951 509
623721 233438 470
305077 869874 525
524746 263527 470
854436 404736 525
930103 689795 525
193270 732275 509
416963 707866 509
545679 107623 470
961788 634072 525
682707 975945 525
876630 617506 525
959218 653195 525
108769 660039 509
2029 204105 383
666361 684493 385
167106 486239 449
771733 757629 468
991786 301165 525
937023 588177 525
881800 867592 432
820750 42263 509
22624 402596 443
608303 689826 509
739423 638312 504
661374 257311 509
741161 484076 509
683782 633525 442
490450 92469 449
380588 204969 443
764064 292091 509
566003 2434 470
828552 67028 509
526650 320689 470
724103 105602 509
810844 50742 509
47120 663386 509
583391 228999 470
295450 140121 443
653358 950797 525
251433 372772 441
820860 56582 509
875282 783594 525
151409 140672 375
183404 659827 509
244964 508808 449
442710 121720 449
235936 313408 407
936330 240879 525
441188 732245 509
621118 428468 470
421260 496981 444
471541 151638 449
808705 12915 509
979552 818865 525
757287 148564 509
726492 714892 411
725921 632468 504
637408 766474 504
947162 555227 525
186692 586310 470
494867 69530 449
573917 666525 509
82932 512175 470
411952 218108 449
282578 743071 509
953312 898085 507
36968 678434 509
61881 702568 509
498850 924283 525
42372 841406 525
677780 418406 509
78241 669398 509
468953 935921 525
529469 461918 470
547891 645164 509
356137 23231 443
998560 708670 525
93659 724207 509
946201 487260 525
177702 479375 449
213345 190304 373
870534 267073 525
593947 149060 470
481129 356582 449
63696 399781 443
147519 57687 375
76265 598190 470
974417 62853 525
453972 55342 449
24852 356787 443
461651 720899 509
503328 386175 449
973898 555931 525
428864 853504 525
806660 620256 509
217146 614683 470
729437 929020 525
301672 287069 389
390715 275325 441
489156 570045 470
395592 61860 443
839775 867261 419
371974 510836 449
968368 643689 525
782180 256487 509
262964 474531 449
850709 755716 525
670750 659802 442
965331 66091 525
966262 270713 525
746199 757504 424
696345 577429 509
562458 160918 470
361518 447430 449
215446 124465 383
596913 713528 509
560988 535934 452
841546 895240 445
538434 633295 509
620952 654260 509
660116 698899 442
971406 469283 525
111344 317435 443
332630 295549 384
75846 746312 509
780460 996854 525
175159 220239 386
356551 283770 441
910806 946785 507
289902 662792 509
246889 377209 441
542029 633852 509
904430 506129 525
741087 245023 509
826212 233581 509
343336 86182 443
366966 583622 470
351799 526688 470
13120 416585 449
529047 526405 377
421002 746605 509
18960 938362 525
491766 452867 444
571979 40597 470
775501 401625 509
917080 454551 525
888572 340181 525
840074 430690 525
819078 246339 509
257628 708231 509
254202 23456 443
916327 524049 525
231937 304797 407
819851 77239 509
172867 990376 525
292075 75985 443
867707 999112 507
438458 686706 509
374458 786114 509
652930 280591 509
665617 147443 509
196655 617102 470
647089 904757 525
163994 507763 449
577889 880723 525
764777 747075 424
538519 380099 470
30831 850092 525
761223 834438 468
889732 204843 525
826749 159845 509
199 383055 443
276267 502640 449
711617 216115 509
565360 298536 470
607272 47915 470
377994 409266 436
278093 396081 441
901560 702625 525
818987 529258 509
19626 286436 443
156222 817075 509
62300 144004 375
645951 602828 509
736794 992336 525
80297 780957 509
960801 882118 507
223894 657 386
157673 413953 449
586978 539655 452
799711 254080 509
370833 412578 449
185088 440398 449
62963 860116 525
94150 781503 509
26592 213935 383
789090 670628 504
186195 727293 509
917501 636255 525
981596 181587 525
467324 165737 449
12270 251536 443
273405 492670 449
420267 669154 509
681404 336514 509
696114 587868 509
685693 288544 509
425200 150083 449
80671 585379 470
232478 771313 509
488519 728230 509
90607 746958 509
203763 53847 383
514357 263075 470
734801 487073 509
268219 708355 509
990599 407786 525
751072 556187 509
956829 424307 525
428727 409812 449
437614 63741 449
26698 108818 354
936625 44489 525
402613 444928 449
35212 726522 509
994557 686551 525
774505 896020 525
144907 514783 470
969685 684085 525
991899 938109 507
123385 250680 443
262313 508551 449
377911 488053 449
364677 681126 509
83708 49131 351
819818 201670 509
58488 645818 509
902471 453907 525
388762 587026 470
445138 761704 509
793262 659398 504
173293 290038 443
757034 602413 509
277613 870783 525
106593 301561 443
109671 208505 383
300206 145547 443
176835 322784 443
728728 424497 509
196044 960727 525
291548 799496 509
548216 576601 421
157411 877080 525
546589 446102 470
403161 181401 443
884298 262442 525
62946 581152 470
940303 925961 507
613647 590972 403
911861 839382 476
307242 979362 525
307212 603484 470
146717 461760 449
84485 601771 470
920151 802663 525
614212 195076 470
913297 709746 525
123664 62524 354
687836 559810 509
106884 205114 383
894773 303916 525
779998 686388 504
246869 869117 525
338189 312799 384
592680 8820 470
561943 495875 470
102277 560180 470
771078 255536 509
838175 211497 525
574415 528087 452
149319 858805 525
904822 923089 476
121921 132573 344
274254 434431 449
117627 470881 449
171867 647176 509
942479 864400 507
581622 477019 470
32472 810485 509
835266 612940 509
378200 461861 449
9657 38259 324
821592 492139 509
645865 600723 509
83848 117895 354
252619 880309 525
112980 335668 443
652422 557301 509
428049 497577 444
99278 549816 470
961431 881243 507
752559 908390 525
600221 75475 470
366199 534429 470
879406 573094 525
282313 363819 441
316309 737546 509
172176 510261 449
501622 222685 449
343401 43263 443
648156 96754 509
543460 961680 525
866211 59643 525
147670 216048 383
375930 680983 509
760020 515291 509
424857 944156 525
451364 886023 525
594441 803897 509
377318 135846 443
104504 177743 383
665558 773881 504
483020 326667 449
907001 569221 525
72891 988863 525
991235 486030 525
304068 726077 509
195895 298325 443
288439 278310 376
193709 408854 443
984924 115872 525
273782 794555 509
672199 341147 509
658027 365160 509
769751 147077 509
66863 910443 525
679329 870984 525
561121 836537 509
728190 416648 509
969765 497604 525
296105 518830 470
175669 104921 383
309121 916030 525
350967 960951 525
108879 921931 525
392459 332841 441
601828 571484 434
495278 308553 449
870843 816840 525
76533 104550 351
488639 555094 470
353545 28509 443
830124 549741 509
790652 797065 468
682562 390961 509
468516 388098 449
974085 243159 525
847306 570828 525
839368 102282 525
444296 489956 444
959757 248541 525
529152 505994 470
933051 436232 525
139206 232017 443
101181 128883 354
388628 185782 443
324519 453197 449
814512 535576 509
56795 875849 525
598935 309039 470
262791 962032 525
740846 279597 509
300579 705920 509
698673 56379 509
341866 832202 509
251885 361277 441
829753 552806 509
895997 643007 525
632281 407119 509
624452 95571 470
570436 959894 525
830691 2021 509
561830 562480 328
674866 647340 442
478799 41476 449
147410 315540 443
330472 712316 509
669539 454741 509
47473 28381 324
752390 312483 509
167965 269914 443
928722 216861 525
229715 657074 509
389423 950953 525
658352 898394 525
828894 457092 509
575736 11461 470
419204 271119 449
802466 112060 509
659639 227259 509
9694 557096 470
426665 358020 449
102699 17406 351
572015 397018 470
939698 532164 525
702574 839236 525
874964 661039 525
396432 546169 470
686381 485295 509
715139 537066 509
948323 659240 525
201041 809696 509
905726 295043 525
726779 537028 509
28302 578984 470
170819 278088 443
409180 850546 525
262945 164859 443
893446 339862 525
169858 675072 509
159683 962290 525
975936 274865 525
909768 131106 525
80699 2040 351
278422 729139 509
526371 919819 525
883693 16609 525
124064 947085 525
331160 967148 525
929827 951579 507
515161 62320 470
618989 129505 470
172144 674271 509
234377 151764 443
631336 296569 509
140488 504749 449
131664 319073 443
310314 975240 525
889348 967537 507
136992 650358 509
302585 616069 470
611370 485082 470
642315 666088 442
611256 835049 509
704351 509953 509
571389 544902 452
818018 933369 525
436399 364519 449
765814 965616 525
30857 64430 340
906205 289726 525
779850 251162 509
728361 110398 509
51696 370026 443
670698 717339 504
137919 307172 443
106236 394307 443
953429 106166 525
188474 14941 383
676068 49196 509
177783 431212 449
55812 532903 470
239957 965066 525
692351 385040 509
173115 959410 525
914384 716672 525
677250 456971 509
887577 990043 507
425227 845607 525
241017 592413 470
628151 580754 509
870364 607090 525
40999 705254 509
503697 775536 509
838105 897191 445
673236 430557 509
745856 507023 509
321949 238830 407
205279 109874 383
353758 942771 525
197774 695719 509
613424 80062 470
956296 194897 525
547541 995385 525
429018 754565 509
453802 37411 449
760076 777174 468
49410 811666 509
473235 944302 525
763457 82938 509
505976 414423 444
510218 795055 509
618598 424018 470
173213 831175 509
109366 804698 509
169684 170068 290
326145 505159 449
832019 940837 525
99290 931537 525
687680 996073 525
476949 718028 509
16695 653690 509
824841 337772 509
339210 974758 525
804963 10103 509
725958 493661 509
80676 72725 351
208085 279179 443
333603 156571 443
900198 205361 525
987389 74968 525
605609 840866 525
43805 204830 383
271462 550488 470
592269 403661 470
794813 120040 509
192792 590133 470
2172 923812 525
492523 426101 444
211482 141651 383
476490 970162 525
235259 686151 509
102251 900728 525
667072 841204 525
351787 371205 410
86393 759412 509
286600 553368 470
949177 766835 525
380086 820354 509
32899 867990 525
215783 689036 509
778616 229482 509
427150 188071 449
316538 453187 449
168536 144873 383
313190 639048 509
928972 302467 525
154107 806457 509
924236 945643 507
50157 121500 354
343963 398607 441
312461 981808 525
434205 886586 525
527651 588847 452
930760 540994 525
725823 382888 509
179991 282738 443
323273 664790 509
297744 812348 509
540842 823783 509
497480 285868 449
749600 133452 509
196959 140326 383
511520 251199 449
414024 692786 509
289065 182569 443
713197 32070 509
550823 528714 452
812812 846776 525
18158 663778 509
3283 653722 509
478718 591955 470
979083 813975 525
19879 551161 470
907642 153976 525
362482 270272 441
144262 740734 509
258435 360270 441
580766 456937 470
50227 39544 314
300521 108700 443
245779 903239 525
29886 113281 354
845529 612256 525
774463 14002 509
31179 539519 470
61996 588637 470
477018 4317 449
393157 890724 525
343682 556 443
563398 969795 525
280043 762473 509
530977 679643 509
217752 495307 449
139328 325924 443
445179 542828 470
212625 923385 525
382154 342790 441
318960 679607 509
63574 7361 340
558616 5469 470
992876 704428 525
833414 747492 468
35141 698398 509
976957 551852 525
820345 797626 450
846431 19762 525
975205 72612 525
827765 669377 504
96220 343214 443
670497 320092 509
525819 593264 452
779326 596425 509
166133 100907 383
379788 925093 525
936263 35493 525
505742 745444 509
731133 278879 509
967624 562971 525
972837 493955 525
292464 234933 407
653244 161931 509
363971 327786 441
292482 106340 443
922602 82200 525
460385 339658 449
564424 204504 470
798914 665367 504
486777 150176 449
763918 755076 380
89427 938659 525
242739 930832 525
370937 422106 449
766347 175019 509
797452 309051 509
290220 835332 509
901153 256744 525
693269 723112 504
632532 344970 509
79021 451527 449
216753 742863 509
176505 658026 509
364919 771832 509
791298 604547 509
418829 783395 509
677770 73017 509
880498 447279 525
672683 882161 525
85043 291422 443
52208 582564 470
475588 198334 449
724810 659187 504
990 349647 443
771162 706221 468
191624 10796 383
856894 339911 525
787795 146139 509
624050 442047 470
577551 524649 452
506278 541701 470
710564 153461 509
242876 872556 525
465322 571622 470
797324 396737 509
589696 778022 509
392507 203862 443
164445 81598 383
872180 393363 525
903895 360192 525
571518 295855 470
947227 460678 525
626770 119670 509
637912 406576 509
529928 394060 470
218200 694199 509
435346 967045 525
304293 605809 470
741298 710342 424
954289 501459 525
242504 447526 449
775399 720541 468
597097 367014 470
916383 774500 525
7123 811797 509
440145 291991 449
531217 847402 525
82833 738145 509
977218 626013 525
492421 814434 509
911187 290335 525
851866 878525 432
834488 331642 509
450721 229729 449
319427 533714 470
145916 294824 443
917066 276514 525
188198 477404 449
109159 990615 525
517994 652022 509
878787 837658 525
399013 897120 525
686204 507893 509
93092 467256 449
854333 314280 525
659903 511423 509
973479 254183 525
26962 862740 525
573505 18278 470
506291 41010 449
982562 868487 507
5194 342761 443
942535 258147 525
904013 427764 525
4661 556462 470
992713 79290 525
323894 31993 443
297929 503944 449
48531 975413 525
749064 283744 509
5392 288320 443
344069 370054 441
615055 160521 470
360219 378490 423
873234 902625 445
634546 927401 525
575170 243798 470
953575 693487 525
24521 847810 525
9597 752610 509
293876 24939 443
676459 762929 504
932079 926188 476
342300 907630 525
77390 919940 525
391940 455146 449
749437 933199 525
751098 418448 509
432952 41379 449
815002 512477 509
657054 891673 525
538146 273126 470
809125 908827 525
90391 938051 525
83137 97346 333
286340 98820 443
828024 743132 468
707147 308094 509
85651 287014 443
860837 216094 525
739510 193611 509
557888 590360 434
214810 33164 383
480026 444271 444
795711 760834 468
583165 370601 470
522234 796718 509
666247 32342 509
135505 578964 470
184323 725771 509
14659 208862 383
645837 377406 509
372926 168314 443
870416 536032 525
422029 599478 470
334259 533728 470
219292 322563 443
257324 929104 525
103347 570866 470
990345 308273 525
984212 544066 525
291740 93540 443
969182 411119 525
896170 457807 525
611412 486985 470
881481 826470 525
755103 942575 525
338498 294005 384
876885 175808 525
440839 581735 470
162830 839238 525
876155 895527 445
967740 532808 525
477290 679100 509
959065 175658 525
328010 256040 407
719493 830015 468
793651 763120 468
314395 419417 449
626684 904636 525
90466 153931 375
456654 631545 509
91566 420566 449
267086 410079 449
304403 556616 470
518002 797842 509
108346 650945 509
283222 264352 407
378726 873686 525
471663 930271 525
478837 372998 449
160630 673502 509
972701 682028 525
900099 948700 507
477827 368381 449
430898 214502 449
155233 697679 509
31428 432372 449
706319 443645 509
726036 390968 509
236228 694800 509
284822 187405 443
115604 882662 525
881157 899228 445
271741 818543 509
590587 740118 509
855837 438760 525
766586 470237 509
300642 170519 443
908471 223543 525
948435 934499 507
790758 641197 504
820069 929664 525
385195 123541 443
668071 953468 525
777752 895161 525
975936 990649 427
642037 943044 525
525805 258214 470
270703 942758 525
252559 904177 525
239906 375987 441
642087 652059 385
987393 196419 525
123700 867628 525
500282 202254 449
350482 788984 509
615831 892039 525
156978 863147 525
102736 683129 509
104374 239711 443
822152 765013 468
636925 727460 504
23863 683722 509
976285 732455 525
980668 570238 525
409504 904974 525
218393 687347 509
10048 943308 525
188051 684751 509
522777 497129 470
908194 680494 525
817482 229504 509
281680 193907 443
394792 897495 525
46438 584957 470
853008 929304 476
11649 66630 340
124850 463410 449
555226 621884 447
353984 31309 443
452920 988690 525
252982 262274 363
94115 24596 351
712985 667611 504
288764 538655 470
524956 841523 525
261106 825643 509
178362 454069 449
896067 11554 525
47974 918691 525
691260 30621 509
749202 27361 509
865735 388452 525
388742 360342 423
854877 609673 525
587055 852212 525
152331 55196 375
366733 632974 509
355606 999722 525
883578 598806 525
877129 963045 507
195790 919106 525
848121 398227 525
187977 212577 373
211714 947840 525
504888 622264 470
670285 807252 504
573624 42693 470
961073 268248 525
417913 809565 509
326337 491406 449
171410 230114 386
289999 384921 441
889758 716812 525
967832 342604 525
406477 707447 509
688645 110141 509
602381 428342 470
