1 10 20
100 200 125
201 210 89
900 1000 174
276 603 144
505 17 144
243 646 144
895 280 179
138 936 179
561 666 145
274 819 171
739 377 171
809 903 179
487 273 144
86 895 179
335 510 142
243 70 128
928 771 179
904 869 179
626 833 171
741 38 171
27 391 144
338 715 171
625 15 144
978 688 179
362 826 171
174 540 144
307 511 144
634 689 145
192 644 144
34 259 128
89 563 144
166 843 171
543 194 144
760 649 171
443 733 171
5 462 144
523 943 179
551 339 142
196 340 144
611 123 144
200 510 144
584 444 142
460 276 144
309 970 179
9 237 128
717 681 171
105 293 128
221 828 171
787 864 148
404 541 142
528 916 179
531 399 142
868 1 171
917 657 179
440 749 171
758 206 171
169 296 128
220 284 128
700 450 145
413 321 144
538 599 137
719 684 171
470 712 171
307 951 179
409 605 142
480 453 129
860 356 171
183 715 171
956 28 179
814 34 171
473 73 144
49 924 179
649 329 145
605 914 179
728 900 179
721 176 171
674 779 171
898 323 179
277 447 144
115 73 119
143 267 128
622 789 171
417 583 142
866 889 179
22 227 125
274 777 171
216 287 128
409 424 134
624 914 179
512 156 144
132 753 171
387 595 142
723 932 179
644 958 179
185 3 125
765 885 179
369 56 144
409 435 134
449 700 145
584 825 171
86 107 119
771 61 171
577 12 144
941 575 179
234 227 128
328 412 134
962 366 179
197 104 125
949 656 179
777 359 171
753 803 153
314 445 144
434 689 145
364 337 126
938 323 179
370 966 179
154 636 144
774 82 171
287 592 144
226 639 144
891 720 179
955 851 179
225 880 179
542 67 144
128 254 128
575 461 142
17 466 144
487 861 171
112 815 171
491 505 142
302 361 144
434 193 144
913 809 179
511 614 137
949 87 179
827 830 135
936 598 179
381 515 142
355 725 171
353 400 126
68 286 128
30 485 144
293 482 144
85 742 171
147 465 144
20 865 171
301 72 128
716 503 171
765 926 179
192 32 125
349 354 126
882 817 179
297 595 144
227 46 125
823 9 171
759 530 171
636 894 179
464 384 134
581 899 179
928 315 179
221 364 144
277 851 171
639 664 145
761 3 171
189 901 179
977 978 99
658 740 171
98 294 128
80 556 144
521 671 145
384 896 179
357 740 171
560 385 142
905 922 130
911 984 174
54 415 144
770 246 171
630 817 171
36 7 112
538 411 142
123 520 144
811 217 171
484 53 144
344 746 171
643 432 142
290 820 171
477 507 142
84 702 145
979 782 179
335 720 171
898 225 179
25 451 144
561 863 171
967 865 179
810 741 153
375 93 144
75 441 144
344 162 144
144 734 171
746 511 171
837 740 153
336 595 142
520 834 171
752 145 171
23 757 171
843 413 171
964 963 50
247 335 144
775 414 171
410 664 145
862 895 179
658 831 171
691 314 145
65 885 179
321 524 144
150 40 122
761 377 171
988 4 179
304 220 128
695 595 145
650 277 145
554 947 179
470 900 179
892 462 179
544 495 137
766 383 171
490 301 144
829 44 171
77 561 144
723 260 171
208 184 120
601 368 142
153 583 144
129 606 144
280 749 171
348 331 126
983 2 179
168 608 144
387 131 144
990 901 174
253 837 171
342 320 144
797 249 171
656 130 145
271 491 144
453 748 171
2 552 144
360 582 142
98 483 144
622 164 144
172 827 171
364 994 179
606 620 132
34 637 144
682 863 171
467 34 144
979 481 179
901 597 179
593 141 144
701 338 145
31 805 171
984 377 179
849 381 171
238 490 144
388 870 171
580 567 119
380 836 171
302 587 144
204 962 179
675 330 145
200 813 171
615 761 171
621 913 179
184 727 171
557 656 145
59 329 144
168 499 144
442 273 144
581 518 137
357 621 142
502 335 142
835 141 171
699 600 145
949 826 179
293 831 171
340 94 144
471 497 142
985 304 179
428 293 144
752 874 179
290 386 144
391 720 171
191 165 125
198 134 125
228 368 144
774 550 171
689 498 145
281 805 171
596 76 144
285 168 128
876 974 174
841 77 171
269 189 128
515 124 144
894 459 179
651 722 171
99 336 144
746 367 171
736 61 171
101 427 144
797 253 171
596 446 142
310 326 131
704 732 140
925 191 179
882 354 179
547 857 171
234 27 128
575 478 142
296 393 144
887 321 179
43 961 179
127 100 114
491 688 145
879 471 179
674 248 145
288 528 144
335 821 171
917 799 179
740 402 171
975 798 179
906 519 179
291 952 179
958 435 179
727 594 171
948 254 179
618 609 132
890 997 174
567 203 144
165 233 128
459 75 144
667 397 145
965 178 179
607 321 144
357 954 179
736 192 171
391 889 179
566 682 145
716 55 171
397 743 171
692 712 171
197 188 120
523 444 142
20 835 171
75 307 128
182 945 179
987 276 179
695 46 145
544 745 171
186 660 145
341 271 144
953 169 179
81 941 179
79 931 179
342 272 144
98 1 119
698 875 179
258 753 171
183 414 144
605 46 144
830 147 171
186 292 128
868 150 171
918 900 130
18 263 128
754 96 171
4 718 171
983 473 179
80 228 125
236 570 144
571 355 142
100 45 119
54 388 144
584 328 142
882 525 179
564 693 145
266 363 144
855 950 179
221 110 125
470 1 144
77 435 144
110 459 144
420 381 134
496 926 179
670 878 179
767 200 171
593 12 144
467 257 144
475 260 144
226 412 144
327 922 179
982 317 179
680 19 145
723 829 153
253 628 144
500 811 171
165 354 144
25 909 179
874 28 179
415 410 134
884 720 179
769 434 171
891 996 174
383 238 144
233 186 128
484 700 145
303 1000 179
291 283 118
472 868 171
841 587 171
780 772 153
997 730 179
12 292 128
812 413 171
974 242 179
483 687 145
908 335 179
238 756 171
736 385 171
30 228 125
92 161 122
440 777 171
46 735 171
822 424 171
902 357 179
267 486 144
181 267 128
183 8 125
94 913 179
194 546 144
956 6 179
59 146 122
694 819 171
316 908 179
569 670 145
516 143 144
339 128 144
986 390 179
836 436 171
714 919 179
38 133 122
397 160 144
777 23 171
538 553 137
658 470 145
505 967 179
345 525 142
109 373 144
715 967 179
468 533 142
756 220 171
620 529 137
106 253 128
293 490 144
508 47 144
574 307 144
815 199 171
8 139 122
435 456 116
87 244 128
748 209 171
798 814 135
939 738 179
654 365 145
42 287 128
1000 284 179
546 952 179
561 411 142
742 741 47
881 885 117
580 452 142
247 742 171
6 517 144
295 380 144
233 675 145
759 18 171
429 172 144
707 242 171
237 682 145
289 969 179
671 910 179
753 70 171
805 617 171
418 410 134
202 538 144
805 48 171
497 445 142
203 666 145
253 933 179
404 81 144
985 24 179
234 627 144
46 549 144
455 453 41
898 655 179
969 315 179
210 690 145
770 914 179
553 613 137
414 110 144
343 86 144
965 427 179
23 840 171
73 839 171
651 911 179
38 947 179
5 284 128
927 993 174
849 426 171
600 305 144
155 797 171
126 398 144
14 267 128
775 560 171
369 942 179
68 176 125
785 30 171
424 894 179
69 28 113
346 961 179
106 692 145
325 646 144
258 484 144
412 211 144
675 462 145
715 636 171
102 351 144
818 329 171
165 18 122
296 340 144
905 15 179
57 908 179
939 561 179
175 582 144
971 791 179
598 586 119
352 889 179
287 62 128
700 923 179
871 952 179
770 679 171
660 580 145
789 229 171
266 888 179
984 573 179
965 60 179
182 138 125
634 329 142
337 502 142
908 941 174
942 976 143
126 384 144
561 457 142
203 93 125
942 195 179
945 328 179
495 757 171
196 947 179
814 571 171
523 23 144
336 696 145
232 165 128
926 975 174
806 318 171
161 82 122
879 102 179
73 637 144
538 516 124
560 865 171
494 599 137
250 420 144
529 294 144
860 204 171
80 807 171
289 317 131
487 216 144
911 717 179
736 336 171
892 626 179
846 427 171
252 712 171
322 320 100
913 574 179
952 313 179
337 621 142
222 247 128
622 646 132
479 560 142
384 330 126
236 811 171
860 732 153
98 841 171
148 235 128
847 397 171
956 456 179
168 594 144
176 300 128
2 838 171
493 384 142
887 768 179
411 601 142
866 117 171
525 899 179
46 635 144
815 148 171
690 204 145
119 618 144
446 322 144
101 271 128
538 45 144
107 763 171
264 132 128
387 974 179
280 732 171
315 10 131
317 938 179
658 224 145
354 544 142
442 56 144
23 640 144
367 72 144
17 710 171
842 216 171
177 535 144
807 355 171
390 578 142
95 325 131
906 740 179
545 114 144
503 224 144
976 975 143
514 864 171
807 676 171
794 92 171
925 978 174
510 187 144
16 928 179
965 833 179
151 810 171
39 818 171
827 821 135
456 174 144
319 657 145
269 736 171
973 347 179
518 498 124
741 420 171
782 145 171
42 365 144
454 368 134
11 754 171
7 110 119
98 825 171
135 345 144
882 306 179
634 37 144
219 546 144
939 919 174
771 552 171
67 413 144
679 129 145
428 356 134
827 292 171
515 508 124
923 628 179
728 259 171
563 880 179
233 886 179
560 288 144
848 589 171
735 402 171
925 595 179
777 41 171
384 626 142
900 347 179
452 71 144
822 3 171
368 138 144
808 73 171
231 617 144
967 542 179
658 926 179
229 65 125
627 383 142
450 211 144
176 150 125
275 307 118
842 390 171
475 414 134
414 36 144
669 878 179
635 484 142
825 207 171
297 70 128
600 341 142
231 312 128
800 753 153
120 958 179
185 925 179
725 474 171
810 759 153
628 955 179
904 982 174
506 59 144
161 90 122
16 476 144
806 403 171
496 886 179
559 935 179
165 494 144
672 549 145
33 135 122
364 731 171
424 862 171
252 640 144
390 78 144
264 699 145
411 869 171
610 726 171
196 706 171
641 362 142
514 461 142
35 624 144
449 497 142
553 284 144
888 59 179
212 983 179
580 129 144
173 389 144
461 845 171
39 873 179
155 190 125
416 286 144
710 613 171
340 436 134
311 780 171
527 559 137
316 651 145
807 175 171
731 277 171
126 209 125
311 498 144
759 51 171
958 529 179
926 922 130
134 557 144
699 559 145
395 208 144
591 747 171
293 354 144
29 89 116
82 724 171
865 403 171
49 297 128
50 342 144
961 801 179
410 700 145
725 65 171
264 46 128
473 668 145
756 46 171
467 752 171
94 881 179
71 935 179
220 978 179
964 232 179
938 189 179
93 42 116
847 375 171
191 972 179
756 396 171
356 133 144
49 715 171
616 385 142
774 266 171
628 378 142
630 964 179
903 211 179
881 869 179
775 269 171
867 14 171
827 413 171
551 978 179
294 751 171
852 33 171
21 318 131
491 140 144
664 483 145
693 412 145
718 9 171
898 736 179
30 432 144
743 165 171
196 594 144
839 602 171
231 557 144
49 513 144
232 800 171
252 950 179
125 619 144
615 58 144
927 311 179
811 876 179
244 360 144
745 932 179
858 505 171
833 771 153
136 160 117
305 526 144
855 264 171
987 218 179
444 931 179
438 634 142
288 257 123
864 839 148
381 329 126
957 436 179
725 277 171
382 985 179
82 928 179
652 400 145
872 921 148
857 928 179
897 40 179
261 719 171
287 225 128
343 27 144
510 410 142
186 707 171
350 718 171
176 544 144
733 473 171
356 402 121
667 111 145
776 132 171
452 138 144
165 261 128
672 442 145
602 236 144
474 867 171
296 349 144
398 949 179
725 969 179
244 483 144
291 631 144
169 683 145
905 251 179
726 93 171
131 317 131
888 933 148
965 804 179
530 30 144
594 980 179
798 368 171
402 927 179
494 325 144
565 699 145
75 298 128
840 797 135
379 411 134
674 674 114
75 8 116
255 736 171
184 123 125
582 573 119
196 198 27
694 923 179
472 198 144
57 976 179
801 689 171
834 533 171
612 341 142
941 787 179
775 968 179
634 289 144
650 909 179
22 240 128
818 739 153
880 305 179
878 296 179
708 904 179
286 507 144
887 477 179
479 633 142
839 507 171
567 894 179
108 475 144
710 395 171
140 710 171
154 6 122
975 6 179
114 704 171
372 146 144
437 452 116
518 182 144
352 926 179
599 599 119
295 170 128
227 133 125
550 405 142
514 251 144
749 229 171
127 92 119
853 783 135
314 504 144
362 600 142
747 921 179
205 849 171
382 519 142
149 625 144
351 285 144
804 161 171
348 954 179
39 306 128
670 30 145
102 706 171
715 23 171
528 475 142
139 792 171
834 800 135
23 981 179
494 550 137
24 239 128
841 653 171
665 128 145
788 481 171
60 413 144
895 873 148
146 487 144
742 300 171
587 231 144
771 891 179
250 741 171
395 893 179
781 221 171
114 913 179
262 736 171
771 959 179
218 907 179
763 178 171
378 799 171
953 199 179
79 623 144
767 621 171
510 438 142
968 988 143
832 986 179
979 936 174
324 345 144
137 134 91
80 494 144
692 111 145
78 34 116
586 412 142
932 779 179
900 356 179
784 532 171
461 804 171
210 150 125
846 162 171
324 78 131
651 933 179
488 429 142
96 318 131
776 177 171
307 92 128
799 617 171
600 778 171
96 689 145
934 296 179
916 285 179
268 409 144
341 654 145
294 279 118
12 43 112
181 917 179
843 723 153
613 27 144
946 147 179
810 778 122
890 224 179
159 379 144
465 499 142
168 834 171
777 338 171
724 99 171
726 923 179
693 670 127
1000000 1 525
