1 1 1
1 999999 525
14357 14357 72
96862 97980 297
91822 96293 328
2543 61856 340
59176 66453 335
38020 75973 340
15841 59276 340
42025 83996 351
74685 87730 351
60956 73427 335
10662 30929 308
51862 68400 340
61674 94716 351
11607 55929 340
80752 90131 333
92884 98211 328
52742 77556 351
46246 77832 351
48335 95707 351
44686 52252 314
92096 92554 284
98966 99692 328
71719 76979 325
84712 92042 333
73187 82774 351
99448 99813 328
27014 64713 340
94149 94562 284
19707 99329 351
28276 48809 324
76186 84523 351
55109 97998 351
84892 85553 289
94871 97402 328
48161 95872 351
48904 95962 351
75879 97752 351
15418 65436 340
44002 52114 314
35085 70883 340
81148 89049 333
8044 65045 340
37707 61744 340
95387 99228 328
2315 92157 351
54316 62445 335
15364 56127 340
97648 98181 297
48090 96751 351
42176 94570 351
28144 87888 351
84791 90407 333
94975 95485 328
56923 66812 335
10752 84097 351
80053 96011 333
90916 96744 333
33672 45075 324
71256 73277 325
92721 93825 315
16788 35187 311
35690 55297 340
37410 91487 351
15471 78695 351
67610 80615 351
48778 62671 340
44184 61289 340
87068 89724 333
29786 71086 340
47185 76781 340
46365 47602 314
267 74801 340
53077 96835 351
91101 95407 333
93469 94885 315
93149 95146 328
13293 67214 340
19288 30127 308
60564 65628 335
79555 84033 320
42820 52406 314
65762 71654 325
93908 94045 253
4330 76499 340
52634 53285 309
86741 96638 333
40038 61041 340
50108 71329 340
18211 50850 324
86720 87582 333
37721 42398 306
94183 95778 328
69305 70357 312
27940 45596 324
25205 79787 351
816 59703 340
34730 55568 340
92965 93429 315
40424 53009 340
78237 89431 338
10014 16963 276
93863 97576 328
23939 34956 311
70518 91147 351
4902 56351 340
71696 80434 351
36981 78073 351
62467 80728 351
42749 99895 351
74006 76499 325
38037 85389 351
18046 51854 324
43177 90774 351
76130 83552 351
67048 71238 312
94575 96933 328
99578 99578 191
31512 85936 351
31381 75242 340
23165 81294 351
70031 83687 351
89091 99767 333
7207 90258 351
32749 90399 351
89911 90030 240
94973 98622 328
44262 46627 314
97745 98718 297
86207 87720 333
84305 97651 333
47994 61807 340
7409 8683 252
95649 99308 328
62200 83229 351
65285 95004 351
10001 86871 351
5375 72081 340
7628 19591 279
88041 96359 333
30582 93900 351
54602 86473 351
25519 98474 351
49330 58658 340
71388 96014 351
63439 70416 312
27266 74467 340
48743 53080 340
16931 64928 340
24693 31003 308
58463 69970 335
11008 59185 340
43841 72508 340
41253 69100 340
14665 81745 351
62606 92771 351
57186 58569 273
30391 33374 285
7489 75171 340
41084 95240 351
33195 84460 351
11798 15859 276
55861 57977 322
81312 84274 320
9575 28338 308
89997 93504 333
40701 44496 288
3217 24477 282
3335 24758 282
65147 95094 351
60476 75044 335
38875 55511 340
28266 89248 351
76185 83019 351
40684 73572 340
59355 89937 351
78330 78668 307
43537 46781 314
68339 69207 312
2820 37500 324
74965 98012 351
14322 29297 308
39560 72707 340
50103 62410 340
31749 49111 324
17674 48243 324
27653 38601 324
11911 41117 324
45092 61360 340
89480 96217 333
30794 91972 351
98788 99243 328
46923 92032 351
58689 76306 335
60578 67724 335
48435 55440 340
95945 99776 328
82013 85929 320
99535 99981 328
32197 96495 351
13588 32591 308
88780 93851 333
64236 66982 299
42418 90983 351
49399 79952 351
61245 78330 351
40307 78518 351
65794 90202 351
9102 62416 340
48169 94816 351
32559 57246 340
40462 47232 314
32333 35701 324
57885 93596 351
11567 27367 308
74576 97485 351
74160 95306 351
86302 93961 333
46164 47859 314
80981 85411 320
95148 98805 297
96155 98492 297
39097 93751 351
96480 99438 328
69256 92260 351
80564 87717 333
49825 51305 278
5847 31915 308
55062 76286 335
88185 96223 333
66525 74266 325
96553 99801 328
43321 44247 270
5019 13557 276
3411 88310 351
26687 51588 324
13107 30382 308
12025 96207 351
91080 93451 333
54217 61468 335
13331 45853 324
9933 38428 324
2739 87052 351
23145 65056 340
87408 88022 271
98435 98777 266
9465 34163 308
53949 68300 335
16098 90123 351
97433 97702 297
39093 78906 351
50625 86396 351
56813 74770 335
86428 94441 333
90457 95538 333
30315 69431 340
63613 66391 299
70028 92792 351
84006 97498 333
81000 81923 320
18710 81763 351
25275 86183 351
38896 91582 351
44476 98828 351
7764 97171 351
92809 96326 328
95334 97085 297
23932 95240 351
61047 78449 351
23218 46939 324
10476 64754 340
55606 57126 322
5821 53599 340
73070 78330 351
20382 81223 351
16997 71848 340
41124 90698 351
73350 79691 351
65795 78814 351
12775 51848 324
70232 91783 351
48619 60682 340
34284 54761 340
24636 57116 340
70619 77189 351
67083 67546 268
56425 94246 351
88478 94216 333
53333 53554 322
80883 92510 333
46497 57742 340
52508 93064 351
4869 81359 351
51648 94147 351
7052 57907 340
39647 42794 306
60524 99045 351
67303 80856 351
41251 85273 351
1976 71401 340
58230 88606 351
13585 78940 351
84675 97183 333
99414 99437 191
15047 25210 282
25972 34609 311
78804 84282 320
2373 87335 351
5046 82583 351
9459 47326 324
98340 98908 266
3373 92970 351
72579 76712 325
22781 48270 324
88009 96850 333
75384 96709 351
27282 73002 340
37668 53169 340
3095 74798 340
78953 86078 320
13163 78393 351
18361 21947 274
41713 98809 351
9421 51342 324
65598 92883 351
6488 7606 257
36798 42059 306
84934 98606 333
77025 82710 351
73684 94871 351
73858 95039 351
89288 91577 333
58019 77167 351
63836 97068 351
55633 79224 351
77222 79793 338
20213 42088 324
77106 77213 232
43287 68676 340
41432 68754 340
29544 91694 351
92186 94782 315
62753 76840 330
49137 72147 340
44484 78485 351
4472 85006 351
85 426 144
43732 59757 340
3344 64567 340
8888 51637 324
89993 92610 333
95827 96670 297
47446 98320 351
19214 91753 351
8570 28988 308
52238 85988 351
29762 78900 351
88290 95017 333
6399 49002 324
11122 64054 340
5320 6518 262
73833 79687 351
93376 96115 328
28440 29717 272
66087 78481 351
61947 65818 330
62912 96260 351
59319 84810 351
43514 76480 340
1364 49695 324
20747 79618 351
67154 83747 351
70 35062 311
93178 98970 328
95658 98666 297
40325 89409 351
28991 89412 351
26678 51602 324
8967 64689 340
48754 82506 351
55184 97625 351
94832 97795 328
99202 99391 266
72189 76265 325
49485 66811 340
71422 91480 351
88864 94937 333
43958 91230 351
81375 97742 333
44811 59981 340
26113 42391 324
66873 74084 325
75494 91778 351
68594 80196 351
99522 99559 160
67706 91269 351
70900 80400 351
59343 62495 335
8627 66993 340
67333 95426 351
75673 96057 351
19916 50526 324
67137 83166 351
86632 89993 333
5750 50479 324
18092 31802 308
18405 23302 274
8998 66094 340
11380 81095 351
90684 93173 333
41219 42800 288
58315 80863 351
28989 42347 324
94210 99469 328
90802 97697 333
28636 99054 351
85979 91527 333
8219 21237 279
17136 70081 340
68623 97346 351
85380 94881 333
94691 96233 328
13899 15711 271
39287 62092 340
63283 74476 330
84527 96655 333
58536 87898 351
8307 98038 351
2487 25558 282
67546 67726 312
3583 37635 324
96972 98379 297
16564 38244 324
49686 73859 340
22342 87590 351
11194 97485 351
94958 98543 328
94402 97958 328
31404 66110 340
85237 94753 333
42374 52274 314
63127 86588 351
48158 52565 340
22930 30544 308
73070 75962 325
80732 96718 333
42218 67742 340
51198 61280 340
20965 51419 324
11945 13346 276
41531 90897 351
70024 86354 351
93917 96035 328
23429 32243 308
32333 49647 324
23678 26642 308
56392 57917 304
94794 98359 328
5155 29970 308
20828 23269 269
90555 97113 333
28108 31265 272
84773 87562 333
31570 68273 340
91809 99998 328
43797 73524 340
42926 43738 257
78817 88767 333
36209 87093 351
86504 92950 333
68951 72453 325
21230 96703 351
37024 67399 340
33915 35870 324
48430 64065 340
5921 97846 351
18639 90136 351
11132 91146 351
74205 93825 351
7012 26203 282
20246 44577 324
13763 57642 340
39704 86225 351
21304 86619 351
7255 33758 308
42457 90077 351
69937 93136 351
80571 98195 333
74422 92834 351
6652 27836 308
52312 81389 351
77947 99510 338
21879 26738 308
37923 80096 351
88610 90390 315
21556 97636 351
5697 55623 340
5340 55028 340
66731 98894 351
33230 55878 340
80562 96508 333
86734 98901 333
36457 38664 306
46233 87212 351
10274 35208 311
25495 28137 308
79213 84509 320
86679 93187 333
40162 83746 351
24474 82753 351
85709 93100 333
78398 90704 338
15527 21561 279
53342 54698 322
70869 77130 351
31208 61411 340
38027 65788 340
99431 99668 266
27995 57554 340
50111 61239 340
25968 66481 340
69608 97360 351
88201 99932 333
6725 80576 351
27379 83475 351
51488 85641 351
24378 78484 351
9517 58621 340
10938 33502 308
21600 24985 282
34016 86405 351
62825 79358 351
35581 96187 351
64327 84601 351
97000 97319 266
83848 87983 333
65346 73382 325
76862 79005 351
29337 33727 285
13725 57680 340
88907 89264 315
85575 99552 333
22804 97972 351
31275 51122 324
88135 97956 333
58728 67574 335
32672 58240 340
99846 99981 204
96539 98322 297
96527 96918 222
26139 74047 340
11035 48634 324
44020 94430 351
28456 50531 324
33486 55703 340
16329 75097 340
68799 73532 325
60192 81040 351
4419 31277 308
6349 43328 324
1481 41183 324
9060 84502 351
20592 33577 308
75479 95228 351
58202 86100 351
97213 98866 297
5431 65250 340
39190 50133 314
52382 91068 351
81786 94059 333
6040 67511 340
69304 86417 351
89836 96790 333
33886 49695 324
71709 97095 351
73905 86696 351
34451 43024 324
34320 66064 340
24983 88078 351
66592 82890 351
25953 84598 351
65159 71803 325
47446 91945 351
85145 85981 302
81522 92669 333
87443 88021 271
47174 98840 351
85027 85108 227
11385 63311 340
20066 93987 351
57052 85468 351
31029 59844 340
8690 27122 308
97648 98855 297
9870 18446 279
4565 68496 340
53124 73247 335
84034 88002 333
22687 90298 351
2043 26986 308
34133 79960 351
71290 83520 351
63502 96562 351
47835 61495 340
45144 86758 351
59094 73159 335
30043 46667 324
21782 34218 308
3216 6367 262
61762 72010 330
59116 90381 351
62418 72455 330
76693 85555 351
26708 98783 351
76208 88252 351
41103 63852 340
97564 98970 297
34406 47978 324
31059 80404 351
43808 70657 340
64510 75103 325
69355 94626 351
43752 92030 351
71800 85320 351
69317 79300 351
60447 60603 273
71389 72234 250
7488 89738 351
5594 41503 324
63108 64056 330
70344 76783 325
73057 92444 351
10933 65607 340
63771 80141 351
63805 83251 351
67293 73505 325
10922 99093 351
75032 93441 351
62440 66176 330
85132 88885 333
56093 94989 351
28324 90318 351
20039 75167 340
32098 62776 340
80956 87084 320
82197 89080 333
58014 84454 351
92286 96878 328
58109 82713 351
1258 60527 340
51978 68455 340
16269 24407 282
94119 98979 328
7353 64654 340
93159 99239 328
69777 77243 351
80695 98931 333
54534 97502 351
64866 84649 351
27686 75232 340
38034 39956 306
74686 88352 351
50488 98868 351
34173 63529 340
26765 32253 285
33460 84274 351
60534 76596 335
59840 63936 335
63675 81550 351
99165 99622 266
64164 66720 299
9880 98686 351
27987 70647 340
42904 65052 340
70870 75432 325
88694 89969 315
65417 99660 351
17958 35948 324
91544 95315 328
23097 62019 340
35678 51630 314
25295 70835 340
88320 90342 315
21071 94468 351
34250 73443 340
27017 64109 340
41717 79153 351
58710 85166 351
80823 94869 333
25053 57214 340
45021 60087 340
40062 99895 351
45717 88013 351
70106 88019 351
24574 38756 324
65808 73122 325
23351 27825 308
7860 30873 308
83619 99765 333
74211 91495 351
21744 88011 351
75781 82698 351
52071 74631 340
30934 39272 324
16352 39630 324
24485 92543 351
16400 73141 340
61418 89966 351
93406 96270 328
87127 93543 333
17892 28716 308
43974 79840 351
47744 67037 340
75071 79350 351
41702 94022 351
48512 57769 340
43889 67037 340
85435 96584 333
53048 67691 335
30882 64209 340
7797 40576 324
9614 23344 279
1020 77751 351
34373 66844 340
36405 63491 340
134 75375 340
69990 72632 325
79441 84653 320
61815 62768 317
44599 57502 340
60119 85364 351
74519 80091 351
56616 83445 351
28381 47616 324
55557 62355 335
16003 45480 324
52907 91719 351
86062 93457 333
32010 56508 340
48041 86068 351
23950 65325 340
24449 65909 340
7654 98949 351
8343 45717 324
49974 66068 340
91062 99744 333
22471 45586 324
30443 87815 351
78107 85247 338
6842 18783 279
16893 96283 351
67659 73321 325
9528 72765 340
18125 78786 351
50760 78861 351
17460 75260 340
5861 93270 351
82231 89820 333
93940 95871 328
76311 78051 351
24937 62993 340
97959 98762 266
76526 81387 351
33875 94332 351
86702 87713 333
56643 94648 351
60689 81297 351
44157 64503 340
84322 95428 333
95782 99576 328
29404 90980 351
4749 72384 340
83318 88259 333
72910 99393 351
6590 73415 340
84037 90534 333
10366 82108 351
61354 95571 351
52467 77915 351
43074 96397 351
31029 70157 340
9380 98633 351
99313 99788 328
62733 77592 351
99250 99658 235
65394 95963 351
48836 91260 351
34330 66330 340
38854 94085 351
86110 93282 333
98545 99652 328
7051 53558 340
19023 72578 340
62773 91899 351
43409 50192 314
39197 50289 314
47081 61475 340
59381 71767 335
54439 84086 351
59334 99581 351
95655 96610 297
256 72870 340
92940 96946 328
9712 84794 351
69528 74476 325
87005 91936 333
65142 94104 351
31562 95467 351
74774 93045 351
14952 25005 282
69344 79218 351
26483 33059 308
24871 57074 340
29404 94241 351
99506 99983 328
67099 76767 325
87228 98072 333
99861 99928 204
34980 94486 351
32527 76677 340
11158 80803 351
64023 80002 351
61128 76415 330
59436 72529 335
28443 68592 340
63673 65575 299
73782 77553 351
59044 59603 273
19358 33600 308
7540 37989 324
23517 72145 340
55280 71840 335
92939 96144 328
29563 96075 351
79888 86866 320
46621 69284 340
21127 95540 351
19070 37752 324
10852 11828 268
13468 45984 324
42565 79648 351
36109 54202 340
99769 99769 67
33733 43838 324
83993 99105 333
11929 69405 340
63188 79371 351
97149 97273 266
92028 97275 328
94006 94077 253
49360 74153 340
55472 88378 351
22902 46040 324
93765 96608 328
6689 36438 324
17671 94862 351
2493 21134 279
9432 51273 324
61990 99093 351
60605 79998 351
61432 83001 351
71042 99945 351
869 15025 276
98810 99354 328
33663 79575 351
85474 92890 333
321 77192 351
23825 83440 351
56938 71692 335
2718 46396 324
51294 53485 340
34152 58539 340
32010 40789 324
79997 87196 333
61376 96570 351
24470 73063 340
54236 76253 335
98862 99356 328
6548 36304 324
38307 38778 231
89332 90807 315
13193 17399 276
68124 77750 351
78400 96859 338
29916 72748 340
10067 24388 282
16293 80311 351
46072 77930 351
807 19157 279
1961 81290 351
96315 99255 328
5642 47756 324
45121 80133 351
33174 54189 340
69698 96951 351
97688 99307 328
26402 82838 351
21683 36398 324
46759 89798 351
81168 81466 258
18007 27374 308
89504 98069 333
77140 99208 338
7053 43322 324
2826 32024 308
23067 33764 308
876 27008 308
32795 89968 351
84500 95138 333
55079 82582 351
70249 96404 351
44875 81432 351
36435 95904 351
92711 99266 328
82422 94891 333
43316 58825 340
5648 60012 340
24733 55203 340
19146 55490 340
93939 97124 328
24935 31494 308
16328 65833 340
40628 88752 351
72944 99977 351
65030 79185 351
51881 52397 278
35140 99302 351
72089 75669 325
73318 87876 351
98888 99248 328
18516 29267 308
67673 91390 351
88733 91418 315
83455 83918 289
10737 57289 340
48306 98393 351
59438 61785 335
16669 51372 324
9244 99697 351
30698 77090 351
51768 55713 340
55580 79532 351
50810 62057 340
24632 44595 324
28115 64702 340
76466 87328 351
43828 92027 351
5866 49574 324
42717 76056 340
31729 96800 351
87545 97555 333
31960 94453 351
99326 99388 160
79672 94422 333
50198 99074 351
12390 34856 311
69741 95032 351
45450 47277 283
28755 38016 324
68167 80303 351
75166 75908 294
1015 3941 238
45122 56238 340
6022 20057 279
60146 64144 335
10247 61880 340
86653 95759 333
72329 83812 351
68699 91944 351
35793 96943 351
56167 65418 335
74366 84660 351
9688 48346 324
74706 87371 351
12214 14266 276
8589 28312 308
52086 90562 351
44182 73173 340
55647 63742 335
30904 87045 351
15036 42503 324
43672 75874 340
81962 85255 320
58985 87208 351
41368 86020 351
72913 83523 351
22873 53735 340
94144 94825 315
91376 95451 333
45332 93322 351
60996 69982 330
96237 97329 297
42394 55571 340
47211 89556 351
93824 97798 328
21000 60068 340
79986 96697 333
53105 93847 351
5433 97907 351
44978 50112 314
55068 68648 335
