78166 35691 351
32141 6978 308
19861 20836 274
98215 62761 351
15056 51091 324
93828 58021 351
3513 22043 279
33188 86800 351
38325 92896 351
66177 59596 335
40224 87362 351
97873 61179 351
91963 2434 351
56174 18345 340
3904 88596 351
18105 82719 351
24675 95838 351
73483 22247 340
47174 76571 340
27082 26677 246
92557 88785 333
27830 90585 351
72272 12451 340
96893 22059 351
32514 63508 340
27540 85935 351
54131 94602 351
80806 60866 351
55868 57638 322
19557 31998 308
24931 20957 282
25254 76650 340
31313 50568 324
73321 6520 340
61259 34883 340
67239 36933 340
37992 6867 324
24049 4117 282
33794 59458 340
73476 62427 330
36534 29170 324
84745 17552 351
45914 93571 351
86459 96853 333
80485 95345 333
19583 82043 351
47930 52308 309
55988 86093 351
36252 74430 340
36800 94423 351
43556 89631 351
78332 69291 351
21458 81805 351
67170 7038 340
80481 49903 351
30575 56739 340
8539 89248 351
91130 26064 351
5429 31316 308
2293 71440 340
86243 32627 351
60705 29059 340
42920 90586 351
23036 93202 351
59504 62122 335
12777 97892 351
23417 84528 351
42865 16485 324
25783 50405 324
93330 33121 351
77949 92590 338
48837 66042 340
10084 54408 340
52946 26445 340
23252 7096 279
67652 71644 325
51593 98870 351
25249 66642 340
40254 60919 340
14250 18793 279
64704 10347 340
16797 85483 351
40644 64495 340
54326 66604 335
30782 95112 351
88256 87028 333
26700 97699 351
29612 17060 308
20691 40837 324
6001 65582 340
9856 83244 351
62272 11114 340
74388 80162 351
84295 84649 302
85521 91902 333
57066 54617 322
71647 60286 335
52520 73661 340
9096 11320 268
35668 18522 324
54818 48561 340
28149 23723 308
46689 38567 314
83752 73368 351
40448 33587 324
81685 27754 351
32481 41585 324
73543 3585 340
21551 30844 308
67125 14356 340
74770 86022 351
47367 64531 340
86192 15489 351
3658 92673 351
36456 38965 306
16155 88438 351
18025 31345 308
61859 96505 351
60355 88548 351
56071 30579 340
12605 6322 268
23030 65838 340
945 22816 279
83070 48260 351
67527 7584 340
40525 88735 351
78547 41909 351
90146 71481 351
42895 84921 351
35676 80966 351
40020 37576 306
34832 39699 324
68610 70556 312
32224 65972 340
65960 92226 351
53965 55504 260
90433 34657 351
64480 27107 340
35187 1933 311
7469 95717 351
96424 58125 351
18095 29112 308
33527 55046 340
73419 17129 340
62781 38418 340
98099 81969 333
49164 8530 324
87111 28601 351
40838 10983 324
1694 4465 238
82942 60662 351
86330 5866 351
7985 84877 351
22840 76368 340
77505 40296 351
38638 59672 340
93693 46840 351
69180 94347 351
36981 13223 324
87253 66370 351
37842 515 324
6416 52497 324
6842 68388 340
80994 50278 351
36431 33999 324
30196 27411 272
28558 26621 308
82519 49082 351
13629 93141 351
28055 73209 340
4802 93726 351
95628 76950 351
91027 40255 351
75868 7171 340
88725 24795 351
11788 51523 324
16702 65130 340
54938 28174 340
10614 40331 324
93485 9202 351
54762 19747 340
16644 96792 351
43938 83941 351
23933 72519 340
71147 7067 340
17400 8292 276
65954 53323 335
40625 57865 340
65315 10104 340
76106 69005 325
97420 19465 351
47975 80577 351
17478 66026 340
32610 1619 308
12325 4302 268
61385 6671 340
9065 75901 340
70046 58674 335
17462 53946 340
49475 41066 314
33027 78252 351
42721 2728 324
96580 62706 351
74121 82121 351
86986 32511 351
55522 26153 340
7282 61177 340
36096 85004 351
89362 69022 351
94765 34816 351
32969 62027 340
97584 10241 351
84771 51720 351
76761 83553 351
5093 93218 351
77599 52190 351
75949 30197 340
8318 50739 324
97265 62599 351
36528 29575 324
81801 26248 351
64659 95648 351
79460 65961 351
73922 55450 335
6217 2204 262
33559 66797 340
39883 21216 324
80565 42339 351
52035 75675 340
12785 83202 351
74446 78145 351
88244 54425 351
72113 5664 340
56129 61886 335
32806 57214 340
64826 45775 340
59456 62514 335
93149 92092 315
9051 16197 276
72751 86730 351
31880 53693 340
66608 8095 340
21016 97076 351
41119 49644 314
88278 7148 351
57414 24179 340
48831 22987 324
40365 24535 324
78037 3166 351
8244 80520 351
37333 90000 351
55152 58803 322
97537 58844 351
31307 59539 340
37134 79525 351
79138 36120 351
24110 29218 308
31119 89610 351
67234 66732 268
10881 86115 351
19271 33852 308
84934 45781 351
58883 94788 351
56334 38338 340
9756 58774 340
10086 77867 351
74441 47843 340
71348 9005 340
96343 11682 351
65245 31364 340
19401 13617 279
62804 15657 340
21554 54222 340
28794 61644 340
64169 2830 340
52633 95789 351
1167 27941 308
54958 63309 335
82063 3407 351
3752 70496 340
6110 63175 340
26989 33877 285
49265 58178 340
55403 2357 340
13346 13504 245
14440 85887 351
78569 26601 351
93665 44737 351
69004 29411 340
86057 59561 351
21474 53462 340
91954 30863 351
84000 65277 351
56947 75711 335
25231 18585 282
79533 42510 351
18706 78030 351
32986 89803 351
36414 85791 351
3473 3136 199
69267 96037 351
59829 15912 340
13685 45050 324
13351 83018 351
27405 48881 324
38537 34989 324
52221 10026 324
98844 91200 333
84465 27844 351
7515 18261 279
71494 34907 340
53268 12182 340
12777 46587 324
97296 210 351
22852 69468 340
72688 46429 340
96579 54653 351
47521 6798 324
44909 60456 340
88169 83458 333
83322 67252 351
44057 14028 324
97790 89842 333
49581 2705 324
68968 37186 340
65960 11353 340
86940 27296 351
56178 79982 351
97139 83161 333
20728 60457 340
69686 93815 351
23236 38896 324
94975 93155 315
50562 53413 340
85101 75700 351
66215 90544 351
54551 91686 351
93823 88326 333
69492 91218 351
53402 16746 340
29759 45157 324
56648 15382 340
30256 5240 308
14072 5555 276
62461 38248 340
10611 50666 324
79573 75866 351
94621 69880 351
42040 55211 340
28745 19891 308
20101 9474 279
57523 71595 335
63881 39049 340
18385 87155 351
86611 67394 351
29998 66320 340
58471 76306 335
17414 42630 324
92253 10099 351
20899 39484 324
20583 80024 351
36787 51290 314
3550 76546 340
36532 68574 340
44829 63889 340
79687 76317 351
27413 3330 308
94128 90390 333
91512 90097 333
32562 8991 308
43721 52804 340
11834 90805 351
43236 85447 351
75983 20412 340
85521 5568 351
90505 58432 351
88369 53082 351
83795 47726 351
51853 71657 340
43696 92155 351
87203 10641 351
37646 57516 340
63846 41012 340
40321 55046 340
43502 17593 324
26354 97831 351
25604 9746 282
46905 2062 324
70314 70243 250
68248 58440 335
25740 31282 308
85122 14035 351
83999 94654 333
43528 26637 324
5047 72110 340
14625 54686 340
39227 23957 324
29445 8957 308
12428 84407 351
90381 67213 351
1681 13849 276
85292 28877 351
55910 43043 340
30431 44873 324
23011 44434 324
61311 11492 340
38592 75347 340
41889 10919 324
96754 33933 351
22423 37153 324
25146 11161 282
78866 28958 351
98040 83449 333
16713 63802 340
7195 8354 252
40609 36323 306
96814 25266 351
9714 15222 276
74564 21725 340
37430 8634 324
17031 52552 340
34731 95828 351
48942 37089 314
7514 58177 340
24844 36735 324
51231 3856 324
58677 58369 273
17125 51520 324
61156 88521 351
18723 68770 340
3725 73775 340
63910 52242 340
28968 8714 308
94812 40650 351
41389 67885 340
32684 11539 308
91113 51419 351
50709 25549 324
28670 50175 324
19382 73580 340
48188 87939 351
46515 45873 283
67670 48064 340
1517 43204 324
29582 9437 308
97856 34714 351
27456 19742 308
73081 79347 351
44414 67231 340
44274 37038 306
16097 7366 276
69263 10543 340
11878 59840 340
49579 42169 314
85320 40347 351
88456 23508 351
61951 95098 351
14151 39248 324
54071 6365 340
67827 59932 335
11293 83361 351
94765 78163 338
48971 59337 340
52467 78844 351
92648 64611 351
61990 18709 340
7727 39348 324
97202 53598 351
37401 52206 314
9569 67778 340
17296 90570 351
59432 21830 340
74641 75504 325
54415 19659 340
89374 51630 351
38840 16839 324
11335 29788 308
18671 91565 351
23609 96666 351
73965 22788 340
3272 21337 279
85418 60500 351
35760 70548 340
13326 98331 351
39197 76173 340
36109 87791 351
39764 98565 351
49209 97826 351
75324 34201 340
56240 82136 351
26117 93682 351
65975 64907 268
83547 86707 320
83702 45501 351
47996 74871 340
6155 82988 351
42723 70721 340
1907 29990 308
43541 97333 351
72683 43611 340
10715 63043 340
39401 75010 340
17754 19509 261
27224 62573 340
83425 42780 351
49155 1825 324
84001 8809 351
3219 84015 351
89996 10211 351
79737 84083 320
77120 53682 351
36351 36461 249
98002 65994 351
67721 39014 340
63644 8684 340
38035 23547 324
35122 8002 311
14151 85792 351
53933 61878 335
43918 43736 270
87189 83006 333
8401 53360 340
13470 50883 324
38944 65759 340
70146 90033 351
43365 30208 324
84376 38341 351
10542 15986 276
16441 43147 324
30644 50995 324
54836 62506 335
51297 92505 351
23746 35937 324
39470 35631 324
64966 9129 340
86125 982 351
18648 85136 351
62123 68764 330
73449 33030 340
81711 6482 351
92351 35537 351
22357 72445 340
74595 82730 351
83696 41502 351
37029 44475 306
93333 49854 351
22071 27871 308
9584 57678 340
81491 59026 351
65602 21540 340
37859 49309 314
22643 45545 324
1048 22272 279
720 1883 182
18516 95998 351
7254 34737 311
96706 62189 351
10955 2048 262
83024 64812 351
97941 15952 351
81947 28220 351
58826 38908 340
25828 27828 308
4156 29139 308
91602 12895 351
75235 71441 325
72786 14765 340
96354 38504 351
35475 391 311
52703 66595 335
1273 28607 308
78811 70839 351
89249 37319 351
81151 75268 351
31782 55672 340
40141 62967 340
19921 18304 274
83499 59746 351
81582 8984 351
66086 42196 340
49080 56006 340
82516 25695 351
97520 59514 351
82756 4581 351
53339 84153 351
37261 25336 324
3277 8501 262
98639 9984 351
94407 50888 351
9676 5396 262
90519 72754 351
5457 20690 279
1408 87582 351
23093 24740 282
60754 30119 340
18583 14740 279
38832 24383 324
32713 93223 351
78260 27216 351
12412 75591 340
58678 3492 340
88003 37175 351
86513 5474 351
79571 75966 351
60073 18075 340
11364 52148 324
59663 17653 340
97006 23698 351
69819 61405 330
94410 16783 351
61178 94434 351
30753 51028 324
9622 1882 262
36865 23439 324
29347 47397 324
765 86354 351
92615 66538 351
71614 55738 335
82683 62478 351
62196 62328 255
28058 84124 351
36953 36166 249
45306 93000 351
84939 33668 351
76923 77678 351
84032 10864 351
59067 51641 340
10736 21124 279
97099 77781 338
18006 21368 274
52609 43981 340
47735 71367 340
54731 25836 340
72559 49217 340
34503 24281 311
86363 66846 351
65908 38261 340
11270 5615 268
57945 86005 351
28273 55639 340
4025 25338 282
69689 56767 335
16007 75419 340
57139 45358 340
62293 69188 330
71202 92241 351
3299 7755 262
54682 70137 335
70665 26958 340
61959 90776 351
35135 17100 311
62050 84954 351
42723 87926 351
90182 53760 351
32902 41595 324
12702 74611 340
43480 78798 351
5975 18632 279
18254 47436 324
3070 5498 238
11717 8103 268
94211 21606 351
70380 93379 351
49670 91252 351
27972 5444 308
48860 79143 351
97638 42817 351
92411 11277 351
710 33551 308
23193 16226 279
10295 59117 340
1719 67399 340
54374 1939 340
20303 20564 243
38394 55431 340
18481 70791 340
70790 5394 340
48692 82255 351
35918 14489 324
54652 90840 351
30901 33109 285
96189 89267 333
39096 65871 340
15924 11971 276
96810 55600 351
40120 52705 340
60370 54975 322
64041 80955 351
92260 42131 351
84461 26933 351
44082 62263 340
68872 46543 340
55459 94834 351
89068 96478 333
39583 89738 351
22569 60459 340
88872 53120 351
89039 15739 351
9991 5438 262
87831 8480 351
43430 91118 351
84765 43845 351
23529 94161 351
3643 15198 276
23661 73823 340
84345 58509 351
73546 60801 335
76385 1018 340
91307 45730 351
42686 9756 324
74679 78378 351
5996 73380 340
56022 46294 340
16587 50080 324
32662 63474 340
43563 86475 351
28350 37149 324
41723 626 324
87909 94695 333
32277 58625 340
358 20295 279
32624 76189 340
28584 27815 259
22924 54265 340
25789 53496 340
66806 54765 335
81192 34680 351
62767 26683 340
31547 16083 308
98326 14732 351
18098 67898 340
10599 52952 340
79963 29639 351
67567 97495 351
44686 43039 270
16545 89296 351
91636 74583 351
46748 18132 324
31611 7553 308
32238 89833 351
35998 34881 324
64964 6887 340
44717 46402 314
78486 48275 351
17645 67928 340
97107 85064 333
34799 50354 324
54901 44483 340
25171 61848 340
21971 28808 308
29079 37421 324
39509 84509 351
46196 55258 340
43868 73679 340
93865 37274 351
87822 41418 351
16920 73761 340
98796 85268 333
82295 90936 333
63613 87276 351
30309 62663 340
25296 87267 351
32733 20438 308
79959 48854 351
45181 58461 340
86810 98869 333
87329 84134 333
93548 72167 351
71872 5943 340
23455 18047 274
47714 25606 324
79972 36871 351
83291 80355 320
11759 5178 268
25220 27232 308
89415 41861 351
61595 12399 340
50989 17218 324
46561 1329 324
62522 87953 351
4819 89417 351
78165 91785 338
92083 17344 351
36689 75550 340
56773 14805 340
36237 95129 351
18711 79325 351
3251 28784 308
92926 51562 351
74039 95507 351
15912 82997 351
58412 80440 351
426 80097 351
87744 76020 351
5516 25919 282
35426 36491 324
35836 25052 324
62202 53514 335
47764 43079 314
67385 41142 340
3994 19782 279
92368 62227 351
2799 48520 324
39861 92150 351
10999 92805 351
16725 25391 282
66207 79880 351
96609 40827 351
54482 94998 351
29677 80183 351
7057 35561 311
70403 22390 340
8559 45560 324
7943 37996 324
22351 47455 324
8081 36620 324
94787 62838 351
83076 26170 351
86456 25797 351
8235 42581 324
62960 11673 340
58324 80170 351
77679 8301 351
32200 73327 340
50293 52339 309
47535 79465 351
63520 54934 335
80357 90571 333
39723 19801 324
50188 66376 340
45602 7369 324
57965 1268 340
41738 50455 314
53104 7665 340
93194 29678 351
38519 86418 351
25822 72202 340
6382 8240 257
75132 37244 340
37411 9474 324
31160 85987 351
93993 33785 351
8056 40885 324
39042 7130 324
88313 50735 351
6481 45832 324
29512 47755 324
6684 63074 340
15268 10503 276
21961 9729 279
38630 3014 324
6949 93891 351
20404 7793 279
47464 41839 314
31825 10309 308
54493 92950 351
78451 16251 351
47944 33383 324
56425 69378 335
91348 56630 351
32558 13451 308
37072 27338 324
3767 52587 340
32640 49821 324
12822 16317 276
37477 2029 324
21234 75480 340
40560 41631 288
69242 84156 351
33397 2736 308
57147 92059 351
5394 53625 340
69864 31031 340
88609 9575 351
80669 78120 338
26786 30022 272
28999 7614 308
96513 71450 351
46921 3604 324
62651 45231 340
60536 11071 340
72719 83074 351
81117 89074 333
55434 10410 340
67803 92907 351
38797 81622 351
56912 25384 340
87198 48382 351
55193 19584 340
14459 98705 351
31658 20981 308
80584 51446 351
88037 47438 351
67105 72035 325
49530 55217 340
3706 61176 340
68241 58207 335
67558 81702 351
39151 72214 340
18004 67153 340
20284 81573 351
22702 63344 340
79010 61618 351
95574 39201 351
43907 69523 340
68686 73814 325
83731 15603 351
63834 96774 351
66932 87665 351
76631 51511 340
84879 75422 351
87741 46589 351
68263 82777 351
38775 77892 351
29000 97602 351
20039 26068 282
23771 57298 340
2634 45876 324
63633 54507 335
54836 92086 351
80135 15742 351
23172 48812 324
85274 63719 351
38604 31211 324
94245 78490 338
45148 72832 340
92160 10729 351
6248 6278 156
44294 82031 351
13882 59954 340
25033 59816 340
20744 19454 274
91741 86444 333
16323 52442 324
62710 763 340
25363 86049 351
16071 16679 266
6752 53225 340
4996 98140 351
88161 80886 333
4814 77416 351
75368 68432 325
44905 26505 324
80529 4622 351
16536 73533 340
86145 40162 351
85226 10314 351
98757 43785 351
20410 32993 308
84374 55156 351
95914 9070 351
33560 49280 324
75711 5513 340
54716 85053 351
24830 55763 340
98184 3352 351
41477 4013 324
93503 91818 315
36338 25889 324
85512 54375 351
22398 9193 279
65434 1726 340
47231 85382 351
49782 70402 340
64604 29800 340
75255 61762 330
70366 49958 340
57265 25288 340
74338 34646 340
85872 40397 351
60388 37639 340
89009 83784 333
68749 49509 340
85768 60735 351
88583 91004 315
67414 76227 325
83294 20809 351
17336 73506 340
72925 98277 351
31229 44643 324
76783 98688 351
42790 3548 324
3128 48843 324
95363 98039 297
4671 46576 324
84183 77935 338
91128 50436 351
66316 65371 268
39312 48751 314
20229 51526 324
65421 93666 351
34549 80362 351
24445 92745 351
98017 30990 351
29872 54514 340
7797 11574 268
12940 38062 324
41639 52020 314
69676 41296 340
75448 42296 340
