56036 533541 470
19402 538888 470
918134 995184 507
734137 803513 468
300611 918730 525
778060 887205 525
382529 588308 470
502202 639008 509
528720 764084 509
151008 928299 525
689272 982652 525
47 993111 525
465906 916697 525
682540 906867 525
88034 868764 525
348441 996961 525
15906 127411 354
850847 937875 476
560525 710904 509
324736 693562 509
711499 742448 424
174208 797508 509
779265 894902 525
828624 879875 525
274203 976884 525
320215 823400 509
784238 987857 525
474413 959419 525
694747 900498 525
444332 674302 509
771686 971075 525
43962 113267 354
615315 759368 509
68323 536979 470
485965 849836 525
891561 918780 476
775713 849975 525
547136 705886 509
214584 442059 449
907320 935335 476
391936 960651 525
238953 468354 449
736148 918467 525
626031 681335 509
100544 436724 449
558801 625905 447
99077 594061 470
219261 588483 470
685197 748501 504
950276 993343 458
507869 960422 525
277478 445499 449
342090 508015 449
663169 742562 504
718730 867987 525
584270 769308 509
961684 979214 458
422697 961290 525
424722 862072 525
561150 964657 525
505615 555889 470
144206 583059 470
861589 975317 507
685259 914874 525
233087 758621 509
664171 912623 525
948304 986041 458
848488 878979 432
363969 818512 509
565058 592701 434
580871 677814 509
214808 999235 525
104514 117607 354
798007 948381 525
191115 627513 509
813280 975560 525
955767 977552 458
91846 399516 443
566411 582745 390
69332 430129 449
722768 790969 468
59145 831469 509
632502 849156 525
519193 938298 525
575343 931596 525
888290 961447 507
775488 854166 525
239729 709285 509
318956 850769 525
754136 846905 525
474594 910094 525
761710 820888 468
367793 588760 470
102899 154833 375
442298 840507 525
850600 916138 476
19824 392062 443
30539 54318 340
766524 817974 468
69724 549339 470
812169 888997 525
758954 888218 525
982755 990048 427
21196 134951 354
666043 725879 504
854067 888987 445
564559 933939 525
509544 675515 509
944470 972847 458
811756 980241 525
245445 331267 407
977974 989281 427
191810 193597 347
29334 941352 525
118293 205330 383
100483 755011 509
523995 574691 452
279854 614350 470
149653 780561 509
59396 994586 525
375940 457963 449
837585 904571 525
72771 483628 449
484001 947542 525
16771 858740 525
444905 497005 444
738021 783235 468
304427 510952 449
293329 915100 525
33039 863012 525
493732 830776 509
279985 595479 470
638042 694975 442
980523 995346 427
881451 983845 507
529794 651252 509
683100 895752 525
813251 988987 525
586653 627762 509
89959 310220 443
405746 664257 509
853699 892681 445
298743 390814 441
436600 778984 509
691469 972591 525
10058 255120 443
608597 622997 447
895644 995808 507
33247 645891 509
896178 940243 507
884134 921316 476
152569 603549 470
179892 666977 509
546404 867076 525
734717 769600 468
775529 954771 525
966575 975156 458
311326 388798 441
338895 853702 525
912677 983235 507
158227 672523 509
264117 488026 449
817138 869997 525
158270 179116 370
909093 994159 507
410470 854485 525
412022 712342 509
692007 733635 504
935478 993090 507
436844 790536 509
118363 964744 525
792549 814773 468
85860 717644 509
405143 414606 449
621162 640623 509
678967 815857 504
763018 847492 525
877290 885228 401
141753 959647 525
477079 888104 525
628449 918274 525
351606 572957 470
998466 999872 396
680345 750971 504
747792 818280 468
219474 476146 449
686942 866221 525
821256 990553 525
544135 711854 509
211781 646040 509
556909 635099 509
595679 865026 525
206158 902183 525
888658 914108 476
656000 906653 525
866544 936351 476
577975 678233 509
727659 990887 525
103598 393945 443
658403 988764 525
787222 937061 525
419604 944955 525
415372 512644 470
181683 948971 525
679469 865921 525
762061 910314 525
551260 610512 434
392493 942974 525
585381 674361 509
166552 922692 525
737054 843303 525
931230 958852 507
483497 973917 525
960564 965099 414
633795 714594 504
348930 527863 470
736170 895725 525
207885 884595 525
165452 411875 449
715566 857215 525
507333 590648 470
483728 907022 525
250568 561552 470
289383 924467 525
69564 991125 525
881982 973497 507
387793 392128 436
466521 637087 509
345114 738774 509
453342 532102 470
872701 910487 476
233615 369578 441
608335 979511 525
922626 966884 507
292958 453183 449
196283 692333 509
159643 186995 370
42056 561753 470
362564 554973 470
299127 953759 525
533308 626690 509
775373 981987 525
360711 771285 509
350316 681170 509
242057 449125 449
261844 730073 509
372989 883487 525
876787 937231 476
597759 997354 525
233230 852541 525
731090 821089 468
543986 950319 525
298933 876945 525
771014 812141 468
592886 887721 525
6654 684301 509
942414 974067 458
350533 428049 449
758330 987132 525
96342 872269 525
513245 824305 509
314937 764147 509
594437 727944 509
22426 772776 509
827690 855533 525
467248 657916 509
169517 295859 443
983908 985424 427
868100 875997 432
881256 997600 507
426863 594675 470
729166 859981 525
774932 815298 468
720653 840383 525
793657 896613 525
26537 706995 509
860972 969761 507
503613 921947 525
248097 952372 525
873675 899686 445
722081 901562 525
804012 962629 525
748409 909163 525
920314 954431 507
436801 720486 509
849606 986148 507
31478 971094 525
214564 332426 443
647203 973121 525
800906 982449 525
133382 809035 509
725169 837315 468
446479 662444 509
293477 839137 525
686730 809370 504
839643 847800 419
632567 842556 525
569488 955176 525
555519 744851 509
996577 996977 352
471371 973907 525
11677 664245 509
648718 745574 504
4601 550452 470
417162 643363 509
839493 855578 419
53572 731042 509
506407 879771 525
445503 710793 509
209522 490988 449
595012 647608 509
863179 920061 476
597955 819639 509
415299 970581 525
896285 911516 476
2058 821922 509
973786 977975 383
224293 669839 509
756130 777284 468
725356 885181 525
398805 459006 449
276146 773797 509
851631 941186 507
270889 764139 509
818391 984818 525
830128 991823 525
291683 748781 509
915369 939867 507
838747 907522 445
305370 455599 449
888866 975211 507
808214 979665 525
93642 571096 470
911775 937365 476
76678 842305 525
668344 687656 398
709490 815119 468
559987 917067 525
19457 514353 470
363129 934949 525
325813 447051 449
984742 988599 427
658384 705292 504
382151 812493 509
152658 293343 443
525681 901881 525
99134 821945 509
874747 997867 507
267849 532324 470
837052 948798 525
952323 994765 458
889217 997069 507
423915 543197 470
612744 973049 525
208280 654813 509
15071 80305 351
355324 975733 525
494526 624662 470
163315 508175 449
956613 992234 458
311232 669662 509
892731 936299 476
723356 761756 424
712425 794298 468
221096 242789 443
51000 727380 509
817910 848473 525
184470 735595 509
788695 985389 525
736274 958085 525
102971 803019 509
799941 971302 525
322935 613858 470
607494 680560 509
846580 893281 445
441368 683498 509
55525 486089 449
391418 508365 449
931611 951497 507
140214 161700 383
793869 839687 525
610726 666259 509
833375 969344 525
85301 147433 375
278893 384259 441
546621 688851 509
855105 867969 388
82014 391163 443
492465 510547 426
237426 541913 470
168604 720485 509
348975 636956 509
337582 677315 509
568718 634282 509
374724 669425 509
162048 635829 509
758393 871599 525
366262 732636 509
635109 947567 525
56106 810478 509
623053 772485 509
698747 963703 525
258419 605763 470
551045 898809 525
804733 982986 525
779769 886227 525
749873 999461 525
405718 489739 449
517115 577036 452
151032 754678 509
222789 411605 449
652210 824599 504
412493 636370 509
143394 159662 383
375772 978327 525
939340 973822 507
251994 837759 509
817956 967294 525
522634 947624 525
882931 965916 507
615904 910192 525
576087 921218 525
76463 809252 509
590005 810315 509
377388 723557 509
923797 945263 507
625049 683480 509
754347 852789 525
853680 995244 507
930444 993978 507
398229 487334 449
787423 941069 525
610348 841591 525
39474 901101 525
154065 670554 509
768768 862570 525
608015 696579 509
60692 460939 449
145643 936733 525
304570 659857 509
233138 332846 407
454554 875391 525
796405 995465 525
221726 562089 470
436484 995255 525
963759 985443 458
734881 900452 525
497445 948971 525
822392 988621 525
89896 667951 509
401087 415135 449
645894 716079 504
942584 999837 458
323505 907887 525
71181 530882 470
736424 825293 468
824484 957099 525
511754 992660 525
786330 868695 525
56204 811675 509
796625 984005 525
412471 577540 470
798711 799270 375
558338 627400 509
382204 474622 449
782230 849112 525
751694 977908 525
18843 910381 525
763094 961337 525
883003 885739 370
294441 682524 509
411954 945843 525
808181 943280 525
454972 630077 509
557396 672740 509
998890 999593 396
917540 987370 507
509374 598154 470
575272 746837 509
524526 925064 525
961745 981487 458
572004 979577 525
375297 963506 525
13150 666988 509
234531 957844 525
243019 516982 470
669086 820849 504
969817 980496 458
924830 977663 507
188577 478638 449
411487 720746 509
636151 782105 504
863343 965014 507
387633 511165 449
638604 901688 525
236948 529461 470
649175 868236 525
725511 884010 525
956512 990390 458
530213 863905 525
687436 868885 525
443048 868123 525
24978 941732 525
910011 914834 476
627566 896020 525
928094 942612 507
954622 973480 458
231502 250411 381
954791 967185 414
583145 607190 434
71871 81542 351
322779 512554 470
454163 758063 509
667326 714577 504
319036 603258 470
404139 696357 509
288666 750904 509
16833 549753 470
752145 764094 424
719959 744646 424
99748 109766 354
853380 854506 419
206234 564337 470
352676 361999 410
128187 899155 525
226050 553748 470
958674 989421 458
634110 816401 504
870026 904209 445
141849 604061 470
361638 789853 509
582454 992856 525
401234 512786 470
996055 999524 440
659144 931818 525
268716 635072 509
895985 910289 476
145410 832150 509
796150 906018 525
888178 987034 507
763002 778819 468
234060 410127 449
9723 979770 525
802081 826897 450
553747 699485 509
214506 851306 525
587032 691510 509
9082 560377 470
440300 441477 325
721850 819499 468
430243 592826 470
779512 996372 525
446667 739547 509
242893 490749 449
653199 714561 504
81504 960061 525
101274 425788 449
432089 539076 470
299139 644997 509
362839 981784 525
674117 955122 525
968215 987231 458
308354 847588 525
296301 526894 470
352793 512519 470
449789 602007 470
411605 987004 525
262353 931112 525
13824 723152 509
150850 814414 509
335726 787831 509
335174 436262 449
629868 960728 525
668506 982929 525
806431 821818 450
876936 887098 445
317926 971788 525
68802 343650 443
129120 606177 470
888843 940686 507
66663 586839 470
584526 858787 525
935652 977604 507
83590 265965 443
883841 963935 507
321564 404348 441
67159 152259 375
906687 927333 476
279308 828424 509
655035 807575 504
556592 665545 509
315937 524326 470
786530 890878 525
268859 552859 470
404572 791591 509
603743 910447 525
258573 516114 470
137205 460948 449
796099 969546 525
846059 916620 476
59222 274421 443
969152 979176 458
284235 630817 509
629314 657909 429
951302 959538 414
196544 371587 443
854501 880773 432
110681 506092 449
862603 983752 507
487654 879704 525
114850 917492 525
878495 983253 507
389200 990371 525
903987 910505 476
283862 689570 509
433090 486527 444
755606 808163 468
245374 482385 449
162603 176938 352
282129 987362 525
583989 802221 509
382015 614968 470
689546 957077 525
56782 442928 449
670346 761446 504
895760 981172 507
349545 929088 525
770414 893113 525
744840 970959 525
477710 868704 525
989905 991276 321
457809 634288 509
678126 859064 525
821735 865845 525
700322 739202 504
963600 978420 458
169805 233931 443
953515 966485 414
492549 866276 525
250037 859367 525
559137 624440 447
336172 932885 525
553759 973770 525
29957 722317 509
788977 937492 525
568766 762761 509
942422 957665 414
579408 842661 525
689833 885730 525
36799 901435 525
451890 572404 470
930416 963938 507
817467 882629 525
350287 746725 509
958517 993735 458
243445 830421 509
149126 706957 509
717265 968885 525
887591 914338 476
500337 874791 525
514541 607659 452
918341 987025 507
594324 958236 525
211447 737291 509
460224 769119 509
560530 649402 509
293326 340671 384
647455 999114 525
141190 638636 509
711659 903542 525
373005 840891 525
62152 856976 525
531566 675306 509
823390 990901 525
393332 633236 509
510569 847529 525
325864 755623 509
430651 674194 509
217751 632933 509
994362 997461 365
923148 961387 507
98090 288267 443
235556 971242 525
927146 954796 507
143405 576694 470
616255 867368 525
113745 652899 509
878470 987673 507
410313 578683 470
102578 164238 383
797046 989998 525
110131 228930 386
162946 639747 509
213266 781798 509
993810 997463 365
521473 811710 509
949326 989696 458
503009 742406 509
482216 963260 525
742369 756714 424
541157 685628 509
357882 906212 525
20444 893809 525
30207 124403 354
995545 996174 365
730334 935941 525
908193 915244 476
39074 77247 351
715424 825918 468
42093 154077 375
952996 965041 414
786123 911839 525
646242 948113 525
327563 579721 470
443870 708479 509
921580 999446 507
573929 894343 525
201434 878364 525
984342 996079 427
620726 862497 525
457570 471358 444
702011 800781 504
69942 128952 354
274542 883239 525
994511 996001 365
31308 91637 351
466379 929935 525
943975 996385 458
930160 992383 507
769688 779777 437
155011 794268 509
812566 989982 525
207588 261728 443
78557 363129 443
376923 687532 509
501284 634514 509
880876 886746 370
653068 704548 442
748082 763195 424
180438 470922 449
47027 659636 509
954679 967528 414
843752 969581 507
393320 949188 525
805151 864105 525
651146 867288 525
328643 472807 449
226104 518563 470
753164 843645 525
830238 999882 525
342982 587910 470
905887 920866 476
353696 610042 470
618405 652550 509
725816 991576 525
662681 860495 525
264 65853 340
489438 976013 525
733005 976154 525
402701 465869 449
588262 658072 509
908191 909309 370
933178 936374 414
322030 359497 441
589471 640341 509
494001 704615 509
656671 758109 504
525401 647946 509
66547 834863 509
349949 754437 509
870047 929115 476
803770 850500 525
87278 543331 470
375656 390589 436
234181 610623 470
644633 712353 504
576307 579924 390
636819 721535 504
371767 747374 509
159706 630099 509
894823 937703 476
797039 909981 525
160116 918145 525
149066 209468 383
461680 779573 509
785825 823187 468
276308 817465 509
710504 746178 424
203029 439695 449
486120 679015 509
138103 622973 470
509770 534020 470
765878 855316 525
387418 569099 470
679297 995124 525
953667 994256 458
897937 956330 507
250962 260468 363
875533 948386 507
28729 36978 324
878111 918757 476
10872 892472 525
696525 987485 525
124969 767181 509
950167 962334 414
755205 758259 362
114965 501319 449
32713 161197 383
122654 138897 344
262846 955139 525
574710 881571 525
221101 425287 449
665746 800721 504
531164 842051 525
684693 842962 525
644623 817080 504
466956 572078 470
456678 600551 470
949153 989088 458
839807 852041 419
619694 692099 509
117509 307453 443
135997 248006 443
755312 791541 468
487922 992225 525
559763 853800 525
448307 504730 444
869502 986477 507
6415 488259 449
661515 732759 504
500747 979964 525
76069 356223 443
285568 609165 470
494722 964911 525
523934 896829 525
911890 967135 507
380584 405618 436
842528 926096 476
917989 954677 507
766013 938903 525
563853 938621 525
458462 548781 470
401646 895874 525
174966 738146 509
297889 335194 384
776783 996631 525
781507 826010 468
428664 812082 509
156792 590563 470
137703 639046 509
867814 890019 445
892813 943393 507
342647 382125 441
238925 456600 449
415114 712416 509
688547 816517 504
418569 972118 525
455783 766426 509
159213 308563 443
428063 941865 525
258512 953290 525
158516 759025 509
382646 788307 509
676240 883418 525
974657 996557 427
962652 994660 458
529184 704662 509
773431 974463 525
390619 663021 509
231326 765936 509
171310 902904 525
438115 799467 509
59113 596619 470
758598 766106 380
662038 801828 504
994611 999693 440
762640 805982 468
912460 971181 507
192283 524912 470
854112 893929 445
43743 634730 509
326943 915601 525
382646 828921 509
231135 964727 525
735336 838474 525
316974 388241 441
197722 340130 443
92027 185771 383
909122 926363 476
363505 778477 509
777205 948722 525
136365 199935 383
759357 952135 525
337595 767386 509
32750 540948 470
566304 994740 525
359596 508789 449
209457 718059 509
783654 986610 525
104294 855768 525
456067 766275 509
145182 622291 470
193065 852126 525
660818 806329 504
605051 937387 525
977828 980175 383
167468 815874 509
69300 996798 525
880190 888937 445
167508 884019 525
271271 491425 449
94127 368714 443
706966 744678 424
916124 933571 476
579220 710088 509
368462 453209 449
240857 335968 407
771110 897725 525
171909 916848 525
106046 633027 509
531676 660530 509
178597 624365 470
605081 884502 525
832019 934902 525
965388 995654 458
596351 808308 509
775542 810406 468
196353 805255 509
57798 501053 449
167485 450031 449
670860 763112 504
255891 805658 509
52063 554802 470
158609 802860 509
368680 579395 470
274448 695748 509
918220 953950 507
266529 432930 449
167193 331910 443
708598 711465 380
500853 591413 470
622155 713770 509
679245 879253 525
976586 985848 427
681716 995099 525
644554 900993 525
948689 951599 414
671788 879076 525
685112 944125 525
225912 820534 509
522758 769070 509
86669 801681 509
872049 873876 326
576548 836581 509
164952 646043 509
628053 700641 442
113946 567393 470
61440 492134 449
409173 944302 525
439238 582848 470
818936 952381 525
975877 987894 427
78123 384072 443
528044 723623 509
247295 426886 449
490534 600409 470
549574 996354 525
349502 853455 525
958264 978911 458
885297 955644 507
789955 800571 468
675996 982147 525
656203 810190 504
195619 556869 470
285708 371688 441
365079 942181 525
204572 989167 525
619939 779664 509
381752 443091 449
216670 788738 509
618143 838057 525
677838 866620 525
899003 937786 476
7806 461121 449
330486 762273 509
54212 878159 525
746567 820096 468
827062 842548 525
59506 448992 449
77596 337161 443
551882 617830 447
304341 562523 470
257821 418558 449
449280 727622 509
27063 770404 509
294449 976041 525
157805 528653 470
538563 735430 509
366299 517346 470
603590 877471 525
