1 1 1
1 1000000 525
999999 1 525
1 2 2
9999 10000 92
8888 8888 35
1000 999 112
2 1 2
493803 140378 449
445476 648172 509
410618 884919 525
930295 936928 414
269676 136492 443
555669 532040 452
281273 360393 441
894376 465463 525
908561 126309 525
601776 734279 509
932329 86356 525
969119 971339 458
759766 367302 509
763583 90531 509
654055 410522 509
232468 316905 407
56009 846827 525
804956 387709 509
801703 443477 509
207127 64018 383
878028 120409 525
978191 361283 525
446161 578410 470
156287 787246 509
508572 391448 449
857217 642950 525
207390 978571 525
975904 569722 525
116776 524041 470
693389 955399 525
174231 14422 383
803067 132811 509
733752 87600 509
279342 651818 509
902243 986571 507
398058 579833 470
763610 473829 509
957334 121434 525
810350 507267 509
949346 541579 525
472513 803443 509
850468 283553 525
368586 870857 525
338585 845238 525
280889 583036 470
82163 298207 443
360545 560645 470
561362 579124 421
234691 582522 470
550991 836645 509
399234 704256 509
425244 866240 525
656805 686973 442
236379 678946 509
483269 713372 509
508786 161287 449
704681 139822 509
266798 157587 443
442366 217450 449
132969 768094 509
105389 628929 509
995481 745493 525
174232 857896 525
286471 764910 509
902833 863599 445
518702 498276 470
60341 470843 449
556461 536325 452
654054 60324 509
233712 606027 470
427869 67684 449
867052 578833 525
406913 99724 443
338525 734764 509
972841 768194 525
540915 515394 439
318896 591980 470
57393 89106 351
802531 347958 509
225722 66769 386
141874 874788 525
322016 768686 509
382316 193973 443
952262 526756 525
695625 473485 509
637267 419059 509
745188 536957 509
957309 853919 507
154919 439885 449
382315 94487 443
817103 169985 509
276398 842874 525
636640 167022 509
471852 597805 470
889444 698025 525
667277 896595 525
504953 726289 509
226634 228156 337
65752 151927 375
4765 393588 443
659805 76278 509
245028 68686 443
666195 490692 509
543158 5133 470
997651 53970 525
571728 186949 470
460517 981529 525
827998 435628 509
52116 392325 443
294711 493869 449
222172 378585 443
483015 47125 449
634979 167225 509
479393 956457 525
213920 220495 386
366373 638697 509
691458 738335 504
564383 824931 509
315471 881276 525
651797 107131 509
887909 827437 525
425465 483490 444
36694 904532 525
324145 393161 441
11125 879223 525
363612 87703 443
446660 778767 509
59644 9172 340
395307 211989 443
548110 393110 470
922237 377987 525
113713 15233 354
31513 272918 443
638363 609137 509
141970 699377 509
711803 206864 509
940436 656661 525
960631 471444 525
224633 624195 470
149858 801287 509
798788 659316 504
433508 226155 449
337062 453048 449
654976 111691 509
242460 253090 350
789853 681780 504
952236 810740 525
167124 197288 365
675460 797217 504
341934 92690 443
437656 257175 449
311875 116166 443
469391 462016 413
129862 307613 443
547741 95255 470
357216 605408 470
905817 346690 525
39669 779185 509
804065 770580 468
442470 150169 449
807907 776164 468
765202 739795 424
612069 521432 452
998530 563569 525
635047 614036 509
861430 525977 525
93093 631848 509
984523 587747 525
630026 467019 509
652415 708359 504
687144 84010 509
113646 277586 443
497251 686672 509
348955 266888 441
117120 706890 509
862149 10165 525
253593 688240 509
253201 261750 363
740943 395916 509
796070 38158 509
716345 739566 424
301288 668433 509
863870 822817 525
959781 380475 525
389515 574902 470
791027 192861 509
64501 941405 525
703367 666383 442
935851 599684 525
559336 317348 470
303931 364759 441
648261 278584 509
271289 241968 407
36114 985424 525
795860 740981 468
841681 128171 525
878857 238812 525
638348 391094 509
197398 819191 509
887844 803313 525
92545 414123 449
131361 470637 449
796765 540067 509
843683 414580 525
67642 16887 340
285553 535010 470
481767 788571 509
797825 466680 509
8178 51107 324
676262 428345 509
285764 300423 389
684484 124318 509
189934 326623 443
495832 291108 449
863211 258123 525
726087 850254 525
4294 33369 308
990972 977881 427
657018 817428 504
297243 930316 525
152382 24107 375
622693 137531 470
647543 703358 442
919929 123340 525
685793 65153 509
770482 774125 393
934621 893055 476
161976 178335 352
383488 763370 509
856064 138931 525
702666 670315 442
957152 763988 525
72271 234504 443
824295 986529 525
421494 663312 509
677451 322820 509
840990 998238 507
178352 92259 383
65738 841955 525
320670 553420 470
602360 539627 452
325264 298613 384
777539 816000 468
531997 206002 470
354829 493254 449
54968 349090 443
459751 581352 470
692521 100144 509
763860 172253 509
649658 915122 525
262405 585059 470
598243 323675 470
411539 591072 470
924515 961572 507
692139 787317 504
635021 666001 442
665102 278863 509
939967 139133 525
223705 902800 525
280125 892237 525
891256 260396 525
565166 827716 509
726175 114006 509
461133 182460 449
422465 566355 470
990127 407340 525
203664 493580 449
362510 677969 509
456923 926441 525
623037 419776 470
568433 458685 470
85759 700378 509
171784 342072 443
823940 531338 509
298586 657645 509
255833 756555 509
139343 712413 509
846147 923340 476
236247 814006 509
377191 165390 443
597716 612259 403
779138 724809 468
823048 593183 509
551154 712329 509
533529 283948 470
888973 802865 525
212482 620045 470
672741 680689 385
356329 630356 509
611183 52212 470
509527 251287 449
788980 885252 525
388223 222920 443
79832 256217 443
523436 676086 509
86570 206359 383
494781 39271 449
464026 87574 449
82416 346939 443
314637 138526 443
647611 179522 509
315834 250268 407
571004 799932 509
482574 297212 449
770411 94189 509
613215 538614 452
323030 22383 443
404647 55372 443
490265 99665 449
217189 498860 449
794764 460025 509
227359 42527 386
359833 727765 509
294178 884145 525
885807 126676 525
36423 593136 470
69281 657926 509
78652 637958 509
113723 629888 509
580370 775866 509
99268 332221 443
512130 196369 470
785399 104488 509
276553 721593 509
145444 1451 375
755799 487000 509
718400 283637 509
904851 183344 525
553739 32153 470
827390 562687 509
424703 428759 374
886386 926593 476
443393 816731 509
881312 862700 432
109328 619562 470
939780 568308 525
340591 688842 509
287299 523837 470
454165 568453 470
799703 108994 509
742427 757488 424
363786 889965 525
876106 416968 525
114281 826415 509
450029 582731 470
520195 848671 525
394482 974588 525
401792 281118 441
220848 455150 449
719179 750540 424
604684 469637 470
308861 11012 443
386140 744734 509
81866 952504 525
267640 710230 509
603004 564372 434
239199 900354 525
398934 885142 525
112010 604624 470
557571 691234 509
433031 823806 509
361199 454048 449
361688 658233 509
432762 662184 509
39407 673832 509
440732 65966 449
9042 517025 470
223000 846781 525
810996 655517 504
928415 172407 525
624059 75998 470
320417 978248 525
745899 213979 509
71352 614588 470
318599 346594 441
949204 990048 458
154900 440301 449
85283 907558 525
915398 981756 507
221896 872485 525
542729 16560 470
172096 911647 525
665996 461120 509
738382 923851 525
692805 785684 504
551895 108679 470
17240 354259 443
496486 462933 426
531594 517604 439
492092 420598 444
992789 508782 525
631553 123760 509
234132 541846 470
847625 585133 525
182252 490707 449
919069 660804 525
185455 439218 449
439053 20759 449
218130 960494 525
991006 593762 525
473994 128212 449
134807 463409 449
207867 797316 509
600442 185982 470
296729 98927 443
580230 857934 525
49404 536147 470
53221 450959 449
152426 507569 449
914329 273243 525
156833 182840 370
915356 988206 507
518214 432155 470
737003 432564 509
782537 887051 525
259574 774544 509
666687 738252 504
257631 992734 525
442633 523626 470
726272 660534 504
631266 740956 504
807327 150304 509
701428 610169 509
359940 508778 449
83013 459571 449
44238 154340 375
551538 24432 470
836746 346298 509
809440 860007 525
363759 445473 449
803162 675831 504
490738 761379 509
64498 187123 383
596508 142637 470
175316 783599 509
288189 408857 441
370304 591677 470
649243 178741 509
436113 400773 449
662766 824957 504
841660 922634 476
607941 798125 509
35357 790881 509
670174 990333 525
429910 948068 525
825412 230277 509
804129 665941 504
417975 134223 449
745548 94050 509
288202 645951 509
185751 474802 449
313502 420039 449
392757 351950 436
642661 663722 429
835214 535676 509
93799 819691 509
98316 755926 509
323628 40560 443
318666 412080 449
207293 37757 383
207242 210964 342
645777 61057 509
429592 644564 509
22578 662171 509
212406 618849 470
284252 470913 449
452912 835453 509
400897 642240 509
303325 75331 443
116390 217008 386
752222 485771 509
36136 483110 449
117328 565401 470
222873 487007 449
693098 21646 509
9153 216289 383
660439 787644 504
459165 427882 400
919435 921354 432
304343 902410 525
502698 132884 449
549547 876288 525
104215 581921 470
312713 833155 509
31350 187462 383
922413 194119 525
817954 968521 525
836003 501121 509
855311 665628 525
884127 435698 525
237205 188864 443
231866 471268 449
482539 639916 509
526315 75615 470
181459 178205 365
446165 753164 509
681319 364690 509
422893 239817 449
2689 23438 279
900960 782914 525
380263 694806 509
503633 651794 509
49772 931903 525
462525 283863 449
370212 720427 509
645857 878557 525
289082 742128 509
321860 216362 443
110503 514772 470
910048 260927 525
136780 995092 525
440523 889785 525
440085 666465 509
303996 546551 470
62198 289388 443
569904 727030 509
590564 557010 434
165335 810840 509
944241 626803 525
214443 518520 470
803240 252318 509
601439 339994 470
13901 122698 354
821015 436815 509
639425 509743 509
142313 222515 386
971834 277044 525
369292 983367 525
890077 712793 525
576504 44974 470
699877 820164 504
371726 844839 525
217088 357918 443
30631 424957 449
231029 997013 525
346812 725032 509
469549 550117 470
407227 214370 443
813340 41919 509
615162 409835 470
646798 116172 509
670874 996066 525
917751 107800 525
938215 990448 507
903946 232094 525
944654 262906 525
434702 706708 509
566511 843138 525
435420 972728 525
393707 145967 443
72254 32660 340
193655 711908 509
792043 745450 468
261525 607133 470
716489 121958 509
373299 951791 525
769016 316816 509
240406 860037 525
837039 214597 509
252426 385265 441
522375 714735 509
65812 594862 470
353926 990101 525
359992 264968 441
634365 573403 509
223043 710283 509
959343 164862 525
486285 369714 449
21360 628804 509
816655 563506 509
967184 602962 525
874969 135186 525
381797 605056 470
362952 945038 525
332655 905788 525
600457 198153 470
30646 278179 443
626827 388654 509
291245 955048 525
70642 761081 509
84901 329207 443
135541 775700 509
248876 848403 525
1929 355206 443
222841 43918 386
187027 300716 443
330277 494204 449
833983 801592 450
254637 90900 443
938865 861516 476
199419 919880 525
195909 565774 470
394230 108916 443
619434 631778 509
26495 661246 509
247570 206261 443
423821 331686 449
709890 481033 509
97494 51226 351
818193 831618 450
499136 20335 449
554394 635964 509
233411 756032 509
125966 590505 470
50363 813907 509
350426 164293 443
267816 566531 470
663846 950557 525
769973 340617 509
886332 415234 525
989917 10898 525
74886 412559 449
755354 655013 504
250391 612906 470
882288 573368 525
668667 540955 509
613410 266360 470
264838 986677 525
382837 605700 470
330172 638638 509
202132 50588 383
615632 421233 470
121632 298664 443
511232 193953 449
248274 818524 509
69407 70969 312
322865 540335 470
590295 620678 447
17100 858253 525
141387 171448 383
372066 917436 525
963692 674333 525
192823 407217 443
728213 376161 509
657180 326781 509
736316 396918 509
801312 728649 468
862906 119988 525
672014 706140 504
850309 701851 525
747257 330767 509
913313 969555 507
349585 738434 509
906641 133585 525
207507 29633 383
932607 340248 525
487748 989584 525
997571 16495 525
938319 697262 525
956703 698694 525
904054 775624 525
808314 372858 509
484089 211392 449
127338 302124 443
659486 757268 504
606096 99235 470
799871 891894 525
573030 747947 509
481951 575396 470
428168 696531 509
241075 921731 525
544196 207026 470
249956 661252 509
298047 680096 509
6821 92080 351
15746 110391 354
609861 367192 470
897414 932896 476
528499 919917 525
87744 87713 196
429553 605607 470
308593 704369 509
95669 870533 525
482074 609497 470
893058 822494 525
12787 113063 354
645827 928853 525
284315 788706 509
802649 566540 509
867330 136 525
403075 655251 509
270446 122399 443
893088 398535 525
240641 72490 443
35512 947381 525
2465 507534 449
332233 167370 443
603287 797787 509
397011 424464 449
102838 404778 443
313402 671763 509
244556 506232 449
925297 924687 339
290815 446938 449
40471 729513 509
210044 217746 386
427080 722391 509
553347 462660 470
848523 127413 525
326731 352245 441
480592 220922 449
500917 41482 449
429626 3474 449
394471 891814 525
568307 259273 470
493792 519633 470
568315 720703 509
840939 286042 525
261541 452591 449
427654 873521 525
373302 691205 509
434655 921168 525
824968 880298 525
754241 883617 525
581954 285654 470
69529 830205 509
936520 630294 525
745197 921607 525
58136 645191 509
57758 510293 449
675766 488514 509
46720 712300 509
289518 455051 449
611922 491022 470
510489 523032 470
802253 117452 509
411705 23540 449
520314 87237 470
282353 897639 525
815382 25175 509
694726 57850 509
302733 543187 470
260905 844610 525
268628 804847 509
292364 835663 509
258537 469690 449
171396 957104 525
634645 652827 416
737299 886546 525
242577 979416 525
946145 945391 352
984354 243407 525
175761 529969 470
489989 270221 449
137477 457376 449
796483 917800 525
619165 348337 470
819766 877046 525
824539 990775 525
717119 318885 509
760182 351865 509
69805 633933 509
763497 702968 504
29120 567712 470
109074 444220 449
331140 905227 525
684064 656820 442
275795 916518 525
540116 612403 452
419599 951085 525
629082 789862 504
226840 526863 470
566089 170974 470
85250 634700 509
765242 311322 509
746894 308775 509
662436 524629 509
212411 661767 509
471023 734960 509
372339 466385 449
183656 372111 443
88722 229231 386
883487 479927 525
865915 655695 525
490731 579948 470
831814 374327 509
674465 333778 509
302243 948641 525
988056 994489 365
714276 180190 509
736402 376115 509
69397 393579 443
749063 708472 424
381243 210161 443
622513 906446 525
228394 812387 509
392522 844283 525
139824 1535 354
539940 686799 509
989878 892121 507
408122 741302 509
923982 100769 525
255842 217989 443
249889 492875 449
588959 763391 509
112235 266654 443
550164 200594 470
168154 222936 386
174047 163427 352
373410 364725 392
734692 825181 468
682389 85361 509
603456 231065 470
82402 90464 333
755968 588878 509
681690 290130 509
266955 245466 407
334755 94304 443
430092 588939 470
248511 812471 509
427163 397156 449
873860 980745 507
535116 338864 470
421545 385163 449
343716 10852 443
840916 304101 525
661901 867858 525
188211 125481 383
192638 998701 525
832592 144986 509
52822 831788 509
911809 603096 525
508800 845487 525
910318 490787 525
909999 310884 525
152193 180901 383
772326 88529 509
406796 625998 470
462329 660665 509
183913 242696 443
110032 195864 383
627096 102917 509
133262 7331 354
808638 750289 468
654794 61413 509
753255 439665 509
405231 96305 443
705539 31622 509
795518 876962 525
7543 468892 449
81737 179047 383
85166 212021 383
660555 224998 509
477669 4056 449
261016 473614 449
230954 582440 470
166876 111603 383
264399 14106 443
78066 322232 443
263984 946419 525
658732 908445 525
275352 364952 441
435829 207662 449
887405 339349 525
748919 75457 509
93969 320914 443
917735 697368 525
625467 662765 509
483640 243237 449
761360 539051 509
606411 587649 403
830401 147166 509
520732 42450 470
717324 858151 525
40503 416058 449
47223 716947 509
77966 378058 443
687699 386111 509
115003 235738 443
9594 380575 443
38380 306922 443
9562 314288 443
439744 491346 444
744950 941113 525
687211 41939 509
198472 403982 443
812997 869062 525
447928 925883 525
407162 857965 525
413116 133384 449
867162 334115 525
316843 696947 509
768490 604985 509
896604 934673 476
954523 919710 507
415555 2789 449
638443 32694 509
330754 616064 470
39696 60512 340
815597 555507 509
463114 829203 509
930378 134125 525
544322 647804 509
838679 880967 432
484363 699855 509
700432 363631 509
898872 419589 525
708951 924591 525
218728 407654 443
21968 869936 525
496023 754955 509
377262 779778 509
872731 363209 525
74951 559747 470
675764 155704 509
331235 71439 443
348539 318124 441
237035 358468 441
457162 470967 444
115039 730167 509
277793 791631 509
584933 939868 525
290996 743359 509
971912 850471 507
664566 951315 525
892611 462328 525
922057 223575 525
767350 64178 509
482014 282618 449
419179 706344 509
42933 814244 509
115720 928230 525
155857 144575 370
475911 739528 509
486610 8300 449
938482 526677 525
792230 782296 406
35256 668637 509
950247 265391 525
202232 189416 360
412440 372594 449
20266 691872 509
779322 989136 525
442158 156334 449
915754 648839 525
3361 974340 525
803617 729522 468
692224 304996 509
235641 513684 470
60957 318385 443
34610 933841 525
601421 582319 434
895969 79631 525
695088 550306 509
667409 337891 509
676877 427910 509
872160 137179 525
248861 230636 381
146294 419039 449
864595 645656 525
820060 35995 509
223113 923991 525
971920 569307 525
689563 693009 442
542445 4842 470
697941 902075 525
191752 84226 383
67322 134667 354
830461 617410 509
319469 62151 443
481674 763198 509
726177 555622 509
260492 28823 443
632183 71644 509
864089 601048 525
516584 552844 452
573595 358234 470
528925 145032 470
229412 313563 443
239862 457456 449
835343 566059 509
830679 985746 525
270613 380623 441
269103 428385 449
247321 69340 443
943283 659072 525
348667 503823 449
536130 182718 470
300795 945780 525
614432 584498 403
473675 372703 449
772804 228931 509
924379 933379 476
606286 381337 470
827718 503134 509
318088 812759 509
180923 679756 509
642157 991177 525
845262 948293 507
655373 259284 509
798623 878105 525
676606 851213 525
608555 261055 470
988992 43929 525
160584 132806 383
171947 834898 509
204695 341732 443
648408 295149 509
266585 825967 509
630733 549242 509
