1 10 20
100 200 125
201 210 89
900 1000 174
5 20 21
77 430 144
15 18 21
9 999 179
7 39 112
6 94 116
2 53 112
5 78 116
7 78 116
5 92 116
7 85 116
9 57 113
2 45 112
3 92 116
5 17 20
8 12 20
3 56 113
6 37 112
2 4 8
5 18 21
5 59 113
6 30 112
2 48 112
7 1 17
4 41 112
5 15 20
9 91 116
8 63 113
9 84 116
8 64 113
6 68 113
9 14 20
4 51 112
4 4 3
4 82 116
8 23 21
5 2 8
1 56 113
1 72 113
3 44 112
6 64 113
8 56 113
8 70 113
7 46 112
6 27 112
1 46 112
9 25 24
8 48 112
7 87 116
2 66 113
6 31 112
7 42 112
4 8 17
6 26 24
1 24 21
5 50 112
5 94 116
4 52 112
4 93 116
1 43 112
1 60 113
6 97 119
3 16 20
7 73 116
8 76 116
3 51 112
8 50 112
7 9 20
3 95 116
2 40 112
4 12 20
4 3 8
3 61 113
3 63 113
6 22 21
3 87 116
8 91 116
3 47 112
3 66 113
3 54 113
8 3 17
3 33 112
1 10 20
1 9 20
2 55 113
7 51 112
2 63 113
9 21 21
9 43 112
2 69 113
6 29 112
6 85 116
7 19 21
9 46 112
4 32 112
4 90 116
5 94 116
5 13 20
4 99 119
4 54 113
7 31 112
3 5 8
5 21 21
1 23 21
8 34 112
1 66 113
7 21 21
1 61 113
7 62 113
1 29 112
2 84 116
8 18 21
2 38 112
6 79 116
9 67 113
5 60 113
1 70 113
2 84 116
8 83 116
7 30 112
2 74 116
7 6 17
3 63 113
1 83 116
2 48 112
8 33 112
7 60 113
4 1 8
5 35 112
8 30 112
9 12 20
5 50 112
9 77 116
5 65 113
4 50 112
3 26 24
5 33 112
6 9 20
7 25 24
2 92 116
3 65 113
6 80 116
9 73 116
6 26 24
1 1 1
4 73 116
5 45 112
7 98 119
1 67 113
3 14 20
6 69 113
9 57 113
4 85 116
4 63 113
2 20 21
1 1 1
7 84 116
3 22 21
5 87 116
4 75 116
6 99 119
8 46 112
9 73 116
9 98 119
4 86 116
7 78 116
2 73 116
3 14 20
7 8 17
8 81 116
8 77 116
5 40 112
8 41 112
1 94 116
7 94 116
5 87 116
9 96 116
2 61 113
7 59 113
3 72 113
9 49 112
1 2 2
2 15 20
5 52 112
2 24 21
7 39 112
7 69 113
9 30 112
2 19 21
3 3 8
1 17 20
5 17 20
3 96 116
8 89 116
7 79 116
4 42 112
8 40 112
4 93 116
2 33 112
2 63 113
5 6 9
5 89 116
8 41 112
1 37 112
27 486 144
28 995 179
6 8951 262
43 2909 209
9 1350 182
48 9597 262
65 726 171
91 4250 238
21 2858 209
67 7594 262
93 5719 238
2 8923 262
69 3642 217
67 4002 238
83 1905 182
23 8571 262
43 8165 262
66 6635 262
4 5833 238
33 8851 262
67 2555 209
19 2828 209
24 135 122
20 8482 262
36 626 144
92 7158 262
1 6949 262
46 8404 262
78 458 144
11 5614 238
77 4031 238
60 3073 217
90 6008 238
37 3931 238
20 1722 182
6 6433 262
14 4531 238
96 7205 262
15 817 171
95 538 144
78 4977 238
31 3063 217
34 637 144
99 1469 182
18 1165 182
18 4551 238
30 2502 209
45 9162 262
3 8701 262
57 3279 217
43 1625 182
74 7480 262
68 3452 217
14 1439 182
28 3155 217
51 6595 262
79 2541 209
11 1194 182
50 7752 262
31 7355 262
28 8486 262
61 8853 262
74 2844 209
71 3592 217
79 6848 262
42 8661 262
26 1249 182
1 5098 238
87 3153 217
44 9785 262
69 9825 262
67 2540 209
39 3530 217
19 1698 182
79 3038 217
27 1244 182
76 7296 262
6 2261 183
41 9177 262
23 5875 238
41 9275 262
28 4588 238
23 7610 262
99 5884 238
65 2010 182
84 683 145
60 3875 238
65 4148 238
48 7780 262
63 1918 182
48 7241 262
90 9530 262
52 7757 262
96 240 128
45 5117 238
67 6568 262
60 5618 238
12 3853 238
98 55 119
46 2253 183
98 7692 262
90 4632 238
30 509 144
86 2056 182
25 1934 182
74 8403 262
2 144 122
30 4911 238
21 6613 262
85 12 116
4 571 144
79 7547 262
8 6008 238
38 6196 262
52 6325 262
10 3883 238
49 6203 262
63 7001 262
70 1270 182
4 422 144
55 4815 238
6 6671 262
43 9509 262
42 7749 262
93 7993 262
43 6828 262
82 3506 217
23 9667 262
31 3326 217
76 8296 262
13 5309 238
38 5459 238
44 6467 262
12 9040 262
92 9125 262
90 5368 238
8 8346 262
49 4759 238
40 3898 238
60 6123 238
51 9 112
54 9091 262
14 5082 238
35 9115 262
24 6420 262
89 68 116
44 6899 262
7 3211 217
96 7263 262
22 6721 262
42 271 128
20 1310 182
86 9140 262
24 9064 262
18 6456 262
42 487 144
22 5035 238
28 8158 262
55 792 171
70 1811 182
55 897 179
18 1876 182
57 1190 182
43 8950 262
67 7936 262
69 2558 209
18 2196 182
58 5205 238
37 4929 238
64 7528 262
8 6230 262
41 6544 262
49 4331 238
52 4695 238
97 9073 262
65 6652 262
65 65 28
60 6204 262
3 6320 262
84 4257 238
14 1530 182
72 8197 262
87 5577 238
23 660 145
93 4734 238
78 8833 262
8 5983 238
14 7401 262
12 1955 182
71 251 128
53 2899 209
99 8082 262
8 4955 238
83 6279 262
98 7615 262
1 6412 262
48 4665 238
5 8408 262
58 101 119
19 4770 238
31553 443607 449
13425 970804 525
95813 50770 351
77546 449573 449
46698 658287 509
45891 77839 351
68358 460751 449
48331 341057 443
98554 312233 443
98784 401791 443
15371 838197 525
68661 885634 525
50597 300370 443
70231 789809 509
67343 452013 449
82307 86311 320
57163 330696 443
74110 875463 525
19394 407817 443
69360 662396 509
733 190268 383
37516 810222 509
4281 600025 470
42315 236023 443
30729 220058 386
35809 849435 525
65219 873010 525
42619 5611 324
16619 826457 509
35330 556072 470
29437 900645 525
69282 560202 470
76304 665206 509
67042 903658 525
31633 35026 311
35508 238415 443
54508 61439 335
9339 252329 443
79729 33018 351
90478 30234 351
56935 894290 525
98095 817252 509
80197 618807 470
5989 528112 470
33564 876023 525
23492 749705 509
67348 997285 525
81139 743539 509
87313 817318 509
11596 98447 351
90982 578649 470
14507 294606 443
73268 330129 443
61661 632313 509
63690 60141 335
41318 205587 383
65301 654210 509
25577 724316 509
29490 346663 443
32077 792651 509
16764 262640 443
21830 91334 351
24731 420729 449
58338 235267 443
170 721791 509
15032 140388 354
87649 404296 443
68386 936818 525
77140 549737 470
63029 852688 525
79554 630152 509
91728 943794 525
95665 448872 449
92653 644513 509
9792 93780 351
42405 739772 509
88770 237558 443
85188 42591 351
14332 701270 509
27004 730653 509
94221 647048 509
70686 253754 443
16231 292840 443
7205 634009 509
82954 598991 470
13394 218368 386
12064 197539 383
16585 565717 470
15589 357776 443
47626 722221 509
18944 808285 509
65242 604744 470
45406 620905 470
43557 196256 383
59581 609206 470
56442 461748 449
11463 215290 383
17286 227849 386
48339 767079 509
77907 895330 525
13547 777101 509
49178 64697 340
56937 733846 509
80192 441850 449
30773 288756 443
56352 545786 470
22503 469868 449
84142 140612 354
73684 85181 351
78485 738758 509
29467 975142 525
72649 90315 351
32159 79853 351
26871 202329 383
30955 755467 509
39780 182879 383
53827 547593 470
42960 417132 449
70435 876983 525
10991 582454 470
95532 986544 525
19649 241576 443
52535 516432 470
22988 604459 470
84922 349045 443
95515 443589 449
44401 822653 509
28906 394206 443
3341 541450 470
95431 549320 470
97003 953680 525
48513 781323 509
72074 66731 325
16726 325297 443
86449 437136 449
6423 907577 525
45754 373752 443
10540 898902 525
83723 783678 509
58752 555804 470
20137 274580 443
12667 231056 443
7250 241169 443
10088 526356 470
42000 726237 509
10590 78837 351
33655 315844 443
22261 905456 525
76050 849887 525
48278 817413 509
17131 968558 525
20928 598579 470
59028 601792 470
64785 765796 509
52478 811178 509
15156 462579 449
64403 936187 525
26959 398939 443
99410 241985 443
44543 512589 470
12474 496901 449
19925 746077 509
94064 775979 509
71667 11894 340
16578 677867 509
53211 317541 443
62247 146058 375
63739 521143 470
37123 83350 351
64813 479455 449
92551 928940 525
49015 450218 449
62748 35673 340
24489 427647 449
22723 213141 383
55106 238491 443
79884 361739 443
9240 124270 354
42585 694581 509
60996 88618 351
85321 96282 333
62328 865206 525
81636 831152 509
43775 652356 509
34383 854575 525
78941 931051 525
65709 169286 383
762 472994 449
8465 763099 509
2950 35876 324
26804 93257 351
58869 517786 470
81826 58566 351
31609 892614 525
20037 109170 354
45345 230936 443
87544 289638 443
70320 656460 509
94034 859391 525
93460 726812 509
3 327501 443
2 903589 525
3 319532 443
2 546080 470
8 769917 509
5 883043 525
8 606808 470
6 161191 383
2 542221 470
5 570289 470
8 151084 375
2 596888 470
7 307376 443
5 45708 324
5 658924 509
7 94415 351
6 916502 525
3 374207 443
2 49275 324
4 974322 525
5 265312 443
2 177882 383
8 585256 470
7 847657 525
5 395504 443
9 351119 443
4 177710 383
6 429344 449
3 944363 525
4 673159 509
5 233360 443
5 575609 470
6 40163 324
7 392819 443
8 723774 509
4 13762 276
6 176471 383
7 862344 525
5 559108 470
3 916295 525
1 839091 525
1 394578 443
6 662994 509
6 321673 443
5 188123 383
6 597494 470
6 479566 449
6 723770 509
4 166285 383
2 855215 525
2 445441 449
7 631201 509
5 517254 470
1 504723 449
9 77874 351
6 895975 525
1 928354 525
9 618047 470
6 433364 449
1 958761 525
1 180210 383
4 100910 351
1 188852 383
7 947503 525
6 915505 525
5 187300 383
8 854868 525
5 257065 443
3 260474 443
6 737324 509
7 519004 470
2 66509 340
8 858090 525
3 84412 351
2 423060 449
1 536286 470
6 111206 354
8 997140 525
2 301104 443
3 963113 525
1 793530 509
6 954013 525
2 146275 375
7 842041 525
9 731346 509
5 592561 470
1 350338 443
6 929678 525
2 957610 525
3 488475 449
9 932374 525
1 402043 443
1 241630 443
2 684220 509
3 804963 509
1 772139 509
8 977076 525
1 917669 525
3 680904 509
6 399587 443
6 7911 262
9 528518 470
9 157805 383
7 471210 449
9 987985 525
1 266201 443
9 861197 525
4 96297 351
8 20776 279
5 5856 238
6 533259 470
4 294129 443
9 283029 443
9 124366 354
6 561999 470
1 550704 470
3 883736 525
7 603274 470
2 52953 340
8 534765 470
8 367699 443
6 941355 525
3 218167 386
8 109572 354
7 395233 443
2 722121 509
1 894653 525
6 833330 509
3 325382 443
9 798656 509
5 500134 449
3 342732 443
9 760877 509
8 847006 525
8 826303 509
1 5926 238
9 19158 279
3 490967 449
5 96097 351
2 533707 470
6 121716 354
2 461534 449
7 463026 449
9 644159 509
1 383384 443
5 92576 351
9 132942 354
2 410103 449
6 130024 354
5 183784 383
3 698321 509
6 858256 525
9 877650 525
2 186662 383
6 19123 279
1 515635 470
2 159006 383
5 462995 449
9 297768 443
8 735272 509
6 495089 449
1 982392 525
4 644751 509
8 95882 351
9 536151 470
9 798532 509
2 262555 443
8 198670 383
6 109258 354
6 723799 509
4 83932 351
2 768358 509
6 399376 443
2 354587 443
1 815202 509
7 202366 383
9 445964 449
8 886230 525
1 132335 354
1 220683 386
9 47876 324
1 529618 470
8 905197 525
3 548248 470
6 933948 525
1 693426 509
1 789696 509
4 579489 470
8 355064 443
5 981473 525
4 569378 470
2 678802 509
8 961244 525
5 791296 509
9 726454 509
8 476152 449
3 998293 525
6 549205 470
6 672720 509
9 623648 470
957 536 179
971 580 179
478 306 144
585 732 171
124 912 179
240 684 145
692 669 127
646 541 137
446 24 144
819 426 171
821 393 171
251 706 171
326 926 179
423 132 144
564 723 171
990 801 179
547 829 171
886 636 179
731 889 179
158 43 122
631 122 144
126 756 171
422 543 142
506 312 144
722 891 179
953 370 179
876 710 179
306 768 171
939 527 179
720 270 171
88 405 144
636 23 144
611 655 145
714 737 140
735 875 179
106 407 144
553 888 179
153 655 145
791 883 179
493 75 144
491 89 144
841 425 171
20 778 171
719 250 171
956 116 179
124 466 144
611 372 142
362 709 171
857 636 171
545 356 142
378 648 142
646 197 144
481 890 179
624 779 171
367 26 144
546 680 145
34 909 179
543 187 144
217 18 125
865 379 171
106 23 119
329 451 134
601 70 144
317 654 145
585 306 144
573 607 119
642 959 179
862 57 171
923 838 179
526 888 179
897 931 130
289 722 171
900 373 179
554 93 144
582 860 171
466 92 144
814 31 171
622 113 144
522 690 145
295 586 144
896 34 179
952 431 179
363 308 144
586 338 142
267 691 145
45 128 119
506 457 142
115 944 179
427 998 179
678 404 145
424 856 171
134 514 144
256 823 171
172 122 125
342 536 142
494 285 144
638 138 144
212 783 171
626 117 144
361 893 179
412 949 179
831 775 153
771 52 171
591 403 142
322 752 171
325 447 144
355 680 145
706 389 171
113 756 171
513 291 144
250 651 145
405 484 134
411 203 144
267 940 179
884 808 179
194 552 144
451 804 171
281 374 144
381 186 144
521 404 142
958 858 179
143 683 145
33 398 144
98 222 125
502 453 142
497 807 171
849 706 153
241 425 144
3 196 125
979 20 179
929 597 179
540 447 142
666 660 114
12 879 179
972 17 179
588 356 142
708 825 153
311 911 179
904 345 179
311 953 179
460 357 134
667 549 145
607 872 179
513 522 124
581 338 142
799 784 122
271 952 179
219 657 145
992 234 179
878 902 148
820 887 179
851 439 171
108 879 179
265 401 144
213 366 144
133 134 29
556 96 144
35 212 125
673 545 145
432 427 116
820 195 171
876 617 179
450 467 129
596 9 144
240 437 144
735 186 171
548 655 145
799 532 171
312 391 144
348 277 144
290 373 144
235 491 144
443 347 134
205 16 125
784 304 171
59 941 179
676 807 171
6 56 113
582 868 171
430 356 134
18 489 144
224 432 144
93 86 93
305 24 128
808 550 171
49 272 128
828 114 171
877 473 179
830 425 171
30 460 144
796 833 135
628 749 171
422 861 171
871 6 179
397 991 179
592 478 142
647 141 144
271 57 128
84 180 125
288 869 171
893 752 179
126 769 171
937 456 179
134 672 145
575 595 119
39 275 128
394 835 171
675 760 171
627 589 132
324 795 171
788 569 171
276 586 144
813 831 135
982 131 179
893 177 179
24 135 122
972 673 179
146 693 145
750 772 153
244 524 144
152 263 128
520 128 144
552 69 144
872 692 179
560 382 142
293 867 171
808 628 171
256 481 144
797 562 171
631 784 171
812 856 135
147 483 144
