93599 90395 333
80753 99186 333
75992 32168 340
3795 8309 262
71104 50542 340
24875 50438 324
14365 8108 276
14535 6535 276
45854 68037 340
48734 98642 351
25599 43745 324
28655 90866 351
3914 16718 276
82009 45128 351
24544 78813 351
82126 73857 351
49801 16317 324
80046 19908 351
65055 6977 340
39789 4374 324
51949 61366 340
6511 54400 340
86642 41841 351
87028 87202 333
71135 91571 351
27748 91373 351
29010 49647 324
40377 52484 314
97153 5367 351
87736 90884 333
92958 12834 351
24084 45918 324
45720 96466 351
93645 41946 351
98876 57763 351
50041 26269 324
37656 46957 314
6715 88184 351
87894 18379 351
1396 56597 340
64314 15110 340
62683 76025 330
27601 26542 308
61190 34211 340
90181 49959 351
78317 30741 351
33634 21734 308
82888 71214 351
44276 35513 324
90771 81906 333
41353 22466 324
58174 35290 340
31889 97219 351
47902 98914 351
75258 42650 340
6558 53943 340
73003 62099 330
51494 66982 340
41586 46961 314
19212 67498 340
64714 13756 340
43562 84185 351
31355 19314 308
30304 27872 272
46620 9962 324
39416 98137 351
82514 98465 333
73945 95277 351
87815 9423 351
25674 46586 324
14471 17971 279
76245 72909 325
29365 40583 324
707 9838 262
14955 67816 340
25358 57099 340
81940 75410 351
2834 65972 340
95645 23837 351
97205 45629 351
41316 43068 288
65719 75779 325
58648 50238 340
72106 49981 340
50705 82599 351
41393 87423 351
54440 9409 340
78099 69846 351
36865 87725 351
30647 2643 308
28468 27215 259
96972 37847 351
58788 61379 335
79951 92855 333
38392 48179 314
53138 40783 340
51939 31947 324
89383 60532 351
11858 37627 324
11461 25308 282
13183 54877 340
12749 30940 308
60669 41851 340
31918 72915 340
25633 36999 324
19896 6266 279
12252 1445 268
56006 31138 340
55826 2429 340
28232 12233 308
87778 23586 351
98198 61912 351
11601 87034 351
53870 6434 340
21677 38219 324
17961 21456 274
19515 85073 351
71560 75877 325
45580 40106 314
80825 20968 351
16548 4756 276
65062 12862 340
85427 91998 333
12991 48517 324
94032 87580 333
30488 87799 351
30249 43577 324
47792 46242 314
76592 86415 351
85929 18916 351
27285 1303 308
17573 13852 271
64018 48174 340
47031 56362 340
10165 24314 282
71882 25089 340
47578 19764 324
12578 68183 340
370 51038 324
46518 31290 324
47180 42294 314
61857 63406 330
32652 70683 340
1724 98707 351
34904 21428 311
8601 33914 308
61696 4774 340
2012 49920 324
51277 63600 340
12883 1599 268
1381 21259 279
55272 39641 340
82397 43671 351
43746 41022 288
91405 55997 351
88566 36639 351
5330 69510 340
38439 3612 324
69704 56025 335
83159 94995 333
3963 30261 308
77 92392 351
79220 75316 351
49352 59824 340
72960 672 340
92446 45255 351
90304 85868 333
4355 44454 324
92844 40350 351
98117 61554 351
40730 98094 351
72141 30726 340
23081 65550 340
53615 81515 351
25984 57784 340
5305 80019 351
6438 75520 340
80881 84666 320
93766 77461 338
53731 43670 340
25282 2215 282
79478 60238 351
28807 40777 324
84390 46710 351
51272 40133 314
28896 88350 351
94754 96301 328
94935 73552 351
73780 6322 340
36646 51945 314
69137 14154 340
75637 93088 351
63172 96582 351
5626 30102 308
6834 90688 351
16940 9794 276
62720 54180 335
1757 13617 276
83992 78493 338
1149 49676 324
58577 34505 340
5379 26239 282
10695 44086 324
14944 87086 351
6488 33722 308
68496 50097 340
74254 24553 340
59412 8375 340
33143 55875 340
3935 70227 340
60074 6983 340
56690 6607 340
35037 36320 324
41944 55377 340
80588 39882 351
86310 61960 351
69199 46882 340
8651 82155 351
78422 52527 351
88469 80991 333
34394 33122 311
49027 71367 340
31056 39899 324
34197 89883 351
81594 12566 351
5512 61864 340
81001 20003 351
13415 62730 340
50446 37245 314
69329 45198 340
36980 87284 351
42536 99094 351
51093 34632 324
1476 33039 308
68686 52612 335
93194 56445 351
26894 83721 351
8643 48742 324
96892 14997 351
22837 62874 340
45653 29880 324
89264 24279 351
90529 67181 351
61941 68572 330
92844 42775 351
68962 50694 340
39875 83693 351
22255 47132 324
75266 86449 351
67931 35853 340
12612 60482 340
87006 10564 351
48385 73311 340
55238 66184 335
46344 85045 351
64825 28653 340
63114 64968 330
28069 50448 324
34519 61207 340
88906 44467 351
45440 76166 340
34781 30063 311
24023 61041 340
11727 43656 324
50455 31314 324
50580 6380 324
93482 66490 351
49674 12367 324
47079 31821 324
82439 5544 351
97405 63860 351
50115 2945 324
15998 77071 351
70419 83746 351
88421 59338 351
73432 99283 351
90455 82078 333
85908 27806 351
73051 91561 351
91849 86413 333
63100 90483 351
35246 17816 311
93536 57755 351
83167 31059 351
53617 67893 335
71066 21464 340
26369 98812 351
58787 81144 351
90165 19065 351
2629 45327 324
63366 74594 330
57379 63370 335
27882 51258 324
3354 570 217
6556 24625 282
99983 5571 351
78767 30291 351
22020 19771 274
73883 69321 325
65115 7458 340
73447 84238 351
4453 97370 351
49477 96225 351
72158 32922 340
69990 30383 340
42804 90238 351
94417 1702 351
34455 52334 324
29872 67847 340
17328 15093 266
19995 20038 212
4613 63072 340
71270 65843 312
41004 13173 324
23675 61888 340
11550 48389 324
16233 2924 276
35287 18395 311
48146 9273 324
17261 30335 308
38999 59324 340
62045 54359 335
17847 76225 340
28780 82841 351
42877 76392 340
28023 29649 272
27648 18365 308
7380 72263 340
39265 66207 340
13036 41283 324
94569 60601 351
60116 48293 340
27295 76786 340
80840 54598 351
427 60648 340
97121 46906 351
82177 21910 351
56616 82530 351
98935 66759 351
45120 74181 340
4987 86551 351
8895 46628 324
81388 19649 351
44943 2759 324
57699 51078 340
70129 33102 340
65730 3559 340
95634 88845 333
41266 3301 324
96558 31316 351
99842 4937 351
71175 84765 351
12548 76318 340
22044 83579 351
19992 98716 351
77576 49922 351
77134 8367 351
92192 97999 328
98091 10493 351
66164 31596 340
65404 68073 312
34444 15640 311
42718 2523 324
8586 68761 340
96319 59374 351
22012 28795 308
9302 23998 282
51541 45747 314
61959 61238 286
58296 1337 340
78788 63736 351
33433 3428 308
31333 47786 324
31279 3923 308
41405 52817 340
54273 42292 340
11009 61023 340
784 69063 340
34589 47633 324
97891 6683 351
34795 39111 324
23562 55162 340
80787 40249 351
94174 60974 351
76435 77501 351
86167 32895 351
53109 52207 340
64424 8621 340
29470 99990 351
61697 77368 351
31419 53590 340
14007 5997 276
96655 92328 328
74587 68727 325
69932 65418 312
7068 89668 351
16756 94463 351
55387 98208 351
15474 57376 340
65810 78219 351
99184 98104 328
47019 99142 351
16016 57835 340
19759 61203 340
10184 5459 262
60728 22773 340
51775 76817 340
83510 62482 351
70446 12879 340
31916 13211 308
78945 79529 307
20388 94337 351
2290 37387 324
38171 72235 340
4947 81070 351
61169 72910 330
67630 56831 335
47557 41351 314
70550 74655 325
75607 5833 340
30481 79777 351
52770 29689 340
81624 48150 351
8662 80885 351
81552 82173 289
54302 71097 335
67565 70018 312
58321 11978 340
54604 92432 351
32142 51732 324
8057 47019 324
47999 74410 340
30980 91209 351
6888 88559 351
63235 26702 340
1863 3371 217
54801 14541 340
19695 3419 279
12506 3094 268
83552 17773 351
19119 89124 351
75611 66141 325
25103 17277 282
41503 59186 340
74104 1905 340
31384 92600 351
73170 83573 351
272 26632 308
18195 93910 351
82763 10695 351
68497 54742 335
99070 57279 351
75196 57379 335
92871 69669 351
79449 17480 351
38196 16183 324
91658 64412 351
89465 83687 333
4978 24751 282
3507 78224 351
60845 81901 351
63222 32456 340
49221 35867 314
18527 62554 340
24901 55257 340
67795 42168 340
763 67612 340
4696 66826 340
42485 59993 340
87170 78168 338
73807 46937 340
76240 842 340
36355 94707 351
99675 26634 351
67356 97200 351
39157 189 324
19072 60442 340
77040 2260 351
85032 78854 320
7888 38896 324
97264 48817 351
43375 19519 324
49993 28002 324
29883 81105 351
91263 87318 333
28867 10853 308
45482 38023 314
69372 87235 351
88600 8667 351
3427 70171 340
96299 88303 333
30094 6827 308
23628 34713 311
52523 31950 324
6805 79378 351
97143 37104 351
13818 44030 324
67845 87225 351
53477 86879 351
22103 48240 324
46351 52659 340
4353 63816 340
81059 60345 351
30372 70017 340
11721 79310 351
49545 82574 351
84486 52372 351
65913 78243 351
88307 31282 351
37412 71373 340
49134 91460 351
5012 23404 279
2117 84812 351
75454 41918 340
57672 36340 340
23346 16060 279
27935 36065 324
32399 42298 324
37937 71951 340
88021 43694 351
96783 71796 351
67787 14691 340
77876 23103 351
88701 94002 333
57378 45028 340
11570 94708 351
70598 30234 340
47421 35037 324
82232 25394 351
65214 99963 351
72192 12320 340
65658 87270 351
86261 63714 351
81031 3242 351
15460 66615 340
98727 97473 297
21556 89804 351
71204 3834 340
25061 3944 282
44126 2896 324
80280 86576 320
2988 58487 340
67401 60121 335
3620 47159 324
12610 55387 340
89604 52894 351
58558 4560 340
86725 57101 351
60611 12508 340
73917 34279 340
19631 54210 340
90501 67491 351
40481 5438 324
97288 61850 351
90573 87966 333
94768 16766 351
55829 80883 351
58260 84496 351
92770 8953 351
63384 77891 351
17775 42376 324
16726 95787 351
29880 43653 324
38856 74758 340
9852 82330 351
29841 12266 308
41486 66908 340
75176 11615 340
81619 35476 351
65474 20449 340
10438 13065 268
45562 11440 324
48826 65814 340
6344 6505 200
52164 30493 324
55074 21421 340
8458 49277 324
63392 55338 335
87788 36706 351
86373 88335 333
4736 40281 324
56568 31560 340
49288 46173 314
76874 47369 340
12627 80532 351
7379 72319 340
81528 60819 351
22077 72406 340
832 69514 340
47864 91698 351
97137 8412 351
71396 5934 340
1891 19379 279
48091 4459 324
98332 6590 351
3915 81199 351
34777 61721 340
95472 84866 333
83951 50189 351
3423 96479 351
82043 39636 351
39286 66388 340
73355 42929 340
54607 6452 340
18600 64935 340
18419 8666 279
47465 88443 351
42555 20171 324
61601 33654 340
61834 80259 351
5899 61854 340
16814 79183 351
39495 58795 340
3236 28485 308
35516 5306 311
36866 67855 340
17508 64807 340
77502 14993 351
23644 58323 340
86908 63958 351
2353 89338 351
19151 64259 340
67614 75672 325
88792 57784 351
78954 50774 351
6367 84171 351
83549 3750 351
4248 76410 340
7513 73450 340
3825 39628 324
44941 78084 351
44561 69546 340
41064 99132 351
733 35305 311
68701 34676 340
34259 44492 324
68475 70487 312
17655 21058 279
69812 41988 340
65819 94599 351
33845 95281 351
26513 29689 308
30803 82710 351
50595 37231 314
88805 22590 351
83332 14179 351
84592 65067 351
11163 2629 268
75949 26813 340
92258 84010 333
97484 74725 351
25525 37765 324
10430 69482 340
99478 55000 351
32817 99533 351
55882 42406 340
25089 89800 351
55411 15981 340
36183 44905 306
97474 68557 351
91328 90947 315
90143 96398 333
58256 26843 340
47500 6057 324
57954 9977 340
38014 39112 275
99264 78062 338
37313 93894 351
21819 61020 340
24451 97791 351
36302 1883 324
25920 87534 351
90841 33555 351
36391 90956 351
8554 6316 257
81178 46871 351
42843 12153 324
69661 56251 335
62770 33969 340
98816 63827 351
338 23704 282
36168 72725 340
57850 33338 340
28528 61355 340
58647 15818 340
99477 50480 351
78158 78781 307
54412 94004 351
93795 31515 351
9330 43287 324
11013 50174 324
62230 68716 330
39290 91278 351
24654 2700 282
99940 92113 328
55010 28876 340
39674 85334 351
98509 99473 328
37211 87886 351
29404 54224 340
68364 16868 340
71197 27405 340
2244 79528 351
90352 76712 351
64159 87022 351
75281 38637 340
62288 8211 340
39472 5229 324
75656 88721 351
92245 98338 328
40891 22476 324
71938 58180 335
48367 63241 340
32830 69272 340
73110 96406 351
63392 94814 351
62409 55862 335
77831 92431 338
22181 6471 279
55756 14419 340
14973 37897 324
32741 11757 308
26962 78347 351
98946 65814 351
46744 84796 351
91858 71769 351
18543 67394 340
4382 60734 340
74006 15090 340
52422 80778 351
87681 77173 338
87609 23505 351
97747 43820 351
91620 9750 351
48772 82975 351
97209 30936 351
62214 87254 351
81324 46819 351
17616 65353 340
20504 51041 324
4983 10493 262
52144 22086 324
77466 2949 351
60238 29148 340
30617 40371 324
60616 97570 351
71129 50155 340
36338 15501 324
65807 89459 351
31751 41347 324
25390 30453 308
95793 29910 351
13669 89078 351
58773 86070 351
6222 11702 268
84588 91961 333
57464 49108 340
48618 47397 283
70135 6871 340
28853 98383 351
95916 48960 351
96772 64550 351
60231 16056 340
97670 38475 351
73116 44787 340
92699 37194 351
10694 88673 351
88050 59589 351
31458 40821 324
17390 18884 279
12311 45364 324
62028 86741 351
46222 24049 324
59869 8255 340
79032 41662 351
6531 77485 351
37452 72238 340
78951 68877 351
69601 41505 340
61313 36588 340
74633 41424 340
37889 4762 324
75048 90502 351
23386 15676 279
45435 32135 324
88474 26489 351
77082 16727 351
25639 35466 311
4386 43580 324
64501 42498 340
45131 36974 314
86539 22359 351
88236 39303 351
61771 19874 340
42832 18805 324
28931 7576 308
44671 56635 340
94788 15279 351
62969 6993 340
614 88667 351
66847 7266 340
56376 26147 340
79499 63575 351
8521 2880 262
90678 70643 351
86010 55665 351
76448 97817 351
13892 21379 279
23288 31174 308
88965 57568 351
39428 18260 324
65708 84809 351
759 65870 340
86277 56679 351
43826 66979 340
77863 41314 351
45965 36005 314
1571 89586 351
27321 95522 351
52346 23353 324
22009 33763 308
25930 384 282
80759 6682 351
51952 38177 314
33249 94967 351
65435 60541 335
4333 92735 351
23033 46769 324
7046 97291 351
53851 53155 322
69875 86409 351
72708 69690 325
13786 13227 276
96711 38748 351
60178 65669 335
18024 20029 274
24484 88668 351
88013 21285 351
24850 94348 351
72035 3932 340
59017 62075 335
41608 51592 314
32247 49098 324
57174 29102 340
31170 99796 351
59962 61779 335
64877 99110 351
15423 24667 282
43039 60605 340
48031 28324 324
33954 1666 308
29611 55499 340
62399 50821 340
61749 34746 340
39034 18033 324
31465 15133 308
26830 89040 351
2249 33478 308
20441 36867 324
74387 11645 340
94529 5614 351
96251 5031 351
13247 17882 279
90885 9044 351
46827 3850 324
72634 89954 351
38565 97407 351
83182 73166 351
91291 19713 351
11677 45608 324
9052 52916 340
5310 85028 351
70467 47803 340
2536 31370 308
2665 15195 276
98612 98713 235
19489 90282 351
46880 3982 324
3518 96470 351
69990 69407 299
49556 39341 314
23287 38597 324
30144 739 308
39337 34153 324
34170 21973 308
77486 74910 351
66057 11533 340
31583 45133 324
47166 20024 324
24582 20808 282
38135 44779 306
52075 33070 324
41725 99985 351
21773 41747 324
17566 99326 351
65327 73078 325
5008 41638 324
24607 80899 351
7835 64330 340
20557 8376 279
4754 36395 324
41091 94561 351
29883 96017 351
33484 16355 308
15059 50463 324
82623 26012 351
29253 67896 340
95958 1246 351
6354 3029 262
75986 68028 325
60074 56348 304
80607 54691 351
15872 7089 276
87106 47490 351
71206 78831 351
20276 39316 324
57706 14988 340
91575 11565 351
55846 12100 340
48031 80377 351
97433 83175 333
42113 28350 324
52227 93757 351
49471 60025 340
70266 55505 335
8518 51690 324
35510 42714 324
18198 53409 340
55685 36626 340
66636 74661 325
30281 56665 340
14358 87733 351
22124 30384 308
50542 16219 324
25512 26688 308
76399 18306 340
85272 94433 333
15890 31538 308
95793 55397 351
28404 86697 351
55360 25267 340
66581 56967 335
18162 4702 279
83491 36248 351
76757 21566 340
44094 97559 351
5429 17540 276
25344 29974 308
83717 72881 351
47710 16096 324
6952 51823 324
22341 6944 279
60862 51641 340
50164 65649 340
31289 40676 324
91527 50624 351
28192 17256 308
2946 35415 311
89643 49132 351
3908 57655 340
76050 59241 335
20829 25004 282
22690 82004 351
24392 58421 340
62421 78250 351
62394 46147 340
87815 74693 351
3188 99997 351
31994 68748 340
23660 40715 324
54867 90019 351
62185 59555 335
39857 43592 306
49879 66967 340
13722 9883 276
26900 24412 308
90821 73573 351
13961 12121 276
556 25595 282
40265 78395 351
70188 83216 351
834 81894 351
97808 77733 338
87925 34624 351
49277 74198 340
63146 55654 335
94516 81432 333
38863 23046 324
47206 99485 351
87807 59919 351
82887 64913 351
21174 66604 340
58472 32876 340
52421 78003 351
13943 19939 279
12298 82157 351
86427 64134 351
87291 10509 351
95798 43610 351
79389 65736 351
