575389 3014 470
510535 544804 470
698981 819238 504
336155 376197 441
746830 212568 509
693586 908292 525
804582 171161 509
159242 102925 383
893430 571781 525
245637 198001 443
723200 687358 504
766641 266291 509
322401 365797 441
804125 444817 509
839679 30255 525
295796 77466 443
419468 725009 509
945974 522470 525
3274 138373 354
506015 491007 426
823417 70855 509
609795 371047 470
244564 880271 525
389906 777049 509
23631 385138 443
346725 874622 525
838968 639181 525
17069 432372 449
705688 312408 509
316085 199599 443
443828 30881 449
457047 430020 400
845817 669605 525
706418 377749 509
876735 262144 525
539989 606932 452
787349 694237 504
162867 332696 443
93040 198356 383
340068 777394 509
905257 449723 525
292080 612306 470
786897 12808 509
970768 600341 525
646384 642418 354
40630 915710 525
232470 355002 441
239064 457001 449
680750 623900 509
922199 84154 525
596259 920279 525
975677 142612 525
13453 830035 509
233212 884461 525
202493 140210 383
132538 130955 331
86483 313135 443
225920 770997 509
163550 635663 509
323049 312524 371
738608 181691 509
560189 927390 525
141750 895307 525
887578 706966 525
559131 472719 470
863284 54464 525
401915 869766 525
273143 872325 525
429636 782740 509
674219 504220 509
248358 391043 441
542406 197239 470
918167 987652 507
935916 956109 507
26839 34893 311
717323 256972 509
160693 984559 525
827543 852580 525
550328 906755 525
301890 150765 443
433580 592779 470
946188 633686 525
236860 102131 443
435847 497176 444
399355 177007 443
376640 605846 470
57816 49902 340
780353 347241 509
576937 675685 509
825365 699612 504
614127 566965 434
937567 174383 525
895131 911697 476
361324 896504 525
51770 43042 314
121657 756436 509
410719 392274 449
450846 285141 449
396723 404408 387
49680 798510 509
42714 999216 525
965741 478214 525
498749 429896 444
273238 182321 443
880872 907395 445
861332 416766 525
701580 596308 509
945883 765356 525
841038 228147 525
289170 509528 449
650700 8606 509
654185 50567 509
266015 294285 407
197632 935529 525
969686 774620 525
691718 665549 398
2110 80018 351
117953 664157 509
349134 824127 509
97060 633665 509
525206 982198 525
717461 657239 504
25049 324318 443
85509 753620 509
60193 614365 470
84514 492630 449
218992 552810 470
872165 644797 525
297469 387082 441
909621 663525 525
136132 507131 449
910131 398311 525
811219 957308 525
643621 952110 525
38444 146394 375
670444 535878 509
63799 91204 351
766426 511373 509
980450 27151 525
723754 108667 509
646660 925042 525
828681 976145 525
262642 768659 509
418045 514818 470
240915 398529 441
243319 990468 525
8561 439799 449
452162 267804 449
159830 956604 525
57035 692314 509
803066 371968 509
859325 583092 525
387978 171058 443
94725 708544 509
178511 839289 525
408435 166409 443
954855 771704 525
573118 94656 470
141326 253075 443
816757 604218 509
506590 772848 509
90728 377289 443
572481 222705 470
584901 775216 509
113255 634005 509
828087 565590 509
682614 351237 509
112890 475188 449
634755 139149 509
676284 871448 525
674009 948179 525
984360 485964 525
561512 779011 509
669628 109141 509
109133 317370 443
28263 155289 375
214000 482729 449
707512 819802 468
927108 566132 525
477963 820158 509
127731 962714 525
822044 656135 504
509031 63580 449
785594 39180 509
247873 571283 470
19579 33574 308
614999 310280 470
113575 936411 525
769241 137030 509
472104 386127 449
234742 213321 443
820721 471779 509
530062 40051 470
954828 496609 525
826085 199130 509
330180 915327 525
391440 221199 443
568310 552077 421
75905 59547 335
721520 730062 411
373594 927589 525
856004 597682 525
231200 707569 509
84551 821647 509
252447 902763 525
316210 304592 384
210643 887118 525
355356 586147 470
923339 140042 525
927916 215578 525
684063 922153 525
101192 180269 383
940019 422467 525
731098 779002 468
657937 59291 509
352697 356939 379
307683 299662 371
455053 350008 449
586143 735713 509
158017 119395 383
467827 706942 509
820957 271624 509
311637 109475 443
195091 681143 509
855013 474957 525
136798 22632 354
62415 408355 443
163811 269041 443
698826 466478 509
435196 5714 449
364797 869666 525
670316 624962 509
147359 72595 375
77459 195929 383
430319 772717 509
775943 572086 509
95151 809139 509
117032 754109 509
145210 543006 470
445130 338666 449
294406 636295 509
264681 822528 509
971155 400983 525
775013 111817 509
799920 337439 509
233756 178496 443
110542 689821 509
308263 935162 525
639559 885424 525
925784 208858 525
227059 973123 525
431906 291306 449
424308 679063 509
570574 832821 509
30018 423710 449
348362 706730 509
149288 894735 525
401174 245209 441
817305 927051 525
432552 995684 525
313824 614173 470
19198 486982 449
504926 316298 449
404257 93449 443
584458 290654 470
54201 784153 509
234880 630076 509
360004 769388 509
725553 80593 509
648553 455128 509
254076 659840 509
78897 626374 509
241877 934813 525
862927 359066 525
977929 897518 507
131375 338451 443
935219 470774 525
274696 881606 525
192643 74161 383
950969 852242 507
789569 689826 504
664093 128532 509
827294 943621 525
215672 408124 443
203837 748685 509
776981 650873 504
429068 857281 525
36388 156003 375
476490 215155 449
516211 305353 470
251257 732741 509
852519 68579 525
769462 405561 509
150222 900597 525
430921 489211 444
919729 122160 525
12024 393845 443
969310 825031 525
851707 390094 525
280195 742661 509
70449 259277 443
756128 403763 509
654969 173062 509
822905 530588 509
83118 604040 470
935993 806714 525
73674 102414 351
371242 718549 509
812370 528713 509
242670 532939 470
710010 492218 509
549042 920971 525
225715 124202 386
465898 302977 449
48827 724131 509
64303 205991 383
612055 752777 509
381207 985012 525
250687 224666 443
68352 151643 375
682287 548143 509
162242 333998 443
325159 36178 443
492107 78218 449
200718 155892 383
207907 112702 383
509952 979646 525
802503 799990 406
743565 745802 349
475460 467003 413
631622 901083 525
311776 356996 441
894190 9709 525
96579 291122 443
686758 440193 509
837586 37226 509
633769 203842 509
646542 790032 504
660195 545190 509
363564 744988 509
159258 491061 449
914383 425430 525
271140 644897 509
685909 243071 509
603100 704638 509
830078 772273 468
782728 573614 509
866829 394518 525
147592 700726 509
796369 612409 509
766371 154566 509
434576 660765 509
55304 660855 509
993674 331046 525
838690 372930 525
49475 784708 509
434289 596672 470
74681 461336 449
519935 284348 470
437677 322419 449
935385 124058 525
13614 303250 443
982905 511719 525
570780 523460 452
977163 687897 525
580384 111434 470
34431 199262 383
90259 651466 509
108133 80365 354
921849 290011 525
11614 810144 509
749921 28836 509
62951 373227 443
747025 246798 509
448491 197570 449
660998 42279 509
549287 371476 470
755964 480753 509
41153 439438 449
802483 714661 468
616225 571797 447
312769 491613 449
29318 519858 470
536007 680599 509
601600 750035 509
611556 85491 470
59200 317703 443
833418 864706 525
827490 50179 509
425763 485732 444
224811 229803 368
769233 353338 509
68326 932816 525
947327 862444 507
856923 595855 525
12171 756968 509
255870 70413 443
716450 37200 509
53322 795922 509
32931 581318 470
503550 963592 525
32228 245069 443
922936 568317 525
406480 531511 470
599532 579360 434
489924 705189 509
722051 718651 411
7592 193235 383
15854 238001 443
142866 679334 509
564722 970508 525
99899 589145 470
774016 760347 468
131633 608368 470
727188 806362 468
945971 699703 525
678717 581249 509
666134 601791 509
540362 746872 509
368958 89235 443
402448 78780 443
592626 501150 470
877656 301570 525
121859 693015 509
864036 410 525
330112 568637 470
785868 20860 509
337124 826144 509
397985 912838 525
500280 779370 509
80025 580091 470
163573 541072 470
571180 55676 470
727366 338493 509
79034 935044 525
459939 648296 509
644363 757739 504
470685 933890 525
98588 934853 525
4954 978718 525
580645 29042 470
47193 84167 351
681463 784307 504
368325 723911 509
596950 522872 452
127894 698433 509
868990 622435 525
83298 863497 525
717924 189628 509
355729 868653 525
390019 293153 441
458364 718173 509
352709 796043 509
377618 999855 525
184447 297343 443
417043 792819 509
386878 158922 443
836802 300238 509
937201 729459 525
39758 685333 509
792753 755346 468
831468 321693 509
434798 475776 444
916529 176129 525
42566 655232 509
678311 83286 509
424113 660499 509
204545 153361 383
475769 445387 444
973688 915950 507
826135 530720 509
645680 411054 509
573582 707362 509
2156 648857 509
260626 30794 443
260294 840398 525
725064 720899 411
503233 757007 509
595165 261154 470
523147 531589 408
649275 81552 509
290922 713839 509
100790 544442 470
939935 304534 525
667638 990809 525
621809 30173 470
164296 10722 383
22783 538501 470
644842 833971 504
291079 739350 509
186131 43776 383
458178 565023 470
366172 664963 509
418096 592492 470
539731 546770 452
169231 870649 525
833985 575780 509
679617 392341 509
177243 393272 443
332867 270081 407
394843 170800 443
908632 958558 507
148156 997577 525
508645 125144 449
379938 300430 441
113705 480725 449
818804 779524 468
192752 145675 383
374376 679515 509
120321 262813 443
640109 651229 416
867245 897040 445
296103 738364 509
109194 902651 525
602156 921159 525
911748 600341 525
19456 930580 525
367177 587065 470
170127 816318 509
80642 21329 351
293049 656759 509
979807 742890 525
536610 916470 525
587109 964638 525
99935 404814 443
224394 230379 368
339623 194896 443
208030 568197 470
464791 225242 449
912467 282439 525
86491 17166 351
757851 585138 509
482672 220204 449
139517 202761 383
40311 224260 386
617596 417515 470
364244 725879 509
286051 828676 509
421599 463875 444
561504 36308 470
506333 530792 470
754924 195194 509
650680 198403 509
222690 589825 470
360235 490533 449
484599 41173 449
473119 143326 449
463171 134768 449
391255 986576 525
497780 649395 509
810139 884117 525
611405 501163 470
384175 952317 525
117598 942419 525
709306 554701 509
960805 245139 525
310778 886908 525
955399 988381 458
536106 958215 525
287787 645005 509
559742 988124 525
625230 471957 470
569695 45390 470
649781 238940 509
93690 192970 383
586500 759326 509
940482 949000 383
514427 319830 470
341961 169906 443
239940 99770 443
962719 842334 507
752005 476326 509
270259 23389 443
453944 614175 470
302498 628105 509
897409 143327 525
278305 888385 525
699376 108838 509
960631 767511 525
658716 59215 509
513023 343354 470
249398 585426 470
642021 594704 509
468634 111648 449
791871 502167 509
265082 369402 441
791246 573191 509
835115 116203 509
580622 768461 509
272069 457038 449
422878 498371 444
311003 538966 470
484663 421079 444
59674 751478 509
858312 81536 525
650008 969051 525
641006 295330 509
480921 924896 525
698341 896794 525
57268 702434 509
660408 268105 509
902654 693315 525
27352 999319 525
816259 793515 468
478902 459002 444
153345 850609 525
196536 259476 443
195376 566073 470
767948 814844 468
371636 60919 443
593978 455703 470
933558 911532 476
88868 301924 443
994440 841929 507
218651 570350 470
407266 25870 443
498760 529558 470
274721 182215 443
748967 349991 509
519788 315346 470
901078 735314 525
710288 498429 509
950268 600719 525
590208 665214 509
26079 503826 449
248780 287602 407
331876 449095 449
105017 359179 443
41726 577844 470
697145 69218 509
834808 270497 509
338089 960461 525
647265 597342 509
98134 598756 470
730723 65460 509
891039 874652 445
342233 518606 470
196762 322812 443
430905 542888 470
450710 152068 449
885511 976176 507
167 659782 509
154844 37573 375
226294 359377 443
310296 831809 509
838997 553224 525
115819 47599 354
159568 270097 443
550666 888524 525
623193 111690 470
445108 628156 509
235162 532487 470
376318 801060 509
222187 709898 509
291963 48260 443
269147 155993 443
151907 840539 525
529552 548951 452
35185 219182 386
841071 536530 525
491941 748043 509
811046 564319 509
583320 567283 390
759680 609066 509
667673 769840 504
287290 303615 389
28412 924752 525
998506 616457 525
943717 612828 525
887725 406907 525
568159 337635 470
94024 63653 351
669155 813859 504
215278 41597 383
198951 495482 449
792342 371945 509
473127 348138 449
999418 749195 525
720684 911788 525
798320 482835 509
175133 954933 525
946217 614054 525
48395 7388 324
435230 633213 509
915092 803162 525
819210 937452 525
421895 18423 449
424177 128494 449
42361 104376 351
192152 991330 525
63679 13160 340
454541 99934 449
663626 868647 525
401081 805654 509
971848 716559 525
538167 223557 470
114286 922785 525
74469 813336 509
622278 464317 470
590094 7723 470
74151 729736 509
495102 633854 509
98197 587821 470
33222 479637 449
841121 867515 419
876665 267216 525
427304 729190 509
8509 825112 509
417527 515670 470
960498 519509 525
979724 422130 525
551359 217047 470
196141 880365 525
178168 590639 470
816134 44326 509
745814 868457 525
304287 568164 470
197403 881324 525
383819 567853 470
394140 995870 525
470000 50101 449
859576 254097 525
828749 35555 509
521670 618585 452
797051 845567 525
673082 529208 509
125419 927229 525
442015 19219 449
231914 416022 449
891291 754438 525
839658 259724 525
491403 383421 449
643702 106357 509
565225 414508 470
414860 75838 449
451155 568938 470
595798 600832 372
10374 48957 324
681022 128192 509
430263 535215 470
100160 681332 509
17818 507000 449
493366 320020 449
257728 462530 449
659250 158612 509
571439 364587 470
283407 608831 470
104876 543460 470
464261 139559 449
538210 488914 470
269744 130568 443
302663 119763 443
359375 759884 509
679706 161068 509
549938 845670 525
910923 104624 525
214298 396572 443
676788 616839 509
858165 463783 525
726616 650530 504
86669 983642 525
780817 256380 509
518511 957243 525
646656 271273 509
753352 926763 525
869311 712987 525
235463 870274 525
151136 505372 449
265228 630323 509
405113 504058 449
269641 142830 443
159019 215642 373
137152 156992 383
448500 240331 449
309727 148722 443
964753 350888 525
772439 110860 509
975957 791496 525
648933 593227 509
999141 720469 525
197411 48475 383
810746 207211 509
110384 424946 449
992030 85346 525
808721 320404 509
313718 718783 509
180099 525754 470
717593 779201 468
362185 533698 470
933795 405772 525
610129 252581 470
251040 750295 509
234016 336501 407
365719 596037 470
773840 389389 509
525388 836860 509
845358 459234 525
620580 618176 372
711295 395316 509
380684 913913 525
587264 469119 470
61657 268749 443
402462 981632 525
726905 423183 509
374092 918337 525
343137 419516 449
145035 60145 375
281991 707458 509
451071 408614 449
583142 790043 509
462260 481942 413
111883 988622 525
652917 537801 509
770250 246147 509
913038 745122 525
665579 681989 398
948875 515593 525
184882 24460 383
39426 320915 443
572232 445176 470
772194 514035 509
718266 858942 525
262596 844328 525
288384 550512 470
260739 374883 441
463472 245810 449
75683 797158 509
334928 273297 389
775865 71735 509
802978 168591 509
569964 876136 525
635863 132428 509
243364 907168 525
425028 420834 418
713261 40044 509
449714 257329 449
263439 723355 509
700441 911323 525
845574 111722 525
42534 597181 470
624677 334515 470
456966 446449 387
235302 985532 525
716452 856076 525
721895 687830 504
65852 683090 509
5421 157614 383
839432 374376 525
536727 840534 525
19254 907702 525
497889 903830 525
757264 764994 380
421373 655312 509
793648 220304 509
35000 955196 525
593161 620278 447
424732 977887 525
597395 981460 525
384298 304151 441
144526 152521 370
866148 541044 525
701227 829927 504
341416 101607 443
28304 716897 509
561954 202785 470
677580 243549 509
431941 689659 509
839136 836461 525
13002 466232 449
640276 203681 509
795924 831972 468
394947 718456 509
592548 585322 403
134563 394265 443
192138 734639 509
344232 600045 470
673895 36026 509
819769 495953 509
725955 762031 424
10484 187558 383
759197 129442 509
327400 377086 441
39968 568675 470
755007 37729 509
449269 843690 525
888401 163538 525
835053 247667 509
400393 359951 436
77389 878532 525
346057 849487 525
884762 303063 525
797649 301451 509
592482 841036 525
473493 790586 509
44351 966504 525
711337 870019 525
23479 836016 509
801130 470796 509
647145 463948 509
362534 570444 470
551225 958795 525
687837 108374 509
565602 251928 470
522034 748624 509
709855 153563 509
73966 429670 449
853453 798131 525
162677 39223 383
96832 726522 509
93981 702223 509
22220 642639 509
799229 443487 509
573426 986235 525
764290 986864 525
198833 915341 525
361947 161301 443
557851 944605 525
772987 384201 509
919353 10684 525
71670 460712 449
555698 748098 509
371158 27880 443
221646 570245 470
998153 537858 525
119119 470135 449
200522 472467 449
935530 359474 525
173280 500849 449
744288 825170 468
146876 345645 443
817226 172403 509
50320 618702 470
502618 162462 449
890709 856289 445
247081 207546 443
517109 208041 470
865061 912460 476
514069 53942 470
588904 986913 525
543248 171899 470
942899 427107 525
459265 919109 525
602089 407285 470
188471 237559 443
388875 35907 443
750936 741379 393
310511 981583 525
254256 767401 509
498034 254765 449
621184 624377 372
667703 915069 525
424524 159862 449
663062 59355 509
547436 821623 509
259404 317692 407
20081 826132 509
90434 897713 525
653603 110741 509
389893 781231 509
306599 977708 525
371579 826955 509
919848 115276 525
72409 214242 383
564344 982124 525
298301 662093 509
961959 290920 525
654722 823610 504
484367 179373 449
709232 766841 424
340157 408549 441
57341 327827 443
789453 55112 509
677926 727586 504
39920 907419 525
459445 722174 509
43230 258400 443
792245 551061 509
16200 166033 383
816866 828879 450
261175 608819 470
640291 628757 416
140745 875219 525
880926 762223 525
831346 77339 509
128283 386785 443
940840 693510 525
837288 504855 509
920423 391030 525
116664 656700 509
968767 61382 525
583970 956989 525
843051 984019 507
114242 931887 525
914407 172004 525
790982 228876 509
738001 767620 424
242278 105037 443
20981 766809 509
25629 431719 449
288273 85759 443
