73 54 113
12 55 113
69 5 113
2 54 112
19 8 21
22 46 112
17 94 116
100 7 119
36 48 110
4 60 113
344 16 144
884 968 174
237 578 144
374 138 144
780 741 153
461 847 171
631 389 142
145 126 122
386 357 108
602 785 171
146 17 122
627 684 145
108 152 122
688 354 145
6 924 179
746 251 171
664 118 145
774 483 171
644 50 144
397 369 121
674 428 145
444 813 171
178 734 171
663 913 179
550 627 137
354 569 142
88 827 171
711 176 171
16 927 179
802 492 171
232 291 128
855 686 171
1 97 116
412 907 179
989 433 179
7 468 144
139 165 117
753 177 171
753 409 171
978 289 179
508 142 144
644 666 145
281 312 118
548 220 144
64 988 179
724 627 171
794 312 171
990 353 179
755 499 171
378 727 171
595 585 119
926 404 179
51 997 179
623 152 144
554 628 132
613 237 144
612 393 142
121 723 171
656 658 114
382 411 121
392 191 144
786 62 171
467 588 142
387 613 142
107 565 144
792 308 171
266 793 171
736 373 171
133 307 128
381 842 171
161 477 144
169 403 144
49 185 125
42 663 145
716 262 171
187 232 128
153 492 144
894 34 179
279 974 179
637 414 142
551 891 179
816 185 171
177 954 179
928 991 174
728 617 171
648 868 171
175 271 128
102 231 125
557 433 142
222 387 144
684 267 145
926 446 179
577 804 171
190 637 144
107 218 125
564 948 179
488 131 144
475 2 144
447 710 171
194 363 144
637 9716 262
2684 7236 262
6520 6176 200
7117 7315 195
4119 3372 238
8965 1672 262
3805 8098 262
4005 7822 262
368 3734 238
11 4833 238
4471 7363 262
8133 4092 262
601 1985 182
2977 3644 199
5290 4038 215
9583 2393 262
6368 7534 257
9522 2229 262
4048 9009 262
4019 5674 236
7957 6588 257
9897 2145 262
2756 9288 262
9086 2035 262
4185 1714 238
1045 1294 182
2826 2475 191
8664 6945 252
9258 2288 262
2584 4473 238
2928 7346 262
3785 3768 132
8111 7328 252
9019 3078 262
2438 8944 262
8217 3034 262
5614 8328 262
4274 1582 238
1714 9964 262
496 4723 238
8974 4247 262
7770 8304 252
5057 7700 262
6272 9438 260
8143 1896 262
7867 2923 262
5511 8899 262
7367 2220 262
885 8310 262
7009 8427 252
6258 7903 257
9148 6423 257
4149 8915 262
6029 9133 262
6835 8862 257
6050 2816 238
4907 1093 238
2143 5057 238
8792 3723 262
4323 2534 238
8022 4996 262
3254 3433 181
6128 4473 236
4209 2461 238
5323 9236 262
9433 4549 262
8676 6546 257
493 1244 182
1863 8275 262
2535 4807 238
3778 2600 238
2071 556 182
1753 396 182
497 6175 262
6226 7720 257
4106 9774 262
9013 6252 257
9450 6826 260
4203 7269 262
8304 1207 262
820 2841 209
2718 8493 262
3290 7705 262
2311 6329 262
7139 5207 262
6756 8884 257
843 5317 238
5142 2636 238
6339 7290 257
3227 1881 217
1139 6849 262
9077 3370 262
987 5841 238
6665 3260 262
108 869 171
7928 328 262
4853 7472 262
6219 4647 262
2674 8754 262
7297 380 262
9283 5627 262
3806 3108 238
2562 7842 262
3853 3445 238
9062 3368 262
650 8333 262
1252 1702 180
8338 2329 262
3463 5079 238
7316 5885 262
4173 2237 238
8050 1197 262
8862 2607 262
3015 3083 155
8660 5379 262
863 9123 262
897 7372 262
5024 7012 262
813 3611 217
1496 2794 209
4280 1227 238
5760 9448 262
9925 3223 262
4149 5949 236
312 883 179
7459 9113 252
9758 9168 260
459 2515 209
7512 5288 262
8793 8509 216
5243 3825 215
2361 9837 262
2062 4078 238
2323 652 183
3681 4214 238
7830 4560 262
3125 7895 262
14 1378 182
6811 4901 262
4501 9397 262
5455 1730 238
6096 6414 262
9746 5048 262
866 4528 238
4941 5952 236
7104 5605 262
4725 9597 262
4280 7181 262
1239 3250 217
5435 7135 262
5401 8993 262
2038 3914 238
927 6475 262
6610 6226 244
1955 8150 262
4140 2061 238
8651 9326 260
8687 8015 234
694 4829 238
7786 6152 262
2116 7233 262
1004 3851 238
2162 1169 180
3833 383 238
5494 121 238
9499 4850 262
6423 4999 262
3126 6732 262
8797 6801 257
6515 1728 262
3446 9277 262
366 9498 262
2803 7355 262
6012 2336 238
9555 4427 262
768 8 171
6852 7301 257
4050 2707 238
5354 6421 262
1153 8258 262
4864 2827 238
1693 8926 262
3784 544 238
10 8814 262
4578 6008 236
6760 1279 262
8310 7356 252
7738 5335 262
336 3617 217
9100 6670 257
4828 2923 238
5693 3832 236
96 2550 209
5054 2750 238
5045 2869 238
30 1393 182
2047 9001 262
777 6787 262
9379 6560 260
8198 6855 257
18193 93506 351
80560 53074 351
55998 41524 340
58809 30217 340
94302 48383 351
48705 50934 296
410 85275 351
65187 34132 340
41590 77223 351
16801 57592 340
2989 57582 340
26004 56966 340
39827 63591 340
44768 2861 324
21436 9851 279
16014 8088 276
29534 98171 351
46676 22498 324
42570 73601 340
85903 19903 351
87565 52993 351
58549 12298 340
58907 35243 340
24621 48913 324
15484 3993 276
38904 14923 324
76522 77514 351
3339 15281 276
21245 39242 324
74317 58320 335
87700 37569 351
51998 63505 340
14910 44954 324
37390 78950 351
6 27268 308
53250 67083 335
10654 39505 324
66898 68938 312
33082 91617 351
45663 65421 340
7254 13005 268
82093 74041 351
36732 72090 340
86902 48347 351
2363 41774 324
15894 40743 324
72842 60820 335
16115 76416 340
84827 15924 351
73919 53271 335
8914 8595 216
91841 40542 351
63662 68006 312
64883 30100 340
52001 64447 340
60291 36275 340
71359 8005 340
13562 8079 276
14996 13208 276
92382 54716 351
15678 40447 324
9192 83115 351
20140 51813 324
24710 20381 282
79096 6851 351
23787 73988 340
32748 2743 308
98674 59947 351
84568 62302 351
90158 62461 351
20983 95541 351
71299 22043 340
70735 24753 340
51925 38035 314
88816 65366 351
29305 3322 308
49143 76062 340
49094 90177 351
50173 8623 324
26318 33619 308
26584 17096 282
86229 8744 351
50713 46948 314
57226 9841 340
25273 14113 282
50913 54931 340
84915 21113 351
47213 16889 324
26709 49280 324
1091 52820 340
51031 60754 340
35565 66956 340
26971 75757 340
7108 3224 262
46286 28146 324
85500 9853 351
42442 40842 288
67192 48197 340
3321 45069 324
7491 67003 340
1242 45578 324
70053 98410 351
21409 90380 351
4369 91194 351
33842 17712 308
74152 12783 340
81968 60472 351
87367 28519 351
77453 50001 351
52608 89589 351
41122 76163 340
97001 99190 328
79657 30971 351
96991 35473 351
66582 45827 340
23535 60718 340
28629 74817 340
3375 88565 351
72404 19251 340
90659 89165 315
19264 31322 308
63070 1451 340
66927 90135 351
78344 50510 351
30961 76303 340
57996 28283 340
81437 6236 351
49795 85326 351
6320 96862 351
26148 7649 282
86772 31366 351
43548 90243 351
15653 43951 324
3492 87379 351
78961 66311 351
69030 81175 351
53679 75709 335
55141 34461 340
45242 26307 324
27400 98555 351
78675 65219 351
6259 78039 351
61945 43462 340
91658 2203 351
78131 7094 351
67892 51898 340
2149 78154 351
99683 46687 351
27401 91522 351
16765 91399 351
33055 62174 340
42423 80127 351
72943 94835 351
37628 19020 324
4722 90330 351
38774 97680 351
58908 40600 340
83887 73480 351
36580 89574 351
12109 76719 340
53754 1976 340
49809 31451 324
73498 60066 335
63556 21149 340
80878 20766 351
13276 80690 351
40472 68662 340
41913 72982 340
40570 59394 340
56958 74481 335
56832 19244 340
7824 66793 340
28978 88194 351
75979 66506 325
17683 54989 340
96770 68961 351
42537 52941 340
5278 97731 351
28923 83200 351
26346 76422 340
47699 65090 340
72424 31915 340
34403 35606 311
28128 31086 272
58826 31354 340
55730 59533 322
95074 13469 351
34701 86459 351
57378 40295 340
67275 56955 335
79533 94138 333
45884 85812 351
83338 48951 351
30392 77162 351
12593 97756 351
28425 87402 351
38277 12905 324
71579 74625 294
5347 31224 308
27989 35827 324
52227 76036 340
65694 82648 351
24544 64579 340
67343 90765 351
18078 69925 340
920 31739 308
84561 65987 351
73158 62297 330
13295 40213 324
17533 99190 351
1864 13784 276
95291 13342 351
48980 74714 340
97231 75786 351
67277 4774 340
83103 6833 351
7655 87576 351
89458 24674 351
15330 4632 276
37192 19472 324
15122 12956 276
2441 69557 340
14396 84712 351
32207 62443 340
37035 6200 324
6106 11733 268
98402 40510 351
46543 3151 324
86132 93960 333
95918 50242 351
15181 71116 340
51893 22072 324
56739 54282 322
20981 15095 279
71594 11077 340
37231 60927 340
91231 91043 240
3713 41350 324
91433 46578 351
21320 5098 279
91681 82505 333
15222 47097 324
25757 10375 282
56305 9242 340
45979 23644 324
70167 68244 312
76889 2172 340
65018 57079 335
74621 84276 351
42609 72655 340
68016 54536 335
66117 52668 335
18046 28846 308
64522 12710 340
70106 64954 312
70108 12886 340
87019 29287 351
61552 89606 351
86778 49444 351
25842 59716 340
74115 50607 340
53910 51575 340
46922 3899 324
90893 83924 333
16546 61735 340
60542 92485 351
42424 95415 351
51729 80694 351
4909 39462 324
62014 62395 255
9399 95875 351
352 9248 262
99526 28748 351
88228 51205 351
36424 15668 324
33062 33094 267
33434 16881 308
59670 2407 340
47582 26687 324
59221 93047 351
52357 47796 309
96527 24618 351
74601 1424 340
97249 75231 351
32853 21973 308
22373 23329 269
17261 2797 276
50489 10043 324
25853 10976 282
87107 76119 351
99528 75133 351
95576 95466 253
80728 50056 351
36546 77242 351
75738 40281 340
29036 72970 340
18274 87486 351
14588 87070 351
95014 86740 333
45890 19540 324
599792 290078 470
828903 467751 509
924695 440153 525
975155 512327 525
292158 648826 509
956855 300917 525
518950 684742 509
71592 254588 443
559504 760128 509
923940 528363 525
808793 456811 509
760348 715238 424
659428 10298 509
749328 811627 468
58688 779767 509
302841 165095 443
123475 536055 470
193079 775776 509
382851 313228 441
307388 532852 470
187902 709683 509
895099 257880 525
605540 314301 470
704048 6652 509
127820 790977 509
896123 170244 525
577043 331626 470
160093 526442 470
262060 140790 443
391831 414049 449
739505 340370 509
693424 529824 509
774959 721467 468
365400 235401 441
853772 600346 525
481433 742079 509
810889 307605 509
15090 524704 470
610816 252356 470
340967 560908 470
569486 772309 509
999308 715673 525
408761 907962 525
605237 319918 470
421076 993354 525
220369 971020 525
270116 772385 509
409384 314664 441
693293 496865 509
130206 12604 354
437892 911602 525
523326 519123 364
759483 939265 525
569857 618642 447
370403 721373 509
559137 577808 421
533013 263568 470
995620 265798 525
203953 260245 443
223909 858957 525
92684 677641 509
367227 207028 443
494763 177738 449
194678 332427 443
505769 356923 449
393870 748858 509
321602 759302 509
564006 811373 509
875592 45694 525
992811 696845 525
936640 267065 525
700740 498349 509
338339 330118 366
384774 383117 330
437738 886281 525
591175 780027 509
510885 71364 449
78183 981752 525
323240 798056 509
897456 225509 525
268588 526274 470
586049 867407 525
567782 217484 470
726278 405360 509
798274 690002 504
689409 975881 525
278203 828910 509
724315 411677 509
950735 817653 525
430938 734553 509
112152 765436 509
342802 947030 525
513857 441323 470
848406 46169 525
750897 16906 509
667214 963561 525
151345 405790 443
193744 104633 383
497674 782079 509
271869 748276 509
617803 541051 452
6929 448950 449
383500 465360 449
932598 218944 525
191346 125066 383
533014 267622 470
934890 530199 525
431357 8772 449
149984 896242 525
508038 758251 509
158421 485018 449
260399 79464 443
810455 406615 509
429799 74725 449
615630 730611 509
579591 1087 470
805748 229425 509
355629 517864 470
962190 997663 458
7284 800306 509
872117 971277 507
374676 348694 410
75943 104968 351
387577 985352 525
711847 225253 509
980700 543583 525
53423 516092 470
30639 887985 525
393717 170022 443
49593 250759 443
664227 384697 509
894199 183827 525
25941 963846 525
223693 786915 509
249183 105237 443
36061 648269 509
713291 67336 509
450069 57818 449
248938 782862 509
204676 847774 525
374082 331707 441
106780 679408 509
534520 72249 470
780688 554235 509
832513 703754 504
127618 922203 525
805260 302577 509
605162 838547 525
648573 322831 509
814147 90258 509
584619 263162 470
891798 825282 525
243122 447804 449
159026 576854 470
523996 490254 470
547597 284700 470
189692 567260 470
205234 248591 443
544055 598411 452
677828 674566 385
274935 176701 443
19012 208824 383
144680 761305 509
793587 714848 468
491437 843288 525
420075 187272 449
209690 543101 470
681243 412881 509
555535 649207 509
768962 18793 509
814985 427263 509
330129 455350 449
663797 411781 509
68214 501642 449
140233 199346 383
910937 327068 525
59885 341864 443
57707 442383 449
805263 108317 509
880331 971546 507
224044 14676 386
315327 112103 443
639041 604094 509
367355 178738 443
726560 839493 525
70591 762741 509
426684 708256 509
635841 312218 509
676096 679864 380
606540 503637 470
822274 503451 509
755904 783529 468
206229 708512 509
228314 118136 386
8603 629473 509
98178 245256 443
670822 328024 509
709112 967256 525
465621 828088 509
69943 891866 525
308438 454727 449
937072 978025 507
884408 573515 525
224249 260290 443
6934 181931 383
763671 594272 509
83731 515727 470
949242 201285 525
216369 478821 449
844347 449155 525
716368 768985 468
279083 118772 443
38526 898988 525
442326 371047 449
439545 235881 449
659361 69173 509
533871 594037 452
700549 429420 509
162623 852244 525
62381 719400 509
916347 260953 525
184338 400465 443
722516 17952 509
887252 967403 507
121976 85739 354
207512 469283 449
957687 287804 525
517606 887412 525
575777 108464 470
402699 466038 449
252562 10621 443
136317 100898 354
893763 346695 525
527928 79765 470
598665 926461 525
607084 60294 470
854870 809750 525
24864 357273 443
985338 509467 525
121262 854698 525
451404 619456 470
702904 462860 509
126550 460116 449
247896 574168 470
466559 529699 470
490119 817702 509
896387 726685 525
237092 814961 509
194235 677108 509
339538 623464 470
477390 997402 525
942759 683332 525
517573 371813 470
623405 741723 509
651439 701722 442
707302 191662 509
953296 753421 525
16139 610914 470
925117 714773 525
266624 136330 443
671272 916377 525
864477 266561 525
523513 856529 525
33912 165096 383
289758 102143 443
836845 959 509
531032 95266 470
77937 435794 449
137189 887561 525
252626 723058 509
819932 107892 509
602172 235123 470
4116 71757 340
861700 78530 525
753083 640253 504
992687 656491 525
576836 267956 470
603697 317520 470
20801 995762 525
1673 399477 443
994618 86790 525
101333 849414 525
102026 794166 509
163942 785801 509
427470 143844 449
543494 797498 509
948348 215278 525
521554 845012 525
381718 488752 449
364344 40084 443
186926 799508 509
563828 3308 470
242825 102394 443
627341 448160 509
572472 738110 509
427985 311246 449
825914 680492 504
301603 730629 509
812441 343673 509
419289 78819 449
770940 607398 509
818304 205482 509
827137 804638 450
474353 20651 449
495511 20600 449
625111 444426 470
285671 338385 389
158834 282519 443
783655 678469 504
429816 293607 449
81334 894963 525
916886 591605 525
259569 359236 441
190481 147835 383
465620 412994 444
104470 769599 509
501050 797809 509
72467 902384 525
869834 920052 476
910322 747820 525
806429 569285 509
925592 743986 525
842613 49353 525
746466 224279 509
101295 767120 509
563844 235204 470
404359 698982 509
907955 622836 525
551495 822361 509
498276 631883 509
847144 915581 476
748134 783967 468
432902 578027 470
912699 109242 525
414427 309273 449
441112 464123 444
534417 71592 470
511200 632843 509
14083 555126 470
706819 884800 525
610142 315675 470
170469 831487 509
521384 655901 509
842909 507452 525
17273 566077 470
542502 22126 470
30155 373284 443
7246 939855 525
868229 756224 525
145880 575317 470
410714 922103 525
861739 416463 525
937442 359179 525
964466 856985 507
165105 889081 525
542104 56309 470
118196 234448 443
85513 921020 525
310766 128368 443
360467 785555 509
9500 724270 509
822321 357346 509
544478 882561 525
268776 536394 470
565748 319106 470
718926 80063 509
767579 475018 509
265956 322972 407
594110 411921 470
631118 306723 509
436833 102775 449
46433 600928 470
424604 627 449
515945 432315 470
71553 739252 509
678225 612095 509
523838 3084 470
420273 396291 449
654757 462306 509
840222 496997 525
688405 115544 509
75065 605874 470
172563 337342 443
163699 935319 525
569990 791443 509
583327 754726 509
6452 736219 509
113413 929598 525
597958 767438 509
337090 648624 509
667668 74736 509
703517 632661 442
824560 425166 509
847496 485770 525
745583 673013 504
338302 786382 509
283562 783821 509
325804 886708 525
680226 342319 509
699332 723677 504
