9642 2567 262
720 5289 238
7187 8072 252
6373 4847 262
8753 4625 262
7941 9241 252
7210 1893 262
5308 2101 238
6723 2991 262
8228 3801 262
4469 9868 262
3462 2432 217
6509 716 262
2563 4438 238
3701 5655 238
7760 1557 262
1695 9621 262
2059 4355 238
49 8612 262
8210 3172 262
1860 3561 217
1512 3916 238
4028 5874 236
624 7566 262
243 18 128
7285 1547 262
4603 4703 184
1903 7502 262
9264 6707 260
2947 330 217
5332 6619 262
3454 7027 262
2970 4042 238
518 5966 238
5284 6004 236
2382 3563 217
5857 3891 236
3276 3274 137
4262 5207 215
7954 5863 262
715 5768 238
1288 1231 177
8937 2309 262
7524 4882 262
301 5113 238
9322 7186 260
2744 2474 191
5971 8566 262
1657 2915 209
4803 6359 262
1208 728 182
9891 8683 260
4780 740 238
3890 3594 238
3629 1380 217
568 558 106
147 8065 262
8745 239 262
3757 4547 215
8934 6078 262
3202 1715 217
866 972 179
3602 2828 217
3457 5969 238
668 655 145
9790 1180 262
1769 1704 180
6335 176 262
1135 7967 262
2648 7686 262
6438 9926 260
1885 2436 183
6802 7000 257
1700 2951 217
8570 8828 216
2188 7243 262
3564 8622 262
6469 2131 262
7860 9295 260
3599 5288 238
770 1456 182
3384 9636 262
9049 9973 260
2260 5788 238
4592 5597 236
5074 8456 262
2734 9599 262
5840 5270 236
1110 8182 262
6846 8917 257
4686 6996 262
1983 1971 144
3777 8660 262
1138 5767 238
5411 1834 238
7044 8359 252
8747 1051 262
4402 8501 262
6927 5202 262
8336 7320 252
6659 4084 262
8799 1753 262
5993 4619 236
3146 9626 262
8198 6395 257
6184 7039 257
4596 5333 210
7361 984 262
6425 3338 262
5628 1944 238
4639 1163 238
6558 5896 262
4497 4760 184
8290 6719 257
9668 2545 262
1746 5490 238
6851 7938 257
3132 6263 262
6948 9125 252
4327 6510 262
6734 1858 262
3352 5057 238
3305 4082 238
8812 8078 234
532 9994 262
2988 3337 199
6937 2346 262
1446 7379 262
548 9459 262
4918 9405 262
3363 6825 262
1914 6352 262
7859 5154 262
3868 330 238
5116 3178 238
4824 3376 238
5159 1678 238
1003 5927 238
897 4087 238
3135 6727 262
3409 5759 238
4601 6657 262
8185 3569 262
4620 1265 238
1185 4495 238
8299 5126 262
5269 9233 262
1004 8872 262
9817 8531 260
7476 78 262
1175 4054 238
8839 4041 262
3744 1399 238
2385 7717 262
618 6454 262
5481 4673 210
4426 8955 262
7797 9075 252
3783 3465 238
85 3070 217
2452 212 183
2630 7497 262
6268 4812 262
371 4367 238
8088 8369 234
5341 8211 262
3230 7347 262
6436 7235 257
6990 1611 262
7955 2473 262
1439 9605 262
7535 8927 252
2389 1542 183
8919 8542 216
3726 6576 262
5181 1360 238
7321 6472 257
8005 4183 262
8167 6918 257
3403 3128 199
1034 6584 262
2831 2886 173
699 6742 262
5367 687 238
3817 3867 176
1535 3620 217
9191 9381 260
2459 3079 217
4664 9232 262
6826 5907 262
1107 4694 238
9365 2840 262
1799 3053 217
6597 6980 257
5388 8761 262
5024 1359 238
5428 7039 262
9149 9762 260
7351 5733 262
4477 1578 238
1683 2733 209
5924 2108 238
7519 6223 257
4969 9424 262
2531 8771 262
7757 6692 257
8687 3910 262
5872 5570 218
5333 7033 262
3898 9370 262
9072 8062 247
4935 1835 238
4766 7009 262
3878 1280 238
9455 6624 260
4646 135 238
8626 8157 234
2047 9015 262
4904 4280 215
7279 4196 262
2373 5682 238
2171 4346 238
8376 8468 203
4845 8430 262
430 5272 238
1871 4144 238
3519 1987 217
8508 3628 262
5553 7741 262
6578 9510 260
5779 7196 262
4998 8921 262
3816 1943 238
293 167 128
4398 7538 262
6035 1334 238
5862 4140 236
1983 5335 238
7016 1916 262
8895 9450 260
6558 9237 257
8591 7935 252
1320 5060 238
4357 6560 262
7636 1946 262
9080 6659 257
528 4289 238
9033 1453 262
1457 3657 217
5726 7006 262
980 5938 238
5182 9648 262
7533 6020 262
8715 9599 260
2295 9796 262
7026 8360 252
6899 3018 262
9514 5894 262
5508 2595 238
8076 6753 257
8215 9202 247
8842 124 262
246 847 171
3353 9827 262
7423 275 262
6058 7228 262
8748 3312 262
7655 9007 252
8751 8049 234
7124 5287 262
1227 5913 238
5080 8740 262
8377 541 262
1933 4914 238
6756 4752 262
8657 8067 234
8131 4071 262
77 6171 262
7275 3314 262
34 4964 238
2828 9792 262
5356 7289 262
3491 8920 262
6610 8906 257
2259 4727 238
6493 584 262
8515 4260 262
9489 7978 260
4090 4883 215
4221 71 238
5549 156 238
6398 5477 262
4193 4815 215
1785 456 182
2051 8031 262
2185 6806 262
3561 6001 238
5219 7918 262
8384 675 262
8679 5141 262
3276 1486 217
6042 1316 238
7649 5104 262
1595 6488 262
7540 3757 262
367 6762 262
8985 7501 252
8344 8194 203
6353 3492 262
6702 5842 262
4210 4791 215
571 7143 262
3620 5714 238
2495 5679 238
4926 6683 262
3282 7932 262
7755 2593 262
2262 2507 209
4276 6975 262
808 8324 262
4666 7240 262
3518 4909 238
5888 4700 236
5951 9876 262
7832 817 262
5152 7387 262
6287 4387 262
8734 2118 262
4474 2467 238
1454 4685 238
9264 3550 262
4694 9309 262
5708 6774 262
26 5362 238
3152 1162 217
3407 6669 262
6287 7707 257
5474 2909 238
4915 1601 238
317 5206 238
7561 7225 239
8321 7823 252
1209 1922 180
6635 7773 257
8254 8382 234
3327 2368 217
8327 3892 262
3363 7299 262
425 8150 262
6386 9404 260
4746 8145 262
1261 2093 180
8986 8288 247
8533 7371 252
5720 154 238
9898 1573 262
8603 9171 247
3984 1692 238
2039 2356 183
4084 7528 262
9959 1588 262
2416 3765 238
4147 8250 262
1945 4915 238
311 4462 238
2712 6737 262
2380 594 183
9815 925 262
7047 5256 262
6935 7070 257
3966 3914 189
8345 7881 252
2472 5560 238
9111 3436 262
2248 6239 262
6803 6661 182
4484 3937 215
5734 594 238
6616 5286 262
9503 2683 262
4314 6148 236
745 2690 209
2873 4621 238
4318 899 238
3707 7309 262
4195 6109 236
1301 8475 262
7171 9992 260
9320 2085 262
5821 3984 236
5138 9127 262
8481 4298 262
7721 3196 262
8300 7238 252
6614 1025 262
1261 5408 238
3478 6990 262
6522 8440 257
6427 5153 262
794 9490 262
8004 5107 262
174 2004 182
6749 3601 262
3097 2427 217
3432 7902 262
1855 2251 183
1632 2566 209
2864 4074 238
7287 4949 262
6924 6671 226
4122 7579 262
9322 7150 260
2148 9649 262
756 1237 182
9922 4525 262
5936 9601 262
5666 4889 236
7794 5643 262
1976 7947 262
8308 1454 262
7477 1329 262
8135 3529 262
4662 844 238
1660 5754 238
805 6916 262
2538 4279 238
8370 2642 262
8751 5033 262
6393 3292 262
1069 8154 262
8610 8015 234
8138 3479 262
8419 4008 262
7885 5728 262
7697 1012 262
5422 7047 262
2025 824 182
1049 6757 262
9651 6453 260
2233 9208 262
409 5719 238
9383 1260 262
4114 961 238
3554 6046 238
4587 5068 210
6510 2623 262
7266 9339 260
6694 7288 257
3132 6005 238
258 3381 217
9275 9306 185
6212 8470 257
3428 3873 238
4248 2660 238
8463 3084 262
9683 870 262
4211 217 238
9309 1808 262
4677 1292 238
3355 8001 262
4112 3367 238
7069 6997 195
615 5227 238
5168 9476 262
7306 8127 252
4752 3993 215
5249 7819 262
5283 7254 262
1389 7908 262
328 2434 183
9139 5536 262
8720 1127 262
745 7196 262
2685 5146 238
7272 868 262
7367 8458 252
8706 6099 262
4664 2338 238
831 783 135
5899 8400 262
4164 4004 189
5968 2445 238
154 8079 262
5176 4840 210
2707 8401 262
4043 1686 238
3114 7300 262
743 4379 238
101 1797 182
4070 3441 238
8342 2776 262
254 2903 209
6338 3374 262
6538 7682 257
8514 5212 262
1472 2896 209
357 4528 238
3854 7786 262
8946 3479 262
8003 9419 260
2519 1409 209
2067 3279 217
2087 7019 262
731 9826 262
6164 3832 236
3989 9127 262
1639 1062 182
4694 4228 215
4131 6194 262
2624 3031 217
9724 515 262
3778 6278 262
3374 9133 262
6825 6862 182
1587 3776 238
4979 5117 179
40 706 171
3734 9044 262
2753 8997 262
8457 1546 262
3326 4154 238
7189 4698 262
1165 5205 238
8483 8012 234
9758 2393 262
5254 3896 215
2539 5102 238
8732 8179 234
8197 9367 260
8257 3939 262
1846 17 182
1332 8674 262
9773 2761 262
4519 4760 184
7928 8689 252
2772 2647 173
5049 87 238
5199 5926 236
2327 7056 262
8911 2751 262
9596 1689 262
8485 8466 203
5527 5705 236
9501 4356 262
6496 5971 262
7001 379 262
1042 7024 262
5853 5819 218
4701 3798 215
1579 6796 262
3324 7231 262
6885 7199 257
8459 6652 257
8087 9070 247
4122 9039 262
6509 5550 262
5049 4406 210
1001 4360 238
1990 6835 262
5052 8225 262
37 3821 238
8424 3654 262
1092 8947 262
7589 6166 262
4046 7198 262
3637 6157 238
6977 2952 262
1259 4349 238
8772 4905 262
2681 71 209
2891 9341 262
7024 8897 252
4696 6976 262
7220 544 262
9154 4645 262
1973 1094 182
2081 7154 262
7956 8366 252
1529 337 182
8565 5811 262
4608 2052 238
5208 6672 262
6336 1884 262
5363 5236 192
1773 9725 262
5264 1457 238
6160 231 238
8121 6497 257
9891 1786 262
612 7786 262
1999 1173 180
4016 4303 202
5257 1571 238
522 4892 238
7944 7734 221
9016 8682 247
6070 831 238
131 2420 183
5762 7954 262
3270 7423 262
9814 3618 262
7597 5907 262
138 4397 238
4474 2446 238
9283 379 262
9547 6682 260
2274 9914 262
3589 5663 238
6169 2942 238
3645 4935 238
3709 4774 238
6799 6832 182
5027 7423 262
5336 3041 238
1196 7781 262
453 6609 262
9530 409 262
4728 5227 210
2079 5260 238
2155 9755 262
5906 7322 262
1673 1789 180
2631 8732 262
6155 2646 238
6710 8008 257
2227 6100 238
628 9217 262
9662 1659 262
3082 9047 262
6172 4089 262
4033 8389 262
1669 9112 262
3002 8290 262
9445 1777 262
5807 9326 262
429 5030 238
9799 7917 260
8495 7919 252
8994 5671 262
9543 6801 260
7069 2285 262
6923 348 262
1824 844 182
994 8604 262
3023 7480 262
6063 6772 262
5070 928 238
7569 7947 221
1675 9430 262
6344 6403 200
5849 6553 262
9340 2063 262
8769 4525 262
594 1753 182
922 27 179
4491 7652 262
4734 3031 238
7178 6062 262
4798 1781 238
5406 2896 238
2928 7725 262
5303 5843 236
4481 984 238
5664 8793 262
9368 2753 262
3071 4951 238
9941 7048 260
5463 7085 262
7637 8184 252
8181 3191 262
3040 5527 238
7745 6344 257
8465 9715 260
7056 698 262
1350 7609 262
4094 4814 215
4574 8432 262
3116 173 217
9240 9181 229
3998 44 238
1531 1781 180
8229 6767 257
4834 3446 238
3370 5065 238
7487 5642 262
6944 3556 262
8081 2037 262
9528 2881 262
5306 9564 262
7788 7054 239
8671 9223 247
4216 9116 262
9865 4603 262
6031 4975 236
1570 2071 180
1685 3508 217
6213 9161 257
9856 8298 260
1945 4781 238
6279 7537 257
7339 9813 260
8426 4601 262
4488 5089 210
3489 9317 262
8744 5544 262
9158 4349 262
1006 659 179
4107 1854 238
3964 1180 238
7359 4843 262
3915 9390 262
6077 7155 262
6629 6405 244
2047 2975 217
2356 85 183
6496 9836 260
7856 6598 257
7942 8291 252
7942 8148 252
1111 4449 238
7566 2708 262
3692 1437 217
6507 4028 262
1393 8981 262
3141 1358 217
970 8395 262
5836 1669 238
7349 3089 262
9493 4668 262
3449 8076 262
1700 8418 262
690 3022 217
8336 5855 262
9911 9288 242
4934 4524 210
9818 9973 242
166 1711 182
6949 2480 262
3067 8520 262
8836 6929 257
1989 330 182
5654 7012 262
7486 3882 262
7324 3956 262
1107 8507 262
1532 1561 154
8692 9995 260
6798 225 262
8391 3305 262
4033 9637 262
1508 452 182
6145 3353 238
3153 7483 262
5792 5369 236
7794 6200 257
6518 5393 262
8785 9126 247
6107 9950 262
3569 4955 238
1202 4735 238
5608 8445 262
3573 9190 262
8950 999 262
9451 353 262
1970 6682 262
7144 2821 262
8667 7146 252
6919 461 262
8994 9019 185
3117 7301 262
2294 4310 238
8792 8202 234
4350 2305 238
5794 4787 236
7128 9316 260
4327 5826 236
7825 5018 262
2679 8940 262
7952 4678 262
3242 9199 262
4857 7761 262
3881 9834 262
5690 9648 262
2589 5212 238
7395 7484 239
9795 2613 262
8548 1205 262
5432 107 238
5756 7425 262
2281 9898 262
3789 1480 238
4522 1256 238
3705 2558 217
6649 1580 262
157 6549 262
990 8180 262
5382 1605 238
8453 21 262
2568 5515 238
4700 6651 262
8107 9862 260
8383 437 262
8860 2407 262
266 4916 238
7325 7495 239
9851 8976 260
7640 9402 260
2223 3285 217
1234 7638 262
6097 529 238
1840 9479 262
2380 1381 183
9572 9473 198
4578 5664 236
9445 2321 262
3915 6032 236
6277 3885 262
1424 8922 262
7284 2941 262
1911 8744 262
4761 3767 215
7062 879 262
4942 7280 262
5106 3501 238
6869 7861 257
9491 4374 262
2454 2635 209
1910 2698 209
4628 7199 262
9669 8304 260
9728 2345 262
8930 6884 257
499 3730 238
4165 757 238
7419 7047 208
9580 6213 260
7812 2919 262
5179 3909 215
1997 5512 238
6141 915 238
2766 9992 262
4972 1714 238
4591 6092 236
5327 812 238
3096 2886 217
9664 7604 260
5320 6207 262
1130 2962 217
881 7202 262
2300 612 183
9079 6340 257
8430 9294 260
1730 6983 262
881 1704 182
4816 6338 262
7934 5720 262
1205 1818 180
7254 7994 252
5261 257 238
7471 924 262
2002 4171 238
7649 6082 262
3663 1278 217
5819 9224 262
4796 6079 236
4064 9680 262
3667 3609 163
1454 2056 180
744 4645 238
7600 6669 257
7318 4315 262
4502 7041 262
4845 1841 238
1229 1065 182
8117 4886 262
9899 842 262
824 4433 238
5310 526 238
3364 7657 262
8279 3708 262
456 9857 262
4714 9375 262
9657 4091 262
2043 9443 262
5195 1309 238
651 2397 183
5950 3218 238
3827 9154 262
6409 9134 257
5078 1218 238
878 5165 238
5362 9494 262
9012 2994 262
1589 3454 217
963 8815 262
951 6467 262
4558 1148 238
8045 8719 234
5848 240 238
6887 496 262
9245 3492 262
9813 4590 262
1003 5982 238
9428 2754 262
6719 7887 257
3283 5419 238
2111 2855 209
3776 8908 262
8094 9224 247
2577 5538 238
134 7769 262
9766 3980 262
1618 1720 180
3572 6256 262
9774 877 262
360 4268 238
2285 409 183
2701 2625 191
7607 167 262
8462 4392 262
2 1936 182
3991 2627 238
4807 8294 262
6015 9093 262
6620 5650 262
3551 7324 262
9481 7991 260
9759 2457 262
6287 5218 262
4507 3433 238
357 9620 262
5041 6525 262
4106 1977 238
6503 6648 244
2540 295 209
8637 6250 257
8047 4188 262
2908 4827 238
5992 8902 262
8990 1716 262
3587 2337 217
6760 984 262
3757 322 238
1363 9038 262
1418 4511 238
179 591 144
6167 2452 238
8820 8974 247
1622 7048 262
8066 9325 260
5913 5593 218
8299 4769 262
9434 8401 260
1034 6464 262
5242 967 238
5203 8484 262
650 2038 182
6576 9240 257
4094 2012 238
6514 2321 262
440 8493 262
685 1531 182
2060 7974 262
3717 4562 215
7589 357 262
9341 9907 242
3634 8797 262
520 7220 262
7439 4351 262
1548 281 182
9630 1239 262
7346 4665 262
7451 4308 262
4551 286 238
4952 8867 262
3542 9999 262
8086 5895 262
8770 1415 262
6542 9779 260
6732 9498 260
3770 6418 262
547 5087 238
4097 4757 215
2116 9438 262
6978 2219 262
879 9191 262
8463 8003 234
5651 242 238
2061 7507 262
2610 9622 262
7509 4604 262
741 5616 238
5371 3941 215
7497 4286 262
4159 9305 262
3767 2427 238
9392 8575 260
3453 9466 262
996 1732 182
64 3690 217
8683 4123 262
