588540 817316 509
546120 90886 470
954929 233375 525
320739 5840 443
452564 718655 509
723418 311179 509
569393 509498 470
253880 196992 443
611662 409820 470
657012 358969 509
402353 470311 449
858031 928836 476
851576 861470 419
44173 831069 509
207298 758033 509
405012 748732 509
219860 728729 509
947843 979586 458
449238 963342 525
182623 196905 360
467651 287844 449
7682 19416 279
605441 586111 403
623229 58149 470
878253 460219 525
108951 488738 449
471279 687057 509
807765 319209 509
135840 86059 354
631517 773403 504
886541 691826 525
22241 200964 383
754264 811107 468
716211 909233 525
761561 858381 525
224790 192266 386
270140 657766 509
389516 631531 509
176824 863150 525
196059 127561 383
699270 20305 509
415335 813573 509
551035 322711 470
651754 62290 509
646528 44596 509
840781 189882 525
137728 738410 509
481588 326308 449
148718 669669 509
398456 903232 525
749174 699074 504
63017 302234 443
666041 275998 509
919596 673313 525
864333 296923 525
883568 44982 525
595668 949187 525
927415 871288 476
724906 474447 509
327930 448211 449
338890 906606 525
588628 140170 470
412039 219858 449
18801 930660 525
833649 394305 509
695455 266726 509
898523 417892 525
338427 723284 509
578434 958297 525
795330 132576 509
357032 81724 443
557944 753904 509
894430 902408 401
913666 650467 525
259119 522888 470
882856 715035 525
867839 31626 525
100708 197884 383
844612 951606 507
228660 599913 470
934483 356365 525
501472 474021 426
224633 847762 525
237156 912730 525
365705 178009 443
805682 951736 525
346635 778663 509
260165 273590 407
201755 438967 449
125308 228008 386
647887 46333 509
67435 418977 449
759430 152317 509
244542 88981 443
42033 208492 383
35579 141126 354
216083 173661 373
70301 89875 351
55284 922818 525
391770 554969 470
561723 495576 470
764260 897221 525
369643 323961 441
397441 688064 509
81928 375558 443
241928 605727 470
198758 166401 365
918582 941793 507
43244 84064 351
374444 547709 470
340556 146004 443
746298 740622 362
600919 797414 509
354996 4274 443
610020 406345 470
710718 900837 525
582387 907308 525
435226 539459 470
54574 48597 340
799914 676292 504
697546 988804 525
476549 252809 449
927224 360128 525
85268 761547 509
113067 125650 349
122292 497996 449
607818 901922 525
248912 438203 449
110718 310624 443
78543 749882 509
690923 745955 504
133056 482316 449
233754 460456 449
369454 969595 525
342068 973848 525
541346 464941 470
499334 7961 449
765539 686493 504
405174 28351 443
710685 676570 504
426299 98738 449
163422 585691 470
934878 898123 476
954113 162534 525
162189 890795 525
777663 603610 509
658849 232591 509
982022 211964 525
815155 373690 509
145915 792919 509
263023 550753 470
586658 713448 509
958488 767455 525
152013 58299 375
265717 635995 509
691319 366247 509
966710 511398 525
463013 51207 449
765829 614184 509
476189 955967 525
161604 481057 449
143568 998540 525
67073 448990 449
638105 774352 504
854273 94187 525
863184 971284 507
516784 911890 525
35498 850404 525
25363 711275 509
389070 193656 443
921806 396195 525
474772 249825 449
712496 456686 509
319259 167488 443
610617 562378 434
366976 797391 509
739854 87638 509
64043 215129 383
114658 604051 470
419765 111692 449
234613 575337 470
312348 803346 509
691180 760644 504
578793 264579 470
720850 581346 509
255001 971785 525
492544 266307 449
472625 311772 449
721088 748789 424
67296 462979 449
590254 220306 470
813285 490327 509
768280 295042 509
16744 248411 443
886442 31356 525
594500 585438 403
573894 264743 470
898928 471048 525
596591 63301 470
135486 470676 449
908944 434098 525
850246 305800 525
222223 745777 509
317588 324889 384
898520 796208 525
502389 332435 449
745346 890947 525
365947 951547 525
862665 958619 507
951385 813895 525
450614 100050 449
312419 972471 525
434513 170383 449
664413 350610 509
989211 186276 525
854142 755492 525
182216 522342 470
227095 855304 525
206813 764826 509
862638 68309 525
788397 75936 509
349628 408899 436
317333 775366 509
26281 744965 509
436376 602401 470
76012 944259 525
175196 64590 383
706055 165305 509
981446 310456 525
442939 558292 470
643799 7223 509
893537 757138 525
760607 36628 509
558098 156140 470
756091 524002 509
787476 390753 509
980073 360352 525
450129 707879 509
287473 814546 509
209566 409164 443
920654 89038 525
966005 554538 525
713077 311791 509
75404 510110 449
503767 888634 525
684124 18848 509
398762 297532 441
729962 761176 424
383563 701783 509
177435 746876 509
370032 716475 509
474747 808817 509
499269 725383 509
927485 717938 525
276063 287154 389
976622 636537 525
912796 644103 525
320264 427015 449
873230 796998 525
49189 327690 443
341926 6642 443
761474 895639 525
250817 430612 449
420770 371219 449
857802 853302 419
318891 476911 449
646966 243761 509
683580 97392 509
167617 220662 386
68940 447973 449
802326 681536 504
577519 731006 509
526834 836510 509
308854 899623 525
170660 772044 509
195182 204962 360
535329 149328 470
592635 976255 525
989813 471182 525
187527 461881 449
224141 831863 509
273229 518050 470
132109 160477 383
423399 563408 470
632834 438714 509
101643 493373 449
298146 239347 407
431382 324345 449
113095 16236 354
924818 783086 525
633766 752685 504
47516 588377 470
764729 37309 509
267612 301720 407
365184 66714 443
926908 777301 525
998426 8371 525
161551 935335 525
815152 875941 525
972671 396908 525
754692 460020 509
751789 475112 509
552672 856360 525
306414 506319 449
868662 913924 476
813399 537533 509
141474 304384 443
669978 392261 509
557819 555409 359
901400 766145 525
710983 822720 468
13003 539294 470
784379 941364 525
132958 26932 354
785805 506131 509
238331 513697 470
491886 911012 525
145487 851619 525
262248 650502 509
971197 620101 525
976893 155075 525
630493 95681 509
195390 841654 525
239213 604419 470
948162 574018 525
759884 340868 509
165132 74214 383
122681 56467 354
738154 769282 468
89783 634009 509
656772 751664 504
518577 624085 452
494420 737283 509
505046 638777 509
647103 955544 525
456686 495768 444
281331 367369 441
569324 487849 470
639834 487313 509
109890 351192 443
40800 435337 449
584803 557776 434
777400 527375 509
403754 788224 509
57355 728831 509
618989 202371 470
390444 514803 470
817281 706944 468
663256 905263 525
282111 553129 470
897584 265944 525
562065 754584 509
47177 691248 509
262662 9695 443
829651 127350 509
69205 505726 449
99982 324959 443
793713 144348 509
608561 124344 470
91025 206288 383
588344 410567 470
203817 123382 383
722531 61896 509
84858 260215 443
972306 717539 525
952024 110708 525
336995 338019 366
202310 288265 443
316778 140594 443
147457 278341 443
880842 28256 525
735998 680914 504
781348 630063 504
251404 493942 449
775001 460384 509
654144 433742 509
16471 632061 509
679075 233127 509
894235 321357 525
299887 678929 509
797505 19919 509
672908 770702 504
938577 350166 525
661738 723908 504
793563 920370 525
681404 83519 509
438286 266036 449
573986 291526 470
777055 926340 525
451750 464470 444
397867 888494 525
809859 393052 509
312387 749297 509
957623 163194 525
284105 645521 509
55560 957953 525
140684 500249 449
85421 123858 354
338976 4821 443
841859 269233 525
678562 164896 509
193595 31647 383
807799 690156 504
396 659755 509
747310 296072 509
844883 577418 525
922959 771652 525
273677 567494 470
623555 26763 470
880661 990184 507
608644 241041 470
487788 214399 449
333763 412718 449
916582 720827 525
86535 661434 509
732967 105822 509
811043 300056 509
392263 581402 470
888009 260707 525
923134 350033 525
290748 716859 509
275731 33450 443
445684 974056 525
918703 973656 507
54403 999146 525
647312 76978 509
718965 398148 509
318948 811368 509
972549 751974 525
839620 547817 525
523306 951663 525
851381 718513 525
747439 22402 509
749800 444564 509
733907 37095 509
135161 795145 509
835719 144528 509
927875 751712 525
733840 733869 318
113546 37758 354
410493 586286 470
622125 837143 509
882488 488553 525
858330 85399 525
533026 623529 452
844814 419501 525
654260 900440 525
537901 37048 470
390454 861063 525
171028 648153 509
714263 503233 509
429877 925401 525
73388 579933 470
63058 716244 509
158917 156627 339
89736 520079 470
457350 370553 449
114135 491684 449
676924 582800 509
988304 245468 525
965259 77787 525
44400 168903 383
730326 732258 380
227713 412145 449
757676 619080 509
370932 196797 443
51612 79927 351
620866 973376 525
114436 522215 470
256493 322630 407
406810 376489 436
922944 43959 525
900099 343080 525
395809 118546 443
289692 291971 327
159429 980643 525
341034 813898 509
941827 420852 525
872274 731847 525
998433 866200 507
415806 624732 470
530180 391595 470
995334 951645 458
709388 177412 509
748713 293279 509
358460 793170 509
333805 680325 509
652274 997790 525
158225 293721 443
256555 902373 525
821750 785057 468
597680 916747 525
957832 984601 458
765102 335075 509
272885 288057 389
220286 318959 443
335709 730345 509
733931 360715 509
125872 919546 525
158391 750504 509
553630 485605 470
740028 626095 509
69053 475627 449
769210 169969 509
468752 854882 525
772087 372637 509
663805 150563 509
663587 818034 504
171348 525930 470
824718 321786 509
349415 88948 443
75262 631420 509
156427 618610 470
286009 209001 443
321758 148903 443
260006 665318 509
258240 901319 525
468185 298540 449
417369 754082 509
622027 499148 470
486183 467046 413
685203 342413 509
709338 295396 509
795595 210180 509
499012 207769 449
293561 328575 384
7614 37990 324
693029 563080 509
853145 607449 525
819256 205745 509
271783 213311 443
717377 311437 509
853077 820575 525
317833 340843 384
395909 51429 443
654394 298912 509
814594 995883 525
160047 868304 525
121317 335235 443
421815 449869 418
380301 186230 443
159303 450235 449
121249 548361 470
500956 852251 525
380233 399356 436
241349 323062 407
819969 88280 509
341368 679172 509
53720 345260 443
185566 303160 443
668030 385104 509
64867 397454 443
929798 483022 525
405745 606435 470
468776 646286 509
936965 559750 525
771172 534870 509
213842 886650 525
444832 165334 449
306638 37755 443
210589 252169 443
559042 680501 509
241457 649680 509
660870 448576 509
225395 625741 470
124082 916733 525
776649 456862 509
499851 318886 449
139486 177095 383
399849 828504 509
261655 700925 509
10546 894726 525
314610 266923 407
988567 623926 525
748339 365760 509
922966 434630 525
548705 277767 470
240701 11107 443
625671 238418 470
487477 110839 449
477143 807012 509
493196 193001 449
750301 156422 509
816554 464071 509
330003 479163 449
226061 783052 509
315092 209793 443
277039 791567 509
469635 761166 509
952099 359461 525
933898 313982 525
325398 934577 525
99135 275160 443
960941 147581 525
392030 591400 470
5977 117832 354
836655 255579 509
429544 90214 449
349663 21168 443
642238 547329 509
696083 120561 509
391204 67048 443
5150 593479 470
390121 820790 509
643341 144852 509
117241 643457 509
522983 238074 470
137566 913844 525
879745 908202 445
977317 189548 525
441936 650530 509
260329 612190 470
605783 484611 470
722590 514016 509
456742 24102 449
352792 895128 525
506349 976333 525
310983 390487 441
185027 510576 449
907653 268898 525
868269 799021 525
412133 838635 525
668489 702527 442
614655 358963 470
493262 716901 509
10775 184786 383
605332 521793 452
385177 454440 449
100372 893843 525
384853 837592 509
828319 35775 509
374172 67626 443
787611 848207 525
96250 678758 509
53049 77834 351
408166 367018 436
248447 332465 407
697178 937718 525
29078 579746 470
958451 560996 525
314948 134241 443
50443 432834 449
798969 391784 509
963426 780570 525
672054 434420 509
290652 844029 525
903936 409072 525
308505 520387 470
114040 784812 509
166555 306393 443
226535 459015 449
65422 820991 509
371483 887688 525
815437 879051 525
295112 412818 449
905369 434624 525
111216 807282 509
804236 949221 525
904609 697145 525
676867 189937 509
668229 559242 509
805869 130308 509
185402 438371 449
727772 379723 509
91407 538075 470
177664 452860 449
546569 276874 470
90648 800596 509
5606 811997 509
785452 260996 509
182506 992507 525
118020 545873 470
923555 810298 525
995916 710010 525
930150 990456 507
511849 221946 449
442958 289244 449
490665 592463 470
270510 525110 470
942627 308550 525
394764 884473 525
522967 674449 509
638 73579 340
418326 113111 449
632842 589328 509
567077 869773 525
237123 493911 449
566148 343443 470
550775 268219 470
818421 297097 509
788790 587209 509
273604 797334 509
604365 216562 470
356266 292958 441
700929 61217 509
230891 751800 509
828420 173744 509
356984 820717 509
607733 278612 470
557416 337667 470
364687 688141 509
437048 104205 449
477182 362344 449
663581 502834 509
335697 286273 389
853721 276071 525
375120 866963 525
331919 749687 509
520068 295636 470
76555 553775 470
379418 455343 449
42798 143264 375
751288 308899 509
248676 505138 449
586263 938009 525
762931 79948 509
521811 404376 470
657342 348507 509
949025 973613 458
564498 686428 509
826789 662909 504
269458 14690 443
978406 984289 427
968272 845160 507
486985 783674 509
682985 933410 525
740290 760338 424
812222 458670 509
727211 631668 504
859036 344482 525
596160 831436 509
352433 413847 449
700209 727336 504
902088 218205 525
363581 982393 525
712160 551609 509
814179 664888 504
164897 460730 449
735163 25922 509
189828 743763 509
943570 910075 507
122885 798665 509
72807 918983 525
482010 359013 449
378068 662903 509
846699 495845 525
891912 385709 525
605459 565936 434
424045 282971 449
270020 481290 449
58753 743845 509
499399 199551 449
12847 214643 383
633585 850879 525
803538 791486 468
814164 692980 504
568240 416192 470
86954 838354 525
653942 956010 525
369557 894529 525
969933 13574 525
979179 631006 525
668427 122905 509
804127 632043 504
835512 498794 509
28109 468393 449
121795 110380 349
636829 977131 525
251033 635640 509
904633 576247 525
547730 763517 509
145846 615847 470
982069 54177 525
490060 906825 525
827648 856048 525
887454 61135 525
550834 749056 509
465793 760456 509
529486 556610 452
931583 499655 525
948681 539330 525
509922 198976 449
900982 258803 525
805594 745872 468
560301 797924 509
191028 564787 470
102605 124784 354
327131 9417 443
356571 374103 410
817375 189575 509
730523 789009 468
99238 956554 525
840915 656776 525
109190 978257 525
890421 597865 525
373728 381155 423
489158 718216 509
168648 457402 449
241520 879028 525
757654 546498 509
53852 995498 525
117929 172682 383
115839 178467 383
876162 371483 525
572751 322725 470
380022 673198 509
74914 960471 525
403939 293651 441
291970 113269 443
378249 273139 441
843110 226204 525
893023 337838 525
928159 753848 525
733694 18273 509
33113 218719 386
235835 894582 525
540656 594086 452
202589 5985 383
997569 738344 525
503520 34274 449
863671 102128 525
123249 233819 443
171301 12340 383
347873 583276 470
449674 364026 449
964446 891724 507
583044 817686 509
837235 286080 509
764327 239178 509
592637 7437 470
555890 957527 525
472269 257623 449
431150 701698 509
408305 818 443
983511 259215 525
194623 71646 383
110778 113537 323
772711 525436 509
310036 845081 525
172533 463021 449
619670 300103 470
697029 74647 509
281345 374839 441
537701 238731 470
770766 509911 509
168988 656633 509
21052 687468 509
731412 29250 509
793197 259881 509
768638 718038 468
716385 224243 509
509183 939591 525
147047 291561 443
274553 207147 443
398938 866076 525
92150 730686 509
190480 339339 443
157435 122629 383
312706 528445 470
663127 81396 509
336980 950884 525
555167 582351 421
864810 158971 525
452890 434012 400
492514 686589 509
544519 169905 470
521674 985378 525
576804 681840 509
108340 897398 525
187482 988514 525
414232 236024 449
32481 935279 525
73731 277312 443
127147 132812 344
242117 609301 470
956170 318715 525
853340 858078 419
881534 929894 476
841373 373163 525
294839 620376 470
143478 225987 386
144955 491225 449
217548 945860 525
202008 867535 525
922782 725609 525
92311 282442 443
502856 510979 382
840444 943850 507
717008 162517 509
358056 876558 525
937650 301611 525
814465 424577 509
850386 843955 419
159710 699436 509
509706 383075 449
481072 61756 449
204683 806598 509
161760 172665 352
799069 149668 509
153841 479901 449
133921 9015 354
709616 544239 509
15322 735473 509
950461 835374 525
592840 494886 470
154119 60260 375
301147 748181 509
70326 774701 509
31451 932918 525
857957 547803 525
425142 770380 509
501158 164701 449
531816 177009 470
529426 46083 470
613854 305706 470
698623 456187 509
585390 289591 470
702947 934877 525
731938 928461 525
643004 482896 509
754983 709511 424
38786 719963 509
350165 898983 525
803342 336169 509
113793 193944 383
336825 947613 525
79540 557390 470
897540 221507 525
837779 681866 504
485653 409550 449
708685 163218 509
57850 87453 351
88508 99762 333
282043 309006 389
424101 625773 470
146611 53543 375
844140 277135 525
3066 661207 509
849728 709335 525
993206 314798 525
790235 144807 509
799456 77016 509
406450 826389 509
863041 286748 525
784753 985873 525
219309 609063 470
595352 501832 470
55273 226582 386
756598 336136 509
525453 132439 470
180389 449336 449
710352 656271 504
276879 484424 449
612144 400862 470
216799 456807 449
10090 549779 470
270893 245604 407
712787 404350 509
436827 866924 525
289190 550821 470
571814 152295 470
123928 904419 525
264376 384090 441
804060 156712 509
646545 423385 509
907243 115344 525
398050 103333 443
369023 484472 449
445697 194958 449
567319 293037 470
332320 538102 470
885534 713477 525
664132 836904 504
961282 337771 525
634060 877513 525
504452 396814 449
319962 133114 443
128199 710559 509
473669 243622 449
732365 800943 468
77373 44504 351
991529 875543 507
614782 65044 470
584077 25410 470
885866 597233 525
316733 715796 509
911337 391395 525
371258 116145 443
374067 326853 441
216980 719542 509
567002 124641 470
779042 258317 509
112132 44289 354
130573 356118 443
174261 545136 470
8633 83218 351
885197 301886 525
393776 584919 470
104168 906753 525
397901 898909 525
