1 10 20
100 200 125
201 210 89
900 1000 174
725397 125124 509
520804 316863 470
453304 286812 449
591431 188314 470
100785 821029 509
545934 772730 509
766707 306130 509
417202 99647 449
494690 55 449
616169 690891 509
432966 961360 525
681581 70358 509
633657 261153 509
281294 496077 449
134533 452402 449
646154 54294 509
130496 109658 349
190386 834411 509
188017 648663 509
694994 447434 509
514736 650229 509
524210 867380 525
239538 247019 368
854716 818071 525
47509 373862 443
918303 741275 525
433691 224515 449
224163 903819 525
462284 53490 449
290807 801670 509
853762 114667 525
785006 82716 509
750773 589183 509
451690 999063 525
559265 25495 470
770213 153055 509
442572 922022 525
394375 708937 509
436071 470755 444
282053 895924 525
272706 315405 389
595295 134857 470
591924 46216 470
863582 419436 525
257550 777057 509
857440 848358 419
851463 561866 525
323135 67861 443
616539 764341 509
551409 188941 470
789652 240230 509
851650 662613 525
458259 212985 449
912877 813239 525
155055 259594 443
215207 908294 525
6857 231273 443
413839 50129 449
251710 353547 441
734005 360274 509
631117 680452 442
422365 357918 449
605600 760749 509
608006 521617 452
783033 844793 525
473312 742953 509
696073 745784 504
204540 688009 509
607848 127481 470
239000 108330 443
786258 316567 509
266219 713898 509
891482 763220 525
718227 326441 509
224158 724374 509
644880 135438 509
550940 67245 470
116643 245678 443
571989 790600 509
397571 19745 443
791786 591087 509
520895 202686 470
7096 993896 525
475340 165306 449
138947 339535 443
613110 863953 525
625986 700376 509
222178 259991 443
871134 327718 525
948455 977272 458
25045 20752 282
243128 768826 509
748262 163080 509
370222 768505 509
836486 949550 525
980198 24847 525
996740 644303 525
442885 979275 525
421186 572181 470
127726 494524 449
290500 190213 443
791032 190472 509
847335 368782 525
359215 137544 443
796133 933073 525
866065 747143 525
720706 199134 509
768449 982981 525
475966 949711 525
738520 225122 509
903431 487080 525
458367 709342 509
530838 523807 408
327755 901312 525
382063 298230 441
872296 447671 525
812688 505005 509
126306 878149 525
17030 960837 525
905455 800676 525
964982 793386 525
13669 837678 509
881554 534365 525
391526 243716 441
756162 905750 525
432479 596721 470
974390 668797 525
279786 994184 525
385395 885571 525
6068 361350 443
321459 447564 449
596727 182100 470
318783 114141 443
654497 991516 525
991612 306156 525
380647 5206 443
834562 106577 509
309034 463887 449
175887 452601 449
482074 628650 509
228320 377450 443
226523 590713 470
663336 406332 509
613846 909175 525
325 592017 470
461655 263457 449
902490 133549 525
752520 129032 509
339738 421345 449
103024 668200 509
892539 407986 525
314772 215408 443
826946 688316 504
675029 722660 504
354128 95900 443
840880 929523 476
612886 7779 470
517000 921695 525
885470 939781 507
934141 390899 525
493518 312698 449
321544 211034 443
729988 454147 509
47517 661767 509
96176 688539 509
112191 374673 443
67429 25606 340
144620 861702 525
312580 608808 470
785459 224741 509
283978 850084 525
203888 505940 449
543693 263131 470
579301 855611 525
720678 597210 509
133793 677583 509
868991 323934 525
361846 225018 443
917525 499630 525
495330 242356 449
773050 146823 509
853476 511505 525
529298 66419 470
138352 795602 509
366106 845683 525
864134 890335 445
981625 573314 525
445066 820767 509
88829 612492 470
629905 202161 509
564010 313804 470
250804 608036 470
38445 967773 525
405127 972210 525
534989 945726 525
86370 575341 470
610287 787498 509
859970 696151 525
761359 271713 509
285338 169043 443
660677 361135 509
644968 2118 509
647094 807727 504
961513 448216 525
719740 309181 509
13067 146894 375
763981 332838 509
704750 313898 509
401131 608207 470
808007 216630 509
156161 893917 525
690261 585944 509
77015 658819 509
110167 503263 449
99007 749879 509
712920 300995 509
627586 153007 509
572981 959367 525
781527 663467 504
231522 376957 441
473562 86426 449
498056 803184 509
127889 152599 375
137094 773619 509
591692 338856 470
494314 74608 449
282003 961255 525
830118 93041 509
332242 733982 509
17189 781555 509
763205 277183 509
205779 625926 470
727483 932927 525
201578 18180 383
745519 379606 509
587793 229484 470
909815 246137 525
309353 549280 470
613276 853487 525
707730 960407 525
706335 135761 509
996285 377930 525
201255 648343 509
447360 482997 444
348712 704928 509
849714 193779 525
723607 440777 509
284308 590325 470
650881 626257 509
574726 744549 509
272448 559776 470
563537 585034 434
561825 930060 525
245050 335518 407
899144 586685 525
691343 856658 525
699616 120559 509
666475 344994 509
62281 719078 509
436671 894992 525
734193 509662 509
402624 71219 443
390816 980097 525
247465 377329 441
190269 545824 470
655498 456255 509
137397 283354 443
262097 937760 525
631972 821430 504
858396 609851 525
883037 92138 525
765391 926928 525
637157 875142 525
803182 51442 509
121235 330509 443
442867 771068 509
940149 615090 525
619042 28498 470
35781 440082 449
652825 283398 509
597698 31872 470
290254 800661 509
706207 689755 504
466091 800198 509
967525 547948 525
271658 244725 407
133991 801556 509
871543 816016 525
702499 787662 504
611377 58885 470
332916 468699 449
713535 639094 504
219860 419 386
647198 130389 509
219562 515904 470
262897 62284 443
647236 839990 525
680359 856860 525
488321 960755 525
731672 373432 509
146845 132238 375
89010 715691 509
71114 629936 509
532599 920920 525
736897 553747 509
985676 811173 525
890237 361606 525
409199 810567 509
571995 50466 470
384522 335174 441
536262 456522 470
698368 514815 509
907501 525119 525
36193 63104 340
632852 945799 525
622890 1590 470
358330 699607 509
79269 808045 509
619593 811976 509
217412 714815 509
314721 780430 509
20327 951472 525
173299 150260 383
682212 498910 509
611258 583075 434
609434 933534 525
957224 885837 507
788394 347731 509
294739 752280 509
547035 870781 525
5815 81713 351
970536 339968 525
349967 467306 449
691709 792041 504
767841 6655 509
340626 404370 441
198324 656396 509
990168 225570 525
553799 274022 470
48063 992803 525
250887 835113 509
726107 463521 509
856104 237245 525
921481 219496 525
557566 105516 470
579955 387592 470
84383 315859 443
967783 268615 525
665198 594419 509
410315 569213 470
301914 911317 525
561052 663270 509
277218 484194 449
278750 370888 441
359948 417839 449
561065 256851 470
4447 746905 509
977131 384145 525
341573 794075 509
699268 82820 509
902683 275625 525
457446 241987 449
418891 87736 449
162021 83067 383
464282 764399 509
135607 445781 449
523270 887999 525
551372 437426 470
30218 184325 383
750219 275031 509
989239 321730 525
343365 503435 449
241294 999501 525
3023 774455 509
899168 587091 525
754651 331981 509
21600 80485 351
538290 63180 470
20499 650196 509
169478 426761 449
785088 353362 509
961634 723861 525
900651 831993 525
173450 816249 509
799949 868121 525
400750 512119 470
223637 285374 443
384180 663752 509
611748 692152 509
409493 399836 405
971083 96677 525
82391 501758 449
131940 874367 525
637518 511370 509
454153 330214 449
877988 545616 525
374512 943101 525
155411 547537 470
324387 138198 443
344546 128513 443
407976 791493 509
529912 27399 470
820923 164832 509
467524 866819 525
812318 128385 509
915071 32399 525
353132 362828 410
135275 704754 509
566959 606681 434
666973 569074 509
532001 761564 509
565834 505477 470
223480 500865 449
943834 325776 525
539540 781521 509
205925 160105 370
238789 167822 443
601647 577245 434
196210 937759 525
644336 847214 525
150391 6413 375
464513 802553 509
444292 914123 525
856491 925656 476
536137 983364 525
57497 72715 335
748323 49587 509
975039 198752 525
311242 336651 384
820290 355058 509
387439 456649 449
634334 850911 525
247498 874491 525
827431 835468 419
537504 789331 509
644345 424313 509
172156 35865 383
195446 210073 373
234604 838978 525
410488 508038 444
494331 694670 509
417414 207380 449
863927 829729 525
925404 853371 476
27350 6757 308
647351 101750 509
733941 799789 468
837363 878038 525
32254 650161 509
738286 668489 504
63134 613665 470
691953 317942 509
144359 47864 375
91656 137860 354
849155 474754 525
813095 801413 406
560198 539371 452
585148 214701 470
458109 240951 449
85929 373057 443
959093 757722 525
626219 77302 470
890795 419221 525
944536 964936 414
922399 646175 525
500429 304790 449
715459 893044 525
537040 840650 525
171738 374447 443
724990 118515 509
640072 942345 525
274266 802058 509
805326 608456 509
159754 428420 449
415746 653730 509
147733 411838 449
747109 706546 424
305455 553225 470
929740 561606 525
430682 284071 449
112328 718547 509
363934 164152 443
195056 444736 449
825205 423708 509
135844 133123 344
488669 988481 525
805863 397805 509
832852 801471 450
284056 763998 509
500339 809483 509
168610 167214 321
569284 913374 525
365749 515975 470
964417 841883 507
131408 351762 443
604877 372100 470
57014 532029 470
810788 633910 504
182900 836197 509
91072 212599 383
5318 304869 443
938610 474435 525
587443 550233 434
641088 66861 509
867195 657431 525
390685 997318 525
501301 997714 525
340400 683069 509
650338 230698 509
989585 463772 525
634089 482488 509
753266 792851 468
241544 608751 470
144335 491135 449
210418 201075 373
867703 17632 525
295818 166989 443
561489 713727 509
748834 699319 504
688248 877625 525
102039 747711 509
915887 38840 525
35399 939288 525
496138 712338 509
219274 913457 525
584561 162806 470
145258 415444 449
722821 801621 468
232218 60238 443
403232 141503 443
888599 894763 370
82480 92076 333
390252 923305 525
428424 500145 444
237112 675187 509
840807 432357 525
788537 370286 509
263206 143363 443
903536 562151 525
116797 337121 443
649251 237532 509
684777 542550 509
419667 381622 449
966912 590253 525
840656 658578 525
684885 844947 525
603473 646558 509
281832 289074 389
69414 134322 354
577101 102351 470
949689 829597 525
456085 223359 449
166543 482053 449
911808 702813 525
461217 492573 444
635157 884723 525
999738 171281 525
855295 542938 525
513772 196787 470
37969 660565 509
773990 935958 525
771759 407524 509
276028 458252 449
687068 785074 504
50609 140431 354
395293 661169 509
616625 959282 525
882971 695293 525
457875 797407 509
113473 863476 525
128764 330388 443
397181 372264 436
615111 737715 509
482192 712899 509
152018 813237 509
781359 327225 509
200457 662287 509
610555 388200 470
453593 542029 470
722253 61272 509
95310 293553 443
803512 473135 509
815674 58790 509
817141 862971 525
143235 21259 375
78581 780281 509
790668 409883 509
457888 220313 449
941789 619019 525
563008 256779 470
375730 414108 449
806571 750727 468
978117 620594 525
825662 775822 468
561440 915442 525
414779 5022 449
395569 227407 443
383764 782172 509
526075 605116 452
358980 133589 443
684622 700056 442
775265 67840 509
175035 998867 525
118624 903519 525
961045 919058 507
636223 922040 525
569354 447356 470
488518 782875 509
174980 530990 470
813402 957255 525
771201 343677 509
388784 13469 443
619642 230094 470
388106 209817 443
339593 739091 509
733910 327770 509
205080 136048 383
390890 17443 443
575575 949118 525
628211 221062 509
689967 937632 525
581480 287383 470
974173 460298 525
390934 160089 443
530887 815863 509
380049 100355 443
685596 836060 504
905489 733007 525
519219 182061 470
363368 122716 443
300654 832370 509
655368 307898 509
594956 200464 470
981732 766606 525
44605 720454 509
317907 92530 443
112745 500645 449
752054 203634 509
69787 673217 509
370080 269700 441
588298 184441 470
977227 677606 525
213330 46295 383
580921 174822 470
235654 68791 443
945209 352529 525
292943 549101 470
90310 995348 525
66809 344364 443
568807 948422 525
502947 576441 470
658637 513568 509
144986 876618 525
834350 297682 509
652704 556929 509
945188 20301 525
516306 569891 452
904925 101027 525
405800 803030 509
307355 839406 525
989571 407513 525
742887 79818 509
672840 967436 525
758230 220444 509
465672 816823 509
624828 812980 509
679961 239173 509
413505 31730 449
79926 873297 525
532 641950 509
182651 801019 509
602219 759004 509
405702 752435 509
264768 72112 443
764294 343117 509
819220 601895 509
174525 853945 525
584154 952669 525
119822 492670 449
446058 502074 444
504577 194389 449
3364 860975 525
826177 580789 509
684295 961711 525
97451 658607 509
766339 187787 509
213444 21030 383
780917 42168 509
775524 447641 509
831259 544080 509
582067 710923 509
799657 763957 468
960421 525963 525
216009 339363 443
479561 387920 449
829693 991601 525
60531 524953 470
98087 227352 386
577526 945229 525
86906 3844 351
40089 829712 509
851397 331265 525
882540 209529 525
670352 576460 509
892852 824257 525
985637 766965 525
37198 574640 470
17500 214812 383
126683 901563 525
648476 310869 509
83023 383098 443
852608 649580 525
635241 293872 509
889677 485753 525
544766 919240 525
554192 119328 470
809690 754050 468
276155 507998 449
684278 228734 509
713912 407600 509
381173 991959 525
572683 248852 470
769090 86268 509
755213 562233 509
345351 128912 443
129706 923784 525
397976 301065 441
6175 62738 340
3358 848921 525
227943 544148 470
393721 359632 436
258056 331960 407
907011 662434 525
31734 421700 449
122580 353642 443
511489 168316 449
334803 700336 509
651498 954841 525
370592 86465 443
994277 848380 507
603451 48252 470
659671 611064 509
333986 404717 441
59255 506034 449
515174 282678 470
886032 846221 432
107036 430714 449
274208 665883 509
310325 783228 509
674802 166838 509
407999 69738 443
241995 517280 470
859069 689409 525
515473 826016 509
45912 235410 443
55704 624588 470
106130 94051 341
418655 203462 449
675368 840420 525
788406 952479 525
922935 315814 525
118021 627018 509
762597 274458 509
182104 787159 509
87608 630058 509
129002 977770 525
368801 42452 443
963612 313239 525
422055 330132 449
639912 294275 509
71787 433374 449
132160 582108 470
389866 796415 509
42299 712897 509
446533 503688 444
7707 545673 470
969731 636325 525
103014 597058 470
882182 820036 525
929451 726497 525
885420 210838 525
516324 656441 509
267060 509258 449
902924 585995 525
772712 376794 509
945109 400728 525
163681 354790 443
623916 860857 525
186674 385263 443
723679 504125 509
479632 185861 449
381616 817650 509
618382 194934 470
632028 399005 509
90815 583368 470
948410 905214 507
960176 493253 525
258136 929474 525
818388 668245 504
352685 283581 441
373601 779576 509
761478 867093 525
708411 37219 509
773148 324443 509
859792 284196 525
882302 220764 525
544245 914428 525
397845 493771 449
538328 781580 509
112095 723447 509
551461 425015 470
623589 832963 509
110849 237167 443
743222 535674 509
716092 712215 411
386085 220717 443
338937 227939 443
702615 720550 504
568676 565258 359
844304 784999 525
816728 838455 525
539854 857191 525
268860 162313 443
528354 994244 525
972092 449294 525
63416 569680 470
988032 529776 525
888977 377594 525
331837 643638 509
647882 14255 509
988969 769439 525
30597 369334 443
988386 767505 525
383239 986449 525
543464 863619 525
489508 300529 449
139965 651987 509
589530 667146 509
66230 339687 443
147865 190377 383
723777 811427 468
739870 648291 504
677275 622089 509
11042 579532 470
495124 906993 525
202622 823694 509
383865 197917 443
66033 539275 470
940404 699031 525
536998 233352 470
828624 856910 525
501875 121927 449
103287 463186 449
468650 701164 509
620999 931020 525
801600 96830 509
691393 574615 509
19661 110344 354
199772 248842 443
33072 515674 470
612826 371054 470
931121 139184 525
319686 508698 449
370269 640117 509
97891 445538 449
460460 90134 449
980573 471629 525
530556 170556 470
631930 73918 509
374924 600289 470
869041 560757 525
8253 270127 443
438759 60227 449
244784 773929 509
424055 717043 509
564015 894918 525
146786 748060 509
678803 564355 509
546266 74114 470
755983 439004 509
977903 970490 458
356780 395365 436
599460 828280 509
753793 566438 509
931752 325694 525
242895 374318 441
540910 109125 470
862358 260423 525
196630 913178 525
649490 465622 509
860878 244980 525
221988 525370 470
781943 917734 525
25684 162986 383
429049 396494 449
656975 478246 509
809923 590773 509
770845 381348 509
905381 374880 525
129501 144853 375
876375 206337 525
964103 4469 525
797509 310967 509
117462 953668 525
515975 621586 452
245874 136377 443
888325 752795 525
650253 568221 509
955178 387812 525
920267 741529 525
241859 508416 449
409765 684208 509
593615 304792 470
966274 180137 525
715269 637941 504
250586 23968 443
933283 880042 476
345422 481275 449
925042 335926 525
225382 387243 443
456134 431090 400
113529 673429 509
429849 376062 449
824255 166217 509
644428 878884 525
418085 204988 449
442340 163714 449
308148 849429 525
876201 242442 525
689999 360047 509
702368 518360 509
706474 947504 525
337502 477204 449
172054 782772 509
795045 988255 525
75572 408834 443
442125 332259 449
792539 825101 468
760493 626613 504
30618 65643 340
588291 855478 525
395827 772700 509
223640 92699 386
453079 479783 444
31369 773728 509
919779 89178 525
290231 334420 384
762125 860732 525
173631 1040 383
877521 209009 525
208906 471509 449
996724 219272 525
88682 681278 509
611204 705665 509
683917 741737 504
966913 450694 525
40496 883369 525
633390 273218 509
432367 632623 509
340431 582155 470
189098 622671 470
428894 633926 509
823671 316807 509
366721 490486 449
341884 117617 443
992757 835091 525
409627 231599 441
991967 728673 525
447367 159622 449
350322 668494 509
105470 413230 449
573285 426214 470
373656 829750 509
118018 464606 449
665616 828380 504
112146 651072 509
431217 598226 470
50440 936166 525
852076 983771 507
25910 593290 470
466484 204408 449
476556 562127 470
23840 343210 443
332562 697327 509
420649 840489 525
398172 783910 509
257343 649136 509
483184 912104 525
146913 358363 443
697467 533752 509
838415 868620 419
7188 390527 443
823905 738339 468
462388 64758 449
790830 226998 509
86117 958544 525
23672 634168 509
47183 452934 449
816521 444348 509
519567 852386 525
