95194 15751 351
80819 44469 351
75568 26985 340
31044 91341 351
83288 44971 351
19830 86612 351
37221 65410 340
73748 86686 351
27849 39572 324
59121 89761 351
10046 69600 340
1715 595 182
1652 12463 268
62101 51898 340
74899 77975 351
12344 39841 324
33132 53543 340
57455 8815 340
82745 13706 351
95600 16851 351
14463 67883 340
42450 65052 340
37284 73791 340
40438 55985 340
96547 38400 351
85341 57658 351
28310 46102 324
20311 86500 351
56213 62483 335
87574 76146 351
88903 89276 315
17771 36809 324
61739 28720 340
38020 11736 324
45312 57168 340
26355 42580 324
84007 15454 351
6824 93864 351
99381 94771 328
28358 20748 308
78741 61378 351
87093 27299 351
45474 79188 351
27184 28952 259
66728 75987 325
40590 76380 340
72548 18763 340
3972 14867 276
83482 11413 351
95675 85957 333
39073 98915 351
1070 3270 217
71674 85240 351
87279 37069 351
73966 90033 351
41051 46696 314
60362 12839 340
96836 59836 351
44759 81809 351
40337 22941 324
76101 38311 340
22651 21242 269
15531 12987 276
92585 75270 351
21951 25627 282
39751 15377 324
70866 42412 340
75463 58839 335
14231 79617 351
89505 30327 351
96053 77888 338
86069 97569 333
65130 12120 340
84751 72918 351
95372 44939 351
41614 99359 351
14206 36611 324
74036 26514 340
25444 88543 351
19450 52757 340
87157 85559 333
20205 12417 279
65976 50479 340
92146 213 351
44804 89749 351
42503 10114 324
51149 94473 351
88530 21370 351
23200 58099 340
74616 91113 351
69160 24188 340
6202 37448 324
60916 73039 335
50281 29678 324
57570 77951 351
80943 81155 276
53857 11589 340
96109 93674 328
35467 552 311
42487 46127 314
75566 26499 340
89668 26148 351
24970 38987 324
54228 28539 340
35899 1133 324
274 57483 340
9251 91436 351
80017 85523 320
74560 51291 340
1161 38805 324
83872 59142 351
36954 60797 340
34075 89268 351
95419 39472 351
89921 40477 351
23268 67938 340
19588 10800 279
89592 79055 333
56562 76136 335
85178 80031 320
83350 50404 351
64864 55472 335
36927 60964 340
21565 58028 340
48177 46720 314
94707 23425 351
39181 61766 340
42966 31719 324
90355 78822 333
64096 39857 340
51526 4031 324
77909 87584 338
59709 70256 335
79373 34580 351
94861 89272 333
56819 81940 351
12190 7006 268
26900 82553 351
83595 6969 351
10019 20384 279
31860 33098 267
19250 58914 340
50991 78728 351
74464 37275 340
78705 65296 351
16167 70381 340
59832 26672 340
58843 54022 322
93702 34011 351
71560 53811 335
20197 24594 282
90592 2597 351
81467 35197 351
92064 19720 351
8927 93184 351
22790 62576 340
77023 83230 351
11899 88817 351
74895 67820 325
84488 97144 333
30980 99849 351
41227 10589 324
66743 58552 335
86811 27853 351
21552 11382 279
81250 19620 351
70197 53132 335
67834 10986 340
15539 59598 340
30525 54409 340
84749 94616 333
14826 59146 340
60083 13409 340
19734 30460 308
98341 19666 351
76681 34990 340
98191 92751 328
58303 45559 340
10640 2906 262
34770 57470 340
63776 53237 335
46339 32424 324
32819 97378 351
84180 62847 351
54249 31673 340
32422 52327 324
81182 99253 333
80655 63419 351
28209 56630 340
79356 96517 333
32788 81920 351
91836 7904 351
30084 41363 324
79209 39361 351
40444 13616 324
33329 11167 308
84277 8558 351
49657 95181 351
40454 97508 351
75782 12782 340
21237 37909 324
95035 14453 351
89650 83511 333
2521 69863 340
48090 67851 340
31795 34059 267
76391 78633 351
57496 44426 340
84629 15260 351
10022 36877 324
17562 320 276
22504 31296 308
9675 20578 279
88159 35837 351
31367 29913 272
98878 26747 351
70313 58390 335
65736 89938 351
9347 2924 262
86297 10958 351
38153 53242 340
46864 8637 324
29783 62184 340
40791 39465 306
65992 40128 340
76352 68211 325
91725 13882 351
98077 43734 351
44510 57512 340
4426 98988 351
3513 90732 351
62374 52159 340
76815 40158 340
51953 89649 351
32030 95773 351
71345 28174 340
39100 69044 340
75637 12182 340
80679 66192 351
51561 35508 324
97434 62711 351
60073 74736 335
35711 39977 306
80546 88298 333
15839 75972 340
26536 67707 340
97806 72439 351
49161 73784 340
26519 59805 340
83738 52250 351
61109 96146 351
27901 76356 340
79668 59708 351
10568 23129 279
6125 27080 308
90282 54310 351
1226 31571 308
95373 80211 333
8873 23722 282
83685 61253 351
96312 78782 338
86053 35887 351
8091 4098 262
12059 65955 340
42264 10489 324
18844 98010 351
50621 45088 314
11985 10340 268
19629 99833 351
65635 52358 340
82294 8981 351
5511 63328 340
54273 29629 340
9573 77716 351
13866 94762 351
96253 19045 351
11409 48789 324
79945 38614 351
32862 66050 340
91094 88139 315
45 88705 351
77553 74371 351
38394 63325 340
40324 40202 244
8078 70206 340
28441 85651 351
61268 4553 340
4568 55403 340
98608 77611 338
86795 21776 351
94522 73525 351
99593 62267 351
76082 36923 340
82612 68094 351
87085 79412 320
63300 34004 340
96171 62783 351
34942 49767 324
1603 30730 308
28967 98729 351
87205 62244 351
8099 79657 351
60602 37864 340
10643 99619 351
10886 66161 340
29505 53928 340
89564 74289 351
11220 32806 308
20148 32728 308
31204 22231 308
38610 11598 324
5716 32695 308
18513 23665 282
57533 93083 351
24016 399 282
35781 91744 351
27332 93587 351
61722 11265 340
77585 24660 351
88599 88639 271
87961 87208 271
92655 12545 351
82149 79309 320
30339 53801 340
13908 91489 351
29599 80223 351
29618 77529 351
41565 33596 324
9606 48684 324
45312 28092 324
49249 67173 340
3592 84130 351
63834 84200 351
64661 42712 340
7384 16053 276
22667 10174 279
13132 87829 351
38581 160 324
52935 40239 340
60673 14656 340
41193 69852 340
9958 76230 340
67082 11739 340
71461 73484 294
3822 52160 324
40249 25918 324
19490 84713 351
15575 16955 266
30824 92273 351
23263 64067 340
20295 60739 340
79773 56530 351
29100 62641 340
94621 32341 351
42181 67436 340
9517 92862 351
92357 32447 351
80369 33067 351
20190 47363 324
91181 5051 351
85782 66127 351
6010 12547 268
46727 79215 351
74641 56334 335
15595 38255 324
87874 92539 333
82167 14671 351
98102 28106 351
96194 20961 351
99374 77132 338
42734 13326 324
29403 40735 324
71885 91348 351
21919 19221 274
87011 57340 351
90347 62522 351
95072 57838 351
42975 10069 324
53196 93514 351
23118 1535 279
51781 69194 340
67968 30998 340
28939 96123 351
12455 96383 351
95453 88197 333
19198 16528 279
8244 81099 351
69848 35182 340
38550 4698 324
55055 30314 340
98574 96506 297
71074 73027 325
9193 66751 340
75307 14331 340
18882 46620 324
1591 47224 324
47100 84293 351
54243 30796 340
60723 81198 351
78946 94628 333
6679 83234 351
98111 96858 297
6914 20331 279
63615 32660 340
93991 37287 351
73991 52654 335
96085 71655 351
34662 17118 311
26152 19769 282
20553 32889 308
3280 57501 340
48436 94666 351
45789 55120 340
77020 2915 340
85401 66653 351
70154 99865 351
78040 11766 351
92291 96200 328
44672 86827 351
91703 37369 351
5862 11656 268
8058 33683 308
91196 9678 351
30532 64640 340
26250 43408 324
88889 13390 351
26245 40726 324
9658 89486 351
79227 58248 351
76427 96462 351
82724 3923 351
18249 37265 324
54693 46744 340
62494 20850 340
53344 84590 351
30395 22568 308
94597 63538 351
97078 10527 351
58019 87350 351
56848 22075 340
28862 37511 324
84321 28451 351
40742 68279 340
38951 76483 340
87073 74892 351
33834 85750 351
60165 79779 351
60091 47690 340
38632 34976 324
29796 79932 351
59356 80742 351
19227 11467 279
6101 14690 276
46499 41878 314
22870 32993 308
56271 33469 340
87145 78034 338
53439 15269 340
73132 89210 351
11837 59302 340
67948 52696 335
78776 80990 338
64353 8518 340
30078 36480 324
20775 76590 340
22070 73477 340
67368 31613 340
51404 32618 324
62831 69210 330
51896 13443 324
15240 41980 324
22765 18292 274
37919 45705 314
92981 73584 351
42488 97516 351
93281 95321 328
48688 22636 324
3001 97478 351
73092 82636 351
69969 78402 351
42409 58143 340
37455 19056 324
51992 90240 351
29357 89296 351
64077 49401 340
11936 18682 279
85353 22557 351
40932 21854 324
10953 10885 193
3055 599 217
82467 77322 338
20746 97304 351
7545 64273 340
52153 84907 351
57602 10429 340
3228 79482 351
19569 97715 351
92650 33628 351
2326 55698 340
1321 48738 324
23953 70707 340
50534 26837 324
2928 24432 282
9330 71790 340
89734 77043 338
44274 24809 324
789 19889 279
53698 88891 351
136 97896 351
23518 80634 351
24771 1334 282
92300 73899 351
12278 51638 324
49218 66447 340
38748 52958 340
94730 83558 333
88563 12223 351
85215 74971 351
37707 54220 340
47767 65462 340
15894 32772 308
32286 87101 351
44177 49195 314
60313 31627 340
98230 32409 351
85750 80248 320
67070 53341 335
59571 18946 340
74570 93208 351
40207 85429 351
75560 19851 340
25741 53508 340
78385 41792 351
70931 24762 340
40446 80150 351
95281 16803 351
56359 87595 351
66495 57052 335
84371 20210 351
56913 97698 351
81278 9459 351
42319 55155 340
67574 96784 351
38855 39163 275
78096 63970 351
33604 37976 324
79512 67302 351
48284 88448 351
87572 61728 351
20926 37060 324
94807 3327 351
65104 28482 340
76265 28695 340
33057 69238 340
79067 8731 351
19024 19056 199
58189 67055 335
36638 30603 324
64141 14070 340
88873 74859 351
67185 8066 340
39862 93242 351
27065 86400 351
80519 92677 333
3709 36497 324
84632 18900 351
26099 69036 340
76906 72182 325
92745 63116 351
62250 13141 340
30143 40038 324
40573 71134 340
97702 82566 333
91126 44633 351
66825 11388 340
58335 25405 340
14813 62278 340
58703 70803 335
33013 29045 285
1918 8581 262
61102 99107 351
67568 43619 340
74598 44861 340
12329 28803 308
5602 23509 279
22898 79052 351
57956 51570 340
63921 67694 312
12758 66216 340
73006 66507 325
36971 36478 231
36908 63919 340
3956 67639 340
86980 16274 351
90699 19501 351
39591 70101 340
53233 93263 351
96368 83850 333
37189 2773 324
37511 44506 306
64568 38508 340
84335 3598 351
3825 48857 324
43814 23461 324
51197 30975 324
92292 53666 351
27840 21856 308
42137 81853 351
56166 85121 351
37531 39138 275
35600 24242 311
60427 36385 340
43636 70275 340
33392 40437 324
44477 94920 351
39176 57356 340
1489 90757 351
84946 69778 351
8454 15065 276
37117 55339 340
42710 77210 351
35346 56193 340
81652 5643 351
39784 97640 351
88568 58195 351
26974 17476 308
81588 69113 351
61443 65971 330
27052 34084 285
11112 84019 351
31987 23916 308
27933 13361 308
83634 48720 351
8208 89414 351
89511 73125 351
85435 57347 351
42504 52474 314
73499 70916 325
3120 59949 340
52375 67477 340
6654 76439 340
35825 19834 324
77582 34150 351
82284 75337 351
9727 1734 262
33085 52191 324
7607 7912 221
76349 97961 351
3980 38701 324
4210 57440 340
24836 6798 282
43655 60152 340
21965 91719 351
84961 8651 351
60138 17091 340
39586 40203 306
88873 11746 351
44392 62407 340
88874 27424 351
30173 78677 351
28311 63857 340
37117 90273 351
70798 72826 325
27504 33640 285
99652 15364 351
22770 92574 351
71804 55997 335
18303 55417 340
55862 78195 351
12992 91208 351
15104 61364 340
85140 48498 351
43798 95430 351
71633 25389 340
58712 26559 340
6838 44277 324
84506 35821 351
49363 69360 340
77514 60983 351
31592 88143 351
3090 38700 324
16232 37520 324
29422 97750 351
18128 74245 340
62656 30614 340
76239 33217 340
96939 30400 351
60604 10716 340
10606 45660 324
69935 1468 340
54382 76892 335
82044 28346 351
71666 97712 351
44231 63232 340
60943 8079 340
57678 95639 351
16872 15344 266
63704 35183 340
68126 46373 340
69395 22098 340
46780 63630 340
95644 26646 351
20861 95753 351
87669 95543 333
34036 91186 351
25975 2692 282
68201 9160 340
38970 40872 306
43449 18879 324
28474 96991 351
15795 10807 276
59484 45172 340
79460 51352 351
4402 2735 238
52948 45489 340
34040 3098 308
1090 46613 324
82119 94890 333
54052 14829 340
18294 86471 351
92222 17649 351
30165 29643 272
52583 84087 351
37913 57430 340
37925 15915 324
16378 93386 351
27575 5448 308
70067 3770 340
5874 53380 340
83987 7747 351
11903 21367 279
40043 91387 351
47766 14828 324
6620 67939 340
6654 37910 324
12773 97504 351
43072 15341 324
39831 83444 351
47839 20810 324
9441 6575 260
67850 90114 351
81301 78995 320
3787 63375 340
23588 70522 340
29446 23286 308
50655 91033 351
93059 995 351
80666 47141 351
16618 75527 340
52608 96774 351
90128 94377 333
2138 5243 238
70293 28293 340
20037 3053 279
85209 83832 320
63452 76791 325
52771 63102 335
80762 41363 351
80824 38899 351
7142 360 262
37003 31216 324
16523 74501 340
11002 3362 268
81144 58750 351
53918 59056 322
65879 14395 340
37675 58221 340
7036 37445 324
15264 28686 308
83375 51547 351
38177 66774 340
67063 75761 325
35374 56080 340
46178 45206 252
52713 51252 340
23439 83260 351
55393 10746 340
14406 90781 351
48878 85309 351
66353 99587 351
19812 18146 274
68521 24538 340
13429 11817 276
76411 30584 340
22612 86099 351
56136 42569 340
5437 6223 262
43542 90981 351
48040 59055 340
97750 21123 351
89992 22583 351
11718 17542 276
54766 36077 340
5383 81840 351
66259 70696 312
79162 37693 351
2228 79106 351
16814 28213 308
5731 64677 340
97270 33348 351
18111 18363 248
77815 19231 351
98462 52437 351
92638 60971 351
75004 40095 340
10036 63552 340
48989 3907 324
62020 39704 340
23108 15601 279
18172 61760 340
65808 26794 340
29941 25888 308
85147 73026 351
12047 36940 324
66174 32890 340
58364 87981 351
6184 84927 351
25936 66349 340
68138 1785 340
75815 59614 335
50359 6443 324
7906 17193 276
40828 23615 324
93549 29120 351
43128 64609 340
44462 46393 314
96363 19884 351
54179 12920 340
32697 27401 285
78914 11280 351
81683 62428 351
19626 40379 324
64690 21850 340
8812 67160 340
31455 41989 324
25586 39030 324
57424 49250 340
16005 23236 279
87054 36100 351
8277 3703 262
98001 32882 351
46528 29897 324
78037 51961 351
20602 29088 308
59202 47611 340
62781 72594 330
77929 45271 351
8322 60817 340
6011 21654 279
13880 74184 340
40085 52486 314
5354 76577 340
96539 41010 351
99876 85700 333
47702 72271 340
33041 87445 351
93800 89481 333
53129 85221 351
97464 69858 351
3644 55134 340
99261 1039 351
74232 24099 340
87976 90282 333
95692 15746 351
29066 79359 351
34793 71728 340
84373 21430 351
45577 45553 239
86858 12805 351
63020 28692 340
60604 86117 351
39020 7096 324
99480 67835 351
85413 49879 351
4418 21713 279
28345 19033 308
37450 26619 324
6023 52970 340
41078 77525 351
30560 23187 308
41470 29288 324
32761 18314 308
15807 44357 324
46499 66587 340
78807 67116 351
99003 72297 351
84944 31689 351
43525 54234 340
55623 20695 340
6213 30632 308
36191 44203 306
50521 82322 351
67179 27579 340
12693 45237 324
10359 89 262
38486 66347 340
56409 49265 340
52178 57749 340
24280 80491 351
81972 64797 351
85833 68168 351
37718 71115 340
41405 47684 314
14327 8418 276
47457 62895 340
11562 56063 340
24417 13147 282
37682 5113 324
54134 4483 340
71666 71332 250
16428 35770 324
32010 4136 308
71297 71510 325
23781 34649 311
92997 32817 351
86902 17709 351
67013 78051 351
31257 5905 308
38162 68417 340
11820 86639 351
85556 47214 351
56570 30 340
17430 9738 276
75357 52098 340
19242 16510 279
47025 16415 324
78124 6830 351
13788 45996 324
31887 18149 308
9097 38451 324
56371 55543 322
694 25653 282
28334 82398 351
16351 80791 351
29936 3696 308
17766 41448 324
40111 89225 351
90917 30435 351
56668 60948 317
86302 7941 351
30903 35737 324
9573 23606 282
39981 38405 306
66934 59480 335
76348 82513 351
70470 96243 351
70255 36757 340
23657 17546 282
83558 34001 351
87965 29238 351
78989 74448 351
46029 42659 314
34273 16470 311
55682 95834 351
48190 66182 340
42433 67759 340
99948 34377 351
99843 51136 351
39302 58827 340
79613 17733 351
93577 98665 328
36504 12299 324
51293 72865 340
76936 19679 340
16451 89414 351
49791 64460 340
77634 69733 351
48729 77769 351
81569 457 351
13933 25477 282
57458 80862 351
19666 12975 279
31232 61743 340
46209 2521 324
41079 21374 324
28542 56049 340
2660 65252 340
901 42560 324
82255 5834 351
42010 6872 324
72285 67735 325
76483 34690 340
75348 87731 351
95941 63055 351
84838 45100 351
91297 67109 351
8835 19970 279
75040 45924 340
40521 40600 174
18758 33853 308
29964 55484 340
41938 6724 324
7396 43125 324
14056 35277 311
73841 67852 325
31247 48302 324
32233 94743 351
94114 97222 328
8798 63835 340
93955 46019 351
