829691 737757 468
905056 849325 445
668387 327870 509
640883 784503 504
669581 401786 509
813049 473429 509
829455 857514 525
35673 408164 443
798025 903272 525
926345 160046 525
149711 23232 375
162792 211714 373
138145 413627 449
883964 800064 525
169308 750899 509
495605 582868 470
630427 858797 525
584336 410539 470
738679 522723 509
741860 67060 509
652180 674985 442
703591 758494 504
998924 279030 525
79023 321044 443
810715 259273 509
193582 267123 443
983380 133494 525
276929 569136 470
226112 19504 386
166695 401503 443
235516 23427 443
288561 448943 449
247348 965159 525
759969 130157 509
630440 489176 509
58594 634286 509
808790 753199 468
763142 897477 525
847916 856311 419
929690 452883 525
521163 293203 470
122073 740894 509
181250 579704 470
913693 925931 445
949420 234220 525
62730 500184 449
499291 855202 525
420909 935892 525
440686 345886 449
669091 869378 525
464842 193289 449
174239 648379 509
637015 988183 525
893034 263618 525
330708 280628 389
639912 94093 509
459321 858388 525
837434 230997 509
774644 459774 509
898266 962836 507
984724 427110 525
354366 692643 509
959760 133960 525
507408 744367 509
389541 800916 509
615273 977793 525
30613 579873 470
749699 114867 509
337276 107832 443
326651 583180 470
559585 111959 470
318457 291994 384
143440 999457 525
199908 825441 509
674411 213474 509
970673 419314 525
425744 845920 525
30083 409543 443
661273 654860 429
882962 577908 525
378459 526942 470
432983 869138 525
983932 610703 525
83958 512657 470
753763 432868 509
549076 904803 525
330881 98862 443
674155 410267 509
719073 688645 504
763779 36671 509
855040 813921 525
480676 327210 449
520923 608276 452
741116 945952 525
714451 111312 509
357745 903585 525
165018 790396 509
569881 430366 470
984758 51366 525
231816 376172 441
565041 332979 470
196386 647420 509
33628 201332 383
473542 125184 449
3410 476887 449
594534 854004 525
211378 611481 470
191900 257822 443
619231 378608 470
691375 740386 504
569731 631417 509
372747 901011 525
345096 761029 509
891445 379263 525
521367 994242 525
246329 858851 525
798623 341343 509
626568 538571 509
681794 107450 509
964555 707174 525
764959 849358 525
413536 47279 449
986936 58851 525
379112 997762 525
390882 863458 525
60424 730178 509
102950 471518 449
356914 150950 443
984604 386736 525
248184 112388 443
592159 594817 328
100554 273755 443
388205 571085 470
212097 14048 383
481599 548083 470
660549 420418 509
708135 34573 509
11181 48128 324
534345 954959 525
389750 389361 299
71215 427286 449
923280 74507 525
82797 4450 351
158680 730947 509
207178 162580 373
21941 796007 509
279039 695059 509
159514 63150 383
64681 926672 525
357949 711719 509
397233 451911 449
403489 695825 509
719093 981253 525
862302 962812 507
225216 465536 449
424486 535507 470
225239 139477 386
366133 289983 441
744691 114545 509
758996 29051 509
939479 776672 525
40676 425261 449
121497 887389 525
703881 97057 509
141441 506279 449
195243 668850 509
277727 247996 407
3275 354595 443
781517 722931 468
767050 247095 509
653253 727773 504
198078 387051 443
452272 437471 400
546952 929360 525
379365 990484 525
45166 739144 509
409325 359125 436
284288 20711 443
803720 363168 509
655946 901053 525
578293 718407 509
918762 835670 525
495817 988015 525
570000 552884 421
139746 978516 525
53083 372605 443
756286 315588 509
223319 70689 386
799871 411482 509
356528 38253 443
607819 248713 470
925047 926727 370
661855 754736 504
757348 115220 509
916471 866078 476
771864 150879 509
632762 865299 525
144371 87536 375
410460 433496 418
974787 109654 525
769197 389133 509
687233 573229 509
146400 461937 449
287831 848257 525
328751 447336 449
283171 562595 470
447937 957346 525
705709 330482 509
523987 606732 452
890903 921135 476
486074 852652 525
982686 373941 525
464143 59594 449
375057 657339 509
142320 889359 525
357429 687579 509
358662 990069 525
692610 140793 509
14977 286582 443
236501 550401 470
605992 491311 470
48869 754740 509
950417 297313 525
639768 451846 509
65719 208544 383
373107 789109 509
691869 77807 509
256807 423759 449
984003 882828 507
476800 937400 525
544479 92982 470
483896 568564 470
360368 372507 392
469303 158666 449
719475 976648 525
210049 600128 470
43809 481131 449
931809 605041 525
953047 668640 525
206005 711288 509
785977 185992 509
865128 562752 525
493359 903910 525
733228 440657 509
237803 298193 407
822929 141607 509
607963 643062 509
607489 808974 509
189124 682931 509
88258 977793 525
35528 317467 443
420854 971265 525
199231 625185 470
544843 929885 525
379172 154598 443
323525 917374 525
889881 751036 525
777055 223917 509
689257 264623 509
68491 595823 470
394001 81766 443
735662 717703 411
996794 372012 525
604243 169484 470
61877 643713 509
978669 602661 525
70874 523758 470
103635 924236 525
277729 737805 509
583260 128697 470
848852 699889 525
175355 5801 383
623544 391544 470
526528 610212 452
899129 470898 525
646905 44487 509
933133 840647 476
127918 911473 525
192361 627869 509
957090 720961 525
576138 133404 470
479672 77792 449
517506 140979 470
867105 340949 525
735031 590678 509
131386 194615 383
463746 51883 449
41703 33346 324
432360 206496 449
441103 282146 449
580180 481077 470
936002 76429 525
614765 390955 470
332917 750396 509
740508 39614 509
904010 911695 476
796505 774439 468
672908 68884 509
258294 222157 443
950641 826536 525
316671 676866 509
319506 429901 449
701474 25547 509
535369 998197 525
375470 954178 525
884908 454644 525
26288 991054 525
616979 576582 447
510836 671483 509
36147 282546 443
139024 92161 354
737618 68014 509
996644 762802 525
567066 985391 525
518007 742632 509
660272 507438 509
89154 706419 509
316495 573888 470
609621 551117 434
877724 453761 525
696033 70722 509
800248 642495 504
886924 558459 525
37056 730454 509
319897 783857 509
704648 909100 525
227189 318720 443
261667 818788 509
483850 482163 351
256636 448050 449
858266 601194 525
403917 203203 443
968223 561479 525
586907 373440 470
295000 467619 449
82300 115995 354
320952 252778 407
498359 579212 470
100727 58229 351
823214 856302 525
244064 83730 443
148789 480741 449
115048 545647 470
657759 509852 509
249268 676514 509
6307 605230 470
299926 340113 384
611909 340759 470
251378 929087 525
10913 716328 509
416685 170401 449
954318 476632 525
58836 479596 449
991500 276643 525
260816 969481 525
28892 454830 449
651180 752550 504
585994 482774 470
470545 128716 449
564759 878504 525
171420 223128 386
819432 922595 525
184722 450881 449
664693 603184 509
492815 149664 449
797932 95590 509
315659 445210 449
354586 667849 509
112845 848641 525
286808 775135 509
163145 572524 470
275159 534472 470
782547 227455 509
458545 407532 449
281892 226391 443
287435 60396 443
712078 424829 509
330726 571038 470
700719 805028 504
762952 319892 509
374218 167623 443
487138 511153 426
561144 488469 470
648890 824873 504
850143 107335 525
886133 578836 525
185429 27755 383
673369 895447 525
622194 229991 470
547230 718459 509
54618 544865 470
380560 501619 449
85377 1817 351
770045 458500 509
756366 705563 424
199945 440403 449
446937 724393 509
836703 224749 509
191868 258103 443
190076 603454 470
39936 234520 443
487032 67716 449
946577 160884 525
831724 502529 509
136581 391427 443
395180 853859 525
753225 400267 509
254530 619695 470
292050 694464 509
733747 383874 509
904317 834983 525
265110 153240 443
483371 546252 470
791880 179699 509
888684 899337 370
68565 1869 340
846433 277234 525
949707 301078 525
491043 109027 449
21568 730582 509
21798 34223 308
173794 985314 525
595201 734959 509
723305 784324 468
568643 384147 470
700077 974321 525
656255 557186 509
672966 605652 509
101939 826846 509
75245 482859 449
39076 814864 509
909734 375202 525
798735 144647 509
515683 97721 470
126270 565894 470
717386 775346 468
466051 258330 449
656877 319390 509
847066 487596 525
428339 968354 525
442987 730283 509
569596 917463 525
696708 898419 525
744674 329906 509
130158 491837 449
464073 969642 525
844576 210572 525
868869 987113 507
887049 195084 525
375150 476337 449
243 566268 470
795547 820642 468
671743 209997 509
542334 416785 470
26089 248026 443
506771 622191 470
259918 837725 509
369519 695111 509
327730 506047 449
413507 115816 449
794356 705478 468
521616 414418 470
759752 614401 509
775802 982226 525
124045 91942 354
372497 118537 443
652060 74079 509
207019 941272 525
207652 407191 443
341544 536491 470
530006 842038 525
356831 538736 470
619807 956809 525
982077 371311 525
366941 400755 436
292626 973410 525
243111 480885 449
257465 569584 470
829182 208813 509
460621 625643 470
48719 964320 525
779059 6361 509
156677 554499 470
114971 605342 470
427203 459875 400
160200 109914 383
337741 696822 509
599317 73929 470
320340 879100 525
171366 144143 383
917500 929693 476
149895 446462 449
69172 746948 509
201366 199365 342
57392 821015 509
60570 605905 470
903829 869266 445
571367 455393 470
380076 99475 443
594578 182514 470
591536 783758 509
531351 436148 470
963107 836367 525
655085 718748 504
918228 208100 525
318516 196847 443
274393 453183 449
309642 741341 509
383243 746769 509
423566 423872 418
879810 339566 525
607087 77976 470
736684 972805 525
357828 695577 509
221934 746134 509
905132 419123 525
134457 67625 354
980780 995909 427
466400 452991 444
446008 738508 509
312198 143541 443
638693 872397 525
111804 959811 525
627568 678453 442
968445 69467 525
817613 939877 525
309117 935967 525
675076 307529 509
798329 760079 468
221032 680740 509
566284 767817 509
167935 462139 449
274431 288500 389
461232 398662 449
18811 714776 509
860862 352003 525
547669 681727 509
109944 546228 470
997630 368250 525
839536 614216 525
458217 879567 525
595665 158013 470
758311 487515 509
911947 807781 525
1755 415519 449
707872 635073 504
79094 369867 443
645767 614866 509
536914 360445 470
686612 129768 509
492889 421171 444
621613 841376 525
669952 572243 509
256844 282951 407
92263 305551 443
923420 845678 476
686140 929790 525
938207 641419 525
360673 640691 509
745980 987806 525
412222 959301 525
978105 447048 525
424526 346735 449
959462 666665 525
627643 734063 504
443479 636082 509
714262 280318 509
525806 371773 470
888840 567814 525
35559 330004 443
860008 704255 525
968715 695224 525
182507 223315 386
834053 610060 509
607520 25907 470
834351 566827 509
231715 452311 449
248477 732133 509
447473 206171 449
421922 173202 449
591993 486462 470
933097 79704 525
316855 725728 509
983204 948312 458
254731 988698 525
578987 763221 509
772641 137355 509
548468 822939 509
986406 559496 525
34813 341168 443
557170 705340 509
149010 567387 470
850530 381750 525
706594 576328 509
924110 539649 525
490122 650756 509
719551 585176 509
702988 415055 509
867218 413629 525
932734 581090 525
491455 323844 449
402421 817457 509
94836 606480 470
838050 490928 525
924583 942670 507
195883 404954 443
931443 30234 525
273922 896682 525
271559 707050 509
743509 806117 468
509814 866728 525
161240 325274 443
756222 83104 509
363363 968107 525
461818 905712 525
194541 961272 525
497357 901118 525
902007 732251 525
22711 511846 449
265349 711758 509
86413 517357 470
663268 70365 509
819273 998424 525
825977 359697 509
871503 32798 525
474974 830133 509
778546 845766 525
719751 700226 504
515664 275779 470
612797 329716 470
625983 727543 509
477100 882115 525
408440 220488 443
393179 39817 443
988971 637278 525
24741 679465 509
138669 4747 354
724952 521422 509
451274 98058 449
178932 701781 509
337372 720122 509
704374 991065 525
653757 665576 442
812480 782015 468
424744 383812 449
862111 917271 476
554357 749144 509
496527 918576 525
26737 407697 443
976544 94599 525
479236 294126 449
960948 786037 525
632674 561140 509
785871 315027 509
796693 946676 525
936864 247594 525
603910 709101 509
518051 89167 470
719033 843958 525
487875 468261 413
827814 148752 509
616189 525723 452
548659 973078 525
731735 690700 504
6186 256472 443
238615 554243 470
148059 518746 470
292383 140182 443
471608 37121 449
220752 296846 443
949805 75408 525
784658 448199 509
359937 302120 441
82626 502973 449
833234 469009 509
60619 257843 443
171383 171610 272
920071 856756 476
782507 691917 504
727349 257293 509
884397 425450 525
645936 4820 509
478066 450267 444
709364 144466 509
774385 59877 509
511241 140211 449
507342 334966 449
345393 652456 509
734400 526669 509
562770 953492 525
993561 771045 525
148262 334033 443
476213 217527 449
319383 119430 443
360336 855008 525
75379 527710 470
366283 723303 509
224866 729966 509
704722 710496 380
724348 493099 509
273775 952524 525
505657 676758 509
440489 996886 525
984527 967205 458
971329 710525 525
148205 741658 509
577371 669963 509
19436 919667 525
111776 493906 449
758837 705435 424
449853 161025 449
962770 892466 507
249922 961574 525
173192 15681 383
574611 179024 470
675091 401010 509
113629 101683 354
42076 987584 525
817385 762405 468
545269 676625 509
500123 232247 449
299468 419665 449
872417 487227 525
408737 439745 449
67276 476170 449
774809 630555 504
71105 948097 525
190310 349320 443
817280 709319 468
706316 29181 509
53058 88452 351
723157 479191 509
30935 616263 470
54193 5332 340
931445 672732 525
832265 434133 509
49325 155320 375
837363 669518 504
254675 437979 449
166295 244556 443
416207 817643 509
151847 966419 525
217173 403402 443
631740 389862 509
19111 235979 443
778744 273634 509
979960 242771 525
78265 321405 443
838440 793325 525
604394 190737 470
652587 927396 525
879623 604579 525
765554 976628 525
760216 208116 509
128246 577815 470
168277 412854 449
561891 145288 470
409722 440592 449
991873 167920 525
669486 900454 525
244889 527280 470
633425 185228 509
6946 912996 525
217930 460628 449
461633 83233 449
338842 736002 509
481359 607918 470
296245 13338 443
850228 955570 507
674276 853514 525
945551 519285 525
308752 982835 525
459495 762601 509
937451 109638 525
981987 994086 427
995905 305555 525
783202 284561 509
347673 829267 509
68890 866241 525
486214 528088 470
175320 793254 509
627599 606372 509
281744 423023 449
862169 127475 525
436248 294113 449
453912 724664 509
13105 749837 509
463290 185745 449
83935 15045 351
894128 330656 525
601049 533580 452
657439 591548 509
781747 911046 525
686103 613953 509
309635 464121 449
273215 145107 443
450663 832057 509
148807 562196 470
321178 496997 449
547327 646019 509
718877 17606 509
982064 989182 427
40514 908450 525
53047 81102 351
509080 549564 470
761150 532840 509
507386 897186 525
878513 363517 525
949491 678211 525
128638 888256 525
279124 1573 443
675046 708227 504
766840 257296 509
305806 693016 509
981446 720655 525
205087 343595 443
636623 375841 509
501616 939855 525
417092 133081 449
223806 710446 509
679673 666887 385
119105 531089 470
961461 105257 525
292486 291685 340
355055 995621 525
458089 771772 509
225289 215716 386
228687 417728 449
313520 306687 384
433266 677392 509
595668 10344 470
519014 939109 525
70176 824157 509
207244 686895 509
567291 331245 470
847090 175987 525
455125 194190 449
7057 156294 383
585495 279347 470
228787 496333 449
489453 716873 509
706262 104207 509
524370 737086 509
737621 198280 509
505916 258052 449
677559 852341 525
763235 254128 509
72678 480759 449
902619 70056 525
674864 957117 525
282101 200615 443
74054 816027 509
449805 685935 509
169172 198151 365
485746 592969 470
467998 39218 449
19331 293793 443
527631 632932 509
713331 339876 509
250706 75279 443
398727 620735 470
12609 413185 449
52335 634447 509
942234 411682 525
124160 504943 449
886619 457933 525
995128 715349 525
662929 633857 429
571596 305198 470
875325 248809 525
963478 106247 525
798868 805621 406
731611 901503 525
771872 784376 437
322553 296060 384
209652 44445 383
411787 560135 470
564707 878205 525
34931 581538 470
76084 931278 525
483457 731798 509
519728 318158 470
166039 775379 509
782397 922973 525
325997 660653 509
497351 262794 449
57259 703186 509
761355 109206 509
395892 745637 509
215300 295654 443
165193 964030 525
664608 684413 442
202877 733533 509
275361 5150 443
620675 627405 509
409701 312244 441
222907 377014 443
630524 796066 504
279402 300043 389
620295 86149 470
617129 770883 509
576038 681209 509
487217 845377 525
398066 214389 443
176344 75921 383
830738 254409 509
230914 638353 509
348117 942500 525
865375 393694 525
975161 588698 525
466232 387354 449
224816 179544 386
362271 271904 441
335083 4710 443
745926 841775 525
901678 964271 507
518899 68218 470
547508 149029 470
262450 914778 525
523066 294418 470
535313 97682 470
689781 613787 509
741652 14133 509
66911 78107 351
967914 980180 458
60761 944194 525
56888 154003 375
972704 817939 525
751904 479190 509
521112 691849 509
548900 559467 421
160947 620650 470
433737 959618 525
127750 235340 443
825553 572896 509
96826 542471 470
992527 545873 525
434609 200447 449
88846 109520 354
232816 511707 449
637570 24399 509
342929 627734 509
159452 333579 443
340373 638574 509
268042 296752 407
559013 820911 509
498836 404404 449
349640 182105 443
516728 286226 470
461789 462876 369
635072 617357 509
428135 896106 525
493893 404610 449
430575 176684 449
653174 595635 509
898807 547757 525
62848 601008 470
615759 858761 525
245352 201654 443
603554 918309 525
248173 359825 441
125615 459144 449
701343 848395 525
966362 116429 525
650798 754233 504
126542 715531 509
661148 738620 504
864120 912904 476
220438 592361 470
519904 883021 525
9479 574815 470
353666 656799 509
949083 116598 525
644077 972331 525
590891 142163 470
474919 399302 449
393082 767187 509
571090 119056 470
404949 490375 449
240115 197988 443
995417 996826 365
102025 978856 525
157281 210218 373
245270 872975 525
177232 725692 509
958150 560128 525
485385 20933 449
333947 688181 509
84651 192350 383
42998 693203 509
600406 830689 509
183160 799555 509
794857 233848 509
107453 307016 443
920990 610841 525
15227 819163 509
251393 400731 441
653421 635534 416
44954 114257 354
612962 985796 525
861322 429584 525
271405 419748 449
121783 678683 509
426437 731770 509
904207 102235 525
180541 518124 470
837181 9259 509
720907 430869 509
899580 279539 525
311928 322732 384
311217 926392 525
532143 617009 452
911509 605056 525
66342 359093 443
841956 553956 525
338417 196618 443
632846 335907 509
958440 757716 525
35355 122875 354
553884 466548 470
363408 217479 443
689226 338444 509
5646 542367 470
923737 592419 525
517481 129524 470
245536 256868 363
888300 908363 445
710075 467525 509
29222 585862 470
373331 797086 509
512058 743696 509
361054 484712 449
741099 253996 509
333896 194199 443
400560 997510 525
562006 755958 509
943967 976975 458
185447 3589 383
592470 941627 525
524371 271647 470
846866 758321 525
799087 891094 525
31279 25781 308
164335 539226 470
411054 746428 509
504651 738211 509
934282 974667 507
304717 125409 443
398342 788745 509
713815 223985 509
335372 758004 509
798119 192133 509
517359 84379 470
2976 887806 525
532205 60293 470
269557 972485 525
598207 158510 470
934586 297808 525
467743 665309 509
56483 254410 443
862145 854010 419
10131 818622 509
484221 39051 449
112801 144000 375
497397 11368 449
519982 751633 509
708891 400707 509
559192 985363 525
957315 970117 414
521273 809010 509
671575 400542 509
284368 154965 443
183780 973987 525
558348 693186 509
888669 995799 507
993347 860495 507
551633 185541 470
512430 590461 452
632304 24153 509
585606 487021 470
118851 311623 443
343404 114017 443
845483 641890 525
63292 162827 383
983791 252059 525
639117 160987 509
740460 50465 509
849149 125684 525
316515 186365 443
695673 110265 509
238537 315439 407
569514 645850 509
244172 207412 443
238259 260434 368
725971 411500 509
772259 874409 525
948518 167406 525
633300 833517 504
861644 242859 525
524908 471819 470
535712 710687 509
916293 314056 525
380760 183966 443
278575 92014 443
332280 326390 353
373203 955795 525
388666 432159 449
74989 542370 470
917622 921420 432
853554 572579 525
414365 121556 449
505395 743507 509
793938 941936 525
407883 686353 509
791719 36766 509
767246 593160 509
726502 500964 509
754546 56208 509
25527 892346 525
869465 683035 525
256936 981210 525
747401 627951 504
562564 920909 525
555996 868686 525
493742 994081 525
992428 193176 525
650986 164536 509
662820 643918 429
127402 377531 443
347948 72053 443
326264 477436 449
752475 182453 509
195163 228537 386
955164 219670 525
208538 446181 449
182923 977554 525
210794 862345 525
956663 154327 525
448120 992280 525
672104 916431 525
206002 306264 443
975678 205844 525
263024 565509 470
977529 397352 525
471334 351345 449
622193 240504 470
571423 686671 509
876467 599169 525
698065 801640 504
903142 820934 525
706201 596782 509
277685 692769 509
793108 137741 509
495974 516503 470
89304 783261 509
959137 839220 507
214180 144941 383
986824 800090 525
907992 816670 525
653135 996538 525
636976 769233 504
163476 712680 509
437356 201004 449
632038 408523 509
324199 94301 443
269021 694351 509
146464 461222 449
381056 381997 374
835880 214093 509
80375 239581 443
717911 96308 509
901489 599052 525
807480 15290 509
910678 13213 525
662581 321978 509
534620 965847 525
570862 65138 470
472095 175467 449
96317 926141 525
164162 834744 509
381744 757826 509
373829 5070 443
152424 772821 509
433920 381986 449
522795 664066 509
830652 807307 450
789415 858364 525
473299 447912 444
585252 892007 525
763418 58024 509
333022 339374 366
3309 29953 308
407356 78830 443
95301 267777 443
372667 238135 441
181753 241108 443
736621 402474 509
921605 675733 525
859981 710759 525
326711 253935 407
579816 79282 470
142327 306315 443
195599 309540 443
528776 971796 525
609453 580672 434
609093 747291 509
604462 478568 470
49673 8570 324
408229 146038 443
512389 888984 525
944044 521348 525
687556 720059 504
567805 849545 525
179077 541365 470
530808 398697 470
726663 495584 509
488760 898687 525
207555 874432 525
923064 190811 525
408806 226793 443
442992 226474 449
691609 780444 504
925726 103902 525
947991 780793 525
865013 797817 525
889685 429785 525
179099 804556 509
773701 891105 525
363291 350389 410
81770 181027 383
454334 956170 525
37315 779337 509
860080 805774 525
608675 304402 470
38956 942928 525
808073 405188 509
385850 665341 509
57048 388517 443
783839 901890 525
487994 901966 525
384670 871791 525
889744 114885 525
572311 755803 509
991322 963246 458
21314 465730 449
817319 305725 509
103746 980789 525
257535 3722 443
756174 805251 468
787944 489490 509
449665 418152 418
918432 196996 525
72114 411204 449
104707 569417 470
127833 489841 449
408484 910285 525
427230 332752 449
769413 693479 504
522820 503836 470
726767 354746 509
121645 304289 443
167362 869084 525
981734 870423 507
367376 710350 509
612250 383520 470
220667 805487 509
890241 466640 525
60111 154780 375
897734 891819 370
468729 956701 525
186302 942351 525
775254 767448 468
528165 688699 509
895796 338463 525
435319 184255 449
884249 726255 525
980143 905533 507
923005 487657 525
819542 258746 509
329485 489594 449
204550 484281 449
818278 882590 525
835093 716231 468
447135 459321 387
139508 773308 509
151680 466381 449
603732 702220 509
711314 404248 509
981382 216383 525
808026 352661 509
352204 152602 443
936779 27918 525
933703 696720 525
662505 694351 442
154690 794529 509
104461 198176 383
896012 227753 525
215083 648120 509
720215 323393 509
179687 772162 509
758081 289612 509
760564 156486 509
558127 614886 434
41319 992435 525
334866 913586 525
800578 767215 468
773108 214321 509
243555 220357 443
481604 97550 449
558328 68467 470
11471 984602 525
975660 488902 525
887714 734830 525
391452 32532 443
132753 351213 443
680432 41408 509
469076 174097 449
444742 650312 509
376988 937383 525
549666 854105 525
751905 925712 525
948111 713749 525
722366 676167 504
279223 868216 525
827041 171207 509
654490 117709 509
838384 404414 525
209761 858596 525
822707 523496 509
746374 891704 525
568248 669757 509
486469 787693 509
566512 629994 509
299436 64638 443
886475 577415 525
866992 565116 525
83906 224187 386
677663 150830 509
909821 947153 507
651120 861253 525
257073 143827 443
495208 553389 470
130130 356283 443
604501 293684 470
156701 577490 470
523784 766303 509
728899 846003 525
576581 162702 470
561591 464313 470
575481 246878 470
594833 841470 525
431656 792090 509
979880 289187 525
165162 801338 509
587201 363392 470
482029 217151 449
425107 839137 525
326331 753433 509
40461 998713 525
500507 100491 449
585491 969912 525
209103 688397 509
54851 315647 443
816441 349328 509
554799 858292 525
349229 413815 449
375737 604501 470
913184 5269 525
862661 904752 445
619640 183198 470
658297 182690 509
925139 114948 525
943236 246213 525
751181 600072 509
44550 935947 525
618798 48877 470
33984 360997 443
263000 571630 470
725099 771979 468
638572 138619 509
513350 577580 452
166557 406496 443
201435 851698 525
798831 283249 509
349901 421943 449
534081 274647 470
893005 94662 525
814172 933439 525
204265 753271 509
199035 820336 509
237522 898398 525
13433 109300 354
43046 700642 509
122332 384625 443
358498 140058 443
882462 839841 432
902173 854380 445
890685 670251 525
535740 783730 509
774822 996734 525
188311 983314 525
869803 839839 419
289340 161972 443
643213 351327 509
625128 603643 447
918790 99978 525
398976 210105 443
850944 632406 525
426530 371325 449
560718 384403 470
920842 325262 525
57229 471400 449
787251 245624 509
98076 433444 449
402565 561270 470
40557 551952 470
105555 11385 351
843611 82238 525
207121 673111 509
105736 56667 351
405945 354349 436
594815 199860 470
161445 261540 443
985362 422171 525
921818 981315 507
541393 700862 509
287490 439269 449
187442 211605 373
330414 941122 525
345524 945032 525
579523 609104 434
65529 249297 443
704487 677862 442
991574 898432 507
589319 979103 525
145959 747401 509
927275 859144 476
292438 177713 443
842086 167134 525
110730 553350 470
771735 95335 509
841770 355992 525
100734 591981 470
641964 718463 504
673407 421804 509
747821 997194 525
619171 229253 470
161324 110432 383
682191 174026 509
990411 660520 525
351908 894809 525
440066 787946 509
796557 703969 504
870667 465849 525
84920 645044 509
583224 262763 470
450889 657447 509
662851 958654 525
243962 630939 509
685523 22854 509
631866 681036 442
914266 16811 525
94450 938784 525
455034 408311 449
289682 574796 470
124719 930978 525
796514 578846 509
480207 893071 525
171267 626498 509
315286 418668 449
68749 86342 351
333487 203042 443
162115 110046 383
866377 845789 419
298662 670008 509
355929 821095 509
196505 282211 443
282508 987583 525
339803 304195 384
565661 139940 470
689514 636994 442
341371 287603 389
176434 898142 525
622757 963346 525
627292 796956 504
862808 214861 525
425367 671842 509
212670 541128 470
582121 364075 470
840951 510395 525
158153 353491 443
70138 70413 312
491046 650279 509
853603 74674 525
435075 812643 509
533705 304354 470
215032 373611 443
513115 591454 452
85775 187802 383
825447 868301 525
199054 572771 470
760788 517806 509
934235 44133 525
756475 862775 525
188925 369220 443
485156 691754 509
404355 624675 470
929681 46867 525
311294 114479 443
282628 719365 509
252890 950213 525
161546 230545 386
903284 173116 525
618401 952179 525
978381 614368 525
486233 632445 509
719504 309419 509
755656 291377 509
951413 629895 525
770093 480633 509
438749 277088 449
429905 887624 525
856654 251030 525
643318 839428 525
440001 698286 509
992728 245634 525
999831 673545 525
483969 622182 470
297227 822293 509
905203 347527 525
264453 995065 525
218115 481585 449
781754 168133 509
590761 189849 470
606364 998819 525
904881 941458 507
241940 540434 470
50884 971821 525
960036 800224 525
209722 989597 525
520986 769070 509
52427 653935 509
423855 562617 470
836491 999723 525
850340 181404 525
378130 496134 449
645187 535896 509
882425 500146 525
909112 491298 525
136120 638027 509
496189 857114 525
620838 899640 525
792993 341137 509
432762 573659 470
412767 701324 509
506519 322130 449
335823 146782 443
597128 161844 470
94451 184528 383
932179 538157 525
594117 127736 470
409041 990599 525
210471 840024 525
588640 308930 470
854382 130993 525
195953 794353 509
668801 881349 525
473757 696347 509
434444 612683 470
307798 582540 470
817685 745290 468
403017 922702 525
513322 97258 470
201533 81458 383
19101 984041 525
259708 717765 509
757027 148110 509
479681 738702 509
810275 769938 468
966152 67579 525
641074 827173 504
545068 452062 470
540110 856150 525
209853 486965 449
942061 883047 507
760536 433103 509
290965 728371 509
530868 912339 525
256364 943835 525
775977 379104 509
149955 99487 375
547046 399080 470
126237 397046 443
912032 790864 525
116989 682137 509
716812 815965 468
583231 26086 470
458135 744678 509
979888 889303 507
674422 288352 509
231583 739462 509
72686 484302 449
125394 210721 383
652551 973733 525
626713 288414 509
531781 840815 525
307779 686136 509
68031 655467 509
44971 657219 509
728836 862835 525
82327 966318 525
190541 198570 360
636540 456469 509
364049 756757 509
814057 939091 525
944 707392 509
467960 33078 449
298201 329354 384
279428 276673 389
189175 139566 383
324218 102297 443
835515 616169 509
813659 650639 504
730272 518560 509
286800 562778 470
130228 132565 331
889889 376470 525
512903 58606 470
818025 339632 509
241716 264475 407
548030 251857 470
282194 598571 470
841767 725302 525
794198 606795 509
960394 95344 525
91133 714797 509
182838 987672 525
36092 403988 443
824707 685525 504
91121 391349 443
63911 870590 525
265322 727491 509
353224 197475 443
878915 868687 432
4269 911703 525
928797 298618 525
725115 432776 509
518365 288559 470
33816 118229 354
977748 83223 525
374607 84195 443
294091 309903 371
444281 121937 449
699254 438480 509
887256 953410 507
342945 166340 443
987663 189597 525
833894 226065 509
228273 254409 443
776451 132864 509
445226 938522 525
759527 622506 509
893540 506456 525
381593 398032 436
856985 776513 525
980237 592136 525
241218 548592 470
655935 571871 509
357897 649456 509
986512 764954 525
802654 1528 509
17536 351269 443
643026 140785 509
358743 988148 525
354722 456112 449
369462 980722 525
990149 377819 525
49872 615900 470
666503 13462 509
119599 30418 354
231644 177950 443
559304 884149 525
468804 94508 449
461180 573442 470
852897 347597 525
485704 31496 449
721461 55830 509
186062 428597 449
185763 899272 525
617763 497694 470
268631 184396 443
94312 838686 525
599307 732726 509
875385 849608 432
882843 517354 525
467070 621623 470
884504 996141 507
595761 228203 470
836048 758718 468
531401 37150 470
17147 153599 375
427910 383089 449
585078 659930 509
508791 872499 525
36159 789665 509
307730 651820 509
606624 919521 525
845145 643505 525
366279 177936 443
749240 123805 509
485703 575689 470
133849 350706 443
829970 256320 509
235158 228559 443
327275 285896 389
354887 138784 443
700108 281915 509
555844 908660 525
974718 272265 525
382540 932399 525
466617 794417 509
870313 94195 525
679677 945043 525
286038 217237 443
159267 930007 525
153994 509460 449
488417 567461 470
950608 579307 525
351386 482490 449
427414 923560 525
928861 8353 525
51811 633134 509
566728 269199 470
632464 399155 509
685477 840819 525
940901 416216 525
654398 445875 509
625449 89140 470
721491 273073 509
805744 256380 509
164556 417938 449
883889 620413 525
190836 718898 509
798738 375605 509
664834 886495 525
533319 935070 525
761933 613525 509
201959 61010 383
862036 86426 525
456770 81857 449
38711 168803 383
684358 830417 504
295892 48343 443
330651 637596 509
529025 895323 525
821664 328769 509
615259 892039 525
413491 692653 509
312267 335003 384
228461 203216 386
564681 597915 434
587234 868705 525
33152 186945 383
39458 414668 449
889599 723193 525
987406 989390 352
412206 975054 525
20565 276213 443
183434 154771 383
128719 473837 449
937909 455647 525
24162 225322 386
858488 886211 432
556948 145408 470
13075 705228 509
63347 455997 449
423589 395844 449
768458 794115 437
681547 750846 504
688079 820353 504
410774 707272 509
929900 161378 525
287061 794665 509
897119 320199 525
472917 837326 509
880205 67821 525
317235 315171 353
241633 398949 441
770068 20059 509
261696 301059 407
672581 84927 509
687723 50881 509
153368 653026 509
542283 502001 470
746935 875816 525
788390 688671 504
287372 525471 470
113871 686746 509
155705 390079 443
248307 458648 449
874090 677437 525
818094 602406 509
107106 379326 443
807177 496666 509
434582 845751 525
93137 872047 525
691582 476157 509
971638 460348 525
468957 34312 449
59179 7835 340
948794 611040 525
183195 714226 509
36795 62879 340
969774 310619 525
785284 601782 509
293568 263951 407
498037 67687 449
238359 251542 368
985964 196451 525
476255 509740 426
238966 518619 470
359133 74660 443
146606 324740 443
854541 793631 525
555337 853896 525
274159 292408 389
132304 672547 509
76771 57188 335
751603 131890 509
734281 304657 509
807944 353124 509
108067 683436 509
246749 693313 509
936275 306158 525
469193 285571 449
869021 692346 525
23225 306697 443
267788 248780 407
807243 373547 509
272061 729237 509
145216 778063 509
966983 749952 525
540951 740664 509
175589 136121 383
373766 549433 470
801750 459393 509
751433 360962 509
219914 123229 386
319824 181338 443
664535 640396 429
689159 68864 509
736160 917921 525
386723 666649 509
390878 411437 449
826210 932997 525
389557 192734 443
491532 117759 449
486340 493253 426
343536 476332 449
845341 306719 525
383877 717802 509
516989 492014 470
701975 556076 509
414502 954894 525
949889 957890 414
463715 2691 449
243491 872400 525
661819 57538 509
560057 125290 470
976792 383555 525
82733 473818 449
691175 967818 525
866807 355118 525
133067 283773 443
916898 579575 525
701638 188532 509
247136 164106 443
160795 458656 449
304997 888742 525
473452 84697 449
927123 688034 525
280697 718300 509
123822 624967 470
215891 534909 470
101370 26666 351
378723 910855 525
990136 805551 525
392120 541165 470
520390 315035 470
25503 576771 470
476145 37943 449
907900 700189 525
494190 181472 449
201099 11686 383
817892 742139 468
271424 699969 509
841035 435881 525
177607 779418 509
795873 242917 509
107231 913735 525
487409 162526 449
353149 518376 470
811334 767848 468
306763 314649 384
388802 385710 330
516965 386756 470
709733 92062 509
685426 358788 509
347802 892837 525
994149 827933 525
96719 355348 443
263115 294243 407
769087 972513 525
710802 123419 509
301051 727287 509
360995 791481 509
205455 56818 383
981537 458307 525
965991 993350 458
297000 463620 449
390229 867215 525
500871 5804 449
762940 461596 509
890519 453398 525
11420 823646 509
204891 820711 509
962985 232645 525
730865 81091 509
79912 324126 443
131260 894543 525
34793 484169 449
355598 781346 509
749371 424975 509
621125 765008 509
623672 496610 470
40577 844539 525
373453 335113 441
363186 629624 509
52766 869914 525
369035 690229 509
911839 506127 525
147899 579269 470
675614 985618 525
936856 160439 525
343434 320248 384
532557 120472 470
468931 918685 525
449406 729093 509
278706 390272 441
411523 970372 525
142324 236647 443
237477 53785 443
387553 621455 470
129623 925684 525
925810 422553 525
324367 671304 509
350272 643820 509
87705 951758 525
996534 595128 525
888460 737011 525
454532 737609 509
353752 690885 509
204535 810431 509
41516 275811 443
458058 584270 470
796137 829062 450
31626 503906 449
623670 531845 452
766848 531832 509
678552 830363 504
21944 417521 449
842861 176571 525
139991 995683 525
683322 918952 525
624804 571985 447
215811 875969 525
920309 960750 507
525844 297475 470
324594 917896 525
28795 462488 449
107125 260393 443
103988 652938 509
140121 952437 525
612035 296100 470
798241 293031 509
759714 832373 468
788385 894023 525
528927 676789 509
239028 285711 407
911877 660404 525
852669 758720 525
326259 670540 509
355988 877646 525
145934 52357 375
792765 642652 504
828315 803092 450
196869 634568 509
552817 714628 509
651799 225542 509
