1 10 20
100 200 125
201 210 89
900 1000 174
45 90 116
1 50 112
1 2 2
1 20 21
1 40 112
40 80 116
5 5 6
289 20 128
345 357 126
450 280 144
426 352 134
105 462 144
377 68 144
445 97 144
361 327 144
335 350 126
484 259 144
68 76 116
322 403 144
392 14 144
311 483 144
481 483 49
335 163 144
172 335 144
153 280 128
178 265 128
99 379 144
149 18 122
183 466 144
152 398 144
131 290 128
146 310 128
414 112 144
71 180 125
366 51 144
265 476 144
216 375 144
48 77 116
318 97 131
394 53 144
227 225 53
318 24 131
193 299 128
463 408 134
4 403 144
327 341 144
219 63 125
200 64 125
28 4 112
495 151 144
51 429 144
418 377 134
435 140 144
420 466 129
152 102 122
263 25 128
117 137 122
9 375 144
263 102 128
448 379 134
153 70 122
355 355 33
407 362 121
128 427 144
489 320 144
474 15 144
112 369 144
317 152 131
419 477 129
336 5 144
485 234 144
222 401 144
419 339 134
182 157 125
288 417 144
477 328 134
391 312 144
138 365 144
353 491 142
401 213 144
283 79 128
235 163 128
116 330 144
430 148 144
245 393 144
10 142 122
292 134 128
221 259 128
220 121 125
285 409 144
133 150 117
396 462 134
365 248 144
344 254 144
111 75 119
189 226 120
111 191 125
138 431 144
83 317 131
52 84 116
119 118 34
349 231 144
495 494 98
182 414 144
122 83 119
86 274 128
254 215 128
23 478 144
188 122 125
343 407 126
172 390 144
445 153 144
14 133 122
489 58 144
221 243 128
136 462 144
191 336 144
414 358 134
94 22 116
281 10 128
194 310 128
454 438 116
405 360 121
190 74 125
51 172 125
452 188 144
104 220 125
335 40 144
46 292 128
377 69 144
334 443 134
424 162 144
162 345 144
58 215 125
236 21 128
13 139 122
7 165 122
125 436 144
363 354 51
316 130 131
268 358 144
414 361 134
344 142 144
352 51 144
313 222 131
405 23 144
71 50 113
470 100 144
401 421 134
135 23 122
376 83 144
219 114 125
304 66 128
408 233 144
260 1 128
182 114 125
88 162 122
367 291 144
97 400 144
488 246 144
51 205 125
477 134 144
10 466 144
74 344 144
444 120 144
324 55 131
399 341 126
228 309 128
203 360 144
168 262 128
302 8 128
441 330 134
23 111 119
467 366 134
183 19 125
481 244 144
224 419 144
159 51 122
384 207 144
150 12 122
486 442 129
444 383 134
379 412 134
61 437 144
339 191 144
181 200 120
228 177 120
277 474 144
492 78 144
475 107 144
423 456 116
151 247 128
175 204 120
47 83 116
31 215 125
241 476 144
210 290 128
283 209 128
478 119 144
337 118 144
440 52 144
229 322 131
63 85 116
200 185 120
393 417 134
235 323 131
63 272 128
267 392 144
390 215 144
499 321 144
155 495 144
212 497 144
110 35 119
19 371 144
349 247 144
481 39 144
367 465 134
272 319 131
240 380 144
27 8 112
434 342 134
208 64 125
201 484 144
482 454 129
158 383 144
448 232 144
7 321 131
47 421 144
153 149 37
260 2 128
309 391 144
492 223 144
428 330 134
252 361 144
451 298 144
472 59 144
227 241 128
34 82 116
451 229 144
479 378 134
249 354 144
382 239 144
256 493 144
472 219 144
77 248 128
123 177 125
315 362 144
2 367 144
171 400 144
92 198 125
231 137 128
397 298 144
262 70 128
428 351 134
355 494 142
129 189 125
460 203 144
36 140 122
175 177 81
384 120 144
334 103 144
343 59 144
61 193 125
84 474 144
225 172 120
275 374 144
323 400 144
18 67 113
36 157 122
182 296 128
49 201 125
183 259 128
150 20 122
49 333 144
182 141 125
373 484 134
259 69 128
1 365 144
59 32 113
37 415 144
292 72 128
280 33 128
269 319 131
185 232 128
28 39 107
143 154 117
416 461 134
93 158 122
134 215 125
415 286 144
389 486 134
35 274 128
314 179 131
368 434 134
2 393 144
469 79 144
103 130 122
114 217 125
451 411 134
437 255 144
433 267 144
336 493 142
34 324 131
158 262 128
380 214 144
374 486 134
131 463 144
295 185 128
153 142 117
4 483 144
304 460 144
436 262 144
217 181 120
342 32 144
16 255 128
346 274 144
189 67 125
263 136 128
439 465 129
24 478 144
489 2 144
247 252 110
319 130 131
391 82 144
277 433 144
12 414 144
284 225 128
65 143 122
113 322 131
351 293 144
228 130 125
123 416 144
357 286 144
212 349 144
218 158 125
126 156 122
265 280 123
106 126 114
135 127 122
246 340 144
415 95 144
57 468 144
197 316 131
76 377 144
297 256 123
490 336 142
59 419 144
353 37 144
416 75 144
363 219 144
51 165 122
368 355 95
49 475 144
44 384 144
348 153 144
311 194 128
447 469 129
58 7 113
266 280 92
18 200 125
125 318 131
325 226 131
163 360 144
479 186 144
322 254 131
462 380 134
245 282 123
24 265 128
223 7 125
214 98 125
40 222 125
460 41 144
245 247 48
332 455 134
148 215 125
462 231 144
280 18 128
101 209 125
199 259 128
484 66 144
229 499 144
467 208 144
303 133 128
484 309 144
13 55 113
201 149 125
54 338 144
189 369 144
499 223 144
250 410 144
248 462 144
460 68 144
284 488 144
394 460 134
432 236 144
439 114 144
123 27 119
322 93 131
71 165 122
378 311 144
132 490 144
409 214 144
306 425 144
34 282 128
25 336 144
12 419 144
136 139 91
284 408 144
303 320 131
394 160 144
241 19 128
33 205 125
111 205 125
251 122 128
367 20 144
341 162 144
348 318 144
383 101 144
427 438 116
46 486 144
454 47 144
336 236 144
188 497 144
84 58 116
108 466 144
412 459 134
176 113 125
255 423 144
168 325 131
208 182 120
123 9 119
407 274 144
294 385 144
43 56 113
193 91 125
369 387 121
497 61 144
392 239 144
485 283 144
165 264 128
403 27 144
437 458 129
478 349 134
363 33 144
98 57 119
57 161 122
481 309 144
381 197 144
291 86 128
187 34 125
117 309 128
100 134 122
189 223 120
364 253 144
484 220 144
316 16 131
326 415 144
82 142 122
447 439 116
418 315 144
1 7 17
232 320 131
298 396 144
242 277 123
285 86 128
350 210 144
371 111 144
415 60 144
278 348 144
349 58 144
114 126 109
75 273 128
189 457 144
324 428 144
189 99 125
228 155 125
166 56 122
475 66 144
7 137 122
178 482 144
370 212 144
334 215 144
104 389 144
133 347 144
294 348 144
328 383 126
94 440 144
285 201 128
58 5 113
493 319 144
152 251 128
268 111 128
64 324 131
40 493 144
199 192 120
241 329 144
171 424 144
95 373 144
167 82 122
358 265 144
80 234 128
156 361 144
57 17 113
72 464 144
310 457 144
196 183 120
110 164 122
258 150 128
62 303 128
256 453 144
142 323 131
259 442 144
397 395 77
70 142 122
238 263 123
257 352 144
471 173 144
87 434 144
209 317 131
441 159 144
157 410 144
327 103 144
76 339 144
467 474 129
71 494 144
17 481 144
453 388 134
389 460 134
439 205 144
25 88 116
58 201 125
157 485 144
111 430 144
163 274 128
479 195 144
297 53 128
228 131 125
469 10 144
4 346 144
133 118 122
157 423 144
59 26 113
289 143 128
391 30 144
352 19 144
481 480 49
238 378 144
118 5 119
449 270 144
294 200 128
167 29 122
28 211 125
457 231 144
426 404 134
95 290 128
447 221 144
481 63 144
412 358 134
433 7 144
378 254 144
251 415 144
270 319 131
153 136 117
247 196 128
106 496 144
13 269 128
176 244 128
171 499 144
24 418 144
216 126 125
416 393 134
142 175 125
357 284 144
133 333 144
346 58 144
53 166 122
400 162 144
372 457 134
57 453 144
361 120 144
398 275 144
468 389 134
229 262 128
92 419 144
184 484 144
80 220 125
9 201 125
93 249 128
278 41 128
132 110 122
314 349 144
230 17 125
424 4 144
387 379 121
84 132 122
286 405 144
171 478 144
413 25 144
129 116 122
154 315 131
369 156 144
438 441 116
213 206 89
49 460 144
45 230 125
31 347 144
123 332 144
69 383 144
389 302 144
484 255 144
279 92 128
35 357 144
3 346 144
123 339 144
452 162 144
453 28 144
14 483 144
24 330 144
82 208 125
406 444 134
471 105 144
430 342 134
58 428 144
463 271 144
198 470 144
421 168 144
493 245 144
324 256 131
244 294 123
448 346 134
266 3 128
302 195 128
302 139 128
375 358 95
86 334 144
65 99 119
282 301 118
444 219 144
406 102 144
233 438 144
149 195 125
360 298 144
311 426 144
65 116 119
480 197 144
191 106 125
469 458 129
348 329 126
259 387 144
141 243 128
302 26 128
488 327 144
147 169 117
277 118 128
40 263 128
356 354 33
463 208 144
131 487 144
26 483 144
363 226 144
45 476 144
155 330 144
50 269 128
413 148 144
62 42 113
369 438 134
446 390 134
147 487 144
246 484 144
399 212 144
462 68 144
398 15 144
104 495 144
462 257 144
321 499 144
332 451 134
80 98 119
153 189 125
85 96 106
32 382 144
406 98 144
308 36 128
465 369 134
309 374 144
8 132 122
164 292 128
181 27 125
39 340 144
162 283 128
25 172 125
439 324 144
402 341 126
309 46 128
51 474 144
26 476 144
403 372 121
245 251 110
100 284 128
481 302 144
455 373 134
336 62 144
416 250 144
153 446 144
371 43 144
78 391 144
349 133 144
81 241 128
33 307 128
44 477 144
233 371 144
116 461 144
400 260 144
302 399 144
72 398 144
194 103 125
378 306 144
218 441 144
33 84 116
146 388 144
270 55 128
133 22 122
193 315 131
355 442 134
316 353 144
64 278 128
167 479 144
230 478 144
390 74 144
45 353 144
192 175 107
405 127 144
383 172 144
349 257 144
451 278 144
39 329 144
312 468 144
47 208 125
465 421 129
93 312 128
247 122 128
472 246 144
449 94 144
35 286 128
63 395 144
443 345 134
169 32 122
249 449 144
380 168 144
108 444 144
357 2 144
260 379 144
291 359 144
402 219 144
450 306 144
327 464 144
28 319 131
466 468 85
247 349 144
462 146 144
133 435 144
80 288 128
69 130 122
446 56 144
288 325 131
28 247 128
242 98 128
41 29 110
496 292 144
236 479 144
416 243 144
251 418 144
369 71 144
468 230 144
111 495 144
419 437 116
350 435 134
374 6 144
81 184 125
43 465 144
498 352 142
215 464 144
486 430 129
20 91 116
5 27 112
3 85 116
202 220 115
214 465 144
339 79 144
490 262 144
284 493 144
326 441 144
347 355 126
186 317 131
279 169 128
68 250 128
383 280 144
111 123 96
32 440 144
412 25 144
214 158 125
362 342 126
482 492 142
54 174 125
457 86 144
349 369 126
270 77 128
83 128 119
30 220 125
398 83 144
108 346 144
248 58 128
372 379 108
100 464 144
387 287 144
239 247 97
127 13 119
93 314 131
104 359 144
233 264 128
401 317 144
223 468 144
327 485 144
176 303 128
3 259 128
26 208 125
307 142 128
355 327 144
416 54 144
161 32 122
308 417 144
436 208 144
457 115 144
263 49 128
212 426 144
349 82 144
403 413 134
9 170 122
160 306 128
55 258 128
26 9 24
44 132 122
398 194 144
291 59 128
217 372 144
222 191 120
237 62 128
441 54 144
195 332 144
38 229 125
386 424 134
54 367 144
122 174 125
6 152 122
458 56 144
334 480 134
485 248 144
122 399 144
237 495 144
239 431 144
467 412 134
487 409 142
49 212 125
372 246 144
249 213 128
149 289 128
271 359 144
396 326 144
403 464 134
107 12 119
431 141 144
216 454 144
303 232 128
49 237 128
433 368 134
52 396 144
290 376 144
336 232 144
232 434 144
151 429 144
267 322 131
410 164 144
17 315 131
382 500 142
375 219 144
361 264 144
314 11 131
77 317 131
184 343 144
297 88 128
402 286 144
245 475 144
112 277 128
394 245 144
217 285 128
71 154 122
255 102 128
170 407 144
365 405 121
388 378 121
356 427 134
441 85 144
435 386 134
226 242 128
306 133 128
217 2 125
484 85 144
466 497 142
282 171 128
251 386 144
35 322 131
44 324 131
177 451 144
141 428 144
394 434 134
247 438 144
192 166 125
131 247 128
339 125 144
318 232 131
72 57 108
472 79 144
203 487 144
24 134 122
346 443 134
297 406 144
3 55 113
270 367 144
479 1 144
236 299 123
203 186 120
149 208 125
177 329 144
156 46 122
317 19 131
4 366 144
365 21 144
80 329 144
296 230 128
197 360 144
59 132 122
367 393 121
236 414 144
267 457 144
213 35 125
119 214 125
273 154 128
151 437 144
424 408 134
253 175 128
10 223 125
473 274 144
52 17 112
466 260 144
276 100 128
231 163 128
380 16 144
396 300 144
153 463 144
363 422 134
246 282 123
157 248 128
187 117 125
196 335 144
137 337 144
293 486 144
31 469 144
16 138 122
21 464 144
120 177 125
157 274 128
225 235 128
160 7 122
290 394 144
327 470 144
468 330 134
398 420 134
403 437 134
485 127 144
96 270 128
171 141 125
407 327 144
36 456 144
177 88 125
212 259 128
288 308 118
271 156 128
418 325 144
282 274 92
81 42 116
235 307 128
209 310 128
493 307 144
156 341 144
216 156 125
405 412 134
371 283 144
54 239 128
124 210 125
57 388 144
368 225 144
467 98 144
299 333 144
84 292 128
470 204 144
325 421 144
399 76 144
274 461 144
1 999999 525