543946 847963 525
130514 27699 354
118291 662290 509
509210 789045 509
364049 249528 441
4239 634915 509
888481 323178 525
871160 658857 525
244565 865571 525
650282 912513 525
181515 574262 470
512486 559545 452
370709 85290 443
870550 330504 525
234918 668120 509
609838 239509 470
263974 91840 443
628253 474486 509
693108 966769 525
925676 798342 525
111044 168851 383
859033 70006 525
299976 919748 525
815498 805964 406
249568 273284 407
829678 155419 509
429466 168704 449
456336 348734 449
91706 532168 470
555067 680276 509
186263 256659 443
464671 752738 509
359572 270786 441
687561 376830 509
501988 779301 509
493962 547294 470
396449 856702 525
161296 437517 449
439819 765569 509
104447 901547 525
815165 375532 509
837692 738419 468
346280 684158 509
731367 764844 424
313003 545432 470
239860 128612 443
354138 671263 509
772274 899069 525
668279 822841 504
663578 137241 509
809750 598957 509
333716 416907 449
717787 211245 509
516289 259806 470
928887 837492 525
787544 232368 509
288237 215976 443
921390 618107 525
641664 281765 509
550407 588331 434
890238 643909 525
847897 751177 525
510904 691748 509
627210 434812 509
753728 706337 424
943916 558877 525
9639 953289 525
695880 442668 509
858791 751734 525
921473 823411 525
718737 679217 504
231601 744557 509
83950 205194 383
668238 32259 509
71505 583483 470
840191 756810 525
654080 488491 509
941227 490833 525
262751 399663 441
290733 484730 449
150091 535578 470
954991 425554 525
725762 568679 509
187343 30824 383
448515 279479 449
72578 296118 443
968012 644644 525
73266 83841 351
537788 181374 470
915511 747374 525
121068 25452 354
556270 423218 470
674852 505653 509
593105 294723 470
302493 192063 443
214406 506129 449
829683 884229 525
888067 164238 525
237968 551840 470
601748 569606 434
660092 436401 509
183892 752366 509
357070 473903 449
79789 478612 449
571740 546287 452
433574 649799 509
368640 568693 470
536773 615894 452
509007 147136 449
890580 147091 525
276097 184502 443
144453 937345 525
2961 448339 449
881087 45901 525
881992 276822 525
388353 850476 525
527878 860765 525
6837 809052 509
391398 477321 449
888046 378854 525
863287 951896 507
807512 632686 504
363348 775075 509
113587 844378 525
151762 694594 509
648110 580440 509
653341 537741 509
283677 484716 449
235407 432587 449
784501 443951 509
298046 722138 509
486243 947813 525
198150 232654 443
979691 199335 525
966708 559707 525
988124 916438 507
763628 926014 525
503033 954292 525
475484 283671 449
343929 256926 407
183796 315815 443
462111 924867 525
25861 127109 354
788707 298361 509
481694 791576 509
449151 721493 509
552427 252384 470
184513 512595 470
826146 786011 468
664719 458496 509
45443 689515 509
224401 643001 509
945786 341604 525
594679 301935 470
96045 775479 509
668933 937353 525
710713 954760 525
464973 215828 449
775257 944456 525
858250 73588 525
588178 218511 470
633803 729094 504
468306 994580 525
658508 509004 509
537027 993387 525
356544 42800 443
355253 149323 443
630328 499916 509
518517 144270 470
680640 87652 509
586221 996388 525
15643 259497 443
99009 314113 443
127806 379201 443
656196 552714 509
50527 766932 509
671313 659784 442
726519 295517 509
33299 134765 354
645055 94323 509
937423 935565 383
816660 288149 509
403228 139011 443
240802 420721 449
234862 809254 509
531282 210779 470
690372 808380 504
524804 657318 509
573306 755126 509
736413 796616 468
943905 608540 525
816998 352035 509
554050 28979 470
499875 181551 449
806334 850393 525
351962 568132 470
483335 571668 470
517749 786561 509
499009 794963 509
351726 181801 443
751246 370096 509
585944 764867 509
613170 276808 470
272349 686515 509
285538 31721 443
38617 560603 470
925802 332662 525
494073 462162 426
526869 374320 470
659175 690349 442
659201 47767 509
260830 740074 509
310433 441854 449
229384 846207 525
345259 816157 509
453392 331202 449
905703 971146 507
930325 152714 525
153916 84530 375
578194 688967 509
174355 728105 509
491219 960872 525
723855 54481 509
130797 6671 354
2982 549435 470
23681 133400 354
519389 159071 470
108939 442917 449
540187 986923 525
265228 88400 443
690322 937041 525
539313 300222 470
927679 767357 525
576327 196526 470
929307 179618 525
247589 609792 470
736577 662009 504
155261 936761 525
84297 589967 470
742332 144718 509
636432 415725 509
883636 557714 525
48549 74281 340
821119 14551 509
851362 45649 525
804110 900481 525
670685 936061 525
247795 704139 509
865542 240207 525
534888 509449 470
195035 470461 449
309227 702729 509
289500 974708 525
344616 858090 525
254592 710274 509
579902 789429 509
206567 367920 443
834195 674044 504
59577 584440 470
259546 974683 525
68351 292341 443
482015 227706 449
189570 405067 443
842314 852728 419
845799 169965 525
848454 549552 525
671110 523210 509
303062 541378 470
565569 549071 421
541141 487735 470
644449 729574 504
698938 548881 509
475151 573658 470
97738 621988 470
499011 349128 449
631280 429075 509
658894 826596 504
230033 446667 449
387418 601522 470
510330 244349 449
729089 90962 509
301472 582541 470
890138 759898 525
153346 4072 375
325950 95811 443
887260 814625 525
392793 425307 449
84986 721176 509
416784 949668 525
698476 941011 525
345272 967494 525
113911 724155 509
795588 831872 468
795518 79962 509
995504 345097 525
393801 682270 509
430722 845319 525
806786 832016 450
629875 932042 525
468886 109400 449
49805 670312 509
193510 117530 383
969358 860792 507
132362 129280 344
34316 368558 443
14563 450507 449
86469 303969 443
944774 854786 507
211568 315742 443
21874 64961 340
726566 632349 504
739489 853863 525
432679 482779 444
265555 459285 449
604624 198899 470
533504 986562 525
406705 445122 449
337671 65329 443
802277 714802 468
968756 204593 525
279085 8100 443
840644 729262 525
432669 689146 509
912546 902905 476
102671 19198 351
75175 843623 525
426238 520645 470
372141 6355 443
750357 598592 509
427867 62655 449
800440 302543 509
697893 658007 442
345078 638496 509
700652 67342 509
356627 757571 509
324777 132031 443
116795 701843 509
907820 895273 445
598995 402626 470
357255 861717 525
809285 43826 509
746569 770055 468
797748 164684 509
635506 199976 509
780058 272738 509
354429 25280 443
238320 326362 407
513003 431718 470
878022 519475 525
752758 367612 509
432724 928658 525
435498 611774 470
357188 640772 509
132990 539424 470
519604 319741 470
625888 761257 509
963977 500697 525
364271 481034 449
513861 248584 470
371297 917957 525
515428 448170 470
266716 570830 470
116438 475974 449
387423 553099 470
185112 351792 443
540303 351084 470
907550 307403 525
547520 896939 525
574135 544538 452
492116 773062 509
554163 387320 470
358564 783612 509
377498 778642 509
884847 6502 525
62547 223406 386
751553 982628 525
158512 16166 383
608084 366940 470
120574 706425 509
235395 449904 449
92113 559377 470
19606 131837 354
299795 522537 470
263156 700666 509
608630 602544 403
572232 308590 470
467359 730350 509
597951 564150 434
277082 296570 389
504436 353760 449
430309 693912 509
332697 304871 384
928495 711439 525
739909 75518 509
337613 201179 443
728190 38334 509
186584 809213 509
806205 202998 509
768509 355369 509
16163 824196 509
126301 378826 443
726839 556940 509
890615 861785 445
369552 593879 470
763638 155425 509
617136 910513 525
193477 204261 360
438679 581233 470
206074 614133 470
246546 745662 509
927141 857644 476
988626 741424 525
371128 174324 443
812313 39484 509
637482 121142 509
664967 759229 504
26542 123257 354
848708 551707 525
45816 858472 525
947046 243701 525
818096 12370 509
263489 16156 443
728604 554032 509
291821 110633 443
504428 358090 449
666219 624787 509
97232 801477 509
208624 464918 449
536599 913330 525
13198 358366 443
993922 494985 525
332169 934957 525
445655 640919 509
125931 422045 449
497406 68471 449
750259 131194 509
17152 290145 443
359758 345359 441
910823 80539 525
855216 962079 507
879959 407503 525
273454 917805 525
109627 424660 449
486901 169286 449
867778 807621 525
24307 936976 525
68255 905498 525
314402 536973 470
680144 382051 509
353281 946712 525
802999 328154 509
85192 687634 509
47697 298485 443
647348 614473 509
263676 664557 509
239103 408740 441
96713 486996 449
845548 389536 525
197588 983602 525
872221 678926 525
627638 616552 509
195828 352278 443
519 512999 470
44268 537746 470
766009 153265 509
985684 680668 525
989562 683075 525
459035 335936 449
248229 753003 509
559379 155714 470
469434 778052 509
116966 721229 509
633328 337283 509
824679 955905 525
39416 744707 509
510647 286984 449
455956 945932 525
400705 971500 525
89627 428059 449
461192 415330 418
533259 541267 408
684088 969462 525
744322 268102 509
62863 673774 509
690307 396571 509
616045 822390 509
659356 294472 509
329400 488700 449
364499 55007 443
416185 328285 449
181793 311310 443
502631 894085 525
575977 851915 525
948551 17512 525
219729 611167 470
442005 322723 449
143376 771183 509
693821 102863 509
904118 885016 445
333720 332086 335
829944 779588 468
537110 57165 470
721665 388092 509
526761 513992 439
896837 649982 525
955118 582895 525
579243 602335 434
474989 120547 449
468719 423814 444
991644 781409 525
226781 401716 443
771426 889761 525
817435 832737 450
676018 410349 509
269115 55932 443
673475 432444 509
352544 671495 509
697562 333812 509
232550 654945 509
224582 314456 443
603822 677601 509
532809 274686 470
220964 430473 449
975219 671307 525
802945 808801 406
659453 20130 509
785163 836743 468
766898 761141 375
434062 95626 449
102825 770281 509
933681 331817 525
549104 639810 509
349993 117719 443
142109 73647 354
786412 830205 468
510299 592063 470
771301 955057 525
845669 350190 525
387827 668422 509
325707 911900 525
409853 266916 441
381425 10004 443
995168 949986 458
673292 647262 442
387529 892992 525
922681 172000 525
654183 902898 525
535782 486498 470
123495 68334 354
421421 494293 444
662207 40818 509
553858 931458 525
807411 815374 406
121979 716978 509
225190 357524 443
328776 995780 525
503378 918433 525
815072 252936 509
475409 630906 509
176567 905932 525
10456 49786 324
875183 42605 525
340345 508527 449
629222 106946 509
909593 721009 525
789900 886023 525
39927 699973 509
648216 744637 504
559357 662411 509
510089 271493 449
813267 455584 509
302578 197413 443
159684 596215 470
139631 369012 443
537067 512924 439
303622 517314 470
143467 711168 509
200277 59250 383
266389 631746 509
346791 964850 525
689517 864413 525
260363 890088 525
313305 493967 449
449663 476450 444
471587 419266 444
263078 521061 470
484620 984262 525
765442 812642 468
150498 983112 525
105333 844513 525
156869 949718 525
277766 621336 470
761013 634912 504
697838 229877 509
65121 45672 340
1099 981090 525
599468 625239 447
729705 57623 509
186928 617141 470
850704 48484 525
97020 64608 351
563040 349356 470
834638 427971 509
188632 632178 509
614837 142951 470
279352 848582 525
34012 318946 443
159840 677140 509
149125 462109 449
844472 773963 525
151535 439821 449
360269 803787 509
306333 849145 525
771963 122546 509
375613 741689 509
479446 356731 449
558204 553546 421
343219 164267 443
806335 346948 509
542457 61950 470
45103 803100 509
950878 84165 525
554737 968504 525
941761 289455 525
114133 615821 470
323620 531973 470
486807 406689 449
317258 399634 441
574700 225204 470
428060 561289 470
737533 251206 509
631783 499221 509
944270 48572 525
336723 892319 525
215084 589807 470
419809 470728 444
893142 673815 525
803093 165045 509
912384 713942 525
519741 521365 364
555714 794752 509
431521 127440 449
608175 30319 470
451969 237477 449
103715 918687 525
992217 649277 525
705088 611902 509
860002 5955 525
872300 305975 525
433314 523124 470
603010 859384 525
632244 144899 509
683470 626785 442
351151 129349 443
813051 67436 509
456399 395228 449
187163 288948 443
369567 214267 443
670768 829342 504
359508 233226 441
97866 309323 443
828041 794833 468
471444 459036 444
146241 224976 386
46547 117550 354
789585 624540 509
202552 978524 525
621514 433315 470
842848 673643 525
77972 555331 470
829358 737880 468
309814 476085 449
413683 656634 509
615973 899846 525
768296 760605 468
898757 407817 525
932152 376956 525
403754 720403 509
567182 11198 470
409461 322312 441
733001 568265 509
926877 333725 525
526177 801185 509
843428 594692 525
436683 927700 525
957747 477681 525
273770 38183 443
24082 212754 383
818994 246352 509
633636 472320 509
174207 491094 449
728130 845161 525
676448 553878 509
858979 883101 432
220622 610431 470
295754 999424 525
740624 359953 509
236131 205108 443
313527 576535 470
580414 191167 470
175997 906317 525
19063 349216 443
194617 903800 525
957297 962384 414
48038 953702 525
587455 176537 470
779996 123731 509
5133 201460 383
261865 855098 525
756490 304850 509
570213 378258 470
488320 241374 449
636340 822811 504
460243 478199 444
665549 944025 525
555468 162338 470
519354 166727 470
182261 29645 383
730329 361894 509
325969 773838 509
463320 723661 509
388733 728308 509
807971 427943 509
567708 925387 525
260046 486788 449
801465 774306 468
742270 452495 509
295754 722 443
496954 475770 426
646375 525304 509
172723 105737 383
662611 29971 509
382221 733225 509
350 440527 449
735520 837581 468
25105 321489 443
745248 816519 468
516080 574967 452
399412 387362 436
493676 174411 449
101960 132586 354
670324 161582 509
408924 175351 443
521160 649202 509
317071 345048 384
919345 736705 525
296643 46578 443
225393 247945 443
626036 989504 525
678429 980454 525
574686 151564 470
869805 108174 525
67128 721565 509
564627 734560 509
160714 785237 509
816963 49011 509
959575 183032 525
46646 777493 509
618764 963713 525
474783 576103 470
847722 526419 525
341334 327082 366
172653 277781 443
393242 411421 449
937337 502758 525
435175 178129 449
419530 628623 509
521725 231499 470
421717 308693 449
585612 621533 447
741322 501948 509
937908 138860 525
320680 695478 509
888593 262307 525
518991 683488 509
189482 709576 509
178216 261016 443
348718 79754 443
358101 628227 509
543180 357188 470
835650 603275 509
60635 100940 351
895840 852339 445
847699 815783 525
437530 161313 449
573210 88177 470
873021 481404 525
464919 677601 509
723790 640408 504
618815 820338 509
349674 727160 509
837093 928319 525
698968 850729 525
929681 539062 525
131996 679257 509
486932 605112 470
441570 64983 449
793251 589840 509
922429 813799 525
420264 404296 449
176306 448760 449
954969 271044 525
743166 789457 468
974453 353643 525
754536 584246 509
364657 407073 436
859163 298452 525
386683 246306 441
536403 275511 470
376982 372430 423
654061 201105 509
687048 666793 398
999177 434249 525
706473 930548 525
976947 595426 525
751255 821199 468
207313 921599 525
491986 796336 509
592152 2395 470
995518 778691 525
853267 170288 525
404709 11470 443
710158 197112 509
455853 17062 449
461642 916003 525
707475 423097 509
738133 218206 509
679647 464291 509
338818 456821 449
863334 84776 525
207503 534963 470
141838 438995 449
529532 884301 525
123092 833291 509
908511 798839 525
934034 133068 525
420575 290374 449
447779 556628 470
604257 26027 470
682701 720621 504
84128 359485 443
794388 446788 509
736906 164766 509
659516 936414 525
747257 302683 509
254555 939905 525
538401 298904 470
249671 220086 443
582631 792620 509
362682 505564 449
526013 182155 470
524729 964583 525
233112 815546 509
409055 899854 525
513999 175827 470
172751 820441 509
282231 495155 449
883410 990667 507
5705 655979 509
774089 38058 509
855218 35494 525
61901 709403 509
557446 53374 470
10030 943 262
314283 225657 443
332131 203359 443
868637 122686 525
701541 559065 509
565905 501248 470
741573 68804 509
588674 741654 509
626734 282889 509
787140 245792 509
272811 847122 525
818091 902587 525
355890 208627 443
407505 335222 441
706252 226755 509
503867 759771 509
870454 751196 525
543204 130650 470
961139 484483 525
792063 763811 468
632666 798190 504
474758 549158 470
564042 469158 470
606583 337528 470
321889 429990 449
440606 476724 444
585837 44581 470
231178 613066 470
253396 256307 363
646182 28520 509
54076 809365 509
272919 835834 509
343820 242772 407
734151 488270 509
942457 123657 525
523547 882155 525
24645 310022 443
832651 375103 509
518800 300476 470
810161 197146 509
415406 565766 470
749734 538814 509
657013 679109 442
653439 615039 509
799326 574435 509
585825 634946 509
466598 687489 509
179355 687998 509
841617 980263 507
696468 167449 509
349185 671897 509
739131 190766 509
578518 368628 470
316564 856075 525
449265 203054 449
632940 369139 509
707178 895837 525
942835 688712 525
616270 645852 509
878823 710894 525
475446 672590 509
81597 466366 449
180832 410462 449
198852 356830 443
691805 707070 504
377913 552741 470
276399 181408 443
863026 546377 525
697206 150737 509
967534 421012 525
423553 454897 418
764947 957936 525
445113 765035 509
936274 983100 507
542591 534778 408
759467 197125 509
166432 431217 449
936892 953528 507
764367 245881 509
707761 284041 509
764689 924841 525
155654 718427 509
909573 319610 525
188220 487842 449
131391 803212 509
805636 772880 468
26540 933740 525
710658 301965 509
151823 586873 470
427645 449186 400
339648 496195 449
114452 298505 443
860121 944579 507
497498 836189 509
353125 208859 443
709922 995124 525
247809 766012 509
802815 653860 504
754834 913209 525
704996 366476 509
377503 554626 470
876749 531161 525
692875 784342 504
904331 148761 525
808494 957322 525
767572 18433 509
431126 980406 525
743784 714258 424
69501 578250 470
686754 178605 509
25287 988375 525
839439 9491 525
152930 516394 470
730628 408665 509
586044 346854 470
760422 347988 509
599670 160221 470
665900 256789 509
64243 163335 383
68335 559659 470
381113 945990 525
786847 466955 509
414272 212768 449
747809 554493 509
517865 318676 470
700727 213696 509
383601 875158 525
686242 405355 509
119753 415079 449
213005 224651 386
568410 413784 470
883049 639835 525
742787 320573 509
720704 95376 509
229684 217652 368
168752 895208 525
630954 995786 525
