1 1 1
1 10 20
10 1 20
100 200 125
1 999 179
381664 911463 525
745806 714865 424
465074 834547 509
379364 592098 470
344862 993358 525
913794 784440 525
530024 381725 470
649032 318068 509
356446 228559 443
786967 382885 509
742535 550483 509
257372 208710 443
684500 616103 509
827931 174092 509
825281 223105 509
924595 460027 525
677365 790949 504
644332 738000 504
518065 676681 509
371702 765774 509
99381 641788 509
119529 244533 443
886276 966463 507
518404 999993 525
780291 559036 509
35319 512249 470
184360 55444 383
655692 642695 385
801222 556605 509
519738 41497 470
790699 487757 509
488675 93007 449
781969 535164 509
764455 28444 509
569367 212011 470
85351 293558 443
451139 896022 525
478011 871776 525
293420 603546 470
805900 335213 509
590709 969416 525
915683 949841 507
280435 784783 509
252721 15987 443
224996 642980 509
627610 37602 509
620597 992391 525
870391 497173 525
379160 648902 509
236855 263882 407
442850 294804 449
529410 498198 470
285576 744946 509
469606 960130 525
910787 724129 525
471351 481954 413
603445 114928 470
194122 151838 383
251621 94002 443
670286 254349 509
735769 318161 509
785946 949923 525
342731 168717 443
172090 655379 509
369443 190483 443
979095 95755 525
825240 233177 509
272854 562384 470
412109 66287 449
442741 156336 449
572747 931540 525
283885 202529 443
720408 402989 509
918742 522384 525
631994 186317 509
120427 42391 354
957454 162206 525
861775 998254 507
850476 809498 525
174065 148783 383
347198 475259 449
289627 934599 525
573217 682260 509
196806 865081 525
44252 426694 449
20162 142070 354
775860 858154 525
648944 906954 525
824828 696983 504
60817 684505 509
623948 94809 470
563619 933962 525
599144 846766 525
58070 356262 443
867525 59760 525
620551 665287 509
882502 37553 525
638254 292420 509
213722 701810 509
713344 680501 504
88442 300624 443
365684 406767 436
914591 190819 525
189491 169651 365
72170 31918 340
2052 642908 509
605839 631996 509
658609 251482 509
463624 759640 509
262975 200549 443
548619 148817 470
727362 23686 509
396775 573925 470
813972 135148 509
76477 501134 449
714374 333469 509
4799 920057 525
647823 620103 509
758704 105942 509
436821 559348 470
563702 752247 509
978781 202841 525
178229 328282 443
650451 978336 525
743130 90402 509
829130 110017 509
707448 469413 509
593730 963138 525
22257 969778 525
836558 126642 509
542731 559697 452
764649 312465 509
36096 417832 449
64424 50668 340
100159 543915 470
486937 555161 470
888597 771799 525
650653 570918 509
992057 614099 525
232924 763693 509
389861 851476 525
201863 8891 383
863852 296785 525
574206 841807 525
377051 699377 509
354765 772252 509
928842 968910 507
78840 800541 509
19172 395616 443
985230 50187 525
108177 179508 383
263082 486442 449
742317 186998 509
127345 852878 525
560619 374115 470
902482 85715 525
222849 248466 443
159669 203244 370
948916 764099 525
441955 87383 449
353726 921779 525
803209 589996 509
161654 764043 509
710694 424798 509
258529 811875 509
181689 976729 525
549823 954539 525
197004 628298 509
243768 340385 407
700327 887847 525
6728 937735 525
270476 299866 389
613153 859855 525
290615 345643 384
507397 645800 509
666452 232488 509
100655 871562 525
718187 62674 509
345265 961421 525
599082 984426 525
758299 294495 509
192613 421944 449
611159 894139 525
989727 393920 525
955250 928386 507
839603 348916 525
211135 522168 470
279160 5569 443
454543 826071 509
372892 323599 441
609334 781999 509
176634 104304 383
968907 443522 525
239300 209159 443
221556 518073 470
871549 278412 525
350940 459181 449
158375 311242 443
354844 686553 509
326677 773223 509
741474 304838 509
606598 561942 434
354861 65714 443
340359 957448 525
486091 892878 525
742181 437593 509
569238 559462 421
878403 310829 525
487615 160096 449
661134 744697 504
81495 552187 470
306471 739905 509
837497 443017 509
936571 208298 525
424980 404354 449
355295 475805 449
791706 262598 509
195617 816037 509
272861 1238 443
572365 111230 470
209925 34109 383
562028 202303 470
494670 259703 449
466509 904361 525
322211 948529 525
352333 534603 470
490797 212868 449
537954 520048 408
743365 130140 509
106427 391504 443
405042 923361 525
456802 295373 449
402519 836203 509
634678 165327 509
213745 375518 443
937840 23944 525
380175 217024 443
956100 777877 525
328534 818432 509
994097 144173 525
606911 476982 470
193715 264328 443
252625 982802 525
973672 852426 507
660592 91456 509
729206 163027 509
856945 359733 525
759696 869724 525
884006 118764 525
498697 696671 509
185169 224313 386
933120 155668 525
929074 524318 525
233772 770230 509
926975 205853 525
625078 553991 447
345256 688025 509
120425 714360 509
694088 971208 525
942761 250367 525
315527 328728 384
307117 352913 441
898285 133535 525
135595 864716 525
58987 844524 525
946347 648896 525
104916 299561 443
377270 103737 443
450670 654941 509
85388 573870 470
338128 951818 525
137177 608546 470
368699 537536 470
29693 218488 386
727610 418888 509
464474 576067 470
687204 205348 509
683200 857413 525
966995 600242 525
956273 856732 507
463819 522349 470
756281 991671 525
375896 710063 509
886785 779590 525
342924 322782 384
281424 714836 509
643774 399766 509
119152 545366 470
315028 235058 407
505096 73398 449
983446 349180 525
995580 60564 525
630143 854391 525
258291 355522 441
50162 344073 443
282075 660714 509
191428 547482 470
421847 687344 509
82920 28544 351
11043 656248 509
194590 447999 449
947416 121575 525
687640 290044 509
764433 264397 509
32451 993312 525
370582 732580 509
393523 550103 470
237174 926416 525
111522 438002 449
785041 740891 468
58985 277640 443
218076 450753 449
453461 102281 449
482965 538561 470
444917 111258 449
459559 863717 525
397973 839898 525
412873 555707 470
188973 962940 525
126839 907011 525
265516 280533 407
704895 9552 509
392871 201086 443
102455 567649 470
742660 381181 509
135428 182713 383
719478 270041 509
461023 666777 509
940135 593462 525
614434 381291 470
695417 438746 509
53350 69618 335
96532 705291 509
575007 434153 470
130644 422874 449
968289 580406 525
6607 267495 443
666572 773670 504
927860 857634 476
507669 992250 525
11851 719567 509
523556 214625 470
520825 812876 509
183892 749849 509
81039 590462 470
14199 186011 383
64385 248361 443
423584 453250 418
910679 949265 507
597216 374703 470
836436 963917 525
186011 862655 525
559102 422426 470
526874 899231 525
210802 200146 373
663952 952656 525
921442 282658 525
831185 535517 509
963677 222034 525
522877 721452 509
506200 711733 509
611590 535671 452
646917 374891 509
972793 412016 525
200230 115490 383
217889 700540 509
946650 627745 525
617293 891117 525
315953 292930 384
17483 460907 449
963273 935221 507
725353 543835 509
472195 932064 525
412520 888537 525
601828 903961 525
679261 691373 398
576836 733405 509
858087 990335 507
577352 875108 525
81888 717114 509
852728 322345 525
1983 197996 383
144579 72263 375
838488 134922 525
335927 427893 449
168643 179726 347
319173 299547 384
447530 510035 444
61699 67867 330
496842 29913 449
531051 475169 470
39076 420185 449
452624 374454 449
656699 214009 509
917006 90796 525
771570 861817 525
760058 115279 509
773249 580782 509
358094 898598 525
988331 641666 525
546337 335517 470
781424 608615 509
767742 152860 509
811318 88767 509
182979 892954 525
219921 305523 443
732240 919844 525
151448 69193 375
183480 56770 383
233906 286580 407
456673 568873 470
279422 986383 525
63605 962819 525
652006 673821 442
854460 349894 525
489676 597756 470
708039 990732 525
931336 555136 525
422532 67461 449
916154 287061 525
693348 854582 525
391848 12697 443
475677 815795 509
994374 551152 525
33908 541988 470
752216 816509 468
208962 859787 525
472633 946371 525
915363 223619 525
656483 71812 509
806227 501686 509
773963 81909 509
368312 462086 449
178539 971951 525
511226 340395 449
596985 368117 470
964574 505755 525
555650 41034 470
605813 609322 403
153759 890514 525
14779 145748 375
634648 82985 509
455468 641104 509
761803 841191 525
58349 950796 525
245157 631708 509
904564 850331 445
706905 960404 525
302809 324614 384
398409 631567 509
394946 453336 449
955334 874303 507
490602 361096 449
137931 833514 509
545731 391263 470
233186 640866 509
977923 683355 525
63332 441136 449
942273 31984 525
760256 661923 504
913853 633612 525
197727 316276 443
838368 351127 525
402295 796123 509
737852 573443 509
33057 308017 443
569092 645796 509
438104 946701 525
828170 10703 509
43347 791739 509
644000 642178 354
327195 106717 443
35013 806133 509
536419 466333 470
672246 387855 509
221156 924771 525
506666 181772 449
227148 695473 509
866825 65989 525
253486 754916 509
623302 783017 509
89046 181419 383
277816 771514 509
925214 570919 525
354783 762553 509
835305 253986 509
343147 446477 449
650749 648432 385
270129 933179 525
750404 497319 509
437553 718756 509
622422 444622 470
325671 180625 443
793636 797328 468
143768 110451 375
755278 307771 509
76490 121155 354
663428 943669 525
654223 704157 442
240956 387895 441
39009 553406 470
531758 53916 470
499554 877937 525
458163 131161 449
184172 359924 443
129505 854089 525
405187 57177 443
453024 704151 509
398475 21427 443
715835 333482 509
286336 40034 443
243205 516417 470
560030 337780 470
740292 816509 468
529397 473014 470
597990 694557 509
226567 689586 509
104430 100229 310
699177 633131 442
972684 976029 383
105948 636397 509
345534 949312 525
592592 400567 470
530953 705659 509
452660 864646 525
938468 302934 525
920940 49475 525
573020 769514 509
408163 212696 443
881382 845617 432
497036 128718 449
147069 793529 509
416062 378904 449
847298 618820 525
321957 452454 449
413304 307204 449
189938 707880 509
372974 138393 443
643855 653282 385
326374 709888 509
452618 744289 509
890839 211617 525
919792 712049 525
372201 330255 441
48690 751589 509
675222 593554 509
422578 59421 449
306208 639898 509
501630 450409 444
929175 914916 476
88526 876216 525
276884 667300 509
2642 772233 509
651712 603871 509
684371 770733 504
60340 738622 509
153645 812903 509
145528 265029 443
29500 216439 386
793074 536923 509
32677 550972 470
395240 336642 441
915552 307167 525
123604 740942 509
24873 50660 324
899498 932710 476
64377 207969 383
185270 736363 509
228316 202195 386
684162 872911 525
629590 236044 509
968941 483084 525
456513 685729 509
471554 65297 449
148117 267763 443
137789 408461 443
335982 635878 509
978874 56866 525
517919 489626 470
853892 305035 525
265425 800460 509
961506 472512 525
40498 572792 470
574849 255775 470
24628 870710 525
868532 355901 525
491046 379694 449
461726 561782 470
760976 478616 509
121811 429624 449
468057 425892 444
112762 686373 509
228299 182631 386
310594 232334 407
17214 826210 509
229464 757680 509
136332 40438 354
97365 574492 470
677766 581799 509
591682 767118 509
871636 578911 525
299423 247749 407
79261 741139 509
379441 295693 441
64676 619429 470
40635 431035 449
488381 736381 509
229657 341186 443
229198 363531 443
721526 535562 509
705331 712335 380
478672 210475 449
797145 854478 525
150440 665505 509
153663 451628 449
792814 76263 509
67878 401315 443
866409 896134 445
207308 253355 443
338507 150021 443
4131 350946 443
991076 29942 525
813817 443262 509
64595 436794 449
512723 38831 470
328652 450374 449
820106 785038 468
991451 223061 525
162816 677743 509
920530 341512 525
495295 981828 525
177163 894628 525
207822 73912 383
888217 926252 476
932561 486182 525
372501 640225 509
259064 390410 441
120924 279644 443
311919 600796 470
359737 408535 436
288100 17976 443
371713 913438 525
184173 234130 443
525812 675579 509
378337 526152 470
824111 120565 509
519074 245006 470
48928 988606 525
332665 337017 366
756298 561972 509
874086 382734 525
345232 386821 441
711999 73316 509
68904 770240 509
271169 390220 441
95029 662182 509
654919 28945 509
594445 334490 470
524171 593772 452
847371 14621 525
542330 894807 525
798600 164824 509
389457 526514 470
1702 496615 449
483244 986994 525
493419 906278 525
506523 819373 509
262141 923754 525
58085 19653 340
670125 465963 509
939598 953640 414
64498 382228 443
995867 874873 507
413521 834741 509
191544 965745 525
119813 694103 509
43041 927901 525
580549 111291 470
881379 578078 525
94508 241311 443
993736 774422 525
394725 980588 525
25193 726577 509
838613 450180 525
677769 641392 442
901257 200399 525
302446 270941 389
573792 329192 470
943840 67446 525
816502 656788 504
914591 178949 525
307937 325993 384
28519 972218 525
551228 85795 470
497728 864740 525
488101 680565 509
267241 711075 509
991712 367923 525
247920 316815 407
453528 359617 449
55001 782536 509
256396 597039 470
165048 609099 470
744022 505662 509
214262 78204 383
890994 84347 525
194034 854655 525
625251 450384 470
970635 344153 525
84972 570719 470
285454 840597 525
72808 983588 525
552464 917770 525
923410 215247 525
320949 72871 443
353309 231180 441
280858 656371 509
925820 853455 476
635026 108521 509
75575 668101 509
263778 593539 470
113295 809081 509
566552 137155 470
221467 168979 386
283676 732329 509
24943 96324 351
234818 570666 470
528722 407998 470
868802 472112 525
298469 68809 443
152415 906818 525
785926 617329 509
247486 735730 509
517719 628020 509
579958 756868 509
568205 855943 525
402059 451006 449
657845 513372 509
804707 660619 504
974576 309692 525
819520 383990 509
708807 356999 509
77781 7118 351
419568 343781 449
556102 935797 525
912332 872207 476
265900 507982 449
353572 988570 525
874787 868941 432
390217 25721 443
50199 39679 314
586944 59495 470
462066 679768 509
965304 74995 525
217395 921663 525
455808 142237 449
523993 262980 470
745859 772140 468
470389 795337 509
114471 910804 525
231526 505002 449
887881 813870 525
210128 984899 525
977380 955480 458
716936 745221 424
859342 792341 525
173516 871476 525
517817 222057 470
684200 221818 509
148165 171089 383
490773 681864 509
943086 855967 507
729754 724251 362
813119 513437 509
98251 955175 525
403830 887926 525
610174 802617 509
633481 95963 509
720705 142725 509
791171 194372 509
227196 897935 525
774047 405223 509
9400 261078 443
921192 497054 525
876620 779714 525
370304 368447 392
601625 201731 470
748865 85065 509
180160 72904 383
43704 510883 449
588356 259771 470
28735 805295 509
964090 739367 525
151471 172322 383
947436 880890 507
756135 885117 525
106868 340947 443
279639 425168 449
530181 589423 452
894442 791361 525
217114 214707 386
528685 802089 509
632114 960932 525
818039 801203 406
620161 660141 509
59796 438577 449
350887 149245 443
926421 864610 476
387976 606058 470
405076 616800 470
951533 652977 525
839570 734257 525
428487 57120 449
746576 805776 468
391723 12409 443
6182 468893 449
287187 661007 509
473270 667066 509
126152 810914 509
779214 643625 504
778624 877521 525
989989 868488 507
606897 364189 470
962020 100252 525
803479 677301 504
574269 7057 470
10765 629482 509
601972 739923 509
667605 13745 509
509533 727610 509
70048 778414 509
336804 368636 441
987068 129118 525
572718 537049 452
334924 625712 470
740854 6054 509
962081 554044 525
304650 339579 384
872740 327044 525
854922 849594 419
833561 477269 509
819480 470021 509
988634 15381 525
703887 424522 509
626311 375772 470
696394 535086 509
320643 605326 470
363727 933703 525
879470 656437 525
154517 430104 449
85479 509110 449
769867 461569 509
318372 372268 441
190869 612798 470
221526 19423 386
605479 545358 452
426023 941334 525
576927 640778 509
553846 448096 470
75760 730939 509
437299 548587 470
307368 110077 443
893369 155554 525
95962 646388 509
350540 615314 470
138010 976582 525
814118 951066 525
831459 275656 509
841918 839395 388
17415 355687 443
242459 72237 443
816659 521269 509
944029 996435 458
82091 645993 509
354186 569134 470
875704 690227 525
855077 204843 525
720560 473381 509
687072 969800 525
901959 62547 525
319010 22121 443
236678 47668 443
60617 57104 317
929107 412229 525
644905 124914 509
557460 343746 470
191968 980307 525
200565 136777 383
190832 288940 443
56927 538012 470
910873 852284 476
774183 628327 504
679588 184602 509
96816 833951 509
422197 152288 449
521869 178113 470
884358 740992 525
641827 155326 509
299701 438901 449
238426 607274 470
974474 300814 525
366680 259066 441
470026 353347 449
263620 598188 470
221454 747270 509
82454 304487 443
58621 624923 470
174489 246339 443
602087 288736 470
46849 460185 449
897243 319220 525
272685 69835 443
471410 430934 444
592452 141627 470
173615 660845 509
478043 317686 449
27798 686330 509
77904 23571 351
24760 120661 354
745152 961740 525
83131 231594 443
718105 508692 509
775108 321415 509
335742 589461 470
154968 395370 443
527965 454002 470
641845 245291 509
992451 107478 525
796793 452250 509
834466 46612 509
696454 422323 509
839453 615034 525
317292 732850 509
455747 581729 470
247094 180894 443
369238 749308 509
516458 596029 452
75902 5743 340
719443 841442 525
698599 460060 509
867588 593807 525
760994 59998 509
990410 926827 507
108261 252129 443
395521 972522 525
873280 771153 525
960006 842375 507
351211 802366 509
805711 220413 509
427814 565456 470
134851 668879 509
962323 119100 525
773941 63343 509
54492 381605 443
73261 810875 509
495864 23167 449
558761 779824 509
575763 957624 525
703280 608071 509
824838 579525 509
244796 239770 368
929483 864143 476
599021 895833 525
513033 703970 509
485330 140130 449
951043 223485 525
795253 38719 509
279130 175037 443
555598 89913 470
217219 140260 386
945756 780954 525
700519 567753 509
839075 321533 525
143319 260699 443
841610 805873 525
887405 894609 401
109031 924078 525
805546 621424 509
981696 481988 525
400767 679001 509
145228 274291 443
995985 36273 525
412428 255804 449
455496 231618 449
647207 310535 509
269612 900424 525
254341 48652 443
843798 960563 507
605769 115038 470
377931 854784 525
167147 591685 470
966195 947628 414
290268 539067 470
355828 526948 470
761109 43423 509
655537 53950 509
481651 727134 509
876756 472057 525
879207 389986 525
