1 10 20
100 200 125
201 210 89
900 1000 174
178379 106180 383
58354 87591 351
64755 81097 351
141730 69427 354
49518 61104 340
124449 28435 354
45464 195690 383
174787 97887 383
179849 40445 383
185124 153431 383
132671 49853 354
133967 40416 354
161993 4600 383
164142 13379 383
70832 185396 383
88943 95073 333
91431 196057 383
193294 33629 383
37094 106747 354
71437 148836 375
8798 109068 354
111754 74725 354
7149 149293 375
35233 78741 351
5880 149294 375
5542 18886 279
16114 182187 383
145949 54103 375
148196 183418 383
189098 64075 383
145113 74550 375
75289 84994 351
25066 178162 383
111163 150585 375
165353 74170 383
13254 267 268
112439 73539 354
149244 90499 375
196006 126969 383
54860 23689 340
100076 98348 328
38402 178956 383
34879 156606 383
174961 17032 383
69371 21810 340
11076 32200 308
163495 83960 383
141278 154772 375
142289 42233 354
142491 188431 383
116974 178331 383
458 155850 375
60792 60057 317
158600 121685 383
7481 72574 340
196062 23338 383
174565 120540 383
186357 62285 383
136350 96491 354
22108 115607 354
148569 57614 375
64788 3163 340
25477 154369 375
134972 55285 354
116657 24773 354
139797 148047 375
146778 104405 375
8360 177328 383
126858 154353 375
82854 123462 354
25392 70123 340
92718 152754 375
142913 112505 375
48850 39519 314
19510 94497 351
129409 191194 383
187011 154725 383
185670 82613 383
152211 107823 375
139176 63542 354
154087 175795 383
82561 57751 351
76725 120700 354
155398 21407 375
22569 72625 340
80982 71394 351
21379 121446 354
183650 58159 383
182897 71773 383
7234 139030 354
157971 157914 215
107951 137448 349
120494 61779 354
131792 923 354
103249 16427 351
98631 104260 341
89085 47985 351
163914 88657 383
180698 64669 383
117416 73775 354
73753 48924 340
114090 137955 349
99493 143750 375
190812 87010 383
95765 120536 354
39819 74032 340
35442 129230 354
109104 25187 354
25593 141119 354
154902 175677 383
24278 179390 383
90344 180185 383
199872 141013 383
100665 124246 354
105659 138005 354
90993 906 351
67305 164576 383
187644 148976 383
125353 85906 354
134401 16077 354
30062 170808 383
125511 99234 354
188763 128122 383
173839 70893 383
85719 147238 375
64947 63081 330
67237 41411 340
57206 114244 354
28500 155661 375
83876 188386 383
32439 182696 383
187667 156303 370
189076 192560 360
39280 193376 383
111748 173343 383
116798 170840 383
80873 152404 375
106206 29197 351
57226 125467 354
164256 19818 383
62466 1104 340
126029 97849 354
16193 125221 354
121873 146539 375
43844 3634 324
88313 102758 341
140161 57263 354
165465 119368 383
183371 47513 383
133816 89095 354
98130 13478 351
83130 44647 351
31882 56925 340
74250 81170 351
19489 52606 340
143182 157204 383
107225 68313 354
129015 100609 354
83562 154185 375
67071 62560 330
31528 55564 340
4625 35275 311
198954 87750 383
110144 82675 354
63353 168582 383
64633 169991 383
149288 81993 375
61340 134505 354
81954 75950 351
210 82191 351
100381 6704 351
148068 107654 375
18952 52173 324
183542 7934 383
70677 22418 340
12444 90258 351
173306 100647 383
139558 113252 349
199654 58789 383
12548 92232 351
191008 145066 383
5481 107085 354
143202 98856 375
190952 188318 360
166828 33861 383
115689 56968 354
196947 99875 383
70459 95230 351
185749 175385 365
86213 49569 351
4920 92165 351
19452 88661 351
190272 42345 383
23557 7582 282
181630 191401 360
69332 106483 354
45741 182743 383
40377 112621 354
184763 18049 383
41140 162995 383
50056 110232 354
81002 26723 351
64772 158689 383
165924 130036 383
87667 8700 351
170515 64215 383
52724 89444 351
102211 197216 383
14640 61929 340
84980 68379 351
56656 72153 335
83672 188233 383
89042 73760 351
52962 53001 247
1539 173399 383
118022 123537 336
148865 83786 375
122775 162096 383
28272 171813 383
132205 6209 354
124407 62229 354
116873 182296 383
110110 109874 310
153308 188469 383
26705 7216 308
61642 81686 351
137013 151385 375
79754 184008 383
112845 39587 354
67368 26420 340
95340 10109 351
184386 120053 383
75074 77549 351
166433 87590 383
181484 46019 383
10958 22570 279
187268 91018 383
163644 151291 383
27195 103349 351
78472 67080 351
3573 179412 383
521 133925 354
89250 37963 351
44717 91003 351
100330 14681 351
34465 122890 354
13484 155905 375
152986 125823 375
141553 132915 344
21137 38126 324
125641 56212 354
98016 118951 354
137588 95238 354
151753 70140 375
154227 37340 375
2438 103940 351
44098 150349 375
6350 20587 279
123992 174638 383
101199 179787 383
98773 3819 351
18182 35253 311
63878 18385 340
45201 24432 324
91415 135713 354
42865 188728 383
62300 67311 330
103621 84921 341
11796 103929 351
136364 104125 354
51031 86104 351
188512 99463 383
44398 154580 375
87649 89872 333
77224 165671 383
20761 177890 383
122305 158550 383
192273 164151 365
143184 146642 357
147486 10202 375
821 161767 383
35091 145063 375
135466 108007 349
144514 93876 375
49380 56169 340
80700 70457 351
107377 132060 349
57554 132909 354
57339 34983 340
41124 172903 383
49077 77020 340
122184 114871 349
138895 112943 349
191627 23653 383
33414 193667 383
69105 168788 383
119304 104653 354
22342 7669 279
44417 142228 354
138454 195427 383
4768 184136 383
182509 147395 383
184861 195840 360
94383 15103 351
98343 147928 375
81152 100731 341
169171 29433 383
197847 54301 383
93195 188414 383
198789 22512 383
71706 31534 340
50185 27142 324
175120 6386 383
110366 93651 354
173016 114210 383
149261 67718 375
95760 12024 351
76353 154713 375
186465 141470 383
86772 115782 354
191476 119705 383
92671 100075 328
102723 179892 383
154202 60902 375
19201 189987 383
80134 90144 333
140626 78880 354
73972 154106 375
110697 171526 383
59952 147221 375
161137 37191 383
116366 6137 354
49355 161076 383
96870 48345 351
152515 86843 375
126989 105624 354
56627 43167 340
97746 3301 351
55441 114725 354
167791 43691 383
193672 150612 383
32135 199549 383
23299 93805 351
155578 175641 383
168357 14306 383
26224 87946 351
164280 139129 383
173843 129113 383
169278 82176 383
171614 117992 383
12975 80834 351
25903 15946 282
163051 138101 383
117930 99805 354
69282 133858 354
87410 14568 351
141797 93296 354
140433 197310 383
99028 157057 383
112759 48646 354
182682 115243 383
35148 115924 354
127798 35499 354
156803 162646 370
148113 11833 375
66948 11730 340
110606 154581 375
163764 184310 365
169636 56616 383
32633 65683 340
82991 44326 351
11842 149684 375
116721 34359 354
114550 144674 375
10357 85273 351
178474 51500 383
60572 50905 340
113253 157733 383
95077 84845 333
108053 150776 375
10935 101273 351
140723 69322 354
153060 107772 375
75937 126055 354
78846 170031 383
28635 72121 340
114550 90686 354
13757 139877 354
180525 189415 347
178145 83336 383
37408 5151 324
150598 140701 375
35392 80954 351
40549 83064 351
19653 57988 340
9496 116352 354
16506 131757 354
117976 87399 354
196264 14111 383
117701 78038 354
15456 18281 279
180508 45880 383
65905 157833 383
184240 130364 383
134121 138688 344
40516 142932 375
183277 11785 383
72518 169265 383
8750 125341 354
14491 153454 375
186776 72590 383
195732 157814 370
37996 23921 324
46754 181335 383
181920 129697 383
75654 154813 375
162524 104696 383
99719 58604 351
93252 185123 383
1010 13985 276
4213 141673 354
55169 100125 351
75509 94980 351
11796 19863 279
50744 154278 375
198811 49731 383
122311 194219 383
87046 157665 383
64653 196704 383
152166 67461 375
14732 56399 340
6468 143024 375
121426 39325 354
4819 139983 354
24740 14288 282
127592 74737 354
23800 63327 340
179943 153561 383
25373 152278 375
179581 82562 383
172773 96852 383
40776 113317 354
104717 134442 354
47583 148550 375
30813 138590 354
42579 118278 354
163808 169093 352
65547 151774 375
96980 18179 351
186131 22649 383
18213 42940 324
67605 140921 354
9363 34829 311
195558 1485 383
33415 182478 383
45940 51724 314
136420 194603 383
37902 185769 383
120513 48866 354
160217 49877 383
189077 134087 383
33300 49247 324
89275 45 351
99167 77199 338
146151 195900 383
14613 178117 383
76295 46739 340
134343 17980 354
138768 75852 354
132283 156676 383
59876 46387 340
152021 37102 375
6039 103554 351
21866 167469 383
121412 27672 354
101306 104112 310
78618 54822 351
31187 131189 354
108791 198047 383
47791 9692 324
99776 65691 351
166140 54767 383
65939 2090 340
89529 112073 354
173551 40153 383
176699 181241 365
121862 188463 383
53158 49215 340
58712 20531 340
65834 624 340
199858 115622 383
84775 16754 351
4529 69198 340
24323 159126 383
26176 130067 354
40409 154503 375
87733 111672 354
82613 123146 354
77996 172035 383
128642 18036 354
71757 172233 383
32046 91125 351
153552 144944 370
7798 60348 340
48495 64690 340
77686 56749 351
82430 116873 354
1285 190687 383
109044 47878 354
156411 165148 370
65491 24316 340
72386 56044 335
80771 194743 383
106184 166286 383
171466 58157 383
124150 166524 383
185770 54260 383
4333 176183 383
76421 145484 375
177478 178304 347
25715 94010 351
8371 35392 311
10458 164000 383
117776 87727 354
195239 136093 383
133513 196733 383
149330 122531 375
158686 91003 383
90647 112740 354
64758 123472 354
164457 108934 383
192397 157218 370
166478 1468 383
89012 87464 333
2439 176652 383
17204 11352 276
87987 6463 351
84154 43567 351
97290 131772 354
99702 47365 351
118216 151278 375
159289 110411 383
22529 150560 375
83889 168021 383
103468 91285 341
36030 109550 354
158826 59837 383
74523 118897 354
107601 61620 354
16646 139117 354
1206 71812 340
130950 186195 383
39439 52247 314
110437 160012 383
114186 96762 354
61074 118642 354
3370 153203 375
41203 125411 354
1534 168873 383
91315 146982 375
69818 153255 375
2324 86892 351
148308 92930 375
91315 147456 375
66861 133984 354
62267 117124 354
186069 53811 383
38295 26455 324
68263 38403 340
47878 119616 354
57985 77610 351
161794 62223 383
141000 60871 354
190206 34227 383
171914 72646 383
173127 32589 383
148632 164605 383
176727 84578 383
112417 139931 349
81994 142841 375
137956 138645 313
94251 47563 351
78005 20881 351
90437 97297 333
67256 188288 383
130209 91036 354
127607 43585 354
79892 33254 351
198833 152165 383
53983 13211 340
36371 131110 354
33940 132033 354
131648 58210 354
131942 85348 354
76495 177176 383
107932 45190 354
83963 121245 354
68792 40488 340
136857 45445 354
98981 122072 354
114627 186270 383
45817 160939 383
93914 111645 354
10432 149273 375
63485 192576 383
107407 100249 354
196789 167543 365
181163 28413 383
151134 32540 375
104722 198953 383
149649 189163 383
193678 129733 383
46347 139580 354
62388 184706 383
48010 96150 351
15857 165759 383
129229 86428 354
194595 21486 383
122988 37186 354
116963 156934 383
140455 194011 383
145068 182169 383
187013 87466 383
80592 150698 375
151224 90013 375
127065 158995 383
93973 72433 351
14554 4271 276
16795 111676 354
70974 186955 383
130401 56486 354
16145 118944 354
50882 191243 383
68904 68660 237
108627 96138 354
16776 140438 354
5385 144022 375
178784 151339 383
134480 69419 354
123043 44102 354
130604 163530 383
144987 64161 375
138764 11354 354
119768 17313 354
154222 52110 375
23500 40164 324
147938 165291 383
27101 164203 383
121695 151966 375
156794 168443 370
159049 73711 383
55195 136162 354
95247 135175 354
119777 133564 344
186443 141345 383
100418 60078 351
140650 175983 383
95118 72194 351
14196 120985 354
144917 151318 370
35002 193938 383
25529 118591 354
37422 170475 383
184769 71983 383
121146 104068 354
165146 131637 383
5732 100438 351
55813 152987 375
46095 3516 324
97389 186528 383
145435 153394 370
77324 158954 383
112990 84382 354
155342 52477 375
132155 5441 354
105747 147724 375
94707 111313 354
164020 170104 352
158845 32845 383
171979 124712 383
142219 194538 383
93415 33091 351
54952 64417 335
10809 128321 354
53924 162381 383
199321 81370 383
45023 161145 383
117763 142317 344
21117 190894 383
131079 109394 349
122007 67530 354
110315 116535 349
14310 18073 279
129890 48071 354
126335 44505 354
14455 88691 351
192407 45387 383
4863 20519 279
180454 25666 383
87843 126786 354
162468 41314 383
98203 182677 383
84028 180606 383
142772 152390 370
138225 122707 344
14841 73294 340
105022 194299 383
25420 155235 375
140227 114162 349
108976 51759 354
167772 66332 383
48430 150425 375
28087 188494 383
142772 188647 383
59528 5683 340
36667 66412 340
2203 160241 383
8660 96215 351
86262 114463 354
71467 82511 351
161992 164803 339
7893 43719 324
89805 15308 351
161272 144028 383
157897 10131 383
58203 103154 351
127958 163261 383
10046 156501 383
168085 22011 383
71564 92460 351
185176 81718 383
101146 178425 383
148862 165552 383
98315 130631 354
157500 177540 370
39184 25462 324
82501 49787 351
70108 133908 354
56044 78057 351
23053 183724 383
73144 72442 294
134111 185828 383
110753 99071 354
99068 88740 333
15448 170405 383
148684 167595 383
128453 29151 354
60078 142143 354
165725 7567 383
188574 73832 383
185019 186609 329
39043 70026 340
33718 151538 375
190432 114400 383
88428 26277 351
64197 79210 351
10158 141832 354
78903 171292 383
138677 41200 354
109352 196320 383
82804 97678 333
43930 42206 288
137158 153709 375
175370 64812 383
4689 40078 324
182275 14384 383
194630 161895 365
168065 94060 383
60834 57407 317
129421 143702 375
78967 9033 351
183115 119979 383
102218 78704 341
17158 167190 383
126378 171432 383
144986 193035 383
89992 75558 351
191813 14378 383
134068 126771 344
86270 110152 354
133796 85000 354
188011 144400 383
191534 41 383
76099 51537 340
40807 23479 324
22916 120706 354
62914 13541 340
20643 190151 383
138158 135476 331
84664 144537 375
31988 95351 351
174820 73767 383
85988 153438 375
177779 91171 383
152542 106163 375
95611 77888 338
162482 23975 383
186039 41715 383
138432 143132 375
59076 22911 340
69418 136821 354
25779 66635 340
151807 26056 375
58151 60931 317
101538 42075 351
164829 149272 383
185761 175610 365
65712 28476 340
108541 161040 383
190841 188628 360
3778 87071 351
7307 147877 375
169317 163912 352
17672 121875 354
192110 155440 383
79189 35038 351
98483 146037 375
37566 95004 351
145875 185482 383
167251 54030 383
184976 77571 383
18142 21409 274
184000 53892 383
142641 81617 375
107479 77171 354
118403 75201 354
133748 56488 354
44220 179811 383
105616 62709 351
35210 97827 351
71055 179166 383
153415 154457 352
89571 81182 333
61999 15792 340
101984 134145 354
157184 152548 383
75829 14801 340
122025 180069 383
76894 24825 340
62302 189457 383
124455 117693 336
36170 199752 383
25606 132034 354
4917 171285 383
147374 158039 383
149132 64104 375
134618 40856 354
157171 78607 383
52071 130386 354
126812 81435 354
38408 164324 383
59974 195047 383
157346 36122 383
15638 88958 351
99641 123310 354
170061 64757 383
187652 150749 383
21128 39227 324
80818 177457 383
141457 100010 354
66333 124099 354
85689 162013 383
11422 190875 383
176791 185718 365
35485 173187 383
128054 146758 375
108920 121393 349
92339 198967 383
74823 174876 383
143337 130730 375
162454 49280 383
141836 64938 354
105746 25661 351
22663 134533 354
136398 160647 383
88290 92646 333
115084 156774 383
141672 47528 354
55657 113586 354
114573 184531 383
57311 134330 354
185628 120769 383
86747 101433 341
175056 74279 383
186294 171755 365
113867 51754 354
102236 177706 383
30719 189251 383
169589 27026 383
128399 35920 354
188160 20246 383
143839 164307 383
81772 79625 320
106486 155428 375
118244 173038 383
86293 190526 383
138319 172099 383
122754 196568 383
142379 129993 344
40973 171480 383
16638 100280 351
158435 47227 383
150201 190803 383
109371 156729 383
57918 137701 354
2926 11667 268
46771 163484 383
188897 42344 383
41517 13464 324
68262 114394 354
133139 158933 383
77348 102271 341
164094 92503 383
101632 197379 383
95342 135209 354
71180 115204 354
88119 32239 351
122523 88534 354
191068 165709 365
81440 113955 354
118148 193689 383
63763 102508 351
6149 131125 354
114437 53732 354
49014 175442 383
62090 161936 383
157957 130229 383
1098 58979 340
30068 83339 351
45960 86847 351
87436 179218 383
4963 68235 340
1685 53272 340
83025 147969 375
168059 172740 334
103958 176546 383
36089 181301 383
42843 68208 340
70944 65990 312
128742 105519 354
133506 58085 354
180628 44609 383
149164 169830 383
21253 185659 383
135164 109744 349
70138 110390 354
138167 169327 383
178182 170579 347
28668 10450 308
108001 20657 354
28364 29391 272
108857 173311 383
191996 131546 383
128375 165570 383
150120 70805 375
123179 135299 344
5415 191252 383
92712 142530 354
108191 120399 349
92228 34528 351
14138 30313 308
162068 130081 383
70461 57776 335
106916 7806 354
111589 50529 354
186054 141454 383
38205 78433 351
56870 124750 354
42008 190705 383
160979 102172 383
90707 56698 351
40301 75578 340
26 97348 351
519 137821 354
187098 84942 383
68778 166968 383
198798 72240 383
102217 120337 354
140995 105978 354
186514 152926 383
126680 122502 331
117492 185314 383
110210 43833 354
132520 73779 354
98582 25578 351
186970 121780 383
195419 61933 383
143965 96445 375
82322 134529 354
100660 58990 351
47152 185306 383
90692 93410 333
15719 61143 340
57334 42830 340
158865 128467 383
69451 134377 354
10203 166411 383
11075 99705 351
76388 15491 340
158999 62915 383
97708 147339 375
