1 10 20
100 200 125
201 210 89
900 1000 174
200 100 125
1 1 1
10 1 20
95194 15751 351
80819 44469 351
75568 26985 340
31044 91341 351
25363 74353 340
56329 29801 340
89822 10578 351
52406 99391 351
51 6605 262
9169 3339 262
9105 3142 262
8197 7224 252
1074 8244 262
7746 8860 252
9841 6817 260
2838 6842 262
3309 1495 217
2368 8264 262
1885 5851 238
9840 6812 260
6372 7622 257
9338 2819 262
6313 3112 262
2938 5225 238
7481 1359 262
968 7455 262
3426 9844 262
9165 3545 262
7190 6804 257
2400 1718 183
7479 7547 208
285 2722 209
1045 9719 262
2259 2029 183
2133 8731 262
7308 8580 252
4423 9303 262
160 8037 262
4882 7287 262
9643 9577 167
6411 5299 262
6112 2106 238
9957 2400 262
3175 655 217
2906 262 209
6805 998 262
2799 3460 217
3793 833 238
1049 11 179
5484 3337 238
3714 8227 262
2747 8184 262
7979 3290 262
6339 827 262
3171 3812 238
177 5280 238
243 4224 238
53 2395 183
8540 8391 203
177 4893 238
9729 9647 185
6824 163 262
2842 5790 238
3064 140 217
1510 3453 217
5993 5199 236
265 1280 182
509 1365 182
9316 9310 154
6982 6480 257
7664 4683 262
7749 7434 208
9731 1282 262
8570 839 262
1939 5645 238
4559 155 238
5206 1590 238
1973 9196 262
5952 8435 262
8802 1792 262
7632 9539 260
2256 2462 183
3335 4113 238
3881 134 238
9249 1771 262
7703 2109 262
9571 7068 260
9858 5321 262
9834 726 262
8411 4381 262
4221 245 238
5774 7440 262
2494 7450 262
4810 7214 262
7150 7592 239
3698 5620 238
1476 5 182
9605 5315 262
9359 6703 260
4021 846 238
2835 4006 238
2915 2000 209
9331 7674 260
7304 738 262
5680 4538 236
5012 5686 236
9264 9661 198
9266 479 262
1025 8178 262
5553 7580 262
7689 6338 257
9534 968 262
7758 2092 262
7019 704 262
8979 5494 262
4698 8565 262
729 9834 262
1261 8861 262
6017 1619 238
7030 9133 252
8868 2737 262
447 7805 262
6835 2811 262
9210 5422 262
1008 4509 238
8662 4880 262
966 7483 262
131 301 128
2353 2297 183
1331 7806 262
2093 8376 262
3547 8458 262
1921 5571 238
1768 9696 262
3384 7297 262
5675 7178 262
2942 3654 199
3926 3656 238
2829 921 209
8921 3256 262
2151 1000 182
6848 1093 262
9960 9917 167
493 1267 182
7552 2526 262
4280 3408 238
8355 4417 262
9489 9238 260
3901 3554 238
2369 7773 262
493 2000 182
9992 9309 242
2549 5396 238
7959 8341 252
5042 8387 262
2578 5220 238
73 9743 262
3994 9003 262
8467 9032 247
1066 9255 262
4727 4659 153
8811 6514 257
8414 3129 262
5399 2904 238
3131 8903 262
7026 6477 257
3622 8201 262
8480 6498 257
6750 8676 257
360 2703 209
5208 4831 210
1395 6729 262
92 701 145
6734 7949 257
2550 5996 238
7308 479 262
9732 2097 262
9916 9551 242
9308 2180 262
1181 4088 238
9514 9591 198
3785 4361 202
2159 6090 238
8958 2948 262
3274 8323 262
9006 4654 262
8621 9019 247
1795 2086 175
7328 8761 252
8667 5835 262
616 7200 262
3802 5950 236
9121 7897 252
387 1403 182
5276 799 238
9924 7558 260
8213 7901 252
2708 5451 238
2625 519 209
4996 7302 262
9078 9960 260
2266 2432 183
4534 9804 262
607 2794 209
3032 2683 217
8686 1179 262
9053 3762 262
1751 8741 262
9819 4570 262
3476 4469 238
9912 1714 262
7058 2556 262
7405 7690 239
7246 8389 252
7541 9 262
5052 461 238
6957 1781 262
2738 5319 238
6317 7526 257
6075 2598 238
4311 6368 262
4612 6640 262
9209 3177 262
1693 9667 262
3999 9836 262
3131 4977 238
5953 1388 238
1045 2949 217
9785 9774 198
1572 1661 167
4994 6058 236
9447 7669 260
4436 4852 197
2789 365 209
8019 8327 203
5363 7597 262
2932 4751 238
9751 3455 262
1582 6800 262
5743 792 238
4775 7509 262
3748 7877 262
2646 702 209
4135 593 238
5309 3105 238
1588 3806 238
6755 1597 262
60 9913 262
8228 157 262
9029 9784 260
5710 9803 262
6581 8756 257
3989 2101 238
7114 4811 262
7117 6996 195
9392 2933 262
7519 7648 177
1914 3838 238
4745 5241 210
4893 8612 262
4895 9346 262
946 6340 262
9108 3804 262
8184 6270 257
7544 1814 262
4452 4064 215
1894 9982 262
9906 7049 260
5316 6831 262
9990 238 262
4430 4661 184
3623 3342 194
8210 1999 262
2092 784 182
3601 4219 238
8398 9978 260
8880 9439 260
1538 6367 262
5422 141 238
499 5452 238
9030 4029 262
5852 1786 238
9668 7139 260
7128 6541 257
656 4893 238
6311 307 262
8527 6156 262
6300 4094 262
5904 4221 236
8028 7186 252
5832 2127 238
8333 6432 257
5331 2604 238
5603 4678 236
436 8513 262
2056 4633 238
6506 6455 169
2559 5347 238
5534 4558 210
8972 7195 252
7165 5925 262
8931 9767 260
8631 6654 257
8402 9572 260
2587 2707 191
2614 2655 191
8083 3615 262
6096 9939 262
7327 6282 257
3359 6440 262
2273 8468 262
9827 9827 136
2590 8973 262
9542 4518 262
7000 8544 252
6564 3453 262
2063 7650 262
1528 2498 209
1033 7384 262
7963 5192 262
3304 2693 217
8186 1296 262
2939 6194 262
4852 5296 210
9524 3999 262
2858 8818 262
8593 7382 252
2574 772 209
8493 1475 262
3027 5396 238
4106 8234 262
35 8014 262
6818 827 262
833 5004 238
6796 9162 257
1890 6573 262
8745 6753 257
9984 1762 262
9828 6450 260
6483 7372 257
1076 7375 262
1797 8628 262
9736 1180 262
2053 1885 175
8724 3355 262
5301 70 238
4415 7834 262
6525 4707 262
3774 6089 236
2428 4684 238
1274 4362 238
2528 7401 262
8015 9464 260
5247 2801 238
3375 7135 262
5049 1104 238
4815 1549 238
4934 969 238
4319 8252 262
6231 9790 260
618 2310 183
1179 5535 238
4388 8304 262
8363 2529 262
4193 2260 238
4239 5598 236
4532 2761 238
2542 9736 262
7606 6015 262
2485 2235 209
7722 4176 262
7229 3333 262
8087 732 262
2330 5683 238
23 8620 262
3053 2255 217
9328 2393 262
5665 2432 238
5801 5079 236
1326 9415 262
6417 4542 262
3683 7901 262
8022 1655 262
859 9827 262
890 393 179
1404 8538 262
9084 1622 262
2253 3606 217
5133 98 238
6316 2261 262
1332 7129 262
7457 4632 262
5109 9990 262
3482 435 217
336 7203 262
1599 6254 262
6875 5469 262
6075 4578 236
118 203 125
7988 9858 260
5001 3215 238
6819 9284 260
8246 1065 262
4839 9452 262
2619 9812 262
553 8855 262
345 7400 262
4005 1817 238
9379 9245 260
9893 5009 262
6598 1991 262
3958 5777 236
2215 6011 238
4640 5318 210
7422 9425 260
7492 462 262
5417 4053 215
3521 7943 262
2017 3166 217
2067 391 182
9522 614 262
451 2142 182
8734 7434 252
2410 6359 262
6226 6076 262
6222 5779 262
1706 1219 180
6892 7330 257
5941 4824 236
9179 7290 252
2517 6941 262
1855 8080 262
5856 882 238
6590 8526 257
5998 9637 262
8339 2855 262
7387 1837 262
1271 7311 262
1555 3785 238
1886 3049 217
5637 671 238
2087 9076 262
5121 2628 238
6239 7790 257
2366 6747 262
2751 4742 238
1990 3266 217
8440 7709 252
9100 4036 262
1545 3639 217
7975 4363 262
5941 1204 238
6050 3063 238
8703 458 262
4010 6692 262
8175 4149 262
6235 5721 262
5594 6722 262
7066 9566 260
1682 8668 262
7780 6180 257
8347 3180 262
9329 9081 260
4402 7440 262
196 7249 262
41 5454 238
9466 4493 262
2813 5154 238
5791 1122 238
7715 2193 262
1266 9153 262
2348 2510 209
2253 5417 238
1607 3285 217
1116 93 179
6826 1481 262
4506 3919 215
2194 4262 238
59 5275 238
6528 2042 262
9936 5973 262
169 4230 238
8679 9191 247
8208 3149 262
7099 7041 151
6918 487 262
1975 7386 262
7704 3557 262
5129 3339 238
5941 7222 262
2705 4713 238
4064 5404 215
7926 6712 257
1189 1094 182
8995 3445 262
6774 4831 262
3221 1931 217
1025 3405 217
9255 3125 262
702 671 127
6858 1856 262
8207 924 262
4509 7336 262
4244 3490 238
9355 4914 262
2589 3680 217
965 8964 262
5207 2627 238
9776 802 262
3180 5452 238
7901 6802 257
3182 25 217
9237 4071 262
2722 2051 209
7799 2705 262
2997 3346 199
4124 2077 238
7115 5446 262
7438 7493 164
3962 4302 202
5801 1756 238
679 4525 238
2483 4729 238
3194 2576 217
607 1833 182
1352 1908 180
7054 6802 257
3155 4710 238
6089 6759 262
4450 6449 262
5592 8369 262
7621 7720 177
7179 8928 252
2093 8858 262
9413 8948 260
274 3047 217
9241 7651 252
8308 666 262
7213 9440 260
223 4565 238
3804 8188 262
5615 2018 238
5137 1272 238
3202 4493 238
9755 7826 260
7574 602 262
7890 5551 262
9051 5761 262
7014 8552 252
1283 8844 262
3637 6916 262
8228 6366 257
1822 7875 262
5073 6778 262
259 8633 262
554 9234 262
2164 6756 262
9869 4148 262
9434 6682 260
2864 5492 238
3273 4549 238
4977 6011 236
6905 2951 262
2410 963 183
2688 7422 262
8069 4855 262
1226 1332 177
7239 9141 252
3176 962 217
5539 2798 238
7228 5280 262
6340 8205 257
9696 9975 242
9603 2871 262
7510 4289 262
1899 2068 175
7212 9715 260
1565 8744 262
1854 6762 262
1593 245 182
5175 5365 192
2539 3066 217
8951 7264 252
4144 1298 238
1232 6598 262
8010 3281 262
7488 2508 262
4182 5153 215
3694 6717 262
2529 4473 238
4064 9266 262
2341 3699 217
6045 6646 262
4849 3826 215
5937 5280 236
6514 8021 257
548 359 142
8497 8813 216
5409 8903 262
8212 7065 252
8777 4938 262
8429 6522 257
1844 2941 217
5793 918 238
6293 2625 262
1040 4773 238
4045 22 238
7219 7664 239
1142 4871 238
4347 265 238
426 5403 238
1440 9283 262
67 5816 238
7172 2952 262
9998 2500 262
5089 3497 238
7418 9974 260
5646 8396 262
5466 9304 262
5711 447 238
7960 1951 262
9013 56 262
9504 3604 262
871 8200 262
3624 3609 163
8184 7188 252
7698 8289 252
3879 2983 238
9257 2005 262
678 8792 262
5939 6844 262
5355 6352 262
897 7796 262
4137 8 238
7583 4199 262
7912 7276 239
6840 6333 244
6243 6592 244
1987 6473 262
2095 9308 262
2039 6133 238
6649 4612 262
2661 5756 238
2130 1611 180
6545 2836 262
2204 2312 183
6571 7602 257
1959 2451 183
4661 3255 238
4310 148 238
6792 4570 262
4599 7771 262
5166 5241 179
6450 5999 262
722 9495 262
5819 7877 262
158 340 144
5148 8439 262
358 419 134
9535 2271 262
1535 2918 209
3863 432 238
9425 6328 260
9783 9408 198
6567 892 262
3982 458 238
3605 2932 199
8716 3939 262
4604 4120 215
4863 7372 262
7264 425 262
6151 4450 236
4461 4571 184
4051 3079 238
5267 4861 210
2483 7136 262
8681 2203 262
6975 284 262
6802 1157 262
4475 254 238
6131 8850 262
5333 8581 262
3770 3999 189
566 333 142
669 8852 262
4936 4776 210
8550 9251 247
7774 5073 262
3964 5041 215
5300 1103 238
1188 4697 238
551 1174 182
8177 2888 262
286 2849 209
8759 9704 260
4446 6493 262
3559 5625 238
2214 470 182
4666 9323 262
9880 5499 262
7778 9833 260
3245 4048 238
1579 4035 238
2000 7181 262
7637 482 262
1276 1421 177
8009 9994 260
1856 6269 262
6409 7323 257
3219 6090 238
8347 1878 262
9897 3175 262
1266 5541 238
3324 6320 262
5706 1944 238
1411 8163 262
253 4253 238
7039 4239 262
9725 2907 262
9383 9076 260
5963 1095 238
4658 206 238
7451 5138 262
4976 669 238
5401 8411 262
3348 5640 238
5744 496 238
6425 1510 262
6416 8527 257
7607 4101 262
2567 9567 262
462 9281 262
745 4137 238
3322 50 217
4230 4716 215
3929 3327 238
95 1798 182
6949 6259 257
9299 8937 260
6563 9983 260
7987 6085 262
9993 892 262
8452 5892 262
7208 9633 260
76 1950 182
2684 9191 262
643 827 171
6398 5153 262
7936 8831 252
3222 7940 262
4690 8365 262
8712 2639 262
6805 6389 244
1490 6854 262
9058 8834 247
4427 1612 238
5878 3435 238
4615 3903 215
8204 5187 262
4700 4161 215
2763 7948 262
9386 4098 262
9223 6763 257
4187 1255 238
3599 1698 217
8516 8746 203
2798 3805 238
4662 7371 262
1930 2861 209
2967 6963 262
8910 8071 234
161 5897 238
5673 2263 238
8699 6714 257
1164 5286 238
5650 3865 236
3033 8283 262
2757 7250 262
2260 5688 238
5293 6820 262
2905 7034 262
5732 7045 262
5463 1109 238
9471 5946 262
7728 7946 221
8114 983 262
1947 5433 238
9160 2668 262
6383 6881 244
1647 2222 180
671 2722 209
528 7490 262
503 2978 217
5516 2495 238
5631 623 238
1288 9532 262
47 2489 209
1763 9231 262
3321 8240 262
1958 2810 209
9539 3714 262
6400 6334 200
2282 4150 238
2018 1126 182
200 1665 182
8459 4153 262
3754 2525 238
3569 4487 238
749 8991 262
2077 6909 262
5532 7777 262
1016 6825 262
5413 6433 262
7364 221 262
6609 4827 262
1726 5317 238
8261 2145 262
8078 8587 234
5694 7293 262
3272 5585 238
5867 2605 238
3704 8354 262
1059 4586 238
2460 9459 262
1143 1807 182
9543 3570 262
732 4499 238
5812 8982 262
2850 681 209
1156 1545 182
7879 5366 262
2728 3289 217
4882 4181 215
9309 9622 198
7001 4099 262
6319 1519 262
5786 5796 143
2577 1972 209
1559 4899 238
8654 628 262
5093 8227 262
8775 28 262
2101 7201 262
1018 4206 238
134 5792 238
4339 829 238
7295 9205 252
2902 5476 238
6127 5329 236
2824 6206 262
9862 334 262
1128 3009 217
4800 1358 238
7751 2473 262
7868 143 262
8083 9948 260
1620 621 182
1730 8683 262
1964 266 182
3084 537 217
8116 1681 262
3536 5978 238
6593 9871 260
4744 8118 262
3556 9126 262
6777 985 262
7948 2795 262
9233 6380 257
919 5435 238
5063 258 238
9612 5054 262
6098 365 238
4011 4469 215
5695 5353 236
7970 6199 257
4744 738 238
1253 7460 262
1537 8913 262
6063 2494 238
2878 6592 262
1595 6831 262
5243 1640 238
7776 3669 262
3748 9877 262
6532 3489 262
300 2689 209
5000 4094 215
9534 2777 262
2818 8871 262
3164 4059 238
7427 9778 260
2845 8675 262
2524 7440 262
62 6606 262
1216 8155 262
4852 9673 262
8648 3967 262
3366 2557 217
6772 8754 257
2176 5175 238
3611 2732 217
8148 1710 262
4635 510 238
8172 2146 262
4070 8596 262
9086 3975 262
6829 5361 262
3367 5375 238
6784 2038 262
3613 2359 217
2440 6596 262
6004 5241 236
4429 950 238
7794 3919 262
6581 1467 262
5975 7990 262
2853 4318 238
7737 5747 262
7333 7486 239
6183 9332 260
534 195 144
7703 2272 262
670 4247 238
7417 3675 262
7987 8882 234
9748 7380 260
2372 1316 183
6548 2934 262
7616 525 262
35 7386 262
472 8503 262
4456 7204 262
1822 7227 262
2217 1723 180
5931 3539 238
7796 2223 262
2021 1497 180
5564 9035 262
3588 5332 238
8595 1793 262
4280 2684 238
8059 736 262
6713 8852 257
1544 276 182
1230 3755 238
1138 6997 262
7650 1986 262
5821 6199 262
2386 2920 217
6385 7391 257
1924 6234 262
4594 7894 262
38 9953 262
6825 6728 182
1263 7644 262
8598 529 262
4783 1986 238
1889 7715 262
2874 3858 238
9339 4504 262
8515 5657 262
8787 639 262
2121 6304 262
6258 9056 257
8022 2594 262
5186 1061 238
8015 718 262
4045 974 238
3412 677 217
7404 2952 262
7296 3398 262
6888 4393 262
8527 6892 257
7568 3934 262
6344 1521 262
6189 1551 262
8749 85 262
6083 617 238
4156 6746 262
9691 2219 262
8817 8594 216
5014 915 238
147 4001 238
9531 6827 260
6914 4644 262
773 6465 262
6109 105 238
1824 816 182
1654 8248 262
8437 9873 260
3832 2135 238
2842 9511 262
2421 7768 262
5173 2980 238
7370 5292 262
7518 2482 262
8275 5475 262
1354 2561 209
676 406 145
4474 1061 238
8229 1211 262
7926 965 262
4178 8094 262
6184 2395 262
5576 3388 238
8035 2197 262
7838 7017 239
4978 737 238
