1 10 20
100 200 125
201 210 89
900 1000 174
1 1 1
10 1 20
1 10 20
698068 783711 504
607562 213282 470
73610 153052 375
464736 634494 509
671692 211187 509
649630 924524 525
586782 79708 470
662392 225085 509
502218 969136 525
113695 595565 470
859462 600458 525
933190 168075 525
846213 4601 525
462042 97899 449
706143 342009 509
526828 405744 470
163707 144238 383
569110 14500 470
155879 24841 375
399726 343512 441
328305 467732 449
264048 983490 525
260498 965590 525
404553 777394 509
350520 886035 525
186959 288253 443
447331 438360 400
646794 843874 525
245046 733407 509
722038 501435 509
94148 912155 525
651977 512394 509
23859 313847 443
622983 684962 509
277994 493850 449
970950 964141 458
691408 757900 504
361004 531930 470
327157 918796 525
800152 970581 525
462179 574893 470
578340 261013 470
411083 509228 444
819132 256389 509
229974 507602 449
926555 564516 525
439703 100636 449
794826 979308 525
755122 850453 525
192638 812625 509
132150 3111 354
872264 316625 525
724497 434091 509
584504 253016 470
132410 274551 443
314050 863050 525
747353 312653 509
835349 702260 504
540825 897734 525
77921 250964 443
139064 740904 509
84752 28212 351
922341 681088 525
975303 167471 525
34988 852955 525
982497 247676 525
210332 480327 449
33752 605330 470
786119 729460 468
647389 760496 504
449546 353387 449
362217 818048 509
93439 573552 470
232408 80418 443
346964 307776 441
652972 602716 509
831500 936043 525
664960 24023 509
978532 884421 507
13464 618955 470
523181 833964 509
690458 528937 509
680630 172582 509
529213 156722 470
21674 200897 383
546360 465911 470
191509 916514 525
723139 163939 509
231487 446851 449
774118 626913 504
688726 371834 509
114928 672046 509
183295 25652 383
622848 385712 470
377882 527955 470
221014 21430 386
185028 723902 509
281781 989393 525
80099 849489 525
568289 494767 470
685639 718479 504
587559 252969 470
968181 971752 458
276949 365101 441
964618 44351 525
876520 614208 525
196507 357629 443
984558 924372 507
752001 456264 509
172072 469015 449
768313 158468 509
144029 567285 470
460052 380300 449
252558 725108 509
891203 810127 525
270894 459342 449
396787 157067 443
948559 528216 525
48377 73582 340
463332 154294 449
185088 864250 525
563626 811476 509
890040 359641 525
850382 667159 525
939931 753925 525
197629 952049 525
865539 621081 525
79273 553993 470
10635 428872 449
806544 374464 509
835038 53475 509
624807 557611 447
620063 423518 470
389504 320111 441
374787 183396 443
867932 67041 525
528301 572372 452
981890 377347 525
362953 202387 443
529761 233428 470
535347 740402 509
447865 432829 400
747872 110092 509
748870 621490 509
978841 537389 525
983091 775384 525
738517 136589 509
71299 537812 470
767409 14808 509
310798 240213 407
84959 342988 443
862418 354611 525
999613 753483 525
739518 856801 525
976210 449500 525
573934 55268 470
982508 596133 525
993904 997374 365
909032 446381 525
750104 745103 393
803764 153968 509
440218 505554 444
218134 646413 509
494681 846204 525
487612 276414 449
573092 374684 470
786211 605044 509
501265 339525 449
200744 972743 525
195624 52587 383
183559 699445 509
230068 874602 525
682681 72791 509
369250 28943 443
436266 405304 449
829681 325611 509
647101 677992 442
462726 645272 509
411885 460083 418
727713 787798 468
939386 430197 525
291813 983884 525
472766 550066 470
685810 482881 509
928222 343245 525
617754 544127 452
389328 761219 509
145228 392576 443
148001 816505 509
962295 598184 525
142911 485308 449
591895 361122 470
198408 625926 470
384502 290547 441
618079 532947 452
162769 67604 383
488387 784849 509
569176 632749 509
639841 727636 504
429320 905467 525
587669 723144 509
683566 785006 504
316445 15196 443
584571 184535 470
602739 350153 470
939254 570706 525
958068 157367 525
339337 703514 509
232253 346742 441
835517 23452 509
405479 832302 509
198632 224435 386
799327 206891 509
210301 654107 509
804519 981910 525
522035 582642 452
803915 745392 468
981173 216850 525
600692 792960 509
475972 810944 509
992899 744159 525
610855 319802 470
748537 46860 509
637659 552379 509
879747 128551 525
570129 168716 470
15502 886543 525
974845 30882 525
257394 732085 509
767392 230269 509
6755 583882 470
595428 383807 470
501752 707609 509
185405 73043 383
952035 566208 525
979504 669656 525
68150 566544 470
208502 561140 470
947977 110709 525
614755 919918 525
745584 423343 509
842784 855487 419
831193 694226 504
218682 700326 509
404031 532938 470
329030 605783 470
47964 745527 509
581351 889003 525
424201 274104 449
660491 195198 509
491476 754263 509
564508 243711 470
968628 721885 525
188321 552155 470
937429 51238 525
635809 889252 525
66728 908288 525
136712 585668 470
658409 748804 504
970282 947098 414
199239 268972 443
162325 834052 509
472152 594068 470
692915 63065 509
829028 676800 504
243116 595714 470
243518 912237 525
672318 754646 504
595527 287819 470
930808 426226 525
691987 937900 525
955330 580756 525
573251 484326 470
798386 147131 509
622008 395407 470
387316 225431 443
359121 912799 525
968771 162389 525
491098 48432 449
807478 817154 406
328971 727489 509
545860 23959 470
394623 750488 509
994995 563069 525
201362 450259 449
564190 275287 470
480603 833874 509
529057 401395 470
229268 677588 509
983477 532901 525
18510 802176 509
416780 396982 449
83248 501875 449
16377 653807 509
311434 778109 509
944260 940465 352
427317 443195 400
777907 714391 468
358764 427397 449
574178 649540 509
309731 163602 443
19687 735856 509
677294 720627 504
846088 322626 525
740031 800357 468
715880 313485 509
81722 668933 509
357561 354120 379
986873 994198 396
131612 155580 375
827977 412658 509
900674 69697 525
620726 945596 525
605198 707916 509
742243 298869 509
422402 602744 470
767824 18342 509
246708 576134 470
850274 596142 525
857880 894556 445
584085 234086 470
736077 373959 509
558774 720703 509
799937 827827 450
963332 865550 507
114577 94649 354
945561 133725 525
532599 49060 470
277197 49229 443
348530 431419 449
160010 767738 509
876511 235363 525
834724 442619 509
324668 9053 443
38977 335204 443
103719 216694 386
40577 754436 509
882638 387793 525
832471 344484 509
590910 382496 470
929573 800167 525
465898 591933 470
571928 15290 470
309985 965175 525
913296 219249 525
812912 547920 509
602653 851674 525
470570 947800 525
856944 658347 525
394811 577501 470
61681 298727 443
3121 558223 470
320067 330894 384
515277 155705 470
17454 167339 383
731999 186685 509
399887 740648 509
739522 107969 509
794977 437892 509
215239 451476 449
795835 898121 525
950614 576007 525
558093 708160 509
3266 163236 383
151904 293818 443
513502 711969 509
857128 807705 525
410408 63431 449
354843 250203 441
361392 521883 470
402985 412764 449
686413 321821 509
238364 921397 525
778734 632634 504
576710 254972 470
76933 833612 509
876087 946239 507
112013 421342 449
470028 13843 449
394016 788391 509
479784 347812 449
251311 131299 443
407462 603618 470
614054 825861 509
327044 765671 509
920661 153067 525
485761 464965 413
818493 476503 509
885760 716715 525
224999 125131 386
329741 247121 407
347102 841509 525
988507 378707 525
190318 575263 470
828029 998912 525
635030 940481 525
259122 952790 525
806193 325098 509
917033 552866 525
490037 739526 509
76409 61063 330
96798 436063 449
311016 451099 449
462453 279455 449
61788 578646 470
66778 179322 383
923355 45301 525
508182 355482 449
980335 78471 525
451124 465189 444
478634 688204 509
910301 753896 525
132820 92220 354
470590 362213 449
678567 380474 509
119212 435926 449
821825 676473 504
451525 553347 470
991288 447118 525
724693 13912 509
483592 367501 449
314065 156179 443
975872 878058 507
770898 526095 509
980325 600288 525
189163 714 383
915115 431822 525
67117 363639 443
402883 625108 470
996154 874615 507
668541 590406 509
359295 355852 379
144054 198897 383
689022 607626 509
969317 694194 525
642079 209198 509
537824 52680 470
955896 420518 525
760321 307536 509
671236 763598 504
134360 431442 449
279649 890085 525
117005 432394 449
494927 378454 449
675867 609053 509
605616 278215 470
792614 157445 509
831839 418415 509
22993 632884 509
39983 855549 525
575930 236850 470
787680 394952 509
720919 789781 468
916120 496736 525
808070 264564 509
56527 506773 449
314694 644404 509
663728 323295 509
722105 46398 509
775656 174388 509
945766 415885 525
1950 382113 443
451062 326955 449
732441 627060 504
739675 118313 509
621195 701549 509
822473 971137 525
318346 641701 509
830772 75380 509
712009 728493 411
971810 937297 507
631462 32358 509
920204 55608 525
572076 487544 470
470900 548743 470
468683 533851 470
113197 390883 443
262582 114635 443
421854 770885 509
32117 351861 443
364629 843711 525
503228 626848 509
348850 792342 509
901739 457432 525
40267 10921 324
438087 86468 449
275447 841071 525
521352 281287 470
559715 652095 509
217098 729585 509
146195 886420 525
969485 99277 525
913124 253716 525
138097 677933 509
150199 290373 443
257333 697922 509
71673 379075 443
278453 301061 389
445315 121760 449
906159 511672 525
899911 200615 525
975537 988503 427
502483 33984 449
991504 549474 525
79277 705894 509
997450 809614 525
986473 187510 525
410069 491950 444
927217 665572 525
342273 806894 509
870720 469646 525
186808 938269 525
901539 54784 525
487246 834100 509
938348 141585 525
712506 118912 509
147795 143821 357
955765 350761 525
286765 734490 509
947398 548736 525
886847 891055 445
988516 699632 525
875481 205783 525
727482 671992 504
858095 259789 525
404787 691004 509
978992 183572 525
284125 328277 389
583966 892101 525
578963 223591 470
672474 107323 509
544540 301255 470
808028 209290 509
233332 591454 470
593376 275245 470
528207 732446 509
84732 173849 383
760583 587034 509
488584 18360 449
154870 109038 375
10477 128004 354
571224 805120 509
852048 283432 525
566617 760739 509
428231 106150 449
501507 931322 525
848472 326528 525
997030 730075 525
593965 22 470
151976 595629 470
502453 590701 470
902088 53329 525
521955 393711 470
204557 702748 509
633703 327738 509
489710 779148 509
615531 440183 470
565515 326595 470
583573 366350 470
146724 871045 525
282920 190173 443
351110 482443 449
65976 212418 383
129460 863578 525
775548 989116 525
510065 633940 509
170945 778982 509
963592 286019 525
120915 598272 470
470719 230541 449
136741 107830 349
610387 258213 470
899659 667247 525
948174 19674 525
122545 951284 525
804830 291620 509
435039 90537 449
18308 266525 443
87968 633342 509
669088 315963 509
984711 299734 525
757101 63960 509
846777 926280 476
436378 838821 525
709367 1619 509
718287 268651 509
752269 501107 509
702865 982621 525
868678 461620 525
306607 150182 443
498702 20378 449
308357 294318 371
745412 805065 468
374329 690204 509
828951 172142 509
28153 584035 470
831314 414286 509
814833 674773 504
645697 555657 509
441671 252235 449
632820 706132 504
960344 53753 525
746501 645126 504
364176 36982 443
275070 78760 443
367436 531747 470
383232 438562 449
754444 606909 509
934765 91957 525
510088 168199 449
475130 653024 509
464223 993034 525
832034 9169 509
169316 915217 525
78158 630884 509
335829 305263 384
834711 361004 509
957369 426541 525
902438 317949 525
610427 404024 470
897251 628394 525
822197 908066 525
880918 14761 525
615172 186665 470
175984 419420 449
947841 232529 525
463729 829080 509
86563 396960 443
542227 624752 452
75402 949964 525
424417 480838 444
344208 615817 470
764328 174041 509
438540 923219 525
123015 857053 525
930869 737590 525
394059 8931 443
161655 427596 449
744793 922800 525
201401 797120 509
542449 440452 470
275160 592897 470
33142 768091 509
48540 580551 470
779634 583468 509
192430 987558 525
170413 644771 509
240764 23636 443
764544 652858 504
182937 751319 509
664179 595870 509
896917 730523 525
727213 626833 504
720380 559365 509
113086 765909 509
81361 546116 470
405457 441590 449
123692 970862 525
886070 645371 525
750114 281700 509
974936 701104 525
415730 306251 449
46303 72883 340
775070 609168 509
19777 810837 509
796765 427426 509
726563 971061 525
557635 495440 470
906419 531337 525
802333 47187 509
333934 9264 443
127183 55490 354
267220 603193 470
171322 27313 383
866796 549535 525
815980 214697 509
898966 561952 525
229682 716956 509
744547 99109 509
443427 480986 444
403534 253006 441
293717 868407 525
345514 592366 470
202397 527639 470
993655 132148 525
852360 646336 525
135326 468247 449
234814 513659 470
812201 264082 509
666343 759196 504
848008 668150 525
770344 331441 509
645220 288672 509
194791 299900 443
968377 129655 525
991247 647708 525
165692 771340 509
372369 695903 509
771810 710945 468
405641 846542 525
96753 277275 443
9015 802972 509
737405 964002 525
188322 401921 443
347490 549006 470
600502 858660 525
508597 421536 444
985655 376334 525
107552 140049 349
870897 207198 525
293977 937456 525
933652 563206 525
16717 394913 443
89422 360247 443
980503 504464 525
195194 744136 509
300750 966892 525
37209 208449 383
598011 865545 525
525825 326283 470
544854 213269 470
97255 255880 443
928246 356717 525
130823 382034 443
900405 880475 445
847153 274355 525
764292 603314 509
958703 475983 525
232424 89083 443
350115 700972 509
679054 893735 525
825868 567781 509
891606 774784 525
620735 447818 470
283659 17519 443
137230 263948 443
2984 535283 470
868291 847003 419
580978 722114 509
86389 844662 525
798605 855982 525
606605 201810 470
604618 6893 470
575681 839521 525
461201 801983 509
945613 898843 507
462124 117720 449
650148 728992 504
871286 945313 507
978617 892214 507
563038 109181 470
424669 948352 525
1727 310483 443
977541 588481 525
947679 697424 525
397406 315390 441
679616 439212 509
593831 240270 470
820037 237561 509
155756 343797 443
86261 377209 443
834218 366765 509
567650 707237 509
369093 211077 443
586258 668305 509
2556 395408 443
273412 532313 470
253507 119417 443
930554 517310 525
201070 395782 443
56988 213150 383
199928 697921 509
465515 789494 509
339344 476587 449
654744 541408 509
915376 488948 525
607398 57519 470
507226 90801 449
224354 919781 525
166808 523318 470
383379 545329 470
630763 367113 509
559552 436357 470
231869 105314 443
252919 316153 407
626424 641400 416
192753 580053 470
290607 394015 441
233372 783961 509
969251 865368 507
811815 855514 525
319353 374388 441
335182 294904 384
781690 649508 504
644200 201115 509
171198 582242 470
226888 86042 386
804205 122776 509
509672 665901 509
942265 4609 525
482909 452507 444
99003 717817 509
561489 754805 509
3755 958446 525
789584 471473 509
283963 112905 443
119299 712171 509
980901 318577 525
152391 335448 443
285843 501055 449
822130 479111 509
393108 614638 470
543500 164951 470
808778 393890 509
812046 869673 525
556852 514520 452
316252 655916 509
216899 270374 443
512845 206470 470
827110 930003 525
327838 62551 443
860401 698226 525
15646 923344 525
122730 529871 470
336927 146087 443
489568 809266 509
71008 174926 383
481722 955215 525
681713 189063 509
98969 868607 525
114330 713053 509
348828 438258 449
471762 277077 449
153639 183125 383
176637 638188 509
980499 209793 525
117452 306900 443
632228 185094 509
637481 264273 509
273810 303607 389
761062 419264 509
53451 18207 340
225836 296525 443
981513 474016 525
578114 135136 470
759664 269720 509
612534 738030 509
327618 980267 525
404996 101419 443
557660 685688 509
167663 842364 525
704198 393883 509
832515 492679 509
967365 18154 525
286822 535261 470
837121 481830 509
701869 279573 509
760536 33251 509
738956 622892 509
949941 884979 507
633141 490557 509
804108 307851 509
333244 381970 441
949769 898448 507
329437 27716 443
389134 938100 525
919327 440498 525
651076 607045 509
319209 828497 509
102200 232273 443
900697 602363 525
683682 221928 509
574692 435628 470
510886 797083 509
331651 968957 525
128294 637531 509
856952 956705 507
829454 568594 509
391845 669161 509
621218 323712 470
224686 248143 443
325451 548527 470
144671 544520 470
572514 6225 470
584128 593753 403
178662 453795 449
452563 59193 449
108991 10927 354
73362 533511 470
126462 861651 525
852212 260974 525
632598 19561 509
315970 190097 443
214347 230813 443
117798 237165 443
644055 191673 509
811450 933152 525
669764 925434 525
663367 172718 509
243988 955554 525
275531 844753 525
90403 914184 525
110116 666719 509
20796 372088 443
714665 919285 525
548366 825761 509
575470 156001 470
979388 720504 525
566998 237560 470
809779 981073 525
306910 439615 449
931360 188574 525
958970 987293 458
618639 752910 509
766120 720670 424
79238 45235 351
863380 107504 525
131282 338131 443
533419 793405 509
440774 835057 509
837677 67004 509
476105 204470 449
416429 966998 525
67167 265526 443
441355 337788 449
612305 221363 470
259126 564707 470
388574 59144 443
335303 842926 525
476933 909051 525
417312 448377 418
67494 202060 383
554547 19951 470
333948 41617 443
965891 565885 525
524137 220753 470
185805 116635 383
299940 96798 443
818447 435317 509
150096 455132 449
109472 847504 525
661626 412961 509
780038 354836 509
255943 676763 509
697603 366044 509
413943 356620 449
828239 96565 509
372500 690840 509
973041 589845 525
317022 567352 470
216227 943918 525
19841 474257 449
852116 289271 525
711475 130816 509
983792 684093 525
245032 555046 470
814280 631424 504
754210 855800 525
291915 877049 525
918298 997627 507
313196 427051 449
533512 144524 470
655347 844662 525
670841 825274 504
608077 314385 470
536818 323608 470
674891 410926 509
648103 114079 509
539884 904420 525
746659 443664 509
353329 485880 449
385614 435470 449
252711 248137 350
125623 204581 383
704307 603964 509
680320 245543 509
353406 707526 509
435091 103023 449
979948 945581 458
918195 458956 525
813686 914025 525
890107 419599 525
218244 898462 525
866663 231008 525
715992 690635 504
887807 234059 525
615314 64161 470
626632 540204 509
573628 626651 509
775507 554941 509
72469 773659 509
736332 336249 509
117764 69097 354
199104 67749 383
297429 129562 443
275733 646271 509
117560 459411 449
463599 656315 509
996455 569661 525
418891 837678 509
