873880 206005 525
40818 837212 509
972978 831781 525
929737 577371 525
467645 377784 449
855171 188050 525
140202 209944 383
468846 600033 470
237105 207951 443
605548 988143 525
187231 936112 525
221430 304337 443
39183 479796 449
877712 253047 525
732693 934129 525
478577 306107 449
922102 210376 525
690273 927209 525
788157 352423 509
824734 367952 509
488391 416839 444
705944 396394 509
187949 713670 509
523239 690299 509
728290 734975 380
765464 164496 509
19866 174595 383
54451 963754 525
404688 894695 525
100083 674081 509
913353 441359 525
177492 646269 509
353868 215917 443
399253 860544 525
881987 150353 525
886682 201910 525
375562 178162 443
281462 876653 525
820161 646023 504
187531 636399 509
757 254434 443
714689 312192 509
830008 301974 509
730399 571879 509
3606 48829 324
42593 303294 443
899336 86269 525
167077 395408 443
407051 311232 441
332216 160329 443
565756 32259 470
343518 805402 509
501714 838239 525
196539 584339 470
7574 648983 509
505899 183950 449
402757 768465 509
792596 404129 509
126760 504077 449
395373 913003 525
284039 387065 441
551651 794330 509
881704 772759 525
852329 661881 525
391205 787944 509
456901 584445 470
772347 263323 509
637956 126400 509
476403 572962 470
241054 584095 470
201016 309823 443
286624 258789 407
741688 730462 424
439625 303913 449
905426 917886 476
488837 99752 449
556419 285533 470
894690 676140 525
893681 884205 445
54699 66338 335
522962 350120 470
4925 256208 443
403196 569937 470
904208 330064 525
96473 742632 509
999840 758142 525
787048 108925 509
328853 143256 443
718129 71277 509
860895 217792 525
530154 413130 470
570278 290090 470
742270 823025 468
692142 456223 509
740649 832088 468
881095 381396 525
919877 672999 525
100896 101766 310
608276 75570 470
663298 88333 509
371259 258890 441
393421 64214 443
667634 624699 509
9101 295053 443
47076 764948 509
386130 852846 525
277 992335 525
650676 135008 509
984771 544154 525
177505 679854 509
433149 992582 525
937742 380952 525
309605 347193 441
273411 726659 509
893190 295682 525
43462 423928 449
526329 456844 470
418121 459471 418
816772 740335 468
871145 505046 525
561612 884864 525
506123 651490 509
376425 388444 423
119881 287391 443
919174 601362 525
510161 487396 426
269136 732700 509
154713 527510 470
130513 112339 349
488415 422915 444
688206 746450 504
216521 474816 449
680709 445463 509
804059 402987 509
16661 378591 443
58758 71526 335
648004 333545 509
143620 296577 443
1910 972382 525
43765 524819 470
316272 293273 384
452756 334786 449
568583 418522 470
592255 409955 470
946489 642036 525
573364 395709 470
950855 741735 525
47486 785653 509
996981 58001 525
500972 944144 525
446425 630185 509
256901 422689 449
440357 724286 509
163841 212916 373
282340 173916 443
58806 91823 351
856181 429148 525
41172 122069 354
761194 868283 525
501172 175631 449
827610 717581 468
243685 222359 443
737759 485202 509
8961 718822 509
627171 619550 509
982282 392825 525
281183 897092 525
736773 435998 509
139640 476767 449
937162 209943 525
133483 312746 443
896622 657620 525
222506 363963 443
573626 222394 470
506543 24088 449
526551 712005 509
719481 755818 424
892877 376186 525
607083 704755 509
370549 137789 443
684825 425375 509
988462 42704 525
628289 240895 509
711483 675309 504
404433 172879 443
133670 266139 443
25183 271084 443
425268 669491 509
295251 57841 443
624029 873523 525
585880 610126 403
112806 556455 470
141374 66449 354
615954 973863 525
121253 306480 443
414719 663040 509
690532 463225 509
861675 678118 525
386485 745799 509
542717 682977 509
162283 571024 470
674608 977662 525
242018 730654 509
801419 700996 504
134677 43871 354
615456 260292 470
332706 867494 525
102146 197969 383
492288 936482 525
960563 929308 507
528773 57016 470
553265 569591 421
544325 622507 452
133892 207478 383
460485 210652 449
507838 700791 509
974544 389472 525
807479 250644 509
354066 744886 509
363376 611490 470
285832 373272 441
661623 253646 509
681902 34651 509
608989 194806 470
721147 846261 525
746264 121620 509
726488 157132 509
19966 711682 509
174816 797973 509
266670 883738 525
256044 699286 509
232973 802813 509
448480 778213 509
178352 538331 470
21905 204471 383
678502 349197 509
911597 109318 525
784388 618999 509
268347 21787 443
358888 336386 441
112296 616287 470
199440 401234 443
190953 670970 509
517479 706284 509
947999 854134 507
405360 262340 441
843626 201991 525
723249 373331 509
146761 174708 383
67999 440786 449
911819 10485 525
278266 44902 443
136726 671476 509
813334 410709 509
181275 878714 525
115365 678878 509
266901 390101 441
492096 535866 470
331550 919561 525
913894 216893 525
73109 361010 443
740738 626076 509
562539 882126 525
203960 14070 383
542728 378842 470
68948 336331 443
718319 585621 509
683305 469138 509
813824 103309 509
539679 924165 525
496577 239360 449
542200 297836 470
714269 860166 525
194414 980179 525
444644 497800 444
970158 300081 525
599376 606272 403
696974 673249 442
210749 830564 509
973775 565325 525
420916 539404 470
954038 399408 525
493390 345685 449
654901 666533 442
227134 998062 525
974 394402 443
28255 716612 509
369894 630752 509
5820 373020 443
202627 99067 383
436281 846492 525
899975 382597 525
465915 236474 449
752276 157295 509
229843 20174 386
997645 699562 525
243263 159073 443
537555 521242 408
438903 849415 525
426602 561438 470
547150 352399 470
926373 255606 525
736243 814264 468
964133 985621 458
98913 336795 443
445347 730453 509
754079 734362 424
969828 814274 525
774928 166992 509
324540 327292 384
687750 950746 525
101162 661635 509
201690 841266 525
445032 390759 449
100544 708363 509
362524 93861 443
551547 1450 470
199308 887734 525
33838 682958 509
225088 873779 525
389999 243362 441
276683 228865 443
498538 868362 525
931830 383667 525
229541 251509 443
603631 629661 509
48025 856934 525
49518 568220 470
970866 651174 525
248541 974915 525
364905 139679 443
961071 431906 525
170620 325235 443
741672 589847 509
96108 859047 525
518505 569210 452
198999 790602 509
764204 543267 509
392760 325021 441
212934 424481 449
612451 485419 470
972563 839865 507
734722 251293 509
400511 332184 441
651615 89853 509
745201 983085 525
448253 182 449
602639 723999 509
522112 873492 525
551637 912993 525
957822 791931 525
147409 28808 375
850670 472567 525
349849 525139 470
704362 948160 525
254711 872447 525
141042 580012 470
294781 433015 449
899805 680388 525
665638 24963 509
579569 770279 509
111880 438891 449
841039 754451 525
693279 581053 509
141610 299308 443
17138 339584 443
921198 580384 525
81183 293719 443
878203 218634 525
758824 682544 504
350136 926831 525
952734 680487 525
269703 204333 443
323944 882860 525
372648 928267 525
567647 980612 525
908912 872452 445
441259 813096 509
736495 484021 509
66077 550014 470
276065 725940 509
934898 408957 525
124418 168565 383
449403 159824 449
461039 930953 525
476355 897107 525
193242 770476 509
286239 210238 443
894021 505292 525
925042 735392 525
209348 810879 509
396702 798930 509
205547 904617 525
354201 16136 443
201231 1041 383
398393 147363 443
727152 827921 468
933331 346858 525
152652 901158 525
743639 944439 525
229181 43945 386
532130 303265 470
512126 343940 470
256386 468069 449
818914 142914 509
320847 183768 443
48896 472429 449
941411 573994 525
485388 7760 449
991277 107576 525
457121 379173 449
924551 305306 525
535517 476696 470
173226 568643 470
932078 42488 525
374306 51180 443
61211 2042 340
935831 449277 525
84508 555199 470
365749 112456 443
568590 624294 447
18645 370670 443
274878 743935 509
703609 479104 509
883013 242348 525
366994 880181 525
955514 861201 507
804878 641679 504
294267 38395 443
586603 615987 447
637340 927154 525
329126 539567 470
857147 632898 525
987742 542755 525
402022 651636 509
213926 587491 470
64346 388664 443
988180 568139 525
419029 476023 444
11703 977351 525
765084 223992 509
564980 582225 390
508008 32139 449
106603 850562 525
687804 115194 509
399198 12977 443
583488 582531 328
31718 986820 525
663780 684392 442
356994 340601 441
474606 207059 449
280514 186801 443
554722 293692 470
998173 737353 525
274918 128430 443
644379 968228 525
155514 211133 383
112809 494134 449
654055 961696 525
434708 474316 444
876979 850241 432
23746 885737 525
206318 422359 449
454487 634869 509
39196 293421 443
417749 979126 525
793089 721266 468
451699 519412 470
447803 786233 509
743501 326126 509
348822 517712 470
86286 714629 509
785406 360710 509
623182 836056 509
713944 578406 509
512416 747620 509
993981 605837 525
685397 582035 509
730597 306273 509
568793 4681 470
969007 667616 525
151140 941987 525
768502 45535 509
226794 214981 386
977556 318597 525
842175 996419 507
531659 834991 509
539220 807615 509
445149 976393 525
376591 574974 470
879752 333344 525
816239 459677 509
120099 211309 383
255637 406373 441
337797 314209 384
241700 388084 441
1991 825961 509
666111 741630 504
821854 776231 468
992357 563432 525
54317 17056 340
545590 153599 470
950146 268430 525
515874 355741 470
832533 807030 450
558844 64864 470
760722 486274 509
282258 356124 441
454386 778264 509
836454 98881 509
501569 599346 470
509405 244106 449
815200 416120 509
297440 886815 525
144465 922784 525
195470 326752 443
3791 965480 525
994148 34179 525
715775 407149 509
347053 400518 436
137616 461308 449
484134 655588 509
240821 126238 443
770439 765321 468
573986 614046 434
53624 168149 383
169813 760930 509
652524 739854 504
469093 869041 525
187521 896880 525
224743 715468 509
115100 265156 443
50919 761720 509
11600 866890 525
186857 215889 373
140367 998351 525
799293 717304 468
348778 448980 449
692955 752624 504
392788 364709 436
486273 826638 509
625476 275049 470
454360 970720 525
964917 444247 525
292441 767469 509
658708 388985 509
28604 149282 375
638701 994365 525
125341 94153 354
963927 14904 525
295529 634368 509
399235 486474 449
429106 897979 525
843989 898183 445
554285 966824 525
416734 579518 470
463109 850488 525
547696 949586 525
219790 304133 443
298524 334134 384
91272 383495 443
33089 409559 443
576341 712182 509
776216 268015 509
901668 891328 401
415087 387696 449
567899 878879 525
116180 483270 449
677907 209202 509
383778 733297 509
264051 623360 470
516513 175886 470
22877 734288 509
860835 126468 525
607288 746408 509
384554 403159 436
183126 289688 443
246465 1100 443
610275 779070 509
744390 141495 509
214352 745043 509
546184 745242 509
458525 56130 449
738524 13820 509
95171 695014 509
277860 325990 389
446198 599059 470
424277 738268 509
442363 311607 449
49568 158228 383
472061 418496 444
710160 51050 509
601125 556542 434
991151 135695 525
160752 872911 525
902129 352924 525
335010 861533 525
406445 798970 509
638075 657437 429
250742 272540 407
143682 417857 449
248965 307427 407
10914 331884 443
957216 201375 525
869580 828400 525
995220 783844 525
651678 253098 509
889867 897703 370
692873 213314 509
882230 272276 525
528170 500986 470
406727 578298 470
702587 367987 509
949075 700745 525
840105 667443 525
626170 44051 470
992811 48722 525
724767 770220 468
679205 907722 525
587360 32394 470
612983 583381 434
109448 717922 509
430912 721089 509
120191 562235 470
385101 720234 509
457773 168576 449
508040 736344 509
811471 350230 509
916976 55819 525
945798 679824 525
746593 647507 504
131451 110178 349
920058 35074 525
892079 42405 525
785355 808629 468
916755 993938 507
752347 76536 509
72223 73670 294
710457 729330 411
780549 869148 525
289553 18547 443
621500 607800 447
699103 527161 509
197877 117558 383
135940 127768 344
325831 502903 449
101824 13964 351
824179 734375 468
6463 225520 386
747540 394374 509
734189 211044 509
168 216920 386
100701 754694 509
356206 169172 443
365960 992104 525
435353 346049 449
929205 820223 525
506534 747073 509
204090 645786 509
421155 192217 449
505279 305589 449
880977 7399 525
71024 243693 443
534794 104141 470
44080 628818 509
401717 426777 449
545152 21937 470
808490 204307 509
569476 323539 470
253482 459464 449
441804 98240 449
591125 265127 470
835567 175352 509
878904 219858 525
368105 600229 470
650453 500258 509
77419 605145 470
251880 562366 470
587059 685228 509
976031 481053 525
414388 984188 525
802486 122120 509
910679 406556 525
2930 470326 449
869286 170102 525
997451 153715 525
863971 120591 525
278580 354084 441
972433 12831 525
616231 737225 509
951762 853934 507
270736 305451 389
374917 527725 470
236629 392997 441
741767 558619 509
920782 14049 525
388530 716438 509
150217 303945 443
305622 928699 525
625986 147609 470
916375 809600 525
283236 848535 525
140405 450080 449
998771 848669 507
450325 239663 449
562647 414381 470
443420 819157 509
480940 178014 449
451229 187626 449
192071 843636 525
494059 801178 509
20169 930109 525
684206 966306 525
386284 643120 509
412104 600976 470
580370 81088 470
998928 191596 525
724634 711599 411
575794 444407 470
872261 932101 476
97099 734441 509
753973 667486 504
97577 955608 525
631729 116378 509
655634 781373 504
771563 237239 509
532601 255639 470
467471 538591 470
575361 17338 470
77794 963798 525
39023 995791 525
881375 672398 525
649191 471870 509
311766 828861 509
699299 558521 509
28183 547548 470
366228 241831 441
718392 903925 525
454064 190841 449
836935 461999 509
242251 2016 443
338149 184737 443
182573 93203 383
39724 236035 443
901343 489783 525
855234 576412 525
244697 924127 525
117583 416051 449
867661 199568 525
808947 296338 509
843443 297392 525
634915 903010 525
611066 451973 470
911750 917616 401
52486 167316 383
310798 400886 441
977734 301502 525
126134 16327 354
606964 268572 470
678991 332487 509
500170 835400 509
783724 579567 509
915275 652998 525
977498 338119 525
144551 727760 509
218877 849130 525
411039 226789 449
62480 402571 443
543071 371481 470
625773 255497 470
24586 669085 509
15800 472904 449
455483 938204 525
745964 540446 509
424933 683169 509
13956 67969 340
835369 174221 509
911869 463794 525
545892 250077 470
514897 859199 525
837718 128811 509
514831 390332 470
159758 84656 383
473096 629832 509
494181 463646 426
780102 149410 509
181799 231670 443
635265 996099 525
345285 316298 384
526198 577740 452
589724 229098 470
403875 969897 525
878059 602156 525
935805 367446 525
12423 815155 509
586006 19169 470
771032 555194 509
744395 862972 525
772316 741481 468
752897 347637 509
931874 245879 525
313926 777205 509
635985 367339 509
253337 747944 509
277677 738621 509
698089 475906 509
531290 229675 470
247317 505669 449
889507 544024 525
936006 355224 525
569449 981338 525
648741 554567 509
103433 601469 470
957966 306879 525
306171 177375 443
339392 299895 384
656249 815381 504
393420 50679 443
882705 142298 525
85078 878688 525
725748 851359 525
552588 483706 470
742641 596007 509
159536 204758 370
612836 121009 470
770446 214420 509
392679 837675 509
889278 672315 525
420014 793339 509
580119 119796 470
493306 838202 525
362830 37737 443
321220 147610 443
809639 482005 509
844037 274544 525
556845 177665 470
171283 269473 443
824232 264205 509
508767 716165 509
831021 657938 504
147792 141112 375
779986 135120 509
755549 275624 509
50925 866179 525
649173 859624 525
139519 448856 449
108667 62523 354
521120 732666 509
825450 730213 468
760751 942483 525
931816 37270 525
630608 645557 416
942682 916553 507
252120 899543 525
324044 918921 525
318980 892729 525
212336 403978 443
26046 138576 354
490065 236427 449
288697 316627 384
382055 477773 449
47486 36611 314
699367 21760 509
452083 588145 470
144702 274916 443
788290 585750 509
876683 162508 525
50336 978798 525
10439 850383 525
787774 596146 509
391442 604815 470
634346 690858 442
243799 154517 443
581779 350015 470
804034 925856 525
457883 752480 509
47891 900674 525
190909 581275 470
521611 287212 470
39461 244813 443
352852 425861 449
189228 974720 525
887326 496149 525
432720 643597 509
517199 475964 470
277628 514601 470
691163 390112 509
773246 246394 509
665154 606340 509
814954 24692 509
701894 548055 509
272610 982547 525
562122 607963 434
166999 816957 509
151302 843549 525
446383 164590 449
327027 581738 470
759200 288025 509
840267 935487 476
45741 430622 449
335837 833064 509
934565 950352 507
75780 141800 354
561999 192808 470
80850 980004 525
491065 648427 509
914724 573212 525
817467 385008 509
364045 841721 525
167423 71557 383
327808 910409 525
256239 900547 525
577398 5928 470
85125 549557 470
499428 433894 444
88525 416877 449
465168 755469 509
53112 810961 509
276584 125043 443
736571 342942 509
362204 340131 441
176929 48413 383
721227 597805 509
392958 491382 449
992034 189048 525
520300 427236 470
336210 72991 443
303245 773596 509
360520 972314 525
900726 208654 525
189962 537626 470
629907 925448 525
815958 819847 450
788518 520685 509
91619 773008 509
370546 696152 509
453038 487323 444
875830 911356 476
996612 474135 525
987716 110553 525
732618 86275 509
220457 725927 509
399849 346721 436
817764 952805 525
73050 692033 509
519393 5649 470
743898 252976 509
68415 691500 509
361108 57279 443
872330 239324 525
430498 559032 470
69403 231991 443
36315 172579 383
689880 148960 509
160388 283898 443
931241 750261 525
608630 211722 470
899649 219401 525
85953 75605 351
255318 535954 470
615295 538631 452
643516 886896 525
814469 394165 509
814427 61743 509
461276 637815 509
926895 64899 525
938577 336253 525
558972 954108 525
760322 955293 525
988490 548215 525
940688 690334 525
989563 475919 525
197166 119563 383
810515 674664 504
953779 534325 525
486094 392196 449
975080 124295 525
636390 925229 525
611732 288652 470
839976 197475 525
350865 28253 443
237957 189724 443
279329 590732 470
287875 215134 443
738781 154776 509
17130 375467 443
679981 410302 509
640263 465366 509
208369 9173 383
854757 2846 525
493102 791409 509
235905 586728 470
647502 481388 509
886641 135133 525
976052 869868 507
486675 387349 449
493532 483269 426
661251 849387 525
793929 809091 468
269352 81271 443
