79 51 116
39 63 113
25 18 24
90 41 116
96 68 116
21 28 112
16 13 18
70 31 113
41 38 110
46 49 105
2 80 116
68 27 113
50 12 112
50 24 112
49 96 116
70 4 113
78 74 36
90 20 116
11 51 112
41 68 113
32 85 116
96 2 116
19 69 113
83 27 116
74 71 116
87 14 116
27 52 112
69 88 116
59 40 113
14 27 112
87 96 106
95 23 116
47 31 110
13 14 18
11 47 112
46 69 113
75 33 116
81 23 116
83 33 116
83 15 116
8 56 113
1 79 116
28 14 112
59 26 113
90 19 116
7 82 116
95 17 116
85 82 111
93 99 119
65 13 113
63 96 116
20 89 116
70 8 113
60 93 116
25 32 112
3 42 112
30 60 113
96 94 106
97 90 119
94 14 116
55 32 113
11 92 116
51 12 112
78 2 116
72 5 113
63 31 113
22 69 113
73 9 116
97 32 119
20 79 116
71 17 113
65 46 113
35 16 112
14 26 24
55 71 113
9 7 20
66 78 116
10 35 112
28 66 113
4 90 116
61 36 113
83 6 116
16 9 20
84 94 106
83 29 116
49 24 112
86 98 119
24 21 16
97 39 119
56 27 113
12 66 113
9 35 112
81 79 36
50 25 112
81 41 116
19 69 113
30 82 116
31 78 116
37 76 116
56 27 113
6 46 112
69 85 116
25 88 116
76 62 116
1 57 113
7 49 112
34 54 113
47 76 116
21 36 112
16 42 112
70 88 116
83 4 116
13 59 113
78 35 116
41 74 116
87 98 119
53 94 116
54 72 113
63 96 116
32 36 27
72 78 116
80 52 116
12 20 21
99 97 119
30 35 107
19 12 21
32 91 116
10 1 20
21 99 119
42 66 113
14 19 21
60 71 108
7 9 20
6 75 116
79 40 116
72 87 116
45 18 112
87 7 116
22 29 112
37 47 110
41 97 119
47 48 105
63 60 108
36 29 107
72 33 113
92 54 116
41 75 116
92 1 116
28 66 113
31 12 112
56 37 113
22 4 21
9 100 119
56 70 108
83 52 116
14 32 112
19 31 112
60 69 108
95 61 116
90 63 116
71 88 116
58 77 116
89 68 116
22 6 21
59 64 108
62 47 113
37 13 112
77 20 116
52 68 113
52 80 116
1 45 112
85 76 111
12 16 18
21 29 112
98 61 119
83 41 116
1 2 2
90 54 116
85 83 111
77 67 116
31 25 112
23 35 112
81 35 116
34 21 112
11 96 116
97 66 119
36 84 116
40 11 112
97 80 119
49 3 112
17 21 21
64 80 116
37 13 112
50 44 105
60 20 113
73 22 116
3 56 113
45 62 113
45 84 116
20 59 113
70 31 113
77 4 116
35 5 112
6 94 116
1 80 116
78 9 116
65 25 113
31 41 110
30 72 113
15 14 18
19 75 116
5 60 113
1 29 112
14 97 119
18 80 116
41 1 112
29 17 112
90 12 116
37 27 112
20 5 21
41 66 113
43 81 116
58 80 116
23 93 116
78 47 116
6 17 20
67 74 116
12 27 112
96 55 116
70 71 103
46 42 30
89 62 116
78 44 116
53 52 12
49 77 116
29 67 113
10 3 20
24 24 11
3 64 113
56 68 108
98 92 119
72 91 116
44 63 113
64 48 113
84 85 10
26 87 116
73 19 116
99 65 119
83 24 116
27 14 112
190 314 131
855 91 171
554 972 179
580 278 144
722 297 171
825 994 179
275 848 171
391 904 179
722 881 179
357 36 144
572 656 145
217 517 144
463 369 134
417 119 144
470 312 144
936 541 179
588 741 171
601 674 145
796 4 171
34 444 144
522 31 144
143 836 171
992 85 179
459 713 171
726 73 171
967 806 179
348 523 142
556 345 142
601 492 137
326 980 179
750 960 179
141 624 144
615 309 144
800 345 171
988 497 179
703 483 171
156 24 122
544 890 179
763 160 171
101 648 144
920 728 179
513 2 144
8 43 112
490 714 171
656 206 145
311 727 171
427 845 171
473 657 145
362 180 144
815 740 153
871 235 179
750 483 171
685 644 145
638 981 179
292 16 128
527 807 171
45 484 144
103 366 144
165 137 117
893 417 179
147 256 128
242 681 145
997 155 179
765 841 153
296 236 123
377 540 142
934 83 179
238 814 171
932 448 179
80 573 144
71 164 122
251 825 171
412 193 144
883 65 179
842 272 171
912 622 179
343 295 144
551 87 144
307 706 171
923 550 179
194 43 125
570 42 144
104 931 179
259 465 144
90 941 179
977 904 174
341 84 144
622 605 132
996 698 179
259 192 128
187 968 179
474 32 144
409 972 179
697 673 127
444 636 142
109 597 144
322 470 144
670 414 145
428 35 144
257 33 128
852 182 171
657 916 179
857 907 179
113 562 144
817 241 171
314 611 144
397 291 144
879 967 174
214 609 144
399 440 134
838 887 179
323 27 131
31 41 110
119 737 171
876 989 174
173 166 125
349 859 171
869 889 179
513 983 179
32 389 144
806 290 171
499 299 144
449 166 144
78 348 144
997 123 179
611 420 142
907 453 179
943 724 179
811 505 171
419 174 144
719 823 153
587 82 144
885 771 179
205 987 179
965 84 179
809 827 135
115 850 171
446 166 144
754 383 171
938 967 143
294 814 171
699 957 179
580 893 179
484 318 144
927 417 179
123 666 145
969 348 179
127 376 144
201 164 125
40 134 122
975 754 179
348 1 144
801 698 171
614 609 132
596 464 142
109 834 171
572 207 144
351 34 144
815 646 171
90 441 144
753 122 171
659 339 145
558 382 142
322 950 179
494 358 142
220 814 171
831 814 135
301 455 144
949 850 179
366 588 142
451 858 171
147 141 117
342 279 144
103 373 144
506 9 144
440 940 179
285 903 179
673 818 171
677 6 145
669 473 145
446 895 179
317 715 171
178 343 144
48 603 144
977 323 179
735 493 171
127 450 144
330 428 134
847 352 171
939 264 179
18 699 145
573 260 144
546 69 144
245 657 145
428 396 134
991 475 179
446 269 144
824 131 171
945 473 179
190 199 120
471 535 142
651 1000 179
234 382 144
748 184 171
566 601 119
513 473 142
351 196 144
647 562 132
192 592 144
32 773 171
246 528 144
424 437 116
157 822 171
692 450 145
123 428 144
281 509 144
273 580 144
61 660 145
342 134 144
236 572 144
44 684 145
297 299 118
68 38 113
118 801 171
433 268 144
719 893 179
234 449 144
173 886 179
395 515 142
997 220 179
234 335 144
525 991 179
797 771 153
443 937 179
155 225 125
624 853 171
486 391 134
64 107 119
410 562 142
712 920 179
705 162 171
734 642 171
215 344 144
843 773 153
705 483 171
857 165 171
613 310 144
31 365 144
472 800 171
197 913 179
620 8983 262
871 5330 238
4523 3930 215
3134 2077 217
3859 7937 262
2685 9193 262
1929 1388 180
5973 5711 218
963 9879 262
5928 9421 262
6674 4682 262
2383 5556 238
8294 1896 262
1659 6273 262
9290 5638 262
9146 51 262
7790 8366 252
9968 8054 260
6091 3379 238
8031 6962 252
6602 6395 244
1248 7307 262
9660 3735 262
7082 2979 262
8203 4587 262
8761 4851 262
4936 5215 179
6359 4940 262
2355 1085 183
9068 8799 247
1784 1871 162
3985 5709 236
9452 3703 262
5361 3742 215
1979 2569 209
2110 1178 180
2943 7531 262
8525 9640 260
7972 5223 262
752 807 153
7233 2044 262
8948 5961 262
3654 1641 217
3489 9583 262
4059 8772 262
675 4108 238
9963 5799 262
9490 3904 262
1844 8487 262
1869 498 182
9363 7937 260
8641 6368 257
3906 570 238
3426 8037 262
59 5263 238
217 7597 262
7234 9612 260
9535 8201 260
4762 3317 238
6647 7356 257
952 5251 238
9334 2584 262
372 6399 262
9190 5297 262
4949 4971 166
8747 3724 262
6313 9434 260
3317 9668 262
4279 4497 215
6698 4460 262
7526 433 262
4847 6080 236
1483 7345 262
5940 7698 262
1594 6146 238
6032 9077 262
7212 8851 252
1299 2455 183
6871 7799 257
7607 4769 262
4917 185 238
2180 6763 262
4520 3253 238
1162 2706 209
3865 5760 236
6948 6197 257
8011 7044 252
4903 598 238
1691 898 182
3408 3742 238
7744 5058 262
9034 1432 262
3433 968 217
1259 435 182
4764 2311 238
4398 7560 262
2694 4548 238
3139 1650 217
1360 9366 262
489 3879 238
7960 3101 262
7613 3569 262
4887 842 238
1030 4982 238
4654 327 238
647 1399 182
815 9227 262
5905 3977 236
4946 4745 210
146 286 128
7248 6706 257
3056 6688 262
397 3166 217
7467 9879 260
8452 995 262
8516 1236 262
5662 2994 238
9186 6484 257
2863 7727 262
9222 8989 198
4300 2892 238
1359 3061 217
1989 6816 262
4660 6141 236
9467 6949 260
8119 7280 252
734 938 179
9100 2340 262
8526 1559 262
2121 2545 209
1913 4271 238
5688 1241 238
222 3257 217
4128 7766 262
3384 9038 262
1927 8841 262
4280 5582 236
6548 1479 262
2627 9971 262
7120 1606 262
4446 8233 262
820 3225 217
8937 9071 247
5447 9147 262
7821 5116 262
8903 2110 262
3336 7104 262
7639 9247 252
504 6566 262
1794 7871 262
3377 1042 217
9450 9360 185
5940 9811 262
3631 3872 238
9778 5786 262
5837 4835 236
5083 8039 262
88 1613 182
9074 815 262
2404 257 183
4081 4322 202
5359 7342 262
9816 4841 262
3497 2356 217
392 1006 179
9304 9394 198
3135 8867 262
3548 28 217
5420 5620 236
1072 1944 182
4347 5974 236
7388 4502 262
1651 4771 238
4064 6595 262
4323 5728 236
915 4433 238
1935 6579 262
164 1821 182
2788 2641 173
3731 4449 215
6355 337 262
2886 4309 238
5811 9361 262
252 2580 209
9581 2712 262
3335 6357 262
2298 2607 209
4080 2271 238
4553 6217 262
857 9576 262
6678 9847 260
2311 8373 262
9867 8023 260
9240 7728 252
7087 6160 262
1568 7573 262
1639 8435 262
9112 861 262
1657 9510 262
3597 3972 238
4787 5619 236
4456 8726 262
9987 326 262
3395 9296 262
8403 3727 262
7060 6195 257
5924 5626 218
2367 9631 262
2085 1836 175
6673 8447 257
9642 5631 262
9329 4920 262
1708 7808 262
4726 307 238
9881 7698 260
9053 6743 257
7310 5103 262
4859 8072 262
7284 2694 262
3348 8245 262
7663 1311 262
3063 1200 217
7449 4298 262
651 6359 262
6459 4856 262
2235 8724 262
1430 9061 262
8852 3383 262
256 7609 262
8298 9833 260
8639 4756 262
1762 6975 262
5554 8143 262
7244 1568 262
5910 3580 238
2689 2844 173
1071 5156 238
9512 895 262
3421 4908 238
4288 4022 202
9259 9568 198
1077 6296 262
2847 3541 217
8099 8770 234
2181 4431 238
4829 6751 262
2037 5088 238
9129 4542 262
468 8786 262
965 9802 262
20816 125795 354
29930 197685 383
189888 123425 383
187372 155971 383
164301 1092 383
200609 146995 383
169612 132836 383
28712 85283 351
79294 258970 443
175963 136662 383
284002 179239 443
84018 296777 443
27422 116408 354
90855 176872 383
74154 235687 443
272157 138650 443
236480 178700 443
48091 153468 375
148683 140228 375
179560 199888 365
94934 272289 443
45159 64346 340
262779 66527 443
51275 231380 443
23012 92212 351
290057 199121 443
95050 14302 351
235136 40953 443
110127 164658 383
151003 133855 375
272586 80260 443
94159 37907 351
56885 276750 443
165555 72418 383
59669 137518 354
113494 247510 443
24885 282168 443
299083 233598 407
207338 70233 383
56861 121238 354
282331 163489 443
50898 172714 383
249591 156389 443
9885 286402 443
1486 247549 443
71868 129412 354
163635 222849 386
202637 264589 443
234481 183201 443
100596 221539 386
1656 189104 383
261323 124294 443
245510 169855 443
257824 57615 443
289277 87158 443
51868 111757 354
135687 87236 354
230405 207871 386
99742 109183 354
218531 291680 443
658 158897 383
18801 231407 443
13138 179994 383
65533 272730 443
95076 177231 383
115316 269542 443
239201 142601 443
284097 230287 443
103720 20839 351
191325 92775 383
215030 282125 443
14897 236053 443
160614 17566 383
243873 130583 443
44945 117043 354
181339 247350 443
77386 57889 351
202140 34203 383
236289 65604 443
53734 289983 443
214413 130800 383
238616 97569 443
30728 144431 375
141553 118627 344
222257 99294 386
129681 221070 386
62934 68364 330
74629 135577 354
192477 138970 383
175547 32634 383
5284 23487 279
160462 298866 443
3937 25906 282
127108 264990 443
49752 33858 324
208615 106545 383
25541 277077 443
44567 9793 324
69021 258037 443
166569 93124 383
278616 57886 443
166577 213881 373
36674 122697 354
184866 13223 383
240546 21150 443
187868 283686 443
51450 70895 340
132054 75927 354
139156 140648 344
55874 49363 340
127129 45629 354
156809 35740 383
212294 36603 383
123342 17551 354
116281 288599 443
239762 44805 443
225341 137070 386
231218 7228 443
36336 115928 354
197488 199468 329
274240 915 443
110464 156956 383
55542 224573 386
153692 100321 375
209791 189845 373
295974 128410 443
204575 22830 383
258873 86550 443
109919 114701 323
283136 133155 443
87827 265686 443
109954 234846 443
197840 185327 360
145175 41225 375
233183 90015 443
132398 109557 349
19356 298562 443
69707 11154 340
138937 23228 354
15039 193997 383
107490 284010 443
233280 15090 443
194404 293672 443
128828 164014 383
253031 285102 407
238491 242455 368
180139 236021 443
130824 48959 354
137037 40256 354
54845 206903 383
231647 176509 443
234480 75486 443
33457 87152 351
65598 46654 340
113629 136243 349
242484 113067 443
256548 98350 443
237108 142177 443
96783 15095 351
47523 197571 383
189119 263528 443
104684 181697 383
134373 96923 354
235954 81513 443
187072 195969 360
101865 285860 443
119859 78625 354
190207 36718 383
62229 191504 383
264211 263215 332
95416 16892 351
175138 88355 383
52476 4841 324
257935 261591 345
207052 288022 443
97059 49174 351
48876 49515 296
61212 99906 351
96005 29361 351
292264 227485 443
210730 13548 383
149821 249233 443
205769 149639 383
129848 51417 354
231665 288540 407
206652 62927 383
261488 168624 443
162415 118079 383
289069 160157 443
268702 49739 443
150076 32852 375
23226 230220 386
100665 193491 383
268841 184378 443
709 227719 386
216973 56628 386
171376 57254 383
125438 267143 443
81190 255915 443
27528 85460 351
151224 127939 375
34196 134509 354
274381 78765 443
2403 9068 262
207987 138751 383
36674 124958 354
163900 246037 443
64087 282804 443
156908 123449 383
116180 103480 354
239028 298560 407
221653 163666 386
158231 211319 373
181978 293957 443
232336 240160 381
25294 180354 383
107143 71874 354
91376 255051 443
60462 270383 443
105963 118952 354
32642 242371 443
122241 183315 383
277215 102452 443
297743 246074 407
144012 254132 443
105908 226504 386
111961 226931 386
188867 190585 360
191094 139183 383
108406 263269 443
230659 61480 443
98237 3801 351
146884 255813 443
277081 19318 443
228381 148895 386
212030 34287 383
239345 30850 443
128370 6079 354
247680 87100 443
65056 283722 443
87501 10174 351
131858 280414 443
86431 156787 383
221566 242873 443
267427 29233 443
97306 100457 341
82217 184488 383
142250 127776 344
1 1 1
2 2 2
